2017-08-04 17:55:52.972917 # on infinity-optiplex-3040: deepdive do articles
2017-08-04 17:55:52.972975 # run/20170804/175551.176825609/plan.sh
2017-08-04 17:55:52.972988 # execution plan for data/articles
2017-08-04 17:55:52.972997 
2017-08-04 17:55:52.973005 : ## process/init/app ##########################################################
2017-08-04 17:55:52.973013 : # Done: 2017-08-04T17:27:11+0530 (28m 40s ago)
2017-08-04 17:55:52.973020 : process/init/app/run.sh
2017-08-04 17:55:52.973028 : mark_done process/init/app
2017-08-04 17:55:52.973035 : ##############################################################################
2017-08-04 17:55:52.973044 
2017-08-04 17:55:52.973052 
2017-08-04 17:55:52.973065 ## process/init/relation/articles ############################################
2017-08-04 17:55:52.973073 # Done: 2017-08-04T17:53:15+0530 (2m 36s ago)
2017-08-04 17:55:52.973081 process/init/relation/articles/run.sh
2017-08-04 17:55:52.973091 ++ dirname process/init/relation/articles/run.sh
2017-08-04 17:55:52.973099 + cd process/init/relation/articles
2017-08-04 17:55:52.973107 + export DEEPDIVE_CURRENT_PROCESS_NAME=process/init/relation/articles
2017-08-04 17:55:52.973116 + DEEPDIVE_CURRENT_PROCESS_NAME=process/init/relation/articles
2017-08-04 17:55:52.973124 + deepdive create table articles
2017-08-04 17:55:53.110093 CREATE TABLE
2017-08-04 17:55:53.111804 + deepdive load articles
2017-08-04 17:55:53.217620 Loading articles from input/articles.tsv.sh (tsv format)
2017-08-04 17:55:53.284482 COPY 25
2017-08-04 17:55:53.286598 mark_done process/init/relation/articles
2017-08-04 17:55:53.289702 ##############################################################################
2017-08-04 17:55:53.289733 
2017-08-04 17:55:53.289743 
2017-08-04 17:55:53.289751 ## data/articles #############################################################
2017-08-04 17:55:53.289758 # Done: 2017-08-04T17:53:15+0530 (2m 36s ago)
2017-08-04 17:55:53.289766 # no-op
2017-08-04 17:55:53.289773 mark_done data/articles
2017-08-04 17:55:53.292747 ##############################################################################
2017-08-04 17:55:53.292776 
2017-08-04 17:55:53.292801 
