#
# There is insufficient memory for the Java Runtime Environment to continue.
# Native memory allocation (mmap) failed to map 388497408 bytes for committing reserved memory.
# Possible reasons:
#   The system is out of physical RAM or swap space
#   In 32 bit mode, the process size limit was hit
# Possible solutions:
#   Reduce memory load on the system
#   Increase physical memory or swap space
#   Check if swap backing store is full
#   Use 64 bit Java on a 64 bit OS
#   Decrease Java heap size (-Xmx/-Xms)
#   Decrease number of Java threads
#   Decrease Java thread stack sizes (-Xss)
#   Set larger code cache with -XX:ReservedCodeCacheSize=
# This output file may be truncated or incomplete.
#
#  Out of Memory Error (os_linux.cpp:2643), pid=10606, tid=0x00007f38df7f7700
#
# JRE version: OpenJDK Runtime Environment (8.0_131-b11) (build 1.8.0_131-8u131-b11-2ubuntu1.16.04.3-b11)
# Java VM: OpenJDK 64-Bit Server VM (25.131-b11 mixed mode linux-amd64 compressed oops)
# Failed to write core dump. Core dumps have been disabled. To enable core dumping, try "ulimit -c unlimited" before starting Java again
#

---------------  T H R E A D  ---------------

Current thread (0x00007f3904079800):  VMThread [stack: 0x00007f38df6f7000,0x00007f38df7f8000] [id=10631]

Stack: [0x00007f38df6f7000,0x00007f38df7f8000],  sp=0x00007f38df7f6480,  free space=1021k
Native frames: (J=compiled Java code, j=interpreted, Vv=VM code, C=native code)
V  [libjvm.so+0xa6a1bb]
V  [libjvm.so+0x4c5a6c]
V  [libjvm.so+0x8b85a0]
V  [libjvm.so+0x8b2a1e]
V  [libjvm.so+0x92d556]
V  [libjvm.so+0x91cbba]
V  [libjvm.so+0x91cdc3]
V  [libjvm.so+0x91d728]
V  [libjvm.so+0x9239ee]
V  [libjvm.so+0x92b3bd]
V  [libjvm.so+0x8dd093]
V  [libjvm.so+0xa6be72]
V  [libjvm.so+0xa70f57]
V  [libjvm.so+0xa6e727]
V  [libjvm.so+0xa6fbaf]
V  [libjvm.so+0xa700a1]
V  [libjvm.so+0x8b5a82]

VM_Operation (0x00007f390d6695e0): ParallelGCFailedAllocation, mode: safepoint, requested by thread 0x00007f390400c000


---------------  P R O C E S S  ---------------

Java Threads: ( => current thread )
  0x00007f39040d3000 JavaThread "Service Thread" daemon [_thread_blocked, id=10676, stack(0x00007f38ded18000,0x00007f38dee19000)]
  0x00007f39040b3800 JavaThread "C1 CompilerThread2" daemon [_thread_blocked, id=10674, stack(0x00007f38dee19000,0x00007f38def1a000)]
  0x00007f39040b1800 JavaThread "C2 CompilerThread1" daemon [_thread_blocked, id=10672, stack(0x00007f38def1a000,0x00007f38df01b000)]
  0x00007f39040af000 JavaThread "C2 CompilerThread0" daemon [_thread_blocked, id=10671, stack(0x00007f38df01b000,0x00007f38df11c000)]
  0x00007f39040ad000 JavaThread "Signal Dispatcher" daemon [_thread_blocked, id=10669, stack(0x00007f38df11c000,0x00007f38df21d000)]
  0x00007f3904085800 JavaThread "Finalizer" daemon [_thread_blocked, id=10640, stack(0x00007f38df4f5000,0x00007f38df5f6000)]
  0x00007f3904081000 JavaThread "Reference Handler" daemon [_thread_blocked, id=10634, stack(0x00007f38df5f6000,0x00007f38df6f7000)]
  0x00007f390400c000 JavaThread "main" [_thread_blocked, id=10624, stack(0x00007f390d56b000,0x00007f390d66c000)]

Other Threads:
=>0x00007f3904079800 VMThread [stack: 0x00007f38df6f7000,0x00007f38df7f8000] [id=10631]
  0x00007f39040d5800 WatcherThread [stack: 0x00007f38dec17000,0x00007f38ded18000] [id=10678]

VM state:at safepoint (normal execution)

VM Mutex/Monitor currently owned by a thread:  ([mutex/lock_event])
[0x00007f3904007d40] ExpandHeap_lock - owner thread: 0x00007f3904079800
[0x00007f39040083c0] Threads_lock - owner thread: 0x00007f3904079800
[0x00007f39040088c0] Heap_lock - owner thread: 0x00007f390400c000

Heap:
 PSYoungGen      total 544768K, used 99942K [0x000000076ab00000, 0x00000007a7600000, 0x00000007c0000000)
  eden space 204288K, 0% used [0x000000076ab00000,0x000000076ab00000,0x0000000777280000)
  from space 340480K, 29% used [0x000000078e200000,0x00000007943999f0,0x00000007a2e80000)
  to   space 376320K, 0% used [0x0000000777280000,0x0000000777280000,0x000000078e200000)
 ParOldGen       total 1280512K, used 1280176K [0x00000006c0000000, 0x000000070e280000, 0x000000076ab00000)
  object space 1280512K, 99% used [0x00000006c0000000,0x000000070e22c2e0,0x000000070e280000)
 Metaspace       used 18106K, capacity 18572K, committed 18688K, reserved 1064960K
  class space    used 2391K, capacity 2508K, committed 2560K, reserved 1048576K

Card table byte_map: [0x00007f3909424000,0x00007f3909c25000] byte_map_base: 0x00007f3905e24000

Marking Bits: (ParMarkBitMap*) 0x00007f390c83a2c0
 Begin Bits: [0x00007f38ed000000, 0x00007f38f1000000)
 End Bits:   [0x00007f38f1000000, 0x00007f38f5000000)

Polling page: 0x00007f390d68d000

CodeCache: size=245760Kb used=6777Kb max_used=6789Kb free=238982Kb
 bounds [0x00007f38f5000000, 0x00007f38f56b0000, 0x00007f3904000000]
 total_blobs=2215 nmethods=1841 adapters=289
 compilation: enabled

Compilation events (10 events):
Event: 13.552 Thread 0x00007f39040b1800 nmethod 1849 0x00007f38f56852d0 code [0x00007f38f5685420, 0x00007f38f5685558]
Event: 13.552 Thread 0x00007f39040b1800 1857   !   4       sun.reflect.GeneratedSerializationConstructorAccessor77::newInstance (49 bytes)
Event: 13.554 Thread 0x00007f39040af000 nmethod 1855 0x00007f38f56a7d90 code [0x00007f38f56a80e0, 0x00007f38f56aa080]
Event: 13.554 Thread 0x00007f39040af000 1854 %     4       java.io.ObjectInputStream$BlockDataInputStream::readLongs @ 110 (148 bytes)
Event: 13.555 Thread 0x00007f39040b1800 nmethod 1857 0x00007f38f5684ed0 code [0x00007f38f5685040, 0x00007f38f5685188]
Event: 13.581 Thread 0x00007f39040af000 nmethod 1854% 0x00007f38f56a4050 code [0x00007f38f56a41e0, 0x00007f38f56a4b78]
Event: 17.195 Thread 0x00007f39040b1800 1861       4       java.util.zip.InflaterInputStream::available (15 bytes)
Event: 17.195 Thread 0x00007f39040b1800 nmethod 1861 0x00007f38f5686750 code [0x00007f38f56868a0, 0x00007f38f5686938]
Event: 17.390 Thread 0x00007f39040af000 1862       4       java.util.zip.InflaterInputStream::fill (60 bytes)
Event: 17.393 Thread 0x00007f39040af000 nmethod 1862 0x00007f38f5696f50 code [0x00007f38f56970e0, 0x00007f38f56974e8]

GC Heap History (10 events):
Event: 25.705 GC heap after
Heap after GC invocations=28 (full 5):
 PSYoungGen      total 530432K, used 193760K [0x000000076ab00000, 0x00000007a2480000, 0x00000007c0000000)
  eden space 174592K, 0% used [0x000000076ab00000,0x000000076ab00000,0x0000000775580000)
  from space 355840K, 54% used [0x0000000775580000,0x00000007812b8010,0x000000078b100000)
  to   space 349184K, 0% used [0x000000078cf80000,0x000000078cf80000,0x00000007a2480000)
 ParOldGen       total 948224K, used 948195K [0x00000006c0000000, 0x00000006f9e00000, 0x000000076ab00000)
  object space 948224K, 99% used [0x00000006c0000000,0x00000006f9df8ea0,0x00000006f9e00000)
 Metaspace       used 18106K, capacity 18572K, committed 18688K, reserved 1064960K
  class space    used 2391K, capacity 2508K, committed 2560K, reserved 1048576K
}
Event: 25.705 GC heap before
{Heap before GC invocations=29 (full 6):
 PSYoungGen      total 530432K, used 193760K [0x000000076ab00000, 0x00000007a2480000, 0x00000007c0000000)
  eden space 174592K, 0% used [0x000000076ab00000,0x000000076ab00000,0x0000000775580000)
  from space 355840K, 54% used [0x0000000775580000,0x00000007812b8010,0x000000078b100000)
  to   space 349184K, 0% used [0x000000078cf80000,0x000000078cf80000,0x00000007a2480000)
 ParOldGen       total 948224K, used 948195K [0x00000006c0000000, 0x00000006f9e00000, 0x000000076ab00000)
  object space 948224K, 99% used [0x00000006c0000000,0x00000006f9df8ea0,0x00000006f9e00000)
 Metaspace       used 18106K, capacity 18572K, committed 18688K, reserved 1064960K
  class space    used 2391K, capacity 2508K, committed 2560K, reserved 1048576K
Event: 28.763 GC heap after
Heap after GC invocations=29 (full 6):
 PSYoungGen      total 530432K, used 141854K [0x000000076ab00000, 0x00000007a2480000, 0x00000007c0000000)
  eden space 174592K, 0% used [0x000000076ab00000,0x000000076ab00000,0x0000000775580000)
  from space 355840K, 39% used [0x0000000775580000,0x000000077e007b20,0x000000078b100000)
  to   space 349184K, 0% used [0x000000078cf80000,0x000000078cf80000,0x00000007a2480000)
 ParOldGen       total 1280512K, used 948174K [0x00000006c0000000, 0x000000070e280000, 0x000000076ab00000)
  object space 1280512K, 74% used [0x00000006c0000000,0x00000006f9df3ac8,0x000000070e280000)
 Metaspace       used 18106K, capacity 18572K, committed 18688K, reserved 1064960K
  class space    used 2391K, capacity 2508K, committed 2560K, reserved 1048576K
}
Event: 29.362 GC heap before
{Heap before GC invocations=30 (full 6):
 PSYoungGen      total 530432K, used 316446K [0x000000076ab00000, 0x00000007a2480000, 0x00000007c0000000)
  eden space 174592K, 100% used [0x000000076ab00000,0x0000000775580000,0x0000000775580000)
  from space 355840K, 39% used [0x0000000775580000,0x000000077e007b20,0x000000078b100000)
  to   space 349184K, 0% used [0x000000078cf80000,0x000000078cf80000,0x00000007a2480000)
 ParOldGen       total 1280512K, used 948174K [0x00000006c0000000, 0x000000070e280000, 0x000000076ab00000)
  object space 1280512K, 74% used [0x00000006c0000000,0x00000006f9df3ac8,0x000000070e280000)
 Metaspace       used 18106K, capacity 18572K, committed 18688K, reserved 1064960K
  class space    used 2391K, capacity 2508K, committed 2560K, reserved 1048576K
Event: 30.027 GC heap after
Heap after GC invocations=30 (full 6):
 PSYoungGen      total 542208K, used 86912K [0x000000076ab00000, 0x00000007a1580000, 0x00000007c0000000)
  eden space 208384K, 0% used [0x000000076ab00000,0x000000076ab00000,0x0000000777680000)
  from space 333824K, 26% used [0x000000078cf80000,0x0000000792460000,0x00000007a1580000)
  to   space 343552K, 0% used [0x0000000777680000,0x0000000777680000,0x000000078c600000)
 ParOldGen       total 1280512K, used 1090646K [0x00000006c0000000, 0x000000070e280000, 0x000000076ab00000)
  object space 1280512K, 85% used [0x00000006c0000000,0x0000000702915ac8,0x000000070e280000)
 Metaspace       used 18106K, capacity 18572K, committed 18688K, reserved 1064960K
  class space    used 2391K, capacity 2508K, committed 2560K, reserved 1048576K
}
Event: 30.499 GC heap before
{Heap before GC invocations=31 (full 6):
 PSYoungGen      total 542208K, used 288114K [0x000000076ab00000, 0x00000007a1580000, 0x00000007c0000000)
  eden space 208384K, 96% used [0x000000076ab00000,0x0000000776f7c9a0,0x0000000777680000)
  from space 333824K, 26% used [0x000000078cf80000,0x0000000792460000,0x00000007a1580000)
  to   space 343552K, 0% used [0x0000000777680000,0x0000000777680000,0x000000078c600000)
 ParOldGen       total 1280512K, used 1090646K [0x00000006c0000000, 0x000000070e280000, 0x000000076ab00000)
  object space 1280512K, 85% used [0x00000006c0000000,0x0000000702915ac8,0x000000070e280000)
 Metaspace       used 18106K, capacity 18572K, committed 18688K, reserved 1064960K
  class space    used 2391K, capacity 2508K, committed 2560K, reserved 1048576K
Event: 31.029 GC heap after
Heap after GC invocations=31 (full 6):
 PSYoungGen      total 551936K, used 197568K [0x000000076ab00000, 0x00000007a2e80000, 0x00000007c0000000)
  eden space 208384K, 0% used [0x000000076ab00000,0x000000076ab00000,0x0000000777680000)
  from space 343552K, 57% used [0x0000000777680000,0x0000000783770010,0x000000078c600000)
  to   space 340480K, 0% used [0x000000078e200000,0x000000078e200000,0x00000007a2e80000)
 ParOldGen       total 1280512K, used 1090646K [0x00000006c0000000, 0x000000070e280000, 0x000000076ab00000)
  object space 1280512K, 85% used [0x00000006c0000000,0x0000000702915ac8,0x000000070e280000)
 Metaspace       used 18106K, capacity 18572K, committed 18688K, reserved 1064960K
  class space    used 2391K, capacity 2508K, committed 2560K, reserved 1048576K
}
Event: 31.489 GC heap before
{Heap before GC invocations=32 (full 6):
 PSYoungGen      total 551936K, used 405952K [0x000000076ab00000, 0x00000007a2e80000, 0x00000007c0000000)
  eden space 208384K, 100% used [0x000000076ab00000,0x0000000777680000,0x0000000777680000)
  from space 343552K, 57% used [0x0000000777680000,0x0000000783770010,0x000000078c600000)
  to   space 340480K, 0% used [0x000000078e200000,0x000000078e200000,0x00000007a2e80000)
 ParOldGen       total 1280512K, used 1090646K [0x00000006c0000000, 0x000000070e280000, 0x000000076ab00000)
  object space 1280512K, 85% used [0x00000006c0000000,0x0000000702915ac8,0x000000070e280000)
 Metaspace       used 18106K, capacity 18572K, committed 18688K, reserved 1064960K
  class space    used 2391K, capacity 2508K, committed 2560K, reserved 1048576K
Event: 32.062 GC heap after
Heap after GC invocations=32 (full 6):
 PSYoungGen      total 544768K, used 304896K [0x000000076ab00000, 0x00000007a7600000, 0x00000007c0000000)
  eden space 204288K, 0% used [0x000000076ab00000,0x000000076ab00000,0x0000000777280000)
  from space 340480K, 89% used [0x000000078e200000,0x00000007a0bc0030,0x00000007a2e80000)
  to   space 376320K, 0% used [0x0000000777280000,0x0000000777280000,0x000000078e200000)
 ParOldGen       total 1280512K, used 1177774K [0x00000006c0000000, 0x000000070e280000, 0x000000076ab00000)
  object space 1280512K, 91% used [0x00000006c0000000,0x0000000707e2bac8,0x000000070e280000)
 Metaspace       used 18106K, capacity 18572K, committed 18688K, reserved 1064960K
  class space    used 2391K, capacity 2508K, committed 2560K, reserved 1048576K
}
Event: 32.062 GC heap before
{Heap before GC invocations=33 (full 7):
 PSYoungGen      total 544768K, used 304896K [0x000000076ab00000, 0x00000007a7600000, 0x00000007c0000000)
  eden space 204288K, 0% used [0x000000076ab00000,0x000000076ab00000,0x0000000777280000)
  from space 340480K, 89% used [0x000000078e200000,0x00000007a0bc0030,0x00000007a2e80000)
  to   space 376320K, 0% used [0x0000000777280000,0x0000000777280000,0x000000078e200000)
 ParOldGen       total 1280512K, used 1177774K [0x00000006c0000000, 0x000000070e280000, 0x000000076ab00000)
  object space 1280512K, 91% used [0x00000006c0000000,0x0000000707e2bac8,0x000000070e280000)
 Metaspace       used 18106K, capacity 18572K, committed 18688K, reserved 1064960K
  class space    used 2391K, capacity 2508K, committed 2560K, reserved 1048576K

Deoptimization events (10 events):
Event: 13.243 Thread 0x00007f390400c000 Uncommon trap: reason=bimorphic action=maybe_recompile pc=0x00007f38f53b82f0 method=java.io.ObjectInputStream$PeekInputStream.peek()I @ 17
Event: 13.243 Thread 0x00007f390400c000 Uncommon trap: reason=bimorphic action=maybe_recompile pc=0x00007f38f539c964 method=java.io.ObjectInputStream$PeekInputStream.peek()I @ 17
Event: 13.243 Thread 0x00007f390400c000 Uncommon trap: reason=bimorphic action=maybe_recompile pc=0x00007f38f53503c4 method=java.io.ObjectInputStream$PeekInputStream.read()I @ 23
Event: 13.243 Thread 0x00007f390400c000 Uncommon trap: reason=bimorphic action=maybe_recompile pc=0x00007f38f538fc58 method=java.io.ObjectInputStream$PeekInputStream.peek()I @ 17
Event: 13.318 Thread 0x00007f390400c000 Uncommon trap: reason=bimorphic action=maybe_recompile pc=0x00007f38f5391124 method=java.io.ObjectInputStream$PeekInputStream.read()I @ 23
Event: 13.318 Thread 0x00007f390400c000 Uncommon trap: reason=bimorphic action=maybe_recompile pc=0x00007f38f5399cf4 method=java.io.ObjectInputStream$PeekInputStream.read()I @ 23
Event: 13.355 Thread 0x00007f390400c000 Uncommon trap: reason=unstable_if action=reinterpret pc=0x00007f38f54193b4 method=java.io.ObjectInputStream.readArray(Z)Ljava/lang/Object; @ 216
Event: 13.366 Thread 0x00007f390400c000 Uncommon trap: reason=class_check action=maybe_recompile pc=0x00007f38f53b6b94 method=java.util.zip.InflaterInputStream.fill()V @ 19
Event: 13.367 Thread 0x00007f390400c000 Uncommon trap: reason=class_check action=maybe_recompile pc=0x00007f38f53b6b94 method=java.util.zip.InflaterInputStream.fill()V @ 19
Event: 13.368 Thread 0x00007f390400c000 Uncommon trap: reason=class_check action=maybe_recompile pc=0x00007f38f53b6b94 method=java.util.zip.InflaterInputStream.fill()V @ 19

Internal exceptions (10 events):
Event: 0.636 Thread 0x00007f390400c000 Exception <a 'java/lang/NoSuchFieldError': method resolution failed> (0x000000076c3393b8) thrown at [/build/openjdk-8-pZyJp3/openjdk-8-8u131-b11/src/hotspot/src/share/vm/prims/methodHandles.cpp, line 1146]
Event: 0.642 Thread 0x00007f390400c000 Exception <a 'java/lang/NoSuchFieldError': method resolution failed> (0x000000076c346aa8) thrown at [/build/openjdk-8-pZyJp3/openjdk-8-8u131-b11/src/hotspot/src/share/vm/prims/methodHandles.cpp, line 1146]
Event: 0.982 Thread 0x00007f390400c000 Implicit null exception at 0x00007f38f5295f27 to 0x00007f38f529633d
Event: 2.760 Thread 0x00007f390400c000 Implicit null exception at 0x00007f38f528b683 to 0x00007f38f528b795
Event: 2.769 Thread 0x00007f390400c000 Implicit null exception at 0x00007f38f52900d5 to 0x00007f38f5290219
Event: 11.954 Thread 0x00007f390400c000 Exception <a 'java/lang/ClassNotFoundException': com/sun/org/glassfish/hk2/osgiresourcelocator/ServiceLoader> (0x00000007702b71d0) thrown at [/build/openjdk-8-pZyJp3/openjdk-8-8u131-b11/src/hotspot/src/share/vm/classfile/systemDictionary.cpp, line 210]
Event: 11.961 Thread 0x00007f390400c000 Exception <a 'java/lang/NullPointerException'> (0x00000007702d1200) thrown at [/build/openjdk-8-pZyJp3/openjdk-8-8u131-b11/src/hotspot/src/share/vm/interpreter/linkResolver.cpp, line 1299]
Event: 11.967 Thread 0x00007f390400c000 Implicit null exception at 0x00007f38f528fb7b to 0x00007f38f528fc65
Event: 12.027 Thread 0x00007f390400c000 Exception <a 'java/lang/ArrayIndexOutOfBoundsException': 18> (0x0000000770487950) thrown at [/build/openjdk-8-pZyJp3/openjdk-8-8u131-b11/src/hotspot/src/share/vm/interpreter/interpreterRuntime.cpp, line 366]
Event: 13.214 Thread 0x00007f390400c000 Implicit null exception at 0x00007f38f5215df5 to 0x00007f38f52161c1

Events (10 events):
Event: 23.674 Executing VM operation: ParallelGCFailedAllocation done
Event: 24.072 Executing VM operation: ParallelGCFailedAllocation
Event: 24.605 Executing VM operation: ParallelGCFailedAllocation done
Event: 25.199 Executing VM operation: ParallelGCFailedAllocation
Event: 28.763 Executing VM operation: ParallelGCFailedAllocation done
Event: 29.362 Executing VM operation: ParallelGCFailedAllocation
Event: 30.027 Executing VM operation: ParallelGCFailedAllocation done
Event: 30.499 Executing VM operation: ParallelGCFailedAllocation
Event: 31.030 Executing VM operation: ParallelGCFailedAllocation done
Event: 31.489 Executing VM operation: ParallelGCFailedAllocation


Dynamic libraries:
00400000-00401000 r-xp 00000000 08:05 2763008                            /usr/lib/jvm/java-8-openjdk-amd64/jre/bin/java
00600000-00601000 r--p 00000000 08:05 2763008                            /usr/lib/jvm/java-8-openjdk-amd64/jre/bin/java
00601000-00602000 rw-p 00001000 08:05 2763008                            /usr/lib/jvm/java-8-openjdk-amd64/jre/bin/java
0180e000-0182f000 rw-p 00000000 00:00 0                                  [heap]
6c0000000-70e280000 rw-p 00000000 00:00 0 
725500000-76ab00000 ---p 00000000 00:00 0 
76ab00000-7a7600000 rw-p 00000000 00:00 0 
7a7600000-7c0000000 ---p 00000000 00:00 0 
7c0000000-7c0280000 rw-p 00000000 00:00 0 
7c0280000-800000000 ---p 00000000 00:00 0 
7f38b0000000-7f38b0021000 rw-p 00000000 00:00 0 
7f38b0021000-7f38b4000000 ---p 00000000 00:00 0 
7f38b8000000-7f38b8389000 rw-p 00000000 00:00 0 
7f38b8389000-7f38bc000000 ---p 00000000 00:00 0 
7f38bc000000-7f38bc021000 rw-p 00000000 00:00 0 
7f38bc021000-7f38c0000000 ---p 00000000 00:00 0 
7f38c0000000-7f38c0790000 rw-p 00000000 00:00 0 
7f38c0790000-7f38c4000000 ---p 00000000 00:00 0 
7f38c4000000-7f38c4ca6000 rw-p 00000000 00:00 0 
7f38c4ca6000-7f38c8000000 ---p 00000000 00:00 0 
7f38c8000000-7f38c8021000 rw-p 00000000 00:00 0 
7f38c8021000-7f38cc000000 ---p 00000000 00:00 0 
7f38cc000000-7f38cc021000 rw-p 00000000 00:00 0 
7f38cc021000-7f38d0000000 ---p 00000000 00:00 0 
7f38d0000000-7f38d0039000 rw-p 00000000 00:00 0 
7f38d0039000-7f38d4000000 ---p 00000000 00:00 0 
7f38d4000000-7f38d4021000 rw-p 00000000 00:00 0 
7f38d4021000-7f38d8000000 ---p 00000000 00:00 0 
7f38d8000000-7f38d8fc6000 rw-p 00000000 00:00 0 
7f38d8fc6000-7f38dc000000 ---p 00000000 00:00 0 
7f38de113000-7f38de2d3000 rw-p 00000000 00:00 0 
7f38de2d3000-7f38de313000 ---p 00000000 00:00 0 
7f38de313000-7f38de513000 rw-p 00000000 00:00 0 
7f38de513000-7f38de526000 r--s 00346000 08:05 2495509                    /usr/lib/jvm/java-8-openjdk-amd64/jre/lib/resources.jar
7f38de526000-7f38de726000 rw-p 00000000 00:00 0 
7f38de726000-7f38de729000 r--s 00018000 08:05 12603141                   /root/.ivy2/cache/org.eclipse.jetty/jetty-io/jars/jetty-io-9.2.10.v20150310.jar
7f38de729000-7f38de72f000 r--s 00051000 08:05 12603143                   /root/.ivy2/cache/org.eclipse.jetty/jetty-util/jars/jetty-util-9.2.10.v20150310.jar
7f38de72f000-7f38de731000 r--s 00018000 08:05 12603139                   /root/.ivy2/cache/org.eclipse.jetty/jetty-http/jars/jetty-http-9.2.10.v20150310.jar
7f38de731000-7f38de737000 r--s 00061000 08:05 12603137                   /root/.ivy2/cache/org.eclipse.jetty/jetty-server/jars/jetty-server-9.2.10.v20150310.jar
7f38de737000-7f38de73a000 r--s 00015000 08:05 12603135                   /root/.ivy2/cache/org.eclipse.jetty/jetty-security/jars/jetty-security-9.2.10.v20150310.jar
7f38de73a000-7f38de73d000 r--s 0001a000 08:05 12603127                   /root/.ivy2/cache/org.eclipse.jetty/jetty-servlet/jars/jetty-servlet-9.2.10.v20150310.jar
7f38de73d000-7f38de740000 r--s 00015000 08:05 12603133                   /root/.ivy2/cache/javax.servlet/javax.servlet-api/jars/javax.servlet-api-3.1.0.jar
7f38de740000-7f38de744000 r--s 00018000 08:05 12603131                   /root/.ivy2/cache/io.dropwizard.metrics/metrics-core/bundles/metrics-core-3.1.1.jar
7f38de744000-7f38de749000 r--s 0002b000 08:05 12603129                   /root/.ivy2/cache/org.http4s/http4s-server_2.10/jars/http4s-server_2.10-0.7.0.jar
7f38de749000-7f38de74c000 r--s 00015000 08:05 12603123                   /root/.ivy2/cache/org.http4s/http4s-servlet_2.10/jars/http4s-servlet_2.10-0.7.0.jar
7f38de74c000-7f38de74e000 r--s 00007000 08:05 12465071                   /root/.ivy2/cache/org.http4s/http4s-jetty_2.10/jars/http4s-jetty_2.10-0.7.0.jar
7f38de74e000-7f38de753000 r--s 0004b000 08:05 12603111                   /root/.ivy2/cache/org.scodec/scodec-bits_2.10/bundles/scodec-bits_2.10-1.0.6.jar
7f38de753000-7f38de75e000 r--s 0005e000 08:05 12603121                   /root/.ivy2/cache/org.scalaz/scalaz-effect_2.10/bundles/scalaz-effect_2.10-7.1.0.jar
7f38de75e000-7f38de767000 r--s 0004d000 08:05 12603119                   /root/.ivy2/cache/org.scalaz/scalaz-concurrent_2.10/bundles/scalaz-concurrent_2.10-7.1.0.jar
7f38de767000-7f38de825000 r--s 00839000 08:05 12603117                   /root/.ivy2/cache/org.scalaz/scalaz-core_2.10/bundles/scalaz-core_2.10-7.1.0.jar
7f38de825000-7f38de845000 r--s 00142000 08:05 12603109                   /root/.ivy2/cache/org.scalaz.stream/scalaz-stream_2.10/bundles/scalaz-stream_2.10-0.7a.jar
7f38de845000-7f38de87b000 r--s 002d9000 08:05 10891454                   /root/.sbt/boot/scala-2.10.4/lib/scala-reflect.jar
7f38de87b000-7f38de887000 r--s 000a4000 08:05 10891361                   /root/.ivy2/cache/org.scalamacros/quasiquotes_2.10/jars/quasiquotes_2.10-2.0.1.jar
7f38de887000-7f38de8c0000 r--s 0024b000 08:05 12603115                   /root/.ivy2/cache/com.chuusai/shapeless_2.10.4/bundles/shapeless_2.10.4-2.1.0.jar
7f38de8c0000-7f38de8ca000 r--s 000b2000 08:05 12603107                   /root/.ivy2/cache/org.parboiled/parboiled_2.10/jars/parboiled_2.10-2.1.0.jar
7f38de8ca000-7f38de8cc000 r--s 00006000 08:05 12603113                   /root/.ivy2/cache/org.slf4j/slf4j-api/jars/slf4j-api-1.7.7.jar
7f38de8cc000-7f38de8ce000 r--s 00011000 08:05 12603105                   /root/.ivy2/cache/org.log4s/log4s_2.10/jars/log4s_2.10-1.1.3.jar
7f38de8ce000-7f38de8d0000 r--s 0000c000 08:05 12465115                   /root/.ivy2/cache/org.http4s/http4s-websocket_2.10/jars/http4s-websocket_2.10-0.1.1.jar
7f38de8d0000-7f38de8d2000 r--s 00003000 08:05 12465113                   /root/.ivy2/cache/net.iharder/base64/jars/base64-2.3.8.jar
7f38de8d2000-7f38de8eb000 r--s 0015f000 08:05 12465111                   /root/.ivy2/cache/org.http4s/http4s-core_2.10/jars/http4s-core_2.10-0.7.0.jar
7f38de8eb000-7f38deaeb000 rw-p 00000000 00:00 0 
7f38deaeb000-7f38deb5d000 r--s 0065b000 08:05 10761245                   /root/.ivy2/cache/org.scala-lang/scala-library/jars/scala-library-2.10.5.jar
7f38deb5d000-7f38deb62000 r--s 00031000 08:05 12465069                   /root/.ivy2/cache/org.http4s/http4s-dsl_2.10/jars/http4s-dsl_2.10-0.7.0.jar
7f38deb62000-7f38deb67000 r--s 00045000 08:05 12465099                   /root/.ivy2/cache/com.googlecode.efficient-java-matrix-library/ejml/jars/ejml-0.23.jar
7f38deb67000-7f38deb6b000 r--s 00015000 08:05 12465109                   /root/.ivy2/cache/javax.xml.bind/jaxb-api/jars/jaxb-api-2.2.7.jar
7f38deb6b000-7f38deb70000 r--s 0002d000 08:05 12465097                   /root/.ivy2/cache/de.jollyday/jollyday/jars/jollyday-0.4.7.jar
7f38deb70000-7f38deb8e000 r--s 0027d000 08:05 12465107                   /root/.ivy2/cache/xalan/xalan/jars/xalan-2.7.0.jar
7f38deb8e000-7f38deba5000 r--s 00110000 08:05 12465105                   /root/.ivy2/cache/xerces/xercesImpl/jars/xercesImpl-2.8.0.jar
7f38deba5000-7f38debad000 r--s 00028000 08:05 12465103                   /root/.ivy2/cache/xml-apis/xml-apis/jars/xml-apis-1.3.03.jar
7f38debad000-7f38debb4000 r--s 00046000 08:05 12465095                   /root/.ivy2/cache/com.io7m.xom/xom/jars/xom-1.2.10.jar
7f38debb4000-7f38debf7000 r--s 00577000 08:05 12465067                   /root/.ivy2/cache/edu.stanford.nlp/stanford-corenlp/jars/stanford-corenlp-3.5.1.jar
7f38debf7000-7f38debfa000 r--s 11dbb000 08:05 12465066                   /root/.ivy2/cache/edu.stanford.nlp/stanford-corenlp/jars/stanford-corenlp-3.5.1-models.jar
7f38debfa000-7f38debfe000 r--s 0001b000 08:05 12465064                   /root/.ivy2/cache/com.github.scopt/scopt_2.10/jars/scopt_2.10-3.2.0.jar
7f38debfe000-7f38dec0f000 r--s 000c3000 08:05 12465089                   /root/.ivy2/cache/com.fasterxml.jackson.core/jackson-databind/jars/jackson-databind-2.2.2.jar
7f38dec0f000-7f38dec12000 r--s 0002c000 08:05 12465087                   /root/.ivy2/cache/com.fasterxml.jackson.core/jackson-core/jars/jackson-core-2.2.2.jar
7f38dec12000-7f38dec15000 r--s 00006000 08:05 12465085                   /root/.ivy2/cache/com.fasterxml.jackson.core/jackson-annotations/jars/jackson-annotations-2.2.2.jar
7f38dec15000-7f38dec17000 r--s 00008000 08:05 12465083                   /root/.ivy2/cache/org.joda/joda-convert/jars/joda-convert-1.3.1.jar
7f38dec17000-7f38dec18000 ---p 00000000 00:00 0 
7f38dec18000-7f38ded18000 rw-p 00000000 00:00 0 
7f38ded18000-7f38ded1b000 ---p 00000000 00:00 0 
7f38ded1b000-7f38dee19000 rw-p 00000000 00:00 0 
7f38dee19000-7f38dee1c000 ---p 00000000 00:00 0 
7f38dee1c000-7f38def1a000 rw-p 00000000 00:00 0 
7f38def1a000-7f38def1d000 ---p 00000000 00:00 0 
7f38def1d000-7f38df01b000 rw-p 00000000 00:00 0 
7f38df01b000-7f38df01e000 ---p 00000000 00:00 0 
7f38df01e000-7f38df11c000 rw-p 00000000 00:00 0 
7f38df11c000-7f38df11f000 ---p 00000000 00:00 0 
7f38df11f000-7f38df21d000 rw-p 00000000 00:00 0 
7f38df21d000-7f38df4f5000 r--p 00000000 08:05 10637776                   /usr/lib/locale/locale-archive
7f38df4f5000-7f38df4f8000 ---p 00000000 00:00 0 
7f38df4f8000-7f38df5f6000 rw-p 00000000 00:00 0 
7f38df5f6000-7f38df5f9000 ---p 00000000 00:00 0 
7f38df5f9000-7f38df6f7000 rw-p 00000000 00:00 0 
7f38df6f7000-7f38df6f8000 ---p 00000000 00:00 0 
7f38df6f8000-7f38e0000000 rw-p 00000000 00:00 0 
7f38e0000000-7f38e11b5000 rw-p 00000000 00:00 0 
7f38e11b5000-7f38e4000000 ---p 00000000 00:00 0 
7f38e4000000-7f38e462a000 rw-p 00000000 00:00 0 
7f38e462a000-7f38e8000000 ---p 00000000 00:00 0 
7f38e8000000-7f38e8dfc000 rw-p 00000000 00:00 0 
7f38e8dfc000-7f38ec000000 ---p 00000000 00:00 0 
7f38ec000000-7f38ec001000 r--s 00004000 08:05 12603125                   /root/.ivy2/cache/io.dropwizard.metrics/metrics-jetty9/bundles/metrics-jetty9-3.1.1.jar
7f38ec001000-7f38ec011000 r--s 0007d000 08:05 12465081                   /root/.ivy2/cache/joda-time/joda-time/jars/joda-time-2.2.jar
7f38ec011000-7f38ec019000 r--s 00052000 08:05 12465077                   /root/.ivy2/cache/com.typesafe.play/play-functional_2.10/jars/play-functional_2.10-2.2.1.jar
7f38ec019000-7f38ec022000 r--s 00096000 08:05 12465091                   /root/.ivy2/cache/org.scala-stm/scala-stm_2.10/jars/scala-stm_2.10-0.7.jar
7f38ec022000-7f38ec033000 r--s 0009e000 08:05 12465075                   /root/.ivy2/cache/com.typesafe.play/play-iteratees_2.10/jars/play-iteratees_2.10-2.2.1.jar
7f38ec033000-7f38ec03f000 r--s 0008e000 08:05 12465062                   /root/.ivy2/cache/com.typesafe.play/play-json_2.10/jars/play-json_2.10-2.2.1.jar
7f38ec03f000-7f38ec05a000 r--s 00394000 08:05 2627412                    /usr/lib/jvm/java-8-openjdk-amd64/jre/lib/ext/cldrdata.jar
7f38ec05a000-7f38ec075000 r--s 001d6000 08:05 2627413                    /usr/lib/jvm/java-8-openjdk-amd64/jre/lib/ext/nashorn.jar
7f38ec075000-7f38f5000000 rw-p 00000000 00:00 0 
7f38f5000000-7f38f56b0000 rwxp 00000000 00:00 0 
7f38f56b0000-7f3904000000 ---p 00000000 00:00 0 
7f3904000000-7f390484f000 rw-p 00000000 00:00 0 
7f390484f000-7f3908000000 ---p 00000000 00:00 0 
7f3908000000-7f3908001000 r--s 00004000 08:05 12465101                   /root/.ivy2/cache/javax.json/javax.json-api/bundles/javax.json-api-1.0.jar
7f3908001000-7f3908005000 r--s 0002a000 08:05 12465093                   /root/.ivy2/cache/com.typesafe/config/bundles/config-1.0.2.jar
7f3908005000-7f390800d000 r--s 00051000 08:05 12465073                   /root/.ivy2/cache/ch.qos.logback/logback-core/jars/logback-core-1.0.7.jar
7f390800d000-7f3908017000 r--s 00116000 08:05 2627414                    /usr/lib/jvm/java-8-openjdk-amd64/jre/lib/ext/localedata.jar
7f3908017000-7f3908086000 rw-p 00000000 00:00 0 
7f3908086000-7f3908254000 r--s 03c13000 08:05 2495471                    /usr/lib/jvm/java-8-openjdk-amd64/jre/lib/rt.jar
7f3908254000-7f3908aca000 rw-p 00000000 00:00 0 
7f3908aca000-7f3908acb000 ---p 00000000 00:00 0 
7f3908acb000-7f3908bcb000 rw-p 00000000 00:00 0 
7f3908bcb000-7f3908bcc000 ---p 00000000 00:00 0 
7f3908bcc000-7f3908ccc000 rw-p 00000000 00:00 0 
7f3908ccc000-7f3908ccd000 ---p 00000000 00:00 0 
7f3908ccd000-7f3908dcd000 rw-p 00000000 00:00 0 
7f3908dcd000-7f3908dce000 ---p 00000000 00:00 0 
7f3908dce000-7f3909140000 rw-p 00000000 00:00 0 
7f3909140000-7f3909424000 ---p 00000000 00:00 0 
7f3909424000-7f3909696000 rw-p 00000000 00:00 0 
7f3909696000-7f3909979000 ---p 00000000 00:00 0 
7f3909979000-7f3909b5f000 rw-p 00000000 00:00 0 
7f3909b5f000-7f3909c24000 ---p 00000000 00:00 0 
7f3909c24000-7f3909c40000 rw-p 00000000 00:00 0 
7f3909c40000-7f3909fe5000 ---p 00000000 00:00 0 
7f3909fe5000-7f3909fed000 r-xp 00000000 08:05 2627437                    /usr/lib/jvm/java-8-openjdk-amd64/jre/lib/amd64/libzip.so
7f3909fed000-7f390a1ec000 ---p 00008000 08:05 2627437                    /usr/lib/jvm/java-8-openjdk-amd64/jre/lib/amd64/libzip.so
7f390a1ec000-7f390a1ed000 r--p 00007000 08:05 2627437                    /usr/lib/jvm/java-8-openjdk-amd64/jre/lib/amd64/libzip.so
7f390a1ed000-7f390a1ee000 rw-p 00008000 08:05 2627437                    /usr/lib/jvm/java-8-openjdk-amd64/jre/lib/amd64/libzip.so
7f390a1ee000-7f390a1f9000 r-xp 00000000 08:05 5767223                    /lib/x86_64-linux-gnu/libnss_files-2.23.so
7f390a1f9000-7f390a3f8000 ---p 0000b000 08:05 5767223                    /lib/x86_64-linux-gnu/libnss_files-2.23.so
7f390a3f8000-7f390a3f9000 r--p 0000a000 08:05 5767223                    /lib/x86_64-linux-gnu/libnss_files-2.23.so
7f390a3f9000-7f390a3fa000 rw-p 0000b000 08:05 5767223                    /lib/x86_64-linux-gnu/libnss_files-2.23.so
7f390a3fa000-7f390a400000 rw-p 00000000 00:00 0 
7f390a400000-7f390a40b000 r-xp 00000000 08:05 5767227                    /lib/x86_64-linux-gnu/libnss_nis-2.23.so
7f390a40b000-7f390a60a000 ---p 0000b000 08:05 5767227                    /lib/x86_64-linux-gnu/libnss_nis-2.23.so
7f390a60a000-7f390a60b000 r--p 0000a000 08:05 5767227                    /lib/x86_64-linux-gnu/libnss_nis-2.23.so
7f390a60b000-7f390a60c000 rw-p 0000b000 08:05 5767227                    /lib/x86_64-linux-gnu/libnss_nis-2.23.so
7f390a60c000-7f390a622000 r-xp 00000000 08:05 5767204                    /lib/x86_64-linux-gnu/libnsl-2.23.so
7f390a622000-7f390a821000 ---p 00016000 08:05 5767204                    /lib/x86_64-linux-gnu/libnsl-2.23.so
7f390a821000-7f390a822000 r--p 00015000 08:05 5767204                    /lib/x86_64-linux-gnu/libnsl-2.23.so
7f390a822000-7f390a823000 rw-p 00016000 08:05 5767204                    /lib/x86_64-linux-gnu/libnsl-2.23.so
7f390a823000-7f390a825000 rw-p 00000000 00:00 0 
7f390a825000-7f390a82d000 r-xp 00000000 08:05 5767233                    /lib/x86_64-linux-gnu/libnss_compat-2.23.so
7f390a82d000-7f390aa2c000 ---p 00008000 08:05 5767233                    /lib/x86_64-linux-gnu/libnss_compat-2.23.so
7f390aa2c000-7f390aa2d000 r--p 00007000 08:05 5767233                    /lib/x86_64-linux-gnu/libnss_compat-2.23.so
7f390aa2d000-7f390aa2e000 rw-p 00008000 08:05 5767233                    /lib/x86_64-linux-gnu/libnss_compat-2.23.so
7f390aa2e000-7f390aa5b000 r-xp 00000000 08:05 2627452                    /usr/lib/jvm/java-8-openjdk-amd64/jre/lib/amd64/libjava.so
7f390aa5b000-7f390ac5a000 ---p 0002d000 08:05 2627452                    /usr/lib/jvm/java-8-openjdk-amd64/jre/lib/amd64/libjava.so
7f390ac5a000-7f390ac5b000 r--p 0002c000 08:05 2627452                    /usr/lib/jvm/java-8-openjdk-amd64/jre/lib/amd64/libjava.so
7f390ac5b000-7f390ac5d000 rw-p 0002d000 08:05 2627452                    /usr/lib/jvm/java-8-openjdk-amd64/jre/lib/amd64/libjava.so
7f390ac5d000-7f390ac6c000 r-xp 00000000 08:05 2627431                    /usr/lib/jvm/java-8-openjdk-amd64/jre/lib/amd64/libverify.so
7f390ac6c000-7f390ae6b000 ---p 0000f000 08:05 2627431                    /usr/lib/jvm/java-8-openjdk-amd64/jre/lib/amd64/libverify.so
7f390ae6b000-7f390ae6d000 r--p 0000e000 08:05 2627431                    /usr/lib/jvm/java-8-openjdk-amd64/jre/lib/amd64/libverify.so
7f390ae6d000-7f390ae6e000 rw-p 00010000 08:05 2627431                    /usr/lib/jvm/java-8-openjdk-amd64/jre/lib/amd64/libverify.so
7f390ae6e000-7f390ae75000 r-xp 00000000 08:05 5767229                    /lib/x86_64-linux-gnu/librt-2.23.so
7f390ae75000-7f390b074000 ---p 00007000 08:05 5767229                    /lib/x86_64-linux-gnu/librt-2.23.so
7f390b074000-7f390b075000 r--p 00006000 08:05 5767229                    /lib/x86_64-linux-gnu/librt-2.23.so
7f390b075000-7f390b076000 rw-p 00007000 08:05 5767229                    /lib/x86_64-linux-gnu/librt-2.23.so
7f390b076000-7f390b08c000 r-xp 00000000 08:05 5771737                    /lib/x86_64-linux-gnu/libgcc_s.so.1
7f390b08c000-7f390b28b000 ---p 00016000 08:05 5771737                    /lib/x86_64-linux-gnu/libgcc_s.so.1
7f390b28b000-7f390b28c000 rw-p 00015000 08:05 5771737                    /lib/x86_64-linux-gnu/libgcc_s.so.1
7f390b28c000-7f390b394000 r-xp 00000000 08:05 5767238                    /lib/x86_64-linux-gnu/libm-2.23.so
7f390b394000-7f390b593000 ---p 00108000 08:05 5767238                    /lib/x86_64-linux-gnu/libm-2.23.so
7f390b593000-7f390b594000 r--p 00107000 08:05 5767238                    /lib/x86_64-linux-gnu/libm-2.23.so
7f390b594000-7f390b595000 rw-p 00108000 08:05 5767238                    /lib/x86_64-linux-gnu/libm-2.23.so
7f390b595000-7f390b707000 r-xp 00000000 08:05 10619009                   /usr/lib/x86_64-linux-gnu/libstdc++.so.6.0.21
7f390b707000-7f390b907000 ---p 00172000 08:05 10619009                   /usr/lib/x86_64-linux-gnu/libstdc++.so.6.0.21
7f390b907000-7f390b911000 r--p 00172000 08:05 10619009                   /usr/lib/x86_64-linux-gnu/libstdc++.so.6.0.21
7f390b911000-7f390b913000 rw-p 0017c000 08:05 10619009                   /usr/lib/x86_64-linux-gnu/libstdc++.so.6.0.21
7f390b913000-7f390b917000 rw-p 00000000 00:00 0 
7f390b917000-7f390c56b000 r-xp 00000000 08:05 2627436                    /usr/lib/jvm/java-8-openjdk-amd64/jre/lib/amd64/server/libjvm.so
7f390c56b000-7f390c76b000 ---p 00c54000 08:05 2627436                    /usr/lib/jvm/java-8-openjdk-amd64/jre/lib/amd64/server/libjvm.so
7f390c76b000-7f390c7fe000 r--p 00c54000 08:05 2627436                    /usr/lib/jvm/java-8-openjdk-amd64/jre/lib/amd64/server/libjvm.so
7f390c7fe000-7f390c827000 rw-p 00ce7000 08:05 2627436                    /usr/lib/jvm/java-8-openjdk-amd64/jre/lib/amd64/server/libjvm.so
7f390c827000-7f390c857000 rw-p 00000000 00:00 0 
7f390c857000-7f390c86f000 r-xp 00000000 08:05 5767226                    /lib/x86_64-linux-gnu/libpthread-2.23.so
7f390c86f000-7f390ca6e000 ---p 00018000 08:05 5767226                    /lib/x86_64-linux-gnu/libpthread-2.23.so
7f390ca6e000-7f390ca6f000 r--p 00017000 08:05 5767226                    /lib/x86_64-linux-gnu/libpthread-2.23.so
7f390ca6f000-7f390ca70000 rw-p 00018000 08:05 5767226                    /lib/x86_64-linux-gnu/libpthread-2.23.so
7f390ca70000-7f390ca74000 rw-p 00000000 00:00 0 
7f390ca74000-7f390ca77000 r-xp 00000000 08:05 5767232                    /lib/x86_64-linux-gnu/libdl-2.23.so
7f390ca77000-7f390cc76000 ---p 00003000 08:05 5767232                    /lib/x86_64-linux-gnu/libdl-2.23.so
7f390cc76000-7f390cc77000 r--p 00002000 08:05 5767232                    /lib/x86_64-linux-gnu/libdl-2.23.so
7f390cc77000-7f390cc78000 rw-p 00003000 08:05 5767232                    /lib/x86_64-linux-gnu/libdl-2.23.so
7f390cc78000-7f390cc91000 r-xp 00000000 08:05 5774672                    /lib/x86_64-linux-gnu/libz.so.1.2.8
7f390cc91000-7f390ce90000 ---p 00019000 08:05 5774672                    /lib/x86_64-linux-gnu/libz.so.1.2.8
7f390ce90000-7f390ce91000 r--p 00018000 08:05 5774672                    /lib/x86_64-linux-gnu/libz.so.1.2.8
7f390ce91000-7f390ce92000 rw-p 00019000 08:05 5774672                    /lib/x86_64-linux-gnu/libz.so.1.2.8
7f390ce92000-7f390d052000 r-xp 00000000 08:05 5767999                    /lib/x86_64-linux-gnu/libc-2.23.so
7f390d052000-7f390d252000 ---p 001c0000 08:05 5767999                    /lib/x86_64-linux-gnu/libc-2.23.so
7f390d252000-7f390d256000 r--p 001c0000 08:05 5767999                    /lib/x86_64-linux-gnu/libc-2.23.so
7f390d256000-7f390d258000 rw-p 001c4000 08:05 5767999                    /lib/x86_64-linux-gnu/libc-2.23.so
7f390d258000-7f390d25c000 rw-p 00000000 00:00 0 
7f390d25c000-7f390d269000 r-xp 00000000 08:05 2627429                    /usr/lib/jvm/java-8-openjdk-amd64/jre/lib/amd64/jli/libjli.so
7f390d269000-7f390d469000 ---p 0000d000 08:05 2627429                    /usr/lib/jvm/java-8-openjdk-amd64/jre/lib/amd64/jli/libjli.so
7f390d469000-7f390d46a000 r--p 0000d000 08:05 2627429                    /usr/lib/jvm/java-8-openjdk-amd64/jre/lib/amd64/jli/libjli.so
7f390d46a000-7f390d46b000 rw-p 0000e000 08:05 2627429                    /usr/lib/jvm/java-8-openjdk-amd64/jre/lib/amd64/jli/libjli.so
7f390d46b000-7f390d491000 r-xp 00000000 08:05 5767205                    /lib/x86_64-linux-gnu/ld-2.23.so
7f390d491000-7f390d492000 r--s 00001000 08:05 12465079                   /root/.ivy2/cache/com.typesafe.play/play-datacommons_2.10/jars/play-datacommons_2.10-2.2.1.jar
7f390d492000-7f390d498000 r--s 00038000 08:05 12465060                   /root/.ivy2/cache/ch.qos.logback/logback-classic/jars/logback-classic-1.0.7.jar
7f390d498000-7f390d56b000 rw-p 00000000 00:00 0 
7f390d56b000-7f390d56e000 ---p 00000000 00:00 0 
7f390d56e000-7f390d671000 rw-p 00000000 00:00 0 
7f390d671000-7f390d672000 r--s 24ee7000 08:05 11807780                   /root/deepdive-0.8-STABLE/examples/spouse/udf/bazaar/parser/lib/stanford-srparser-2014-10-23-models.jar
7f390d672000-7f390d674000 r--s 00001000 08:05 2627420                    /usr/lib/jvm/java-8-openjdk-amd64/jre/lib/ext/dnsns.jar
7f390d674000-7f390d679000 r--s 0003b000 08:05 2627422                    /usr/lib/jvm/java-8-openjdk-amd64/jre/lib/ext/sunjce_provider.jar
7f390d679000-7f390d67a000 r--s 00010000 08:05 2627425                    /usr/lib/jvm/java-8-openjdk-amd64/jre/lib/ext/zipfs.jar
7f390d67a000-7f390d67b000 r--s 0000a000 08:05 2627421                    /usr/lib/jvm/java-8-openjdk-amd64/jre/lib/ext/jaccess.jar
7f390d67b000-7f390d67e000 r--s 0000f000 08:05 2627423                    /usr/lib/jvm/java-8-openjdk-amd64/jre/lib/ext/icedtea-sound.jar
7f390d67e000-7f390d680000 r--s 00008000 08:05 2627424                    /usr/lib/jvm/java-8-openjdk-amd64/jre/lib/ext/sunec.jar
7f390d680000-7f390d684000 r--s 00037000 08:05 2627415                    /usr/lib/jvm/java-8-openjdk-amd64/jre/lib/ext/sunpkcs11.jar
7f390d684000-7f390d68c000 rw-s 00000000 08:05 9961512                    /tmp/hsperfdata_root/10606
7f390d68c000-7f390d68d000 rw-p 00000000 00:00 0 
7f390d68d000-7f390d68e000 ---p 00000000 00:00 0 
7f390d68e000-7f390d690000 rw-p 00000000 00:00 0 
7f390d690000-7f390d691000 r--p 00025000 08:05 5767205                    /lib/x86_64-linux-gnu/ld-2.23.so
7f390d691000-7f390d692000 rw-p 00026000 08:05 5767205                    /lib/x86_64-linux-gnu/ld-2.23.so
7f390d692000-7f390d693000 rw-p 00000000 00:00 0 
7ffe890b5000-7ffe890d7000 rw-p 00000000 00:00 0                          [stack]
7ffe891bb000-7ffe891bd000 r--p 00000000 00:00 0                          [vvar]
7ffe891bd000-7ffe891bf000 r-xp 00000000 00:00 0                          [vdso]
ffffffffff600000-ffffffffff601000 r-xp 00000000 00:00 0                  [vsyscall]

VM Arguments:
jvm_args: -Xmx4g -Dfile.encoding=UTF-8 
java_command: com.clearcut.nlp.Main -i json -k doc_id -v content
java_class_path (initial): /root/deepdive-0.8-STABLE/examples/spouse/udf/bazaar/parser/target/../target/scala-2.10/classes:/root/deepdive-0.8-STABLE/examples/spouse/udf/bazaar/parser/target/../lib/stanford-srparser-2014-10-23-models.jar:/root/deepdive-0.8-STABLE/examples/spouse/udf/bazaar/parser/target/../lib/stanford-srparser-2014-10-23-models.jar:/root/.ivy2/cache/ch.qos.logback/logback-classic/jars/logback-classic-1.0.7.jar:/root/.ivy2/cache/ch.qos.logback/logback-core/jars/logback-core-1.0.7.jar:/root/.ivy2/cache/com.typesafe.play/play-json_2.10/jars/play-json_2.10-2.2.1.jar:/root/.ivy2/cache/com.typesafe.play/play-iteratees_2.10/jars/play-iteratees_2.10-2.2.1.jar:/root/.ivy2/cache/org.scala-stm/scala-stm_2.10/jars/scala-stm_2.10-0.7.jar:/root/.ivy2/cache/com.typesafe/config/bundles/config-1.0.2.jar:/root/.ivy2/cache/com.typesafe.play/play-functional_2.10/jars/play-functional_2.10-2.2.1.jar:/root/.ivy2/cache/com.typesafe.play/play-datacommons_2.10/jars/play-datacommons_2.10-2.2.1.jar:/root/.ivy2/cache/joda-time/joda-time/jars/joda-time-2.2.jar:/root/.ivy2/cache/org.joda/joda-convert/jars/joda-convert-1.3.1.jar:/root/.ivy2/cache/com.fasterxml.jackson.core/jackson-annotations/jars/jackson-annotations-2.2.2.jar:/root/.ivy2/cache/com.fasterxml.jackson.core/jackson-core/jars/jackson-core-2.2.2.jar:/root/.ivy2/cache/com.fasterxml.jackson.core/jackson-databind/jars/jackson-databind-2.2.2.jar:/root/.ivy2/cache/com.github.scopt/scopt_2.10/jars/scopt_2.10-3.2.0.jar:/root/.ivy2/cache/edu.stanford.nlp/stanford-corenlp/jars/stanford-corenlp-3.5.1-models.jar:/root/.ivy2/cache/edu.stanford.nlp/stanford-corenlp/jars/stanford-corenlp-3.5.1.jar:/root/.ivy2/cache/com.io7m.xom/xom/jars/xom-1.2.10.jar:/root/.ivy2/cache/xml-apis/xml-apis/jars/xml-apis-1.3.03.jar:/root/.ivy2/cache/xerces/xercesImpl/jars/xercesImpl-2.8.0.jar:/root/.ivy2/cache/xalan/xalan/jars/xalan-2.7.0.jar:/root/.ivy2/cache/de.jollyday/jollyday/jars/jollyday-0.4.7.jar:/root/.ivy2/cache/javax.xml.bind/jaxb-api/jars/
Launcher Type: SUN_STANDARD

Environment Variables:
PATH=/root/local/util/db-driver/postgresql:/root/local/util/db-driver/postgresql:/root/local/util/compute-driver/local:/root/local/util/db-driver/postgresql:/root/local/util/db-driver/postgresql:/root/local/util:/root/local/bin:/root/local/lib/bundled/.all/bin:/usr/local/sbin:/usr/local/bin:/usr/sbin:/usr/bin:/sbin:/bin:/snap/bin:/snap/bin:/root/local/bin
USERNAME=root
SHELL=/bin/bash
DISPLAY=:0

Signal Handlers:
SIGSEGV: [libjvm.so+0xa6ad10], sa_mask[0]=11111111011111111101111111111110, sa_flags=SA_RESTART|SA_SIGINFO
SIGBUS: [libjvm.so+0xa6ad10], sa_mask[0]=11111111011111111101111111111110, sa_flags=SA_RESTART|SA_SIGINFO
SIGFPE: [libjvm.so+0x8b3bc0], sa_mask[0]=11111111011111111101111111111110, sa_flags=SA_RESTART|SA_SIGINFO
SIGPIPE: [libjvm.so+0x8b3bc0], sa_mask[0]=11111111011111111101111111111110, sa_flags=SA_RESTART|SA_SIGINFO
SIGXFSZ: [libjvm.so+0x8b3bc0], sa_mask[0]=11111111011111111101111111111110, sa_flags=SA_RESTART|SA_SIGINFO
SIGILL: [libjvm.so+0x8b3bc0], sa_mask[0]=11111111011111111101111111111110, sa_flags=SA_RESTART|SA_SIGINFO
SIGUSR1: SIG_DFL, sa_mask[0]=00000000000000000000000000000000, sa_flags=none
SIGUSR2: [libjvm.so+0x8b3a70], sa_mask[0]=00000000000000000000000000000000, sa_flags=SA_RESTART|SA_SIGINFO
SIGHUP: [libjvm.so+0x8b3f40], sa_mask[0]=11111111011111111101111111111110, sa_flags=SA_RESTART|SA_SIGINFO
SIGINT: SIG_IGN, sa_mask[0]=00000000000000000000000000000000, sa_flags=none
SIGTERM: [libjvm.so+0x8b3f40], sa_mask[0]=11111111011111111101111111111110, sa_flags=SA_RESTART|SA_SIGINFO
SIGQUIT: [libjvm.so+0x8b3f40], sa_mask[0]=11111111011111111101111111111110, sa_flags=SA_RESTART|SA_SIGINFO


---------------  S Y S T E M  ---------------

OS:DISTRIB_ID=Ubuntu
DISTRIB_RELEASE=16.04
DISTRIB_CODENAME=xenial
DISTRIB_DESCRIPTION="Ubuntu 16.04.2 LTS"

uname:Linux 4.4.0-87-generic #110-Ubuntu SMP Tue Jul 18 12:55:35 UTC 2017 x86_64
libc:glibc 2.23 NPTL 2.23 
rlimit: STACK 8192k, CORE 0k, NPROC 31306, NOFILE 65536, AS infinity
load average:4.07 1.16 0.46

/proc/meminfo:
MemTotal:        8055072 kB
MemFree:          129308 kB
MemAvailable:      27880 kB
Buffers:            2740 kB
Cached:           266064 kB
SwapCached:            0 kB
Active:          7518064 kB
Inactive:         244196 kB
Active(anon):    7502020 kB
Inactive(anon):   220812 kB
Active(file):      16044 kB
Inactive(file):    23384 kB
Unevictable:          32 kB
Mlocked:              32 kB
SwapTotal:             0 kB
SwapFree:              0 kB
Dirty:                80 kB
Writeback:             0 kB
AnonPages:       7494144 kB
Mapped:            75360 kB
Shmem:            228800 kB
Slab:              62096 kB
SReclaimable:      27528 kB
SUnreclaim:        34568 kB
KernelStack:        8416 kB
PageTables:        47204 kB
NFS_Unstable:          0 kB
Bounce:                0 kB
WritebackTmp:          0 kB
CommitLimit:     4027536 kB
Committed_AS:   11824380 kB
VmallocTotal:   34359738367 kB
VmallocUsed:           0 kB
VmallocChunk:          0 kB
HardwareCorrupted:     0 kB
AnonHugePages:   6012928 kB
CmaTotal:              0 kB
CmaFree:               0 kB
HugePages_Total:       0
HugePages_Free:        0
HugePages_Rsvd:        0
HugePages_Surp:        0
Hugepagesize:       2048 kB
DirectMap4k:      138052 kB
DirectMap2M:     2887680 kB
DirectMap1G:     6291456 kB


CPU:total 4 (initial active 4) (4 cores per cpu, 1 threads per core) family 6 model 94 stepping 3, cmov, cx8, fxsr, mmx, sse, sse2, sse3, ssse3, sse4.1, sse4.2, popcnt, avx, avx2, aes, clmul, erms, rtm, 3dnowpref, lzcnt, tsc, tscinvbit, bmi1, bmi2, adx

/proc/cpuinfo:
processor	: 0
vendor_id	: GenuineIntel
cpu family	: 6
model		: 94
model name	: Intel(R) Core(TM) i5-6500 CPU @ 3.20GHz
stepping	: 3
microcode	: 0x74
cpu MHz		: 902.750
cache size	: 6144 KB
physical id	: 0
siblings	: 4
core id		: 0
cpu cores	: 4
apicid		: 0
initial apicid	: 0
fpu		: yes
fpu_exception	: yes
cpuid level	: 22
wp		: yes
flags		: fpu vme de pse tsc msr pae mce cx8 apic sep mtrr pge mca cmov pat pse36 clflush dts acpi mmx fxsr sse sse2 ss ht tm pbe syscall nx pdpe1gb rdtscp lm constant_tsc art arch_perfmon pebs bts rep_good nopl xtopology nonstop_tsc aperfmperf eagerfpu pni pclmulqdq dtes64 monitor ds_cpl vmx smx est tm2 ssse3 sdbg fma cx16 xtpr pdcm pcid sse4_1 sse4_2 x2apic movbe popcnt tsc_deadline_timer aes xsave avx f16c rdrand lahf_lm abm 3dnowprefetch epb intel_pt tpr_shadow vnmi flexpriority ept vpid fsgsbase tsc_adjust bmi1 hle avx2 smep bmi2 erms invpcid rtm mpx rdseed adx smap clflushopt xsaveopt xsavec xgetbv1 dtherm ida arat pln pts hwp hwp_notify hwp_act_window hwp_epp
bugs		:
bogomips	: 6384.15
clflush size	: 64
cache_alignment	: 64
address sizes	: 39 bits physical, 48 bits virtual
power management:

processor	: 1
vendor_id	: GenuineIntel
cpu family	: 6
model		: 94
model name	: Intel(R) Core(TM) i5-6500 CPU @ 3.20GHz
stepping	: 3
microcode	: 0x74
cpu MHz		: 896.125
cache size	: 6144 KB
physical id	: 0
siblings	: 4
core id		: 1
cpu cores	: 4
apicid		: 2
initial apicid	: 2
fpu		: yes
fpu_exception	: yes
cpuid level	: 22
wp		: yes
flags		: fpu vme de pse tsc msr pae mce cx8 apic sep mtrr pge mca cmov pat pse36 clflush dts acpi mmx fxsr sse sse2 ss ht tm pbe syscall nx pdpe1gb rdtscp lm constant_tsc art arch_perfmon pebs bts rep_good nopl xtopology nonstop_tsc aperfmperf eagerfpu pni pclmulqdq dtes64 monitor ds_cpl vmx smx est tm2 ssse3 sdbg fma cx16 xtpr pdcm pcid sse4_1 sse4_2 x2apic movbe popcnt tsc_deadline_timer aes xsave avx f16c rdrand lahf_lm abm 3dnowprefetch epb intel_pt tpr_shadow vnmi flexpriority ept vpid fsgsbase tsc_adjust bmi1 hle avx2 smep bmi2 erms invpcid rtm mpx rdseed adx smap clflushopt xsaveopt xsavec xgetbv1 dtherm ida arat pln pts hwp hwp_notify hwp_act_window hwp_epp
bugs		:
bogomips	: 6384.15
clflush size	: 64
cache_alignment	: 64
address sizes	: 39 bits physical, 48 bits virtual
power management:

processor	: 2
vendor_id	: GenuineIntel
cpu family	: 6
model		: 94
model name	: Intel(R) Core(TM) i5-6500 CPU @ 3.20GHz
stepping	: 3
microcode	: 0x74
cpu MHz		: 1002.375
cache size	: 6144 KB
physical id	: 0
siblings	: 4
core id		: 2
cpu cores	: 4
apicid		: 4
initial apicid	: 4
fpu		: yes
fpu_exception	: yes
cpuid level	: 22
wp		: yes
flags		: fpu vme de pse tsc msr pae mce cx8 apic sep mtrr pge mca cmov pat pse36 clflush dts acpi mmx fxsr sse sse2 ss ht tm pbe syscall nx pdpe1gb rdtscp lm constant_tsc art arch_perfmon pebs bts rep_good nopl xtopology nonstop_tsc aperfmperf eagerfpu pni pclmulqdq dtes64 monitor ds_cpl vmx smx est tm2 ssse3 sdbg fma cx16 xtpr pdcm pcid sse4_1 sse4_2 x2apic movbe popcnt tsc_deadline_timer aes xsave avx f16c rdrand lahf_lm abm 3dnowprefetch epb intel_pt tpr_shadow vnmi flexpriority ept vpid fsgsbase tsc_adjust bmi1 hle avx2 smep bmi2 erms invpcid rtm mpx rdseed adx smap clflushopt xsaveopt xsavec xgetbv1 dtherm ida arat pln pts hwp hwp_notify hwp_act_window hwp_epp
bugs		:
bogomips	: 6384.15
clflush size	: 64
cache_alignment	: 64
address sizes	: 39 bits physical, 48 bits virtual
power management:

processor	: 3
vendor_id	: GenuineIntel
cpu family	: 6
model		: 94
model name	: Intel(R) Core(TM) i5-6500 CPU @ 3.20GHz
stepping	: 3
microcode	: 0x74
cpu MHz		: 888.750
cache size	: 6144 KB
physical id	: 0
siblings	: 4
core id		: 3
cpu cores	: 4
apicid		: 6
initial apicid	: 6
fpu		: yes
fpu_exception	: yes
cpuid level	: 22
wp		: yes
flags		: fpu vme de pse tsc msr pae mce cx8 apic sep mtrr pge mca cmov pat pse36 clflush dts acpi mmx fxsr sse sse2 ss ht tm pbe syscall nx pdpe1gb rdtscp lm constant_tsc art arch_perfmon pebs bts rep_good nopl xtopology nonstop_tsc aperfmperf eagerfpu pni pclmulqdq dtes64 monitor ds_cpl vmx smx est tm2 ssse3 sdbg fma cx16 xtpr pdcm pcid sse4_1 sse4_2 x2apic movbe popcnt tsc_deadline_timer aes xsave avx f16c rdrand lahf_lm abm 3dnowprefetch epb intel_pt tpr_shadow vnmi flexpriority ept vpid fsgsbase tsc_adjust bmi1 hle avx2 smep bmi2 erms invpcid rtm mpx rdseed adx smap clflushopt xsaveopt xsavec xgetbv1 dtherm ida arat pln pts hwp hwp_notify hwp_act_window hwp_epp
bugs		:
bogomips	: 6384.15
clflush size	: 64
cache_alignment	: 64
address sizes	: 39 bits physical, 48 bits virtual
power management:



Memory: 4k page, physical 8055072k(129308k free), swap 0k(0k free)

vm_info: OpenJDK 64-Bit Server VM (25.131-b11) for linux-amd64 JRE (1.8.0_131-8u131-b11-2ubuntu1.16.04.3-b11), built on Jul 28 2017 01:23:32 by "buildd" with gcc 5.4.0 20160609

time: Fri Aug  4 18:32:30 2017
elapsed time: 35 seconds (0d 0h 0m 35s)

