#
# There is insufficient memory for the Java Runtime Environment to continue.
# Native memory allocation (mmap) failed to map 328728576 bytes for committing reserved memory.
# Possible reasons:
#   The system is out of physical RAM or swap space
#   In 32 bit mode, the process size limit was hit
# Possible solutions:
#   Reduce memory load on the system
#   Increase physical memory or swap space
#   Check if swap backing store is full
#   Use 64 bit Java on a 64 bit OS
#   Decrease Java heap size (-Xmx/-Xms)
#   Decrease number of Java threads
#   Decrease Java thread stack sizes (-Xss)
#   Set larger code cache with -XX:ReservedCodeCacheSize=
# This output file may be truncated or incomplete.
#
#  Out of Memory Error (os_linux.cpp:2643), pid=8781, tid=0x00007fcdce725700
#
# JRE version: OpenJDK Runtime Environment (8.0_131-b11) (build 1.8.0_131-8u131-b11-2ubuntu1.16.04.3-b11)
# Java VM: OpenJDK 64-Bit Server VM (25.131-b11 mixed mode linux-amd64 compressed oops)
# Failed to write core dump. Core dumps have been disabled. To enable core dumping, try "ulimit -c unlimited" before starting Java again
#

---------------  T H R E A D  ---------------

Current thread (0x00007fcde8079800):  VMThread [stack: 0x00007fcdce625000,0x00007fcdce726000] [id=8823]

Stack: [0x00007fcdce625000,0x00007fcdce726000],  sp=0x00007fcdce724480,  free space=1021k
Native frames: (J=compiled Java code, j=interpreted, Vv=VM code, C=native code)
V  [libjvm.so+0xa6a1bb]
V  [libjvm.so+0x4c5a6c]
V  [libjvm.so+0x8b85a0]
V  [libjvm.so+0x8b2a1e]
V  [libjvm.so+0x92d556]
V  [libjvm.so+0x91cbba]
V  [libjvm.so+0x91cdc3]
V  [libjvm.so+0x91d728]
V  [libjvm.so+0x9239ee]
V  [libjvm.so+0x92b3bd]
V  [libjvm.so+0x8dd093]
V  [libjvm.so+0xa6be72]
V  [libjvm.so+0xa70f57]
V  [libjvm.so+0xa6e727]
V  [libjvm.so+0xa6fbaf]
V  [libjvm.so+0xa700a1]
V  [libjvm.so+0x8b5a82]

VM_Operation (0x00007fcdf05185c0): ParallelGCFailedAllocation, mode: safepoint, requested by thread 0x00007fcde800c000


---------------  P R O C E S S  ---------------

Java Threads: ( => current thread )
  0x00007fcde80ba800 JavaThread "Service Thread" daemon [_thread_blocked, id=8842, stack(0x00007fcdcdc46000,0x00007fcdcdd47000)]
  0x00007fcde80b3800 JavaThread "C1 CompilerThread2" daemon [_thread_blocked, id=8841, stack(0x00007fcdcdd47000,0x00007fcdcde48000)]
  0x00007fcde80b1800 JavaThread "C2 CompilerThread1" daemon [_thread_blocked, id=8840, stack(0x00007fcdcde48000,0x00007fcdcdf49000)]
  0x00007fcde80af000 JavaThread "C2 CompilerThread0" daemon [_thread_blocked, id=8839, stack(0x00007fcdcdf49000,0x00007fcdce04a000)]
  0x00007fcde80ad000 JavaThread "Signal Dispatcher" daemon [_thread_blocked, id=8838, stack(0x00007fcdce04a000,0x00007fcdce14b000)]
  0x00007fcde8085800 JavaThread "Finalizer" daemon [_thread_blocked, id=8832, stack(0x00007fcdce423000,0x00007fcdce524000)]
  0x00007fcde8081000 JavaThread "Reference Handler" daemon [_thread_blocked, id=8829, stack(0x00007fcdce524000,0x00007fcdce625000)]
  0x00007fcde800c000 JavaThread "main" [_thread_blocked, id=8803, stack(0x00007fcdf041a000,0x00007fcdf051b000)]

Other Threads:
=>0x00007fcde8079800 VMThread [stack: 0x00007fcdce625000,0x00007fcdce726000] [id=8823]
  0x00007fcde80bd000 WatcherThread [stack: 0x00007fcdcdb45000,0x00007fcdcdc46000] [id=8843]

VM state:at safepoint (normal execution)

VM Mutex/Monitor currently owned by a thread:  ([mutex/lock_event])
[0x00007fcde8007d40] ExpandHeap_lock - owner thread: 0x00007fcde8079800
[0x00007fcde80083c0] Threads_lock - owner thread: 0x00007fcde8079800
[0x00007fcde80088c0] Heap_lock - owner thread: 0x00007fcde800c000

Heap:
 PSYoungGen      total 625664K, used 258418K [0x000000076ab00000, 0x00000007ad500000, 0x00000007c0000000)
  eden space 159744K, 0% used [0x000000076ab00000,0x000000076ab00000,0x0000000774700000)
  from space 465920K, 55% used [0x0000000790e00000,0x00000007a0a5cb00,0x00000007ad500000)
  to   space 465920K, 0% used [0x0000000774700000,0x0000000774700000,0x0000000790e00000)
 ParOldGen       total 1140224K, used 1139945K [0x00000006c0000000, 0x0000000705980000, 0x000000076ab00000)
  object space 1140224K, 99% used [0x00000006c0000000,0x000000070593a420,0x0000000705980000)
 Metaspace       used 18110K, capacity 18572K, committed 18688K, reserved 1064960K
  class space    used 2391K, capacity 2508K, committed 2560K, reserved 1048576K

Card table byte_map: [0x00007fcdec2d3000,0x00007fcdecad4000] byte_map_base: 0x00007fcde8cd3000

Marking Bits: (ParMarkBitMap*) 0x00007fcdef6e92c0
 Begin Bits: [0x00007fcdd08a8000, 0x00007fcdd48a8000)
 End Bits:   [0x00007fcdd48a8000, 0x00007fcdd88a8000)

Polling page: 0x00007fcdf053c000

CodeCache: size=245760Kb used=6792Kb max_used=6806Kb free=238967Kb
 bounds [0x00007fcdd9000000, 0x00007fcdd96b0000, 0x00007fcde8000000]
 total_blobs=2250 nmethods=1876 adapters=289
 compilation: enabled

Compilation events (10 events):
Event: 14.194 Thread 0x00007fcde80b1800 nmethod 1884 0x00007fcdd96901d0 code [0x00007fcdd9690340, 0x00007fcdd9690488]
Event: 14.194 Thread 0x00007fcde80b1800 1879       4       java.util.zip.InflaterInputStream::ensureOpen (18 bytes)
Event: 14.195 Thread 0x00007fcde80b1800 nmethod 1879 0x00007fcdd967f9d0 code [0x00007fcdd967fb20, 0x00007fcdd967fb98]
Event: 14.202 Thread 0x00007fcde80b1800 1887       4       java.util.zip.InflaterInputStream::fill (60 bytes)
Event: 14.205 Thread 0x00007fcde80b1800 nmethod 1887 0x00007fcdd9692dd0 code [0x00007fcdd9692f60, 0x00007fcdd96933d8]
Event: 14.206 Thread 0x00007fcde80af000 nmethod 1883 0x00007fcdd96abe10 code [0x00007fcdd96ac0a0, 0x00007fcdd96ad350]
Event: 14.352 Thread 0x00007fcde80b1800 1888       4       java.io.BufferedInputStream::fill (233 bytes)
Event: 14.354 Thread 0x00007fcde80b1800 nmethod 1888 0x00007fcdd9691290 code [0x00007fcdd9691400, 0x00007fcdd9691588]
Event: 18.505 Thread 0x00007fcde80af000 1889       4       java.util.zip.InflaterInputStream::available (15 bytes)
Event: 18.505 Thread 0x00007fcde80af000 nmethod 1889 0x00007fcdd9684a90 code [0x00007fcdd9684be0, 0x00007fcdd9684c78]

GC Heap History (10 events):
Event: 24.702 GC heap after
Heap after GC invocations=23 (full 6):
 PSYoungGen      total 464384K, used 278048K [0x000000076ab00000, 0x00000007a0080000, 0x00000007c0000000)
  eden space 170496K, 0% used [0x000000076ab00000,0x000000076ab00000,0x0000000775180000)
  from space 293888K, 94% used [0x0000000789980000,0x000000079a908030,0x000000079b880000)
  to   space 335872K, 0% used [0x0000000775180000,0x0000000775180000,0x0000000789980000)
 ParOldGen       total 1042432K, used 778865K [0x00000006c0000000, 0x00000006ffa00000, 0x000000076ab00000)
  object space 1042432K, 74% used [0x00000006c0000000,0x00000006ef89c578,0x00000006ffa00000)
 Metaspace       used 18110K, capacity 18572K, committed 18688K, reserved 1064960K
  class space    used 2391K, capacity 2508K, committed 2560K, reserved 1048576K
}
Event: 25.112 GC heap before
{Heap before GC invocations=24 (full 6):
 PSYoungGen      total 464384K, used 448544K [0x000000076ab00000, 0x00000007a0080000, 0x00000007c0000000)
  eden space 170496K, 100% used [0x000000076ab00000,0x0000000775180000,0x0000000775180000)
  from space 293888K, 94% used [0x0000000789980000,0x000000079a908030,0x000000079b880000)
  to   space 335872K, 0% used [0x0000000775180000,0x0000000775180000,0x0000000789980000)
 ParOldGen       total 1042432K, used 778865K [0x00000006c0000000, 0x00000006ffa00000, 0x000000076ab00000)
  object space 1042432K, 74% used [0x00000006c0000000,0x00000006ef89c578,0x00000006ffa00000)
 Metaspace       used 18110K, capacity 18572K, committed 18688K, reserved 1064960K
  class space    used 2391K, capacity 2508K, committed 2560K, reserved 1048576K
Event: 25.672 GC heap after
Heap after GC invocations=24 (full 6):
 PSYoungGen      total 506368K, used 335840K [0x000000076ab00000, 0x00000007a7c00000, 0x00000007c0000000)
  eden space 170496K, 0% used [0x000000076ab00000,0x000000076ab00000,0x0000000775180000)
  from space 335872K, 99% used [0x0000000775180000,0x0000000789978030,0x0000000789980000)
  to   space 400384K, 0% used [0x000000078f500000,0x000000078f500000,0x00000007a7c00000)
 ParOldGen       total 1042432K, used 805769K [0x00000006c0000000, 0x00000006ffa00000, 0x000000076ab00000)
  object space 1042432K, 77% used [0x00000006c0000000,0x00000006f12e2578,0x00000006ffa00000)
 Metaspace       used 18110K, capacity 18572K, committed 18688K, reserved 1064960K
  class space    used 2391K, capacity 2508K, committed 2560K, reserved 1048576K
}
Event: 26.368 GC heap before
{Heap before GC invocations=25 (full 6):
 PSYoungGen      total 506368K, used 506336K [0x000000076ab00000, 0x00000007a7c00000, 0x00000007c0000000)
  eden space 170496K, 100% used [0x000000076ab00000,0x0000000775180000,0x0000000775180000)
  from space 335872K, 99% used [0x0000000775180000,0x0000000789978030,0x0000000789980000)
  to   space 400384K, 0% used [0x000000078f500000,0x000000078f500000,0x00000007a7c00000)
 ParOldGen       total 1042432K, used 805769K [0x00000006c0000000, 0x00000006ffa00000, 0x000000076ab00000)
  object space 1042432K, 77% used [0x00000006c0000000,0x00000006f12e2578,0x00000006ffa00000)
 Metaspace       used 18110K, capacity 18572K, committed 18688K, reserved 1064960K
  class space    used 2391K, capacity 2508K, committed 2560K, reserved 1048576K
Event: 26.916 GC heap after
Heap after GC invocations=25 (full 6):
 PSYoungGen      total 534528K, used 400352K [0x000000076ab00000, 0x00000007afc80000, 0x00000007c0000000)
  eden space 134144K, 0% used [0x000000076ab00000,0x000000076ab00000,0x0000000772e00000)
  from space 400384K, 99% used [0x000000078f500000,0x00000007a7bf8030,0x00000007a7c00000)
  to   space 465920K, 0% used [0x0000000772e00000,0x0000000772e00000,0x000000078f500000)
 ParOldGen       total 1042432K, used 826121K [0x00000006c0000000, 0x00000006ffa00000, 0x000000076ab00000)
  object space 1042432K, 79% used [0x00000006c0000000,0x00000006f26c2578,0x00000006ffa00000)
 Metaspace       used 18110K, capacity 18572K, committed 18688K, reserved 1064960K
  class space    used 2391K, capacity 2508K, committed 2560K, reserved 1048576K
}
Event: 27.304 GC heap before
{Heap before GC invocations=26 (full 6):
 PSYoungGen      total 534528K, used 534496K [0x000000076ab00000, 0x00000007afc80000, 0x00000007c0000000)
  eden space 134144K, 100% used [0x000000076ab00000,0x0000000772e00000,0x0000000772e00000)
  from space 400384K, 99% used [0x000000078f500000,0x00000007a7bf8030,0x00000007a7c00000)
  to   space 465920K, 0% used [0x0000000772e00000,0x0000000772e00000,0x000000078f500000)
 ParOldGen       total 1042432K, used 826121K [0x00000006c0000000, 0x00000006ffa00000, 0x000000076ab00000)
  object space 1042432K, 79% used [0x00000006c0000000,0x00000006f26c2578,0x00000006ffa00000)
 Metaspace       used 18110K, capacity 18572K, committed 18688K, reserved 1064960K
  class space    used 2391K, capacity 2508K, committed 2560K, reserved 1048576K
Event: 28.038 GC heap after
Heap after GC invocations=26 (full 6):
 PSYoungGen      total 600064K, used 402912K [0x000000076ab00000, 0x00000007ad500000, 0x00000007c0000000)
  eden space 134144K, 0% used [0x000000076ab00000,0x000000076ab00000,0x0000000772e00000)
  from space 465920K, 86% used [0x0000000772e00000,0x000000078b778030,0x000000078f500000)
  to   space 465920K, 0% used [0x0000000790e00000,0x0000000790e00000,0x00000007ad500000)
 ParOldGen       total 1042432K, used 890361K [0x00000006c0000000, 0x00000006ffa00000, 0x000000076ab00000)
  object space 1042432K, 85% used [0x00000006c0000000,0x00000006f657e578,0x00000006ffa00000)
 Metaspace       used 18110K, capacity 18572K, committed 18688K, reserved 1064960K
  class space    used 2391K, capacity 2508K, committed 2560K, reserved 1048576K
}
Event: 28.788 GC heap before
{Heap before GC invocations=27 (full 6):
 PSYoungGen      total 600064K, used 537056K [0x000000076ab00000, 0x00000007ad500000, 0x00000007c0000000)
  eden space 134144K, 100% used [0x000000076ab00000,0x0000000772e00000,0x0000000772e00000)
  from space 465920K, 86% used [0x0000000772e00000,0x000000078b778030,0x000000078f500000)
  to   space 465920K, 0% used [0x0000000790e00000,0x0000000790e00000,0x00000007ad500000)
 ParOldGen       total 1133056K, used 1070585K [0x00000006c0000000, 0x0000000705280000, 0x000000076ab00000)
  object space 1133056K, 94% used [0x00000006c0000000,0x000000070157e598,0x0000000705280000)
 Metaspace       used 18110K, capacity 18572K, committed 18688K, reserved 1064960K
  class space    used 2391K, capacity 2508K, committed 2560K, reserved 1048576K
Event: 29.542 GC heap after
Heap after GC invocations=27 (full 6):
 PSYoungGen      total 625664K, used 310464K [0x000000076ab00000, 0x00000007ad500000, 0x00000007c0000000)
  eden space 159744K, 0% used [0x000000076ab00000,0x000000076ab00000,0x0000000774700000)
  from space 465920K, 66% used [0x0000000790e00000,0x00000007a3d30010,0x00000007ad500000)
  to   space 465920K, 0% used [0x0000000774700000,0x0000000774700000,0x0000000790e00000)
 ParOldGen       total 1140224K, used 1139777K [0x00000006c0000000, 0x0000000705980000, 0x000000076ab00000)
  object space 1140224K, 99% used [0x00000006c0000000,0x0000000705910598,0x0000000705980000)
 Metaspace       used 18110K, capacity 18572K, committed 18688K, reserved 1064960K
  class space    used 2391K, capacity 2508K, committed 2560K, reserved 1048576K
}
Event: 29.542 GC heap before
{Heap before GC invocations=28 (full 7):
 PSYoungGen      total 625664K, used 310464K [0x000000076ab00000, 0x00000007ad500000, 0x00000007c0000000)
  eden space 159744K, 0% used [0x000000076ab00000,0x000000076ab00000,0x0000000774700000)
  from space 465920K, 66% used [0x0000000790e00000,0x00000007a3d30010,0x00000007ad500000)
  to   space 465920K, 0% used [0x0000000774700000,0x0000000774700000,0x0000000790e00000)
 ParOldGen       total 1140224K, used 1139777K [0x00000006c0000000, 0x0000000705980000, 0x000000076ab00000)
  object space 1140224K, 99% used [0x00000006c0000000,0x0000000705910598,0x0000000705980000)
 Metaspace       used 18110K, capacity 18572K, committed 18688K, reserved 1064960K
  class space    used 2391K, capacity 2508K, committed 2560K, reserved 1048576K

Deoptimization events (10 events):
Event: 13.500 Thread 0x00007fcde800c000 Uncommon trap: reason=bimorphic action=maybe_recompile pc=0x00007fcdd93a67f8 method=java.io.ObjectInputStream$PeekInputStream.peek()I @ 17
Event: 13.519 Thread 0x00007fcde800c000 Uncommon trap: reason=bimorphic action=maybe_recompile pc=0x00007fcdd940887c method=java.io.ObjectInputStream$PeekInputStream.peek()I @ 17
Event: 13.519 Thread 0x00007fcde800c000 Uncommon trap: reason=bimorphic action=maybe_recompile pc=0x00007fcdd93832f0 method=java.io.ObjectInputStream$PeekInputStream.peek()I @ 17
Event: 13.519 Thread 0x00007fcde800c000 Uncommon trap: reason=bimorphic action=maybe_recompile pc=0x00007fcdd937ef54 method=java.io.ObjectInputStream$PeekInputStream.read()I @ 23
Event: 13.579 Thread 0x00007fcde800c000 Uncommon trap: reason=bimorphic action=maybe_recompile pc=0x00007fcdd93a8e9c method=java.io.ObjectInputStream$PeekInputStream.read()I @ 23
Event: 13.579 Thread 0x00007fcde800c000 Uncommon trap: reason=bimorphic action=maybe_recompile pc=0x00007fcdd939ff40 method=java.io.ObjectInputStream$PeekInputStream.read()I @ 23
Event: 13.976 Thread 0x00007fcde800c000 Uncommon trap: reason=unstable_if action=reinterpret pc=0x00007fcdd942eba0 method=java.io.ObjectInputStream.readArray(Z)Ljava/lang/Object; @ 216
Event: 13.978 Thread 0x00007fcde800c000 Uncommon trap: reason=class_check action=maybe_recompile pc=0x00007fcdd93c4c94 method=java.util.zip.InflaterInputStream.fill()V @ 19
Event: 13.982 Thread 0x00007fcde800c000 Uncommon trap: reason=class_check action=maybe_recompile pc=0x00007fcdd93c4c94 method=java.util.zip.InflaterInputStream.fill()V @ 19
Event: 13.985 Thread 0x00007fcde800c000 Uncommon trap: reason=class_check action=maybe_recompile pc=0x00007fcdd93c4c94 method=java.util.zip.InflaterInputStream.fill()V @ 19

Internal exceptions (10 events):
Event: 12.282 Thread 0x00007fcde800c000 Exception <a 'java/lang/ArrayIndexOutOfBoundsException': 57> (0x000000076d6e0d40) thrown at [/build/openjdk-8-pZyJp3/openjdk-8-8u131-b11/src/hotspot/src/share/vm/interpreter/interpreterRuntime.cpp, line 366]
Event: 12.282 Thread 0x00007fcde800c000 Exception <a 'java/lang/ArrayIndexOutOfBoundsException': 55> (0x000000076d6e1c00) thrown at [/build/openjdk-8-pZyJp3/openjdk-8-8u131-b11/src/hotspot/src/share/vm/interpreter/interpreterRuntime.cpp, line 366]
Event: 12.282 Thread 0x00007fcde800c000 Exception <a 'java/lang/ArrayIndexOutOfBoundsException': 65> (0x000000076d6e2c00) thrown at [/build/openjdk-8-pZyJp3/openjdk-8-8u131-b11/src/hotspot/src/share/vm/interpreter/interpreterRuntime.cpp, line 366]
Event: 12.282 Thread 0x00007fcde800c000 Exception <a 'java/lang/ArrayIndexOutOfBoundsException': 68> (0x000000076d6e3c20) thrown at [/build/openjdk-8-pZyJp3/openjdk-8-8u131-b11/src/hotspot/src/share/vm/interpreter/interpreterRuntime.cpp, line 366]
Event: 12.282 Thread 0x00007fcde800c000 Exception <a 'java/lang/ArrayIndexOutOfBoundsException': 53> (0x000000076d6e4ae8) thrown at [/build/openjdk-8-pZyJp3/openjdk-8-8u131-b11/src/hotspot/src/share/vm/interpreter/interpreterRuntime.cpp, line 366]
Event: 12.282 Thread 0x00007fcde800c000 Exception <a 'java/lang/ArrayIndexOutOfBoundsException': 54> (0x000000076d6e5998) thrown at [/build/openjdk-8-pZyJp3/openjdk-8-8u131-b11/src/hotspot/src/share/vm/interpreter/interpreterRuntime.cpp, line 366]
Event: 12.282 Thread 0x00007fcde800c000 Exception <a 'java/lang/ArrayIndexOutOfBoundsException': 65> (0x000000076d6e6998) thrown at [/build/openjdk-8-pZyJp3/openjdk-8-8u131-b11/src/hotspot/src/share/vm/interpreter/interpreterRuntime.cpp, line 366]
Event: 12.282 Thread 0x00007fcde800c000 Exception <a 'java/lang/ArrayIndexOutOfBoundsException': 63> (0x000000076d6e79a0) thrown at [/build/openjdk-8-pZyJp3/openjdk-8-8u131-b11/src/hotspot/src/share/vm/interpreter/interpreterRuntime.cpp, line 366]
Event: 12.797 Thread 0x00007fcde800c000 Implicit null exception at 0x00007fcdd92a10d5 to 0x00007fcdd92a1219
Event: 13.426 Thread 0x00007fcde800c000 Implicit null exception at 0x00007fcdd9219475 to 0x00007fcdd9219831

Events (10 events):
Event: 24.073 Executing VM operation: ParallelGCFailedAllocation done
Event: 24.416 Executing VM operation: ParallelGCFailedAllocation
Event: 24.702 Executing VM operation: ParallelGCFailedAllocation done
Event: 25.112 Executing VM operation: ParallelGCFailedAllocation
Event: 25.672 Executing VM operation: ParallelGCFailedAllocation done
Event: 26.368 Executing VM operation: ParallelGCFailedAllocation
Event: 26.916 Executing VM operation: ParallelGCFailedAllocation done
Event: 27.304 Executing VM operation: ParallelGCFailedAllocation
Event: 28.038 Executing VM operation: ParallelGCFailedAllocation done
Event: 28.788 Executing VM operation: ParallelGCFailedAllocation


Dynamic libraries:
00400000-00401000 r-xp 00000000 08:05 2763008                            /usr/lib/jvm/java-8-openjdk-amd64/jre/bin/java
00600000-00601000 r--p 00000000 08:05 2763008                            /usr/lib/jvm/java-8-openjdk-amd64/jre/bin/java
00601000-00602000 rw-p 00001000 08:05 2763008                            /usr/lib/jvm/java-8-openjdk-amd64/jre/bin/java
00cad000-00cce000 rw-p 00000000 00:00 0                                  [heap]
6c0000000-705980000 rw-p 00000000 00:00 0 
719300000-76ab00000 ---p 00000000 00:00 0 
76ab00000-7ad500000 rw-p 00000000 00:00 0 
7ad500000-7c0000000 ---p 00000000 00:00 0 
7c0000000-7c0280000 rw-p 00000000 00:00 0 
7c0280000-800000000 ---p 00000000 00:00 0 
7fcd98000000-7fcd98021000 rw-p 00000000 00:00 0 
7fcd98021000-7fcd9c000000 ---p 00000000 00:00 0 
7fcd9c000000-7fcd9c021000 rw-p 00000000 00:00 0 
7fcd9c021000-7fcda0000000 ---p 00000000 00:00 0 
7fcda0000000-7fcda051f000 rw-p 00000000 00:00 0 
7fcda051f000-7fcda4000000 ---p 00000000 00:00 0 
7fcda4000000-7fcda46c3000 rw-p 00000000 00:00 0 
7fcda46c3000-7fcda8000000 ---p 00000000 00:00 0 
7fcda8000000-7fcda8021000 rw-p 00000000 00:00 0 
7fcda8021000-7fcdac000000 ---p 00000000 00:00 0 
7fcdac000000-7fcdac486000 rw-p 00000000 00:00 0 
7fcdac486000-7fcdb0000000 ---p 00000000 00:00 0 
7fcdb0000000-7fcdb0021000 rw-p 00000000 00:00 0 
7fcdb0021000-7fcdb4000000 ---p 00000000 00:00 0 
7fcdb4000000-7fcdb4021000 rw-p 00000000 00:00 0 
7fcdb4021000-7fcdb8000000 ---p 00000000 00:00 0 
7fcdb8000000-7fcdb8555000 rw-p 00000000 00:00 0 
7fcdb8555000-7fcdbc000000 ---p 00000000 00:00 0 
7fcdbc000000-7fcdbc029000 rw-p 00000000 00:00 0 
7fcdbc029000-7fcdc0000000 ---p 00000000 00:00 0 
7fcdc0000000-7fcdc0e3c000 rw-p 00000000 00:00 0 
7fcdc0e3c000-7fcdc4000000 ---p 00000000 00:00 0 
7fcdc4000000-7fcdc4e4d000 rw-p 00000000 00:00 0 
7fcdc4e4d000-7fcdc8000000 ---p 00000000 00:00 0 
7fcdc8000000-7fcdc8bc2000 rw-p 00000000 00:00 0 
7fcdc8bc2000-7fcdcc000000 ---p 00000000 00:00 0 
7fcdccfc2000-7fcdcd182000 rw-p 00000000 00:00 0 
7fcdcd182000-7fcdcd1c2000 ---p 00000000 00:00 0 
7fcdcd1c2000-7fcdcd3c2000 rw-p 00000000 00:00 0 
7fcdcd3c2000-7fcdcd3d5000 r--s 00346000 08:05 2495509                    /usr/lib/jvm/java-8-openjdk-amd64/jre/lib/resources.jar
7fcdcd3d5000-7fcdcd5d5000 rw-p 00000000 00:00 0 
7fcdcd5d5000-7fcdcd5d8000 r--s 00018000 08:05 12603141                   /root/.ivy2/cache/org.eclipse.jetty/jetty-io/jars/jetty-io-9.2.10.v20150310.jar
7fcdcd5d8000-7fcdcd5de000 r--s 00051000 08:05 12603143                   /root/.ivy2/cache/org.eclipse.jetty/jetty-util/jars/jetty-util-9.2.10.v20150310.jar
7fcdcd5de000-7fcdcd5e0000 r--s 00018000 08:05 12603139                   /root/.ivy2/cache/org.eclipse.jetty/jetty-http/jars/jetty-http-9.2.10.v20150310.jar
7fcdcd5e0000-7fcdcd5e6000 r--s 00061000 08:05 12603137                   /root/.ivy2/cache/org.eclipse.jetty/jetty-server/jars/jetty-server-9.2.10.v20150310.jar
7fcdcd5e6000-7fcdcd5e9000 r--s 00015000 08:05 12603135                   /root/.ivy2/cache/org.eclipse.jetty/jetty-security/jars/jetty-security-9.2.10.v20150310.jar
7fcdcd5e9000-7fcdcd5ec000 r--s 0001a000 08:05 12603127                   /root/.ivy2/cache/org.eclipse.jetty/jetty-servlet/jars/jetty-servlet-9.2.10.v20150310.jar
7fcdcd5ec000-7fcdcd5ef000 r--s 00015000 08:05 12603133                   /root/.ivy2/cache/javax.servlet/javax.servlet-api/jars/javax.servlet-api-3.1.0.jar
7fcdcd5ef000-7fcdcd5f0000 r--s 00004000 08:05 12603125                   /root/.ivy2/cache/io.dropwizard.metrics/metrics-jetty9/bundles/metrics-jetty9-3.1.1.jar
7fcdcd5f0000-7fcdcd5f4000 r--s 00018000 08:05 12603131                   /root/.ivy2/cache/io.dropwizard.metrics/metrics-core/bundles/metrics-core-3.1.1.jar
7fcdcd5f4000-7fcdcd5f9000 r--s 0002b000 08:05 12603129                   /root/.ivy2/cache/org.http4s/http4s-server_2.10/jars/http4s-server_2.10-0.7.0.jar
7fcdcd5f9000-7fcdcd5fc000 r--s 00015000 08:05 12603123                   /root/.ivy2/cache/org.http4s/http4s-servlet_2.10/jars/http4s-servlet_2.10-0.7.0.jar
7fcdcd5fc000-7fcdcd5fe000 r--s 00007000 08:05 12465071                   /root/.ivy2/cache/org.http4s/http4s-jetty_2.10/jars/http4s-jetty_2.10-0.7.0.jar
7fcdcd5fe000-7fcdcd603000 r--s 0004b000 08:05 12603111                   /root/.ivy2/cache/org.scodec/scodec-bits_2.10/bundles/scodec-bits_2.10-1.0.6.jar
7fcdcd603000-7fcdcd60e000 r--s 0005e000 08:05 12603121                   /root/.ivy2/cache/org.scalaz/scalaz-effect_2.10/bundles/scalaz-effect_2.10-7.1.0.jar
7fcdcd60e000-7fcdcd617000 r--s 0004d000 08:05 12603119                   /root/.ivy2/cache/org.scalaz/scalaz-concurrent_2.10/bundles/scalaz-concurrent_2.10-7.1.0.jar
7fcdcd617000-7fcdcd6d5000 r--s 00839000 08:05 12603117                   /root/.ivy2/cache/org.scalaz/scalaz-core_2.10/bundles/scalaz-core_2.10-7.1.0.jar
7fcdcd6d5000-7fcdcd6f5000 r--s 00142000 08:05 12603109                   /root/.ivy2/cache/org.scalaz.stream/scalaz-stream_2.10/bundles/scalaz-stream_2.10-0.7a.jar
7fcdcd6f5000-7fcdcd72b000 r--s 002d9000 08:05 10891454                   /root/.sbt/boot/scala-2.10.4/lib/scala-reflect.jar
7fcdcd72b000-7fcdcd737000 r--s 000a4000 08:05 10891361                   /root/.ivy2/cache/org.scalamacros/quasiquotes_2.10/jars/quasiquotes_2.10-2.0.1.jar
7fcdcd737000-7fcdcd770000 r--s 0024b000 08:05 12603115                   /root/.ivy2/cache/com.chuusai/shapeless_2.10.4/bundles/shapeless_2.10.4-2.1.0.jar
7fcdcd770000-7fcdcd77a000 r--s 000b2000 08:05 12603107                   /root/.ivy2/cache/org.parboiled/parboiled_2.10/jars/parboiled_2.10-2.1.0.jar
7fcdcd77a000-7fcdcd77c000 r--s 00006000 08:05 12603113                   /root/.ivy2/cache/org.slf4j/slf4j-api/jars/slf4j-api-1.7.7.jar
7fcdcd77c000-7fcdcd77e000 r--s 00011000 08:05 12603105                   /root/.ivy2/cache/org.log4s/log4s_2.10/jars/log4s_2.10-1.1.3.jar
7fcdcd77e000-7fcdcd780000 r--s 0000c000 08:05 12465115                   /root/.ivy2/cache/org.http4s/http4s-websocket_2.10/jars/http4s-websocket_2.10-0.1.1.jar
7fcdcd780000-7fcdcd782000 r--s 00003000 08:05 12465113                   /root/.ivy2/cache/net.iharder/base64/jars/base64-2.3.8.jar
7fcdcd782000-7fcdcd79b000 r--s 0015f000 08:05 12465111                   /root/.ivy2/cache/org.http4s/http4s-core_2.10/jars/http4s-core_2.10-0.7.0.jar
7fcdcd79b000-7fcdcd99b000 rw-p 00000000 00:00 0 
7fcdcd99b000-7fcdcda0d000 r--s 0065b000 08:05 10761245                   /root/.ivy2/cache/org.scala-lang/scala-library/jars/scala-library-2.10.5.jar
7fcdcda0d000-7fcdcda12000 r--s 00031000 08:05 12465069                   /root/.ivy2/cache/org.http4s/http4s-dsl_2.10/jars/http4s-dsl_2.10-0.7.0.jar
7fcdcda12000-7fcdcda17000 r--s 00045000 08:05 12465099                   /root/.ivy2/cache/com.googlecode.efficient-java-matrix-library/ejml/jars/ejml-0.23.jar
7fcdcda17000-7fcdcda1b000 r--s 00015000 08:05 12465109                   /root/.ivy2/cache/javax.xml.bind/jaxb-api/jars/jaxb-api-2.2.7.jar
7fcdcda1b000-7fcdcda20000 r--s 0002d000 08:05 12465097                   /root/.ivy2/cache/de.jollyday/jollyday/jars/jollyday-0.4.7.jar
7fcdcda20000-7fcdcda3e000 r--s 0027d000 08:05 12465107                   /root/.ivy2/cache/xalan/xalan/jars/xalan-2.7.0.jar
7fcdcda3e000-7fcdcda55000 r--s 00110000 08:05 12465105                   /root/.ivy2/cache/xerces/xercesImpl/jars/xercesImpl-2.8.0.jar
7fcdcda55000-7fcdcda5d000 r--s 00028000 08:05 12465103                   /root/.ivy2/cache/xml-apis/xml-apis/jars/xml-apis-1.3.03.jar
7fcdcda5d000-7fcdcda64000 r--s 00046000 08:05 12465095                   /root/.ivy2/cache/com.io7m.xom/xom/jars/xom-1.2.10.jar
7fcdcda64000-7fcdcdaa7000 r--s 00577000 08:05 12465067                   /root/.ivy2/cache/edu.stanford.nlp/stanford-corenlp/jars/stanford-corenlp-3.5.1.jar
7fcdcdaa7000-7fcdcdaaa000 r--s 11dbb000 08:05 12465066                   /root/.ivy2/cache/edu.stanford.nlp/stanford-corenlp/jars/stanford-corenlp-3.5.1-models.jar
7fcdcdaaa000-7fcdcdaae000 r--s 0001b000 08:05 12465064                   /root/.ivy2/cache/com.github.scopt/scopt_2.10/jars/scopt_2.10-3.2.0.jar
7fcdcdaae000-7fcdcdabf000 r--s 000c3000 08:05 12465089                   /root/.ivy2/cache/com.fasterxml.jackson.core/jackson-databind/jars/jackson-databind-2.2.2.jar
7fcdcdabf000-7fcdcdac2000 r--s 0002c000 08:05 12465087                   /root/.ivy2/cache/com.fasterxml.jackson.core/jackson-core/jars/jackson-core-2.2.2.jar
7fcdcdac2000-7fcdcdac5000 r--s 00006000 08:05 12465085                   /root/.ivy2/cache/com.fasterxml.jackson.core/jackson-annotations/jars/jackson-annotations-2.2.2.jar
7fcdcdac5000-7fcdcdad5000 r--s 0007d000 08:05 12465081                   /root/.ivy2/cache/joda-time/joda-time/jars/joda-time-2.2.jar
7fcdcdad5000-7fcdcdadd000 r--s 00052000 08:05 12465077                   /root/.ivy2/cache/com.typesafe.play/play-functional_2.10/jars/play-functional_2.10-2.2.1.jar
7fcdcdadd000-7fcdcdae1000 r--s 0002a000 08:05 12465093                   /root/.ivy2/cache/com.typesafe/config/bundles/config-1.0.2.jar
7fcdcdae1000-7fcdcdaea000 r--s 00096000 08:05 12465091                   /root/.ivy2/cache/org.scala-stm/scala-stm_2.10/jars/scala-stm_2.10-0.7.jar
7fcdcdaea000-7fcdcdafb000 r--s 0009e000 08:05 12465075                   /root/.ivy2/cache/com.typesafe.play/play-iteratees_2.10/jars/play-iteratees_2.10-2.2.1.jar
7fcdcdafb000-7fcdcdb07000 r--s 0008e000 08:05 12465062                   /root/.ivy2/cache/com.typesafe.play/play-json_2.10/jars/play-json_2.10-2.2.1.jar
7fcdcdb07000-7fcdcdb0f000 r--s 00051000 08:05 12465073                   /root/.ivy2/cache/ch.qos.logback/logback-core/jars/logback-core-1.0.7.jar
7fcdcdb0f000-7fcdcdb2a000 r--s 00394000 08:05 2627412                    /usr/lib/jvm/java-8-openjdk-amd64/jre/lib/ext/cldrdata.jar
7fcdcdb2a000-7fcdcdb45000 r--s 001d6000 08:05 2627413                    /usr/lib/jvm/java-8-openjdk-amd64/jre/lib/ext/nashorn.jar
7fcdcdb45000-7fcdcdb46000 ---p 00000000 00:00 0 
7fcdcdb46000-7fcdcdc46000 rw-p 00000000 00:00 0 
7fcdcdc46000-7fcdcdc49000 ---p 00000000 00:00 0 
7fcdcdc49000-7fcdcdd47000 rw-p 00000000 00:00 0 
7fcdcdd47000-7fcdcdd4a000 ---p 00000000 00:00 0 
7fcdcdd4a000-7fcdcde48000 rw-p 00000000 00:00 0 
7fcdcde48000-7fcdcde4b000 ---p 00000000 00:00 0 
7fcdcde4b000-7fcdcdf49000 rw-p 00000000 00:00 0 
7fcdcdf49000-7fcdcdf4c000 ---p 00000000 00:00 0 
7fcdcdf4c000-7fcdce04a000 rw-p 00000000 00:00 0 
7fcdce04a000-7fcdce04d000 ---p 00000000 00:00 0 
7fcdce04d000-7fcdce14b000 rw-p 00000000 00:00 0 
7fcdce14b000-7fcdce423000 r--p 00000000 08:05 10637776                   /usr/lib/locale/locale-archive
7fcdce423000-7fcdce426000 ---p 00000000 00:00 0 
7fcdce426000-7fcdce524000 rw-p 00000000 00:00 0 
7fcdce524000-7fcdce527000 ---p 00000000 00:00 0 
7fcdce527000-7fcdce625000 rw-p 00000000 00:00 0 
7fcdce625000-7fcdce626000 ---p 00000000 00:00 0 
7fcdce626000-7fcdcf6da000 rw-p 00000000 00:00 0 
7fcdcf6da000-7fcdcf8a8000 r--s 03c13000 08:05 2495471                    /usr/lib/jvm/java-8-openjdk-amd64/jre/lib/rt.jar
7fcdcf8a8000-7fcdd88a8000 rw-p 00000000 00:00 0 
7fcdd88a8000-7fcdd88a9000 ---p 00000000 00:00 0 
7fcdd88a9000-7fcdd89a9000 rw-p 00000000 00:00 0 
7fcdd89a9000-7fcdd89aa000 ---p 00000000 00:00 0 
7fcdd89aa000-7fcdd8cd7000 rw-p 00000000 00:00 0 
7fcdd8cd7000-7fcdd9000000 ---p 00000000 00:00 0 
7fcdd9000000-7fcdd96b0000 rwxp 00000000 00:00 0 
7fcdd96b0000-7fcde8000000 ---p 00000000 00:00 0 
7fcde8000000-7fcde88d8000 rw-p 00000000 00:00 0 
7fcde88d8000-7fcdec000000 ---p 00000000 00:00 0 
7fcdec000000-7fcdec001000 r--s 00004000 08:05 12465101                   /root/.ivy2/cache/javax.json/javax.json-api/bundles/javax.json-api-1.0.jar
7fcdec001000-7fcdec003000 r--s 00008000 08:05 12465083                   /root/.ivy2/cache/org.joda/joda-convert/jars/joda-convert-1.3.1.jar
7fcdec003000-7fcdec00d000 r--s 00116000 08:05 2627414                    /usr/lib/jvm/java-8-openjdk-amd64/jre/lib/ext/localedata.jar
7fcdec00d000-7fcdec0d1000 rw-p 00000000 00:00 0 
7fcdec0d1000-7fcdec0d2000 ---p 00000000 00:00 0 
7fcdec0d2000-7fcdec1d2000 rw-p 00000000 00:00 0 
7fcdec1d2000-7fcdec1d3000 ---p 00000000 00:00 0 
7fcdec1d3000-7fcdec500000 rw-p 00000000 00:00 0 
7fcdec500000-7fcdec828000 ---p 00000000 00:00 0 
7fcdec828000-7fcdeca3e000 rw-p 00000000 00:00 0 
7fcdeca3e000-7fcdecad3000 ---p 00000000 00:00 0 
7fcdecad3000-7fcdecaef000 rw-p 00000000 00:00 0 
7fcdecaef000-7fcdece94000 ---p 00000000 00:00 0 
7fcdece94000-7fcdece9c000 r-xp 00000000 08:05 2627437                    /usr/lib/jvm/java-8-openjdk-amd64/jre/lib/amd64/libzip.so
7fcdece9c000-7fcded09b000 ---p 00008000 08:05 2627437                    /usr/lib/jvm/java-8-openjdk-amd64/jre/lib/amd64/libzip.so
7fcded09b000-7fcded09c000 r--p 00007000 08:05 2627437                    /usr/lib/jvm/java-8-openjdk-amd64/jre/lib/amd64/libzip.so
7fcded09c000-7fcded09d000 rw-p 00008000 08:05 2627437                    /usr/lib/jvm/java-8-openjdk-amd64/jre/lib/amd64/libzip.so
7fcded09d000-7fcded0a8000 r-xp 00000000 08:05 5767223                    /lib/x86_64-linux-gnu/libnss_files-2.23.so
7fcded0a8000-7fcded2a7000 ---p 0000b000 08:05 5767223                    /lib/x86_64-linux-gnu/libnss_files-2.23.so
7fcded2a7000-7fcded2a8000 r--p 0000a000 08:05 5767223                    /lib/x86_64-linux-gnu/libnss_files-2.23.so
7fcded2a8000-7fcded2a9000 rw-p 0000b000 08:05 5767223                    /lib/x86_64-linux-gnu/libnss_files-2.23.so
7fcded2a9000-7fcded2af000 rw-p 00000000 00:00 0 
7fcded2af000-7fcded2ba000 r-xp 00000000 08:05 5767227                    /lib/x86_64-linux-gnu/libnss_nis-2.23.so
7fcded2ba000-7fcded4b9000 ---p 0000b000 08:05 5767227                    /lib/x86_64-linux-gnu/libnss_nis-2.23.so
7fcded4b9000-7fcded4ba000 r--p 0000a000 08:05 5767227                    /lib/x86_64-linux-gnu/libnss_nis-2.23.so
7fcded4ba000-7fcded4bb000 rw-p 0000b000 08:05 5767227                    /lib/x86_64-linux-gnu/libnss_nis-2.23.so
7fcded4bb000-7fcded4d1000 r-xp 00000000 08:05 5767204                    /lib/x86_64-linux-gnu/libnsl-2.23.so
7fcded4d1000-7fcded6d0000 ---p 00016000 08:05 5767204                    /lib/x86_64-linux-gnu/libnsl-2.23.so
7fcded6d0000-7fcded6d1000 r--p 00015000 08:05 5767204                    /lib/x86_64-linux-gnu/libnsl-2.23.so
7fcded6d1000-7fcded6d2000 rw-p 00016000 08:05 5767204                    /lib/x86_64-linux-gnu/libnsl-2.23.so
7fcded6d2000-7fcded6d4000 rw-p 00000000 00:00 0 
7fcded6d4000-7fcded6dc000 r-xp 00000000 08:05 5767233                    /lib/x86_64-linux-gnu/libnss_compat-2.23.so
7fcded6dc000-7fcded8db000 ---p 00008000 08:05 5767233                    /lib/x86_64-linux-gnu/libnss_compat-2.23.so
7fcded8db000-7fcded8dc000 r--p 00007000 08:05 5767233                    /lib/x86_64-linux-gnu/libnss_compat-2.23.so
7fcded8dc000-7fcded8dd000 rw-p 00008000 08:05 5767233                    /lib/x86_64-linux-gnu/libnss_compat-2.23.so
7fcded8dd000-7fcded90a000 r-xp 00000000 08:05 2627452                    /usr/lib/jvm/java-8-openjdk-amd64/jre/lib/amd64/libjava.so
7fcded90a000-7fcdedb09000 ---p 0002d000 08:05 2627452                    /usr/lib/jvm/java-8-openjdk-amd64/jre/lib/amd64/libjava.so
7fcdedb09000-7fcdedb0a000 r--p 0002c000 08:05 2627452                    /usr/lib/jvm/java-8-openjdk-amd64/jre/lib/amd64/libjava.so
7fcdedb0a000-7fcdedb0c000 rw-p 0002d000 08:05 2627452                    /usr/lib/jvm/java-8-openjdk-amd64/jre/lib/amd64/libjava.so
7fcdedb0c000-7fcdedb1b000 r-xp 00000000 08:05 2627431                    /usr/lib/jvm/java-8-openjdk-amd64/jre/lib/amd64/libverify.so
7fcdedb1b000-7fcdedd1a000 ---p 0000f000 08:05 2627431                    /usr/lib/jvm/java-8-openjdk-amd64/jre/lib/amd64/libverify.so
7fcdedd1a000-7fcdedd1c000 r--p 0000e000 08:05 2627431                    /usr/lib/jvm/java-8-openjdk-amd64/jre/lib/amd64/libverify.so
7fcdedd1c000-7fcdedd1d000 rw-p 00010000 08:05 2627431                    /usr/lib/jvm/java-8-openjdk-amd64/jre/lib/amd64/libverify.so
7fcdedd1d000-7fcdedd24000 r-xp 00000000 08:05 5767229                    /lib/x86_64-linux-gnu/librt-2.23.so
7fcdedd24000-7fcdedf23000 ---p 00007000 08:05 5767229                    /lib/x86_64-linux-gnu/librt-2.23.so
7fcdedf23000-7fcdedf24000 r--p 00006000 08:05 5767229                    /lib/x86_64-linux-gnu/librt-2.23.so
7fcdedf24000-7fcdedf25000 rw-p 00007000 08:05 5767229                    /lib/x86_64-linux-gnu/librt-2.23.so
7fcdedf25000-7fcdedf3b000 r-xp 00000000 08:05 5771737                    /lib/x86_64-linux-gnu/libgcc_s.so.1
7fcdedf3b000-7fcdee13a000 ---p 00016000 08:05 5771737                    /lib/x86_64-linux-gnu/libgcc_s.so.1
7fcdee13a000-7fcdee13b000 rw-p 00015000 08:05 5771737                    /lib/x86_64-linux-gnu/libgcc_s.so.1
7fcdee13b000-7fcdee243000 r-xp 00000000 08:05 5767238                    /lib/x86_64-linux-gnu/libm-2.23.so
7fcdee243000-7fcdee442000 ---p 00108000 08:05 5767238                    /lib/x86_64-linux-gnu/libm-2.23.so
7fcdee442000-7fcdee443000 r--p 00107000 08:05 5767238                    /lib/x86_64-linux-gnu/libm-2.23.so
7fcdee443000-7fcdee444000 rw-p 00108000 08:05 5767238                    /lib/x86_64-linux-gnu/libm-2.23.so
7fcdee444000-7fcdee5b6000 r-xp 00000000 08:05 10619009                   /usr/lib/x86_64-linux-gnu/libstdc++.so.6.0.21
7fcdee5b6000-7fcdee7b6000 ---p 00172000 08:05 10619009                   /usr/lib/x86_64-linux-gnu/libstdc++.so.6.0.21
7fcdee7b6000-7fcdee7c0000 r--p 00172000 08:05 10619009                   /usr/lib/x86_64-linux-gnu/libstdc++.so.6.0.21
7fcdee7c0000-7fcdee7c2000 rw-p 0017c000 08:05 10619009                   /usr/lib/x86_64-linux-gnu/libstdc++.so.6.0.21
7fcdee7c2000-7fcdee7c6000 rw-p 00000000 00:00 0 
7fcdee7c6000-7fcdef41a000 r-xp 00000000 08:05 2627436                    /usr/lib/jvm/java-8-openjdk-amd64/jre/lib/amd64/server/libjvm.so
7fcdef41a000-7fcdef61a000 ---p 00c54000 08:05 2627436                    /usr/lib/jvm/java-8-openjdk-amd64/jre/lib/amd64/server/libjvm.so
7fcdef61a000-7fcdef6ad000 r--p 00c54000 08:05 2627436                    /usr/lib/jvm/java-8-openjdk-amd64/jre/lib/amd64/server/libjvm.so
7fcdef6ad000-7fcdef6d6000 rw-p 00ce7000 08:05 2627436                    /usr/lib/jvm/java-8-openjdk-amd64/jre/lib/amd64/server/libjvm.so
7fcdef6d6000-7fcdef706000 rw-p 00000000 00:00 0 
7fcdef706000-7fcdef71e000 r-xp 00000000 08:05 5767226                    /lib/x86_64-linux-gnu/libpthread-2.23.so
7fcdef71e000-7fcdef91d000 ---p 00018000 08:05 5767226                    /lib/x86_64-linux-gnu/libpthread-2.23.so
7fcdef91d000-7fcdef91e000 r--p 00017000 08:05 5767226                    /lib/x86_64-linux-gnu/libpthread-2.23.so
7fcdef91e000-7fcdef91f000 rw-p 00018000 08:05 5767226                    /lib/x86_64-linux-gnu/libpthread-2.23.so
7fcdef91f000-7fcdef923000 rw-p 00000000 00:00 0 
7fcdef923000-7fcdef926000 r-xp 00000000 08:05 5767232                    /lib/x86_64-linux-gnu/libdl-2.23.so
7fcdef926000-7fcdefb25000 ---p 00003000 08:05 5767232                    /lib/x86_64-linux-gnu/libdl-2.23.so
7fcdefb25000-7fcdefb26000 r--p 00002000 08:05 5767232                    /lib/x86_64-linux-gnu/libdl-2.23.so
7fcdefb26000-7fcdefb27000 rw-p 00003000 08:05 5767232                    /lib/x86_64-linux-gnu/libdl-2.23.so
7fcdefb27000-7fcdefb40000 r-xp 00000000 08:05 5774672                    /lib/x86_64-linux-gnu/libz.so.1.2.8
7fcdefb40000-7fcdefd3f000 ---p 00019000 08:05 5774672                    /lib/x86_64-linux-gnu/libz.so.1.2.8
7fcdefd3f000-7fcdefd40000 r--p 00018000 08:05 5774672                    /lib/x86_64-linux-gnu/libz.so.1.2.8
7fcdefd40000-7fcdefd41000 rw-p 00019000 08:05 5774672                    /lib/x86_64-linux-gnu/libz.so.1.2.8
7fcdefd41000-7fcdeff01000 r-xp 00000000 08:05 5767999                    /lib/x86_64-linux-gnu/libc-2.23.so
7fcdeff01000-7fcdf0101000 ---p 001c0000 08:05 5767999                    /lib/x86_64-linux-gnu/libc-2.23.so
7fcdf0101000-7fcdf0105000 r--p 001c0000 08:05 5767999                    /lib/x86_64-linux-gnu/libc-2.23.so
7fcdf0105000-7fcdf0107000 rw-p 001c4000 08:05 5767999                    /lib/x86_64-linux-gnu/libc-2.23.so
7fcdf0107000-7fcdf010b000 rw-p 00000000 00:00 0 
7fcdf010b000-7fcdf0118000 r-xp 00000000 08:05 2627429                    /usr/lib/jvm/java-8-openjdk-amd64/jre/lib/amd64/jli/libjli.so
7fcdf0118000-7fcdf0318000 ---p 0000d000 08:05 2627429                    /usr/lib/jvm/java-8-openjdk-amd64/jre/lib/amd64/jli/libjli.so
7fcdf0318000-7fcdf0319000 r--p 0000d000 08:05 2627429                    /usr/lib/jvm/java-8-openjdk-amd64/jre/lib/amd64/jli/libjli.so
7fcdf0319000-7fcdf031a000 rw-p 0000e000 08:05 2627429                    /usr/lib/jvm/java-8-openjdk-amd64/jre/lib/amd64/jli/libjli.so
7fcdf031a000-7fcdf0340000 r-xp 00000000 08:05 5767205                    /lib/x86_64-linux-gnu/ld-2.23.so
7fcdf0340000-7fcdf0341000 r--s 00001000 08:05 12465079                   /root/.ivy2/cache/com.typesafe.play/play-datacommons_2.10/jars/play-datacommons_2.10-2.2.1.jar
7fcdf0341000-7fcdf0347000 r--s 00038000 08:05 12465060                   /root/.ivy2/cache/ch.qos.logback/logback-classic/jars/logback-classic-1.0.7.jar
7fcdf0347000-7fcdf041a000 rw-p 00000000 00:00 0 
7fcdf041a000-7fcdf041d000 ---p 00000000 00:00 0 
7fcdf041d000-7fcdf0520000 rw-p 00000000 00:00 0 
7fcdf0520000-7fcdf0521000 r--s 24ee7000 08:05 11676421                   /root/deepdive-0.8-STABLE/examples/spouse/udf/bazaar/parser/lib/stanford-srparser-2014-10-23-models.jar
7fcdf0521000-7fcdf0523000 r--s 00001000 08:05 2627420                    /usr/lib/jvm/java-8-openjdk-amd64/jre/lib/ext/dnsns.jar
7fcdf0523000-7fcdf0528000 r--s 0003b000 08:05 2627422                    /usr/lib/jvm/java-8-openjdk-amd64/jre/lib/ext/sunjce_provider.jar
7fcdf0528000-7fcdf0529000 r--s 00010000 08:05 2627425                    /usr/lib/jvm/java-8-openjdk-amd64/jre/lib/ext/zipfs.jar
7fcdf0529000-7fcdf052a000 r--s 0000a000 08:05 2627421                    /usr/lib/jvm/java-8-openjdk-amd64/jre/lib/ext/jaccess.jar
7fcdf052a000-7fcdf052d000 r--s 0000f000 08:05 2627423                    /usr/lib/jvm/java-8-openjdk-amd64/jre/lib/ext/icedtea-sound.jar
7fcdf052d000-7fcdf052f000 r--s 00008000 08:05 2627424                    /usr/lib/jvm/java-8-openjdk-amd64/jre/lib/ext/sunec.jar
7fcdf052f000-7fcdf0533000 r--s 00037000 08:05 2627415                    /usr/lib/jvm/java-8-openjdk-amd64/jre/lib/ext/sunpkcs11.jar
7fcdf0533000-7fcdf053b000 rw-s 00000000 08:05 9961556                    /tmp/hsperfdata_root/8781
7fcdf053b000-7fcdf053c000 rw-p 00000000 00:00 0 
7fcdf053c000-7fcdf053d000 ---p 00000000 00:00 0 
7fcdf053d000-7fcdf053f000 rw-p 00000000 00:00 0 
7fcdf053f000-7fcdf0540000 r--p 00025000 08:05 5767205                    /lib/x86_64-linux-gnu/ld-2.23.so
7fcdf0540000-7fcdf0541000 rw-p 00026000 08:05 5767205                    /lib/x86_64-linux-gnu/ld-2.23.so
7fcdf0541000-7fcdf0542000 rw-p 00000000 00:00 0 
7ffc1b449000-7ffc1b46b000 rw-p 00000000 00:00 0                          [stack]
7ffc1b5f6000-7ffc1b5f8000 r--p 00000000 00:00 0                          [vvar]
7ffc1b5f8000-7ffc1b5fa000 r-xp 00000000 00:00 0                          [vdso]
ffffffffff600000-ffffffffff601000 r-xp 00000000 00:00 0                  [vsyscall]

VM Arguments:
jvm_args: -Xmx4g -Dfile.encoding=UTF-8 
java_command: com.clearcut.nlp.Main -i json -k doc_id -v content
java_class_path (initial): /root/deepdive-0.8-STABLE/examples/spouse/udf/bazaar/parser/target/../target/scala-2.10/classes:/root/deepdive-0.8-STABLE/examples/spouse/udf/bazaar/parser/target/../lib/stanford-srparser-2014-10-23-models.jar:/root/deepdive-0.8-STABLE/examples/spouse/udf/bazaar/parser/target/../lib/stanford-srparser-2014-10-23-models.jar:/root/.ivy2/cache/ch.qos.logback/logback-classic/jars/logback-classic-1.0.7.jar:/root/.ivy2/cache/ch.qos.logback/logback-core/jars/logback-core-1.0.7.jar:/root/.ivy2/cache/com.typesafe.play/play-json_2.10/jars/play-json_2.10-2.2.1.jar:/root/.ivy2/cache/com.typesafe.play/play-iteratees_2.10/jars/play-iteratees_2.10-2.2.1.jar:/root/.ivy2/cache/org.scala-stm/scala-stm_2.10/jars/scala-stm_2.10-0.7.jar:/root/.ivy2/cache/com.typesafe/config/bundles/config-1.0.2.jar:/root/.ivy2/cache/com.typesafe.play/play-functional_2.10/jars/play-functional_2.10-2.2.1.jar:/root/.ivy2/cache/com.typesafe.play/play-datacommons_2.10/jars/play-datacommons_2.10-2.2.1.jar:/root/.ivy2/cache/joda-time/joda-time/jars/joda-time-2.2.jar:/root/.ivy2/cache/org.joda/joda-convert/jars/joda-convert-1.3.1.jar:/root/.ivy2/cache/com.fasterxml.jackson.core/jackson-annotations/jars/jackson-annotations-2.2.2.jar:/root/.ivy2/cache/com.fasterxml.jackson.core/jackson-core/jars/jackson-core-2.2.2.jar:/root/.ivy2/cache/com.fasterxml.jackson.core/jackson-databind/jars/jackson-databind-2.2.2.jar:/root/.ivy2/cache/com.github.scopt/scopt_2.10/jars/scopt_2.10-3.2.0.jar:/root/.ivy2/cache/edu.stanford.nlp/stanford-corenlp/jars/stanford-corenlp-3.5.1-models.jar:/root/.ivy2/cache/edu.stanford.nlp/stanford-corenlp/jars/stanford-corenlp-3.5.1.jar:/root/.ivy2/cache/com.io7m.xom/xom/jars/xom-1.2.10.jar:/root/.ivy2/cache/xml-apis/xml-apis/jars/xml-apis-1.3.03.jar:/root/.ivy2/cache/xerces/xercesImpl/jars/xercesImpl-2.8.0.jar:/root/.ivy2/cache/xalan/xalan/jars/xalan-2.7.0.jar:/root/.ivy2/cache/de.jollyday/jollyday/jars/jollyday-0.4.7.jar:/root/.ivy2/cache/javax.xml.bind/jaxb-api/jars/
Launcher Type: SUN_STANDARD

Environment Variables:
PATH=/root/local/util/db-driver/postgresql:/root/local/util/db-driver/postgresql:/root/local/util/compute-driver/local:/root/local/util/db-driver/postgresql:/root/local/util/db-driver/postgresql:/root/local/util:/root/local/bin:/root/local/lib/bundled/.all/bin:/usr/local/sbin:/usr/local/bin:/usr/sbin:/usr/bin:/sbin:/bin:/snap/bin:/snap/bin:/root/local/bin
USERNAME=root
SHELL=/bin/bash
DISPLAY=:0

Signal Handlers:
SIGSEGV: [libjvm.so+0xa6ad10], sa_mask[0]=11111111011111111101111111111110, sa_flags=SA_RESTART|SA_SIGINFO
SIGBUS: [libjvm.so+0xa6ad10], sa_mask[0]=11111111011111111101111111111110, sa_flags=SA_RESTART|SA_SIGINFO
SIGFPE: [libjvm.so+0x8b3bc0], sa_mask[0]=11111111011111111101111111111110, sa_flags=SA_RESTART|SA_SIGINFO
SIGPIPE: [libjvm.so+0x8b3bc0], sa_mask[0]=11111111011111111101111111111110, sa_flags=SA_RESTART|SA_SIGINFO
SIGXFSZ: [libjvm.so+0x8b3bc0], sa_mask[0]=11111111011111111101111111111110, sa_flags=SA_RESTART|SA_SIGINFO
SIGILL: [libjvm.so+0x8b3bc0], sa_mask[0]=11111111011111111101111111111110, sa_flags=SA_RESTART|SA_SIGINFO
SIGUSR1: SIG_DFL, sa_mask[0]=00000000000000000000000000000000, sa_flags=none
SIGUSR2: [libjvm.so+0x8b3a70], sa_mask[0]=00000000000000000000000000000000, sa_flags=SA_RESTART|SA_SIGINFO
SIGHUP: [libjvm.so+0x8b3f40], sa_mask[0]=11111111011111111101111111111110, sa_flags=SA_RESTART|SA_SIGINFO
SIGINT: SIG_IGN, sa_mask[0]=00000000000000000000000000000000, sa_flags=none
SIGTERM: [libjvm.so+0x8b3f40], sa_mask[0]=11111111011111111101111111111110, sa_flags=SA_RESTART|SA_SIGINFO
SIGQUIT: [libjvm.so+0x8b3f40], sa_mask[0]=11111111011111111101111111111110, sa_flags=SA_RESTART|SA_SIGINFO


---------------  S Y S T E M  ---------------

OS:DISTRIB_ID=Ubuntu
DISTRIB_RELEASE=16.04
DISTRIB_CODENAME=xenial
DISTRIB_DESCRIPTION="Ubuntu 16.04.2 LTS"

uname:Linux 4.4.0-87-generic #110-Ubuntu SMP Tue Jul 18 12:55:35 UTC 2017 x86_64
libc:glibc 2.23 NPTL 2.23 
rlimit: STACK 8192k, CORE 0k, NPROC 31306, NOFILE 65536, AS infinity
load average:3.56 0.87 0.35

/proc/meminfo:
MemTotal:        8055072 kB
MemFree:          136328 kB
MemAvailable:      39700 kB
Buffers:             996 kB
Cached:           276180 kB
SwapCached:            0 kB
Active:          7491552 kB
Inactive:         246084 kB
Active(anon):    7471548 kB
Inactive(anon):   223604 kB
Active(file):      20004 kB
Inactive(file):    22480 kB
Unevictable:          32 kB
Mlocked:              32 kB
SwapTotal:             0 kB
SwapFree:              0 kB
Dirty:               328 kB
Writeback:             0 kB
AnonPages:       7460592 kB
Mapped:           120000 kB
Shmem:            234592 kB
Slab:              71892 kB
SReclaimable:      34072 kB
SUnreclaim:        37820 kB
KernelStack:        9568 kB
PageTables:        50312 kB
NFS_Unstable:          0 kB
Bounce:                0 kB
WritebackTmp:          0 kB
CommitLimit:     4027536 kB
Committed_AS:   12117704 kB
VmallocTotal:   34359738367 kB
VmallocUsed:           0 kB
VmallocChunk:          0 kB
HardwareCorrupted:     0 kB
AnonHugePages:   4186112 kB
CmaTotal:              0 kB
CmaFree:               0 kB
HugePages_Total:       0
HugePages_Free:        0
HugePages_Rsvd:        0
HugePages_Surp:        0
Hugepagesize:       2048 kB
DirectMap4k:      154436 kB
DirectMap2M:     3919872 kB
DirectMap1G:     5242880 kB


CPU:total 4 (initial active 4) (4 cores per cpu, 1 threads per core) family 6 model 94 stepping 3, cmov, cx8, fxsr, mmx, sse, sse2, sse3, ssse3, sse4.1, sse4.2, popcnt, avx, avx2, aes, clmul, erms, rtm, 3dnowpref, lzcnt, tsc, tscinvbit, bmi1, bmi2, adx

/proc/cpuinfo:
processor	: 0
vendor_id	: GenuineIntel
cpu family	: 6
model		: 94
model name	: Intel(R) Core(TM) i5-6500 CPU @ 3.20GHz
stepping	: 3
microcode	: 0x74
cpu MHz		: 896.875
cache size	: 6144 KB
physical id	: 0
siblings	: 4
core id		: 0
cpu cores	: 4
apicid		: 0
initial apicid	: 0
fpu		: yes
fpu_exception	: yes
cpuid level	: 22
wp		: yes
flags		: fpu vme de pse tsc msr pae mce cx8 apic sep mtrr pge mca cmov pat pse36 clflush dts acpi mmx fxsr sse sse2 ss ht tm pbe syscall nx pdpe1gb rdtscp lm constant_tsc art arch_perfmon pebs bts rep_good nopl xtopology nonstop_tsc aperfmperf eagerfpu pni pclmulqdq dtes64 monitor ds_cpl vmx smx est tm2 ssse3 sdbg fma cx16 xtpr pdcm pcid sse4_1 sse4_2 x2apic movbe popcnt tsc_deadline_timer aes xsave avx f16c rdrand lahf_lm abm 3dnowprefetch epb intel_pt tpr_shadow vnmi flexpriority ept vpid fsgsbase tsc_adjust bmi1 hle avx2 smep bmi2 erms invpcid rtm mpx rdseed adx smap clflushopt xsaveopt xsavec xgetbv1 dtherm ida arat pln pts hwp hwp_notify hwp_act_window hwp_epp
bugs		:
bogomips	: 6384.14
clflush size	: 64
cache_alignment	: 64
address sizes	: 39 bits physical, 48 bits virtual
power management:

processor	: 1
vendor_id	: GenuineIntel
cpu family	: 6
model		: 94
model name	: Intel(R) Core(TM) i5-6500 CPU @ 3.20GHz
stepping	: 3
microcode	: 0x74
cpu MHz		: 886.375
cache size	: 6144 KB
physical id	: 0
siblings	: 4
core id		: 1
cpu cores	: 4
apicid		: 2
initial apicid	: 2
fpu		: yes
fpu_exception	: yes
cpuid level	: 22
wp		: yes
flags		: fpu vme de pse tsc msr pae mce cx8 apic sep mtrr pge mca cmov pat pse36 clflush dts acpi mmx fxsr sse sse2 ss ht tm pbe syscall nx pdpe1gb rdtscp lm constant_tsc art arch_perfmon pebs bts rep_good nopl xtopology nonstop_tsc aperfmperf eagerfpu pni pclmulqdq dtes64 monitor ds_cpl vmx smx est tm2 ssse3 sdbg fma cx16 xtpr pdcm pcid sse4_1 sse4_2 x2apic movbe popcnt tsc_deadline_timer aes xsave avx f16c rdrand lahf_lm abm 3dnowprefetch epb intel_pt tpr_shadow vnmi flexpriority ept vpid fsgsbase tsc_adjust bmi1 hle avx2 smep bmi2 erms invpcid rtm mpx rdseed adx smap clflushopt xsaveopt xsavec xgetbv1 dtherm ida arat pln pts hwp hwp_notify hwp_act_window hwp_epp
bugs		:
bogomips	: 6384.14
clflush size	: 64
cache_alignment	: 64
address sizes	: 39 bits physical, 48 bits virtual
power management:

processor	: 2
vendor_id	: GenuineIntel
cpu family	: 6
model		: 94
model name	: Intel(R) Core(TM) i5-6500 CPU @ 3.20GHz
stepping	: 3
microcode	: 0x74
cpu MHz		: 899.500
cache size	: 6144 KB
physical id	: 0
siblings	: 4
core id		: 2
cpu cores	: 4
apicid		: 4
initial apicid	: 4
fpu		: yes
fpu_exception	: yes
cpuid level	: 22
wp		: yes
flags		: fpu vme de pse tsc msr pae mce cx8 apic sep mtrr pge mca cmov pat pse36 clflush dts acpi mmx fxsr sse sse2 ss ht tm pbe syscall nx pdpe1gb rdtscp lm constant_tsc art arch_perfmon pebs bts rep_good nopl xtopology nonstop_tsc aperfmperf eagerfpu pni pclmulqdq dtes64 monitor ds_cpl vmx smx est tm2 ssse3 sdbg fma cx16 xtpr pdcm pcid sse4_1 sse4_2 x2apic movbe popcnt tsc_deadline_timer aes xsave avx f16c rdrand lahf_lm abm 3dnowprefetch epb intel_pt tpr_shadow vnmi flexpriority ept vpid fsgsbase tsc_adjust bmi1 hle avx2 smep bmi2 erms invpcid rtm mpx rdseed adx smap clflushopt xsaveopt xsavec xgetbv1 dtherm ida arat pln pts hwp hwp_notify hwp_act_window hwp_epp
bugs		:
bogomips	: 6384.14
clflush size	: 64
cache_alignment	: 64
address sizes	: 39 bits physical, 48 bits virtual
power management:

processor	: 3
vendor_id	: GenuineIntel
cpu family	: 6
model		: 94
model name	: Intel(R) Core(TM) i5-6500 CPU @ 3.20GHz
stepping	: 3
microcode	: 0x74
cpu MHz		: 883.750
cache size	: 6144 KB
physical id	: 0
siblings	: 4
core id		: 3
cpu cores	: 4
apicid		: 6
initial apicid	: 6
fpu		: yes
fpu_exception	: yes
cpuid level	: 22
wp		: yes
flags		: fpu vme de pse tsc msr pae mce cx8 apic sep mtrr pge mca cmov pat pse36 clflush dts acpi mmx fxsr sse sse2 ss ht tm pbe syscall nx pdpe1gb rdtscp lm constant_tsc art arch_perfmon pebs bts rep_good nopl xtopology nonstop_tsc aperfmperf eagerfpu pni pclmulqdq dtes64 monitor ds_cpl vmx smx est tm2 ssse3 sdbg fma cx16 xtpr pdcm pcid sse4_1 sse4_2 x2apic movbe popcnt tsc_deadline_timer aes xsave avx f16c rdrand lahf_lm abm 3dnowprefetch epb intel_pt tpr_shadow vnmi flexpriority ept vpid fsgsbase tsc_adjust bmi1 hle avx2 smep bmi2 erms invpcid rtm mpx rdseed adx smap clflushopt xsaveopt xsavec xgetbv1 dtherm ida arat pln pts hwp hwp_notify hwp_act_window hwp_epp
bugs		:
bogomips	: 6384.14
clflush size	: 64
cache_alignment	: 64
address sizes	: 39 bits physical, 48 bits virtual
power management:



Memory: 4k page, physical 8055072k(136328k free), swap 0k(0k free)

vm_info: OpenJDK 64-Bit Server VM (25.131-b11) for linux-amd64 JRE (1.8.0_131-8u131-b11-2ubuntu1.16.04.3-b11), built on Jul 28 2017 01:23:32 by "buildd" with gcc 5.4.0 20160609

time: Thu Aug  3 16:40:39 2017
elapsed time: 35 seconds (0d 0h 0m 35s)

