#
# There is insufficient memory for the Java Runtime Environment to continue.
# Native memory allocation (mmap) failed to map 340787200 bytes for committing reserved memory.
# Possible reasons:
#   The system is out of physical RAM or swap space
#   In 32 bit mode, the process size limit was hit
# Possible solutions:
#   Reduce memory load on the system
#   Increase physical memory or swap space
#   Check if swap backing store is full
#   Use 64 bit Java on a 64 bit OS
#   Decrease Java heap size (-Xmx/-Xms)
#   Decrease number of Java threads
#   Decrease Java thread stack sizes (-Xss)
#   Set larger code cache with -XX:ReservedCodeCacheSize=
# This output file may be truncated or incomplete.
#
#  Out of Memory Error (os_linux.cpp:2643), pid=10011, tid=0x00007f109b5d4700
#
# JRE version: OpenJDK Runtime Environment (8.0_131-b11) (build 1.8.0_131-8u131-b11-2ubuntu1.16.04.3-b11)
# Java VM: OpenJDK 64-Bit Server VM (25.131-b11 mixed mode linux-amd64 compressed oops)
# Failed to write core dump. Core dumps have been disabled. To enable core dumping, try "ulimit -c unlimited" before starting Java again
#

---------------  T H R E A D  ---------------

Current thread (0x00007f10c0079800):  VMThread [stack: 0x00007f109b4d4000,0x00007f109b5d5000] [id=10048]

Stack: [0x00007f109b4d4000,0x00007f109b5d5000],  sp=0x00007f109b5d3480,  free space=1021k
Native frames: (J=compiled Java code, j=interpreted, Vv=VM code, C=native code)
V  [libjvm.so+0xa6a1bb]
V  [libjvm.so+0x4c5a6c]
V  [libjvm.so+0x8b85a0]
V  [libjvm.so+0x8b2a1e]
V  [libjvm.so+0x92d556]
V  [libjvm.so+0x91cbba]
V  [libjvm.so+0x91cdc3]
V  [libjvm.so+0x91d728]
V  [libjvm.so+0x9239ee]
V  [libjvm.so+0x92b3bd]
V  [libjvm.so+0x8dd093]
V  [libjvm.so+0xa6be72]
V  [libjvm.so+0xa70f57]
V  [libjvm.so+0xa6e727]
V  [libjvm.so+0xa6fbaf]
V  [libjvm.so+0xa700a1]
V  [libjvm.so+0x8b5a82]

VM_Operation (0x00007f10c93c95c0): ParallelGCFailedAllocation, mode: safepoint, requested by thread 0x00007f10c000c000


---------------  P R O C E S S  ---------------

Java Threads: ( => current thread )
  0x00007f10c00bb000 JavaThread "Service Thread" daemon [_thread_blocked, id=10078, stack(0x00007f109aaf5000,0x00007f109abf6000)]
  0x00007f10c00b3800 JavaThread "C1 CompilerThread2" daemon [_thread_blocked, id=10077, stack(0x00007f109abf6000,0x00007f109acf7000)]
  0x00007f10c00b1800 JavaThread "C2 CompilerThread1" daemon [_thread_blocked, id=10076, stack(0x00007f109acf7000,0x00007f109adf8000)]
  0x00007f10c00af000 JavaThread "C2 CompilerThread0" daemon [_thread_blocked, id=10075, stack(0x00007f109adf8000,0x00007f109aef9000)]
  0x00007f10c00ad000 JavaThread "Signal Dispatcher" daemon [_thread_blocked, id=10074, stack(0x00007f109aef9000,0x00007f109affa000)]
  0x00007f10c0085800 JavaThread "Finalizer" daemon [_thread_blocked, id=10060, stack(0x00007f109b2d2000,0x00007f109b3d3000)]
  0x00007f10c0081000 JavaThread "Reference Handler" daemon [_thread_blocked, id=10058, stack(0x00007f109b3d3000,0x00007f109b4d4000)]
  0x00007f10c000c000 JavaThread "main" [_thread_blocked, id=10023, stack(0x00007f10c92cb000,0x00007f10c93cc000)]

Other Threads:
=>0x00007f10c0079800 VMThread [stack: 0x00007f109b4d4000,0x00007f109b5d5000] [id=10048]
  0x00007f10c00bd000 WatcherThread [stack: 0x00007f109a9f4000,0x00007f109aaf5000] [id=10079]

VM state:at safepoint (normal execution)

VM Mutex/Monitor currently owned by a thread:  ([mutex/lock_event])
[0x00007f10c0007d40] ExpandHeap_lock - owner thread: 0x00007f10c0079800
[0x00007f10c00083c0] Threads_lock - owner thread: 0x00007f10c0079800
[0x00007f10c00088c0] Heap_lock - owner thread: 0x00007f10c000c000

Heap:
 PSYoungGen      total 591872K, used 219875K [0x000000076ab00000, 0x00000007ae600000, 0x00000007c0000000)
  eden space 228352K, 0% used [0x000000076ab00000,0x000000076ab00000,0x0000000778a00000)
  from space 363520K, 60% used [0x0000000778a00000,0x00000007860b8d88,0x000000078ed00000)
  to   space 420864K, 0% used [0x0000000794b00000,0x0000000794b00000,0x00000007ae600000)
 ParOldGen       total 948736K, used 948690K [0x00000006c0000000, 0x00000006f9e80000, 0x000000076ab00000)
  object space 948736K, 99% used [0x00000006c0000000,0x00000006f9e74ad0,0x00000006f9e80000)
 Metaspace       used 18125K, capacity 18572K, committed 18688K, reserved 1064960K
  class space    used 2391K, capacity 2508K, committed 2560K, reserved 1048576K

Card table byte_map: [0x00007f10c5184000,0x00007f10c5985000] byte_map_base: 0x00007f10c1b84000

Marking Bits: (ParMarkBitMap*) 0x00007f10c859a2c0
 Begin Bits: [0x00007f10a9000000, 0x00007f10ad000000)
 End Bits:   [0x00007f10ad000000, 0x00007f10b1000000)

Polling page: 0x00007f10c93ed000

CodeCache: size=245760Kb used=6939Kb max_used=6954Kb free=238820Kb
 bounds [0x00007f10b1000000, 0x00007f10b16e0000, 0x00007f10c0000000]
 total_blobs=2247 nmethods=1872 adapters=289
 compilation: enabled

Compilation events (10 events):
Event: 13.711 Thread 0x00007f10c00b1800 nmethod 1867 0x00007f10b16aee90 code [0x00007f10b16af000, 0x00007f10b16af5d8]
Event: 13.711 Thread 0x00007f10c00b1800 1872   !   4       sun.reflect.GeneratedSerializationConstructorAccessor77::newInstance (49 bytes)
Event: 13.712 Thread 0x00007f10c00b1800 nmethod 1872 0x00007f10b16a6490 code [0x00007f10b16a6600, 0x00007f10b16a6748]
Event: 13.736 Thread 0x00007f10c00b1800 1876       4       java.util.zip.InflaterInputStream::fill (60 bytes)
Event: 13.790 Thread 0x00007f10c00b1800 nmethod 1876 0x00007f10b16c7190 code [0x00007f10b16c73c0, 0x00007f10b16c8a90]
Event: 13.798 Thread 0x00007f10c00af000 nmethod 1871 0x00007f10b16c9ed0 code [0x00007f10b16ca340, 0x00007f10b16cc988]
Event: 14.207 Thread 0x00007f10c00b1800 1877       4       java.io.BufferedInputStream::fill (233 bytes)
Event: 14.219 Thread 0x00007f10c00b1800 nmethod 1877 0x00007f10b16cf750 code [0x00007f10b16cf960, 0x00007f10b16d0dc0]
Event: 15.223 Thread 0x00007f10c00af000 1878       4       java.util.zip.InflaterInputStream::available (15 bytes)
Event: 15.224 Thread 0x00007f10c00af000 nmethod 1878 0x00007f10b16b3dd0 code [0x00007f10b16b3f20, 0x00007f10b16b3fb8]

GC Heap History (10 events):
Event: 20.049 GC heap after
Heap after GC invocations=20 (full 4):
 PSYoungGen      total 567296K, used 179648K [0x000000076ab00000, 0x00000007a3f00000, 0x00000007c0000000)
  eden space 209920K, 0% used [0x000000076ab00000,0x000000076ab00000,0x0000000777800000)
  from space 357376K, 50% used [0x000000078e200000,0x0000000799170030,0x00000007a3f00000)
  to   space 364032K, 0% used [0x0000000777800000,0x0000000777800000,0x000000078db80000)
 ParOldGen       total 669184K, used 668051K [0x00000006c0000000, 0x00000006e8d80000, 0x000000076ab00000)
  object space 669184K, 99% used [0x00000006c0000000,0x00000006e8c64d30,0x00000006e8d80000)
 Metaspace       used 18125K, capacity 18572K, committed 18688K, reserved 1064960K
  class space    used 2391K, capacity 2508K, committed 2560K, reserved 1048576K
}
Event: 20.049 GC heap before
{Heap before GC invocations=21 (full 5):
 PSYoungGen      total 567296K, used 179648K [0x000000076ab00000, 0x00000007a3f00000, 0x00000007c0000000)
  eden space 209920K, 0% used [0x000000076ab00000,0x000000076ab00000,0x0000000777800000)
  from space 357376K, 50% used [0x000000078e200000,0x0000000799170030,0x00000007a3f00000)
  to   space 364032K, 0% used [0x0000000777800000,0x0000000777800000,0x000000078db80000)
 ParOldGen       total 669184K, used 668051K [0x00000006c0000000, 0x00000006e8d80000, 0x000000076ab00000)
  object space 669184K, 99% used [0x00000006c0000000,0x00000006e8c64d30,0x00000006e8d80000)
 Metaspace       used 18125K, capacity 18572K, committed 18688K, reserved 1064960K
  class space    used 2391K, capacity 2508K, committed 2560K, reserved 1048576K
Event: 23.650 GC heap after
Heap after GC invocations=21 (full 5):
 PSYoungGen      total 567296K, used 179437K [0x000000076ab00000, 0x00000007a3f00000, 0x00000007c0000000)
  eden space 209920K, 0% used [0x000000076ab00000,0x000000076ab00000,0x0000000777800000)
  from space 357376K, 50% used [0x000000078e200000,0x000000079913b538,0x00000007a3f00000)
  to   space 364032K, 0% used [0x0000000777800000,0x0000000777800000,0x000000078db80000)
 ParOldGen       total 948736K, used 667210K [0x00000006c0000000, 0x00000006f9e80000, 0x000000076ab00000)
  object space 948736K, 70% used [0x00000006c0000000,0x00000006e8b92810,0x00000006f9e80000)
 Metaspace       used 18125K, capacity 18572K, committed 18688K, reserved 1064960K
  class space    used 2391K, capacity 2508K, committed 2560K, reserved 1048576K
}
Event: 23.981 GC heap before
{Heap before GC invocations=22 (full 5):
 PSYoungGen      total 567296K, used 389357K [0x000000076ab00000, 0x00000007a3f00000, 0x00000007c0000000)
  eden space 209920K, 100% used [0x000000076ab00000,0x0000000777800000,0x0000000777800000)
  from space 357376K, 50% used [0x000000078e200000,0x000000079913b538,0x00000007a3f00000)
  to   space 364032K, 0% used [0x0000000777800000,0x0000000777800000,0x000000078db80000)
 ParOldGen       total 948736K, used 667210K [0x00000006c0000000, 0x00000006f9e80000, 0x000000076ab00000)
  object space 948736K, 70% used [0x00000006c0000000,0x00000006e8b92810,0x00000006f9e80000)
 Metaspace       used 18125K, capacity 18572K, committed 18688K, reserved 1064960K
  class space    used 2391K, capacity 2508K, committed 2560K, reserved 1048576K
Event: 24.543 GC heap after
Heap after GC invocations=22 (full 5):
 PSYoungGen      total 573952K, used 155328K [0x000000076ab00000, 0x00000007a3c80000, 0x00000007c0000000)
  eden space 209920K, 0% used [0x000000076ab00000,0x000000076ab00000,0x0000000777800000)
  from space 364032K, 42% used [0x0000000777800000,0x0000000780fb0030,0x000000078db80000)
  to   space 343552K, 0% used [0x000000078ed00000,0x000000078ed00000,0x00000007a3c80000)
 ParOldGen       total 948736K, used 796538K [0x00000006c0000000, 0x00000006f9e80000, 0x000000076ab00000)
  object space 948736K, 83% used [0x00000006c0000000,0x00000006f09de810,0x00000006f9e80000)
 Metaspace       used 18125K, capacity 18572K, committed 18688K, reserved 1064960K
  class space    used 2391K, capacity 2508K, committed 2560K, reserved 1048576K
}
Event: 25.638 GC heap before
{Heap before GC invocations=23 (full 5):
 PSYoungGen      total 573952K, used 365248K [0x000000076ab00000, 0x00000007a3c80000, 0x00000007c0000000)
  eden space 209920K, 100% used [0x000000076ab00000,0x0000000777800000,0x0000000777800000)
  from space 364032K, 42% used [0x0000000777800000,0x0000000780fb0030,0x000000078db80000)
  to   space 343552K, 0% used [0x000000078ed00000,0x000000078ed00000,0x00000007a3c80000)
 ParOldGen       total 948736K, used 796538K [0x00000006c0000000, 0x00000006f9e80000, 0x000000076ab00000)
  object space 948736K, 83% used [0x00000006c0000000,0x00000006f09de810,0x00000006f9e80000)
 Metaspace       used 18125K, capacity 18572K, committed 18688K, reserved 1064960K
  class space    used 2391K, capacity 2508K, committed 2560K, reserved 1048576K
Event: 25.999 GC heap after
Heap after GC invocations=23 (full 5):
 PSYoungGen      total 571904K, used 259488K [0x000000076ab00000, 0x00000007a6280000, 0x00000007c0000000)
  eden space 228352K, 0% used [0x000000076ab00000,0x000000076ab00000,0x0000000778a00000)
  from space 343552K, 75% used [0x000000078ed00000,0x000000079ea68030,0x00000007a3c80000)
  to   space 363520K, 0% used [0x0000000778a00000,0x0000000778a00000,0x000000078ed00000)
 ParOldGen       total 948736K, used 796538K [0x00000006c0000000, 0x00000006f9e80000, 0x000000076ab00000)
  object space 948736K, 83% used [0x00000006c0000000,0x00000006f09de810,0x00000006f9e80000)
 Metaspace       used 18125K, capacity 18572K, committed 18688K, reserved 1064960K
  class space    used 2391K, capacity 2508K, committed 2560K, reserved 1048576K
}
Event: 27.512 GC heap before
{Heap before GC invocations=24 (full 5):
 PSYoungGen      total 571904K, used 487840K [0x000000076ab00000, 0x00000007a6280000, 0x00000007c0000000)
  eden space 228352K, 100% used [0x000000076ab00000,0x0000000778a00000,0x0000000778a00000)
  from space 343552K, 75% used [0x000000078ed00000,0x000000079ea68030,0x00000007a3c80000)
  to   space 363520K, 0% used [0x0000000778a00000,0x0000000778a00000,0x000000078ed00000)
 ParOldGen       total 948736K, used 796538K [0x00000006c0000000, 0x00000006f9e80000, 0x000000076ab00000)
  object space 948736K, 83% used [0x00000006c0000000,0x00000006f09de810,0x00000006f9e80000)
 Metaspace       used 18125K, capacity 18572K, committed 18688K, reserved 1064960K
  class space    used 2391K, capacity 2508K, committed 2560K, reserved 1048576K
Event: 27.825 GC heap after
Heap after GC invocations=24 (full 5):
 PSYoungGen      total 591872K, used 363488K [0x000000076ab00000, 0x00000007ae600000, 0x00000007c0000000)
  eden space 228352K, 0% used [0x000000076ab00000,0x000000076ab00000,0x0000000778a00000)
  from space 363520K, 99% used [0x0000000778a00000,0x000000078ecf8030,0x000000078ed00000)
  to   space 420864K, 0% used [0x0000000794b00000,0x0000000794b00000,0x00000007ae600000)
 ParOldGen       total 948736K, used 806002K [0x00000006c0000000, 0x00000006f9e80000, 0x000000076ab00000)
  object space 948736K, 84% used [0x00000006c0000000,0x00000006f131c810,0x00000006f9e80000)
 Metaspace       used 18125K, capacity 18572K, committed 18688K, reserved 1064960K
  class space    used 2391K, capacity 2508K, committed 2560K, reserved 1048576K
}
Event: 27.825 GC heap before
{Heap before GC invocations=25 (full 6):
 PSYoungGen      total 591872K, used 363488K [0x000000076ab00000, 0x00000007ae600000, 0x00000007c0000000)
  eden space 228352K, 0% used [0x000000076ab00000,0x000000076ab00000,0x0000000778a00000)
  from space 363520K, 99% used [0x0000000778a00000,0x000000078ecf8030,0x000000078ed00000)
  to   space 420864K, 0% used [0x0000000794b00000,0x0000000794b00000,0x00000007ae600000)
 ParOldGen       total 948736K, used 806002K [0x00000006c0000000, 0x00000006f9e80000, 0x000000076ab00000)
  object space 948736K, 84% used [0x00000006c0000000,0x00000006f131c810,0x00000006f9e80000)
 Metaspace       used 18125K, capacity 18572K, committed 18688K, reserved 1064960K
  class space    used 2391K, capacity 2508K, committed 2560K, reserved 1048576K

Deoptimization events (10 events):
Event: 13.433 Thread 0x00007f10c000c000 Uncommon trap: reason=bimorphic action=maybe_recompile pc=0x00007f10b135c584 method=java.io.ObjectInputStream$PeekInputStream.read()I @ 23
Event: 13.433 Thread 0x00007f10c000c000 Uncommon trap: reason=bimorphic action=maybe_recompile pc=0x00007f10b135d6e4 method=java.io.ObjectInputStream$PeekInputStream.read()I @ 23
Event: 13.433 Thread 0x00007f10c000c000 Uncommon trap: reason=bimorphic action=maybe_recompile pc=0x00007f10b136c9f0 method=java.io.ObjectInputStream$PeekInputStream.peek()I @ 17
Event: 13.468 Thread 0x00007f10c000c000 Uncommon trap: reason=unstable_if action=reinterpret pc=0x00007f10b143cec4 method=java.io.ObjectStreamField.getClassSignature(Ljava/lang/Class;)Ljava/lang/String; @ 143
Event: 13.515 Thread 0x00007f10c000c000 Uncommon trap: reason=bimorphic action=maybe_recompile pc=0x00007f10b13a9fe4 method=java.io.ObjectInputStream$PeekInputStream.read()I @ 23
Event: 13.516 Thread 0x00007f10c000c000 Uncommon trap: reason=bimorphic action=maybe_recompile pc=0x00007f10b1390db4 method=java.io.ObjectInputStream$PeekInputStream.read()I @ 23
Event: 13.546 Thread 0x00007f10c000c000 Uncommon trap: reason=unstable_if action=reinterpret pc=0x00007f10b142edc0 method=java.io.ObjectInputStream.readArray(Z)Ljava/lang/Object; @ 216
Event: 13.559 Thread 0x00007f10c000c000 Uncommon trap: reason=class_check action=maybe_recompile pc=0x00007f10b13bc69c method=java.util.zip.InflaterInputStream.fill()V @ 19
Event: 13.564 Thread 0x00007f10c000c000 Uncommon trap: reason=class_check action=maybe_recompile pc=0x00007f10b13bc69c method=java.util.zip.InflaterInputStream.fill()V @ 19
Event: 13.565 Thread 0x00007f10c000c000 Uncommon trap: reason=class_check action=maybe_recompile pc=0x00007f10b13bc69c method=java.util.zip.InflaterInputStream.fill()V @ 19

Internal exceptions (10 events):
Event: 1.906 Thread 0x00007f10c000c000 Implicit null exception at 0x00007f10b12aa167 to 0x00007f10b12aa57d
Event: 3.313 Thread 0x00007f10c000c000 Implicit null exception at 0x00007f10b12a1603 to 0x00007f10b12a1715
Event: 11.504 Thread 0x00007f10c000c000 Exception <a 'java/lang/ClassNotFoundException': com/sun/org/glassfish/hk2/osgiresourcelocator/ServiceLoader> (0x0000000770df17b0) thrown at [/build/openjdk-8-pZyJp3/openjdk-8-8u131-b11/src/hotspot/src/share/vm/classfile/systemDictionary.cpp, line 210]
Event: 11.566 Thread 0x00007f10c000c000 Exception <a 'java/lang/NullPointerException'> (0x0000000770e0b7e0) thrown at [/build/openjdk-8-pZyJp3/openjdk-8-8u131-b11/src/hotspot/src/share/vm/interpreter/linkResolver.cpp, line 1299]
Event: 11.614 Thread 0x00007f10c000c000 Implicit null exception at 0x00007f10b12a2f7b to 0x00007f10b12a3079
Event: 11.756 Thread 0x00007f10c000c000 Exception <a 'java/lang/ArrayIndexOutOfBoundsException': 18> (0x0000000770fcdd50) thrown at [/build/openjdk-8-pZyJp3/openjdk-8-8u131-b11/src/hotspot/src/share/vm/interpreter/interpreterRuntime.cpp, line 366]
Event: 11.757 Thread 0x00007f10c000c000 Exception <a 'java/lang/ArrayIndexOutOfBoundsException': 67> (0x0000000770fcf210) thrown at [/build/openjdk-8-pZyJp3/openjdk-8-8u131-b11/src/hotspot/src/share/vm/interpreter/interpreterRuntime.cpp, line 366]
Event: 11.758 Thread 0x00007f10c000c000 Exception <a 'java/lang/ArrayIndexOutOfBoundsException': 65> (0x0000000770fd0ad8) thrown at [/build/openjdk-8-pZyJp3/openjdk-8-8u131-b11/src/hotspot/src/share/vm/interpreter/interpreterRuntime.cpp, line 366]
Event: 12.335 Thread 0x00007f10c000c000 Implicit null exception at 0x00007f10b12a5015 to 0x00007f10b12a5159
Event: 13.320 Thread 0x00007f10c000c000 Implicit null exception at 0x00007f10b121f733 to 0x00007f10b121fb25

Events (10 events):
Event: 18.131 Executing VM operation: RevokeBias done
Event: 18.436 Executing VM operation: ParallelGCFailedAllocation
Event: 19.072 Executing VM operation: ParallelGCFailedAllocation done
Event: 19.538 Executing VM operation: ParallelGCFailedAllocation
Event: 23.650 Executing VM operation: ParallelGCFailedAllocation done
Event: 23.981 Executing VM operation: ParallelGCFailedAllocation
Event: 24.543 Executing VM operation: ParallelGCFailedAllocation done
Event: 25.638 Executing VM operation: ParallelGCFailedAllocation
Event: 25.999 Executing VM operation: ParallelGCFailedAllocation done
Event: 27.512 Executing VM operation: ParallelGCFailedAllocation


Dynamic libraries:
00400000-00401000 r-xp 00000000 08:05 2763008                            /usr/lib/jvm/java-8-openjdk-amd64/jre/bin/java
00600000-00601000 r--p 00000000 08:05 2763008                            /usr/lib/jvm/java-8-openjdk-amd64/jre/bin/java
00601000-00602000 rw-p 00001000 08:05 2763008                            /usr/lib/jvm/java-8-openjdk-amd64/jre/bin/java
00a2b000-00a4c000 rw-p 00000000 00:00 0                                  [heap]
6c0000000-6f9e80000 rw-p 00000000 00:00 0 
70e380000-76ab00000 ---p 00000000 00:00 0 
76ab00000-7ae600000 rw-p 00000000 00:00 0 
7ae600000-7c0000000 ---p 00000000 00:00 0 
7c0000000-7c0280000 rw-p 00000000 00:00 0 
7c0280000-800000000 ---p 00000000 00:00 0 
7f106c000000-7f106c021000 rw-p 00000000 00:00 0 
7f106c021000-7f1070000000 ---p 00000000 00:00 0 
7f1074000000-7f107444e000 rw-p 00000000 00:00 0 
7f107444e000-7f1078000000 ---p 00000000 00:00 0 
7f1078000000-7f1078021000 rw-p 00000000 00:00 0 
7f1078021000-7f107c000000 ---p 00000000 00:00 0 
7f107c000000-7f107c6e9000 rw-p 00000000 00:00 0 
7f107c6e9000-7f1080000000 ---p 00000000 00:00 0 
7f1080000000-7f1080baf000 rw-p 00000000 00:00 0 
7f1080baf000-7f1084000000 ---p 00000000 00:00 0 
7f1084000000-7f1084021000 rw-p 00000000 00:00 0 
7f1084021000-7f1088000000 ---p 00000000 00:00 0 
7f1088000000-7f1088021000 rw-p 00000000 00:00 0 
7f1088021000-7f108c000000 ---p 00000000 00:00 0 
7f108c000000-7f108c032000 rw-p 00000000 00:00 0 
7f108c032000-7f1090000000 ---p 00000000 00:00 0 
7f1090000000-7f1090021000 rw-p 00000000 00:00 0 
7f1090021000-7f1094000000 ---p 00000000 00:00 0 
7f1094000000-7f10944ac000 rw-p 00000000 00:00 0 
7f10944ac000-7f1098000000 ---p 00000000 00:00 0 
7f1099e73000-7f109a033000 rw-p 00000000 00:00 0 
7f109a033000-7f109a073000 ---p 00000000 00:00 0 
7f109a073000-7f109a273000 rw-p 00000000 00:00 0 
7f109a273000-7f109a286000 r--s 00346000 08:05 2495509                    /usr/lib/jvm/java-8-openjdk-amd64/jre/lib/resources.jar
7f109a286000-7f109a486000 rw-p 00000000 00:00 0 
7f109a486000-7f109a489000 r--s 00018000 08:05 12603141                   /root/.ivy2/cache/org.eclipse.jetty/jetty-io/jars/jetty-io-9.2.10.v20150310.jar
7f109a489000-7f109a48f000 r--s 00051000 08:05 12603143                   /root/.ivy2/cache/org.eclipse.jetty/jetty-util/jars/jetty-util-9.2.10.v20150310.jar
7f109a48f000-7f109a491000 r--s 00018000 08:05 12603139                   /root/.ivy2/cache/org.eclipse.jetty/jetty-http/jars/jetty-http-9.2.10.v20150310.jar
7f109a491000-7f109a497000 r--s 00061000 08:05 12603137                   /root/.ivy2/cache/org.eclipse.jetty/jetty-server/jars/jetty-server-9.2.10.v20150310.jar
7f109a497000-7f109a49a000 r--s 00015000 08:05 12603135                   /root/.ivy2/cache/org.eclipse.jetty/jetty-security/jars/jetty-security-9.2.10.v20150310.jar
7f109a49a000-7f109a49d000 r--s 0001a000 08:05 12603127                   /root/.ivy2/cache/org.eclipse.jetty/jetty-servlet/jars/jetty-servlet-9.2.10.v20150310.jar
7f109a49d000-7f109a4a0000 r--s 00015000 08:05 12603133                   /root/.ivy2/cache/javax.servlet/javax.servlet-api/jars/javax.servlet-api-3.1.0.jar
7f109a4a0000-7f109a4a1000 r--s 00004000 08:05 12603125                   /root/.ivy2/cache/io.dropwizard.metrics/metrics-jetty9/bundles/metrics-jetty9-3.1.1.jar
7f109a4a1000-7f109a4a5000 r--s 00018000 08:05 12603131                   /root/.ivy2/cache/io.dropwizard.metrics/metrics-core/bundles/metrics-core-3.1.1.jar
7f109a4a5000-7f109a4aa000 r--s 0002b000 08:05 12603129                   /root/.ivy2/cache/org.http4s/http4s-server_2.10/jars/http4s-server_2.10-0.7.0.jar
7f109a4aa000-7f109a4ad000 r--s 00015000 08:05 12603123                   /root/.ivy2/cache/org.http4s/http4s-servlet_2.10/jars/http4s-servlet_2.10-0.7.0.jar
7f109a4ad000-7f109a4af000 r--s 00007000 08:05 12465071                   /root/.ivy2/cache/org.http4s/http4s-jetty_2.10/jars/http4s-jetty_2.10-0.7.0.jar
7f109a4af000-7f109a4b4000 r--s 0004b000 08:05 12603111                   /root/.ivy2/cache/org.scodec/scodec-bits_2.10/bundles/scodec-bits_2.10-1.0.6.jar
7f109a4b4000-7f109a4bf000 r--s 0005e000 08:05 12603121                   /root/.ivy2/cache/org.scalaz/scalaz-effect_2.10/bundles/scalaz-effect_2.10-7.1.0.jar
7f109a4bf000-7f109a4c8000 r--s 0004d000 08:05 12603119                   /root/.ivy2/cache/org.scalaz/scalaz-concurrent_2.10/bundles/scalaz-concurrent_2.10-7.1.0.jar
7f109a4c8000-7f109a586000 r--s 00839000 08:05 12603117                   /root/.ivy2/cache/org.scalaz/scalaz-core_2.10/bundles/scalaz-core_2.10-7.1.0.jar
7f109a586000-7f109a5a6000 r--s 00142000 08:05 12603109                   /root/.ivy2/cache/org.scalaz.stream/scalaz-stream_2.10/bundles/scalaz-stream_2.10-0.7a.jar
7f109a5a6000-7f109a5dc000 r--s 002d9000 08:05 10891454                   /root/.sbt/boot/scala-2.10.4/lib/scala-reflect.jar
7f109a5dc000-7f109a5e8000 r--s 000a4000 08:05 10891361                   /root/.ivy2/cache/org.scalamacros/quasiquotes_2.10/jars/quasiquotes_2.10-2.0.1.jar
7f109a5e8000-7f109a621000 r--s 0024b000 08:05 12603115                   /root/.ivy2/cache/com.chuusai/shapeless_2.10.4/bundles/shapeless_2.10.4-2.1.0.jar
7f109a621000-7f109a62b000 r--s 000b2000 08:05 12603107                   /root/.ivy2/cache/org.parboiled/parboiled_2.10/jars/parboiled_2.10-2.1.0.jar
7f109a62b000-7f109a62d000 r--s 00006000 08:05 12603113                   /root/.ivy2/cache/org.slf4j/slf4j-api/jars/slf4j-api-1.7.7.jar
7f109a62d000-7f109a62f000 r--s 00011000 08:05 12603105                   /root/.ivy2/cache/org.log4s/log4s_2.10/jars/log4s_2.10-1.1.3.jar
7f109a62f000-7f109a631000 r--s 0000c000 08:05 12465115                   /root/.ivy2/cache/org.http4s/http4s-websocket_2.10/jars/http4s-websocket_2.10-0.1.1.jar
7f109a631000-7f109a633000 r--s 00003000 08:05 12465113                   /root/.ivy2/cache/net.iharder/base64/jars/base64-2.3.8.jar
7f109a633000-7f109a64c000 r--s 0015f000 08:05 12465111                   /root/.ivy2/cache/org.http4s/http4s-core_2.10/jars/http4s-core_2.10-0.7.0.jar
7f109a64c000-7f109a84c000 rw-p 00000000 00:00 0 
7f109a84c000-7f109a8be000 r--s 0065b000 08:05 10761245                   /root/.ivy2/cache/org.scala-lang/scala-library/jars/scala-library-2.10.5.jar
7f109a8be000-7f109a8c3000 r--s 00031000 08:05 12465069                   /root/.ivy2/cache/org.http4s/http4s-dsl_2.10/jars/http4s-dsl_2.10-0.7.0.jar
7f109a8c3000-7f109a8c8000 r--s 00045000 08:05 12465099                   /root/.ivy2/cache/com.googlecode.efficient-java-matrix-library/ejml/jars/ejml-0.23.jar
7f109a8c8000-7f109a8cc000 r--s 00015000 08:05 12465109                   /root/.ivy2/cache/javax.xml.bind/jaxb-api/jars/jaxb-api-2.2.7.jar
7f109a8cc000-7f109a8d1000 r--s 0002d000 08:05 12465097                   /root/.ivy2/cache/de.jollyday/jollyday/jars/jollyday-0.4.7.jar
7f109a8d1000-7f109a8ef000 r--s 0027d000 08:05 12465107                   /root/.ivy2/cache/xalan/xalan/jars/xalan-2.7.0.jar
7f109a8ef000-7f109a906000 r--s 00110000 08:05 12465105                   /root/.ivy2/cache/xerces/xercesImpl/jars/xercesImpl-2.8.0.jar
7f109a906000-7f109a90e000 r--s 00028000 08:05 12465103                   /root/.ivy2/cache/xml-apis/xml-apis/jars/xml-apis-1.3.03.jar
7f109a90e000-7f109a915000 r--s 00046000 08:05 12465095                   /root/.ivy2/cache/com.io7m.xom/xom/jars/xom-1.2.10.jar
7f109a915000-7f109a958000 r--s 00577000 08:05 12465067                   /root/.ivy2/cache/edu.stanford.nlp/stanford-corenlp/jars/stanford-corenlp-3.5.1.jar
7f109a958000-7f109a95b000 r--s 11dbb000 08:05 12465066                   /root/.ivy2/cache/edu.stanford.nlp/stanford-corenlp/jars/stanford-corenlp-3.5.1-models.jar
7f109a95b000-7f109a95f000 r--s 0001b000 08:05 12465064                   /root/.ivy2/cache/com.github.scopt/scopt_2.10/jars/scopt_2.10-3.2.0.jar
7f109a95f000-7f109a970000 r--s 000c3000 08:05 12465089                   /root/.ivy2/cache/com.fasterxml.jackson.core/jackson-databind/jars/jackson-databind-2.2.2.jar
7f109a970000-7f109a973000 r--s 0002c000 08:05 12465087                   /root/.ivy2/cache/com.fasterxml.jackson.core/jackson-core/jars/jackson-core-2.2.2.jar
7f109a973000-7f109a976000 r--s 00006000 08:05 12465085                   /root/.ivy2/cache/com.fasterxml.jackson.core/jackson-annotations/jars/jackson-annotations-2.2.2.jar
7f109a976000-7f109a986000 r--s 0007d000 08:05 12465081                   /root/.ivy2/cache/joda-time/joda-time/jars/joda-time-2.2.jar
7f109a986000-7f109a98e000 r--s 00052000 08:05 12465077                   /root/.ivy2/cache/com.typesafe.play/play-functional_2.10/jars/play-functional_2.10-2.2.1.jar
7f109a98e000-7f109a997000 r--s 00096000 08:05 12465091                   /root/.ivy2/cache/org.scala-stm/scala-stm_2.10/jars/scala-stm_2.10-0.7.jar
7f109a997000-7f109a9a8000 r--s 0009e000 08:05 12465075                   /root/.ivy2/cache/com.typesafe.play/play-iteratees_2.10/jars/play-iteratees_2.10-2.2.1.jar
7f109a9a8000-7f109a9b4000 r--s 0008e000 08:05 12465062                   /root/.ivy2/cache/com.typesafe.play/play-json_2.10/jars/play-json_2.10-2.2.1.jar
7f109a9b4000-7f109a9be000 r--s 00116000 08:05 2627414                    /usr/lib/jvm/java-8-openjdk-amd64/jre/lib/ext/localedata.jar
7f109a9be000-7f109a9d9000 r--s 00394000 08:05 2627412                    /usr/lib/jvm/java-8-openjdk-amd64/jre/lib/ext/cldrdata.jar
7f109a9d9000-7f109a9f4000 r--s 001d6000 08:05 2627413                    /usr/lib/jvm/java-8-openjdk-amd64/jre/lib/ext/nashorn.jar
7f109a9f4000-7f109a9f5000 ---p 00000000 00:00 0 
7f109a9f5000-7f109aaf5000 rw-p 00000000 00:00 0 
7f109aaf5000-7f109aaf8000 ---p 00000000 00:00 0 
7f109aaf8000-7f109abf6000 rw-p 00000000 00:00 0 
7f109abf6000-7f109abf9000 ---p 00000000 00:00 0 
7f109abf9000-7f109acf7000 rw-p 00000000 00:00 0 
7f109acf7000-7f109acfa000 ---p 00000000 00:00 0 
7f109acfa000-7f109adf8000 rw-p 00000000 00:00 0 
7f109adf8000-7f109adfb000 ---p 00000000 00:00 0 
7f109adfb000-7f109aef9000 rw-p 00000000 00:00 0 
7f109aef9000-7f109aefc000 ---p 00000000 00:00 0 
7f109aefc000-7f109affa000 rw-p 00000000 00:00 0 
7f109affa000-7f109b2d2000 r--p 00000000 08:05 10637776                   /usr/lib/locale/locale-archive
7f109b2d2000-7f109b2d5000 ---p 00000000 00:00 0 
7f109b2d5000-7f109b3d3000 rw-p 00000000 00:00 0 
7f109b3d3000-7f109b3d6000 ---p 00000000 00:00 0 
7f109b3d6000-7f109b4d4000 rw-p 00000000 00:00 0 
7f109b4d4000-7f109b4d5000 ---p 00000000 00:00 0 
7f109b4d5000-7f109c000000 rw-p 00000000 00:00 0 
7f109c000000-7f109c1d5000 rw-p 00000000 00:00 0 
7f109c1d5000-7f10a0000000 ---p 00000000 00:00 0 
7f10a0000000-7f10a0833000 rw-p 00000000 00:00 0 
7f10a0833000-7f10a4000000 ---p 00000000 00:00 0 
7f10a4000000-7f10a47cd000 rw-p 00000000 00:00 0 
7f10a47cd000-7f10a8000000 ---p 00000000 00:00 0 
7f10a8000000-7f10a8002000 r--s 00008000 08:05 12465083                   /root/.ivy2/cache/org.joda/joda-convert/jars/joda-convert-1.3.1.jar
7f10a8002000-7f10a8006000 r--s 0002a000 08:05 12465093                   /root/.ivy2/cache/com.typesafe/config/bundles/config-1.0.2.jar
7f10a8006000-7f10a85bc000 rw-p 00000000 00:00 0 
7f10a85bc000-7f10a878a000 r--s 03c13000 08:05 2495471                    /usr/lib/jvm/java-8-openjdk-amd64/jre/lib/rt.jar
7f10a878a000-7f10b1000000 rw-p 00000000 00:00 0 
7f10b1000000-7f10b16e0000 rwxp 00000000 00:00 0 
7f10b16e0000-7f10c0000000 ---p 00000000 00:00 0 
7f10c0000000-7f10c08b1000 rw-p 00000000 00:00 0 
7f10c08b1000-7f10c4000000 ---p 00000000 00:00 0 
7f10c4000000-7f10c4001000 r--s 00004000 08:05 12465101                   /root/.ivy2/cache/javax.json/javax.json-api/bundles/javax.json-api-1.0.jar
7f10c4001000-7f10c4009000 r--s 00051000 08:05 12465073                   /root/.ivy2/cache/ch.qos.logback/logback-core/jars/logback-core-1.0.7.jar
7f10c4009000-7f10c482a000 rw-p 00000000 00:00 0 
7f10c482a000-7f10c482b000 ---p 00000000 00:00 0 
7f10c482b000-7f10c492b000 rw-p 00000000 00:00 0 
7f10c492b000-7f10c492c000 ---p 00000000 00:00 0 
7f10c492c000-7f10c4a2c000 rw-p 00000000 00:00 0 
7f10c4a2c000-7f10c4a2d000 ---p 00000000 00:00 0 
7f10c4a2d000-7f10c4b2d000 rw-p 00000000 00:00 0 
7f10c4b2d000-7f10c4b2e000 ---p 00000000 00:00 0 
7f10c4b2e000-7f10c4dfe000 rw-p 00000000 00:00 0 
7f10c4dfe000-7f10c5184000 ---p 00000000 00:00 0 
7f10c5184000-7f10c5354000 rw-p 00000000 00:00 0 
7f10c5354000-7f10c56d9000 ---p 00000000 00:00 0 
7f10c56d9000-7f10c58f7000 rw-p 00000000 00:00 0 
7f10c58f7000-7f10c5984000 ---p 00000000 00:00 0 
7f10c5984000-7f10c59a1000 rw-p 00000000 00:00 0 
7f10c59a1000-7f10c5d45000 ---p 00000000 00:00 0 
7f10c5d45000-7f10c5d4d000 r-xp 00000000 08:05 2627437                    /usr/lib/jvm/java-8-openjdk-amd64/jre/lib/amd64/libzip.so
7f10c5d4d000-7f10c5f4c000 ---p 00008000 08:05 2627437                    /usr/lib/jvm/java-8-openjdk-amd64/jre/lib/amd64/libzip.so
7f10c5f4c000-7f10c5f4d000 r--p 00007000 08:05 2627437                    /usr/lib/jvm/java-8-openjdk-amd64/jre/lib/amd64/libzip.so
7f10c5f4d000-7f10c5f4e000 rw-p 00008000 08:05 2627437                    /usr/lib/jvm/java-8-openjdk-amd64/jre/lib/amd64/libzip.so
7f10c5f4e000-7f10c5f59000 r-xp 00000000 08:05 5767223                    /lib/x86_64-linux-gnu/libnss_files-2.23.so
7f10c5f59000-7f10c6158000 ---p 0000b000 08:05 5767223                    /lib/x86_64-linux-gnu/libnss_files-2.23.so
7f10c6158000-7f10c6159000 r--p 0000a000 08:05 5767223                    /lib/x86_64-linux-gnu/libnss_files-2.23.so
7f10c6159000-7f10c615a000 rw-p 0000b000 08:05 5767223                    /lib/x86_64-linux-gnu/libnss_files-2.23.so
7f10c615a000-7f10c6160000 rw-p 00000000 00:00 0 
7f10c6160000-7f10c616b000 r-xp 00000000 08:05 5767227                    /lib/x86_64-linux-gnu/libnss_nis-2.23.so
7f10c616b000-7f10c636a000 ---p 0000b000 08:05 5767227                    /lib/x86_64-linux-gnu/libnss_nis-2.23.so
7f10c636a000-7f10c636b000 r--p 0000a000 08:05 5767227                    /lib/x86_64-linux-gnu/libnss_nis-2.23.so
7f10c636b000-7f10c636c000 rw-p 0000b000 08:05 5767227                    /lib/x86_64-linux-gnu/libnss_nis-2.23.so
7f10c636c000-7f10c6382000 r-xp 00000000 08:05 5767204                    /lib/x86_64-linux-gnu/libnsl-2.23.so
7f10c6382000-7f10c6581000 ---p 00016000 08:05 5767204                    /lib/x86_64-linux-gnu/libnsl-2.23.so
7f10c6581000-7f10c6582000 r--p 00015000 08:05 5767204                    /lib/x86_64-linux-gnu/libnsl-2.23.so
7f10c6582000-7f10c6583000 rw-p 00016000 08:05 5767204                    /lib/x86_64-linux-gnu/libnsl-2.23.so
7f10c6583000-7f10c6585000 rw-p 00000000 00:00 0 
7f10c6585000-7f10c658d000 r-xp 00000000 08:05 5767233                    /lib/x86_64-linux-gnu/libnss_compat-2.23.so
7f10c658d000-7f10c678c000 ---p 00008000 08:05 5767233                    /lib/x86_64-linux-gnu/libnss_compat-2.23.so
7f10c678c000-7f10c678d000 r--p 00007000 08:05 5767233                    /lib/x86_64-linux-gnu/libnss_compat-2.23.so
7f10c678d000-7f10c678e000 rw-p 00008000 08:05 5767233                    /lib/x86_64-linux-gnu/libnss_compat-2.23.so
7f10c678e000-7f10c67bb000 r-xp 00000000 08:05 2627452                    /usr/lib/jvm/java-8-openjdk-amd64/jre/lib/amd64/libjava.so
7f10c67bb000-7f10c69ba000 ---p 0002d000 08:05 2627452                    /usr/lib/jvm/java-8-openjdk-amd64/jre/lib/amd64/libjava.so
7f10c69ba000-7f10c69bb000 r--p 0002c000 08:05 2627452                    /usr/lib/jvm/java-8-openjdk-amd64/jre/lib/amd64/libjava.so
7f10c69bb000-7f10c69bd000 rw-p 0002d000 08:05 2627452                    /usr/lib/jvm/java-8-openjdk-amd64/jre/lib/amd64/libjava.so
7f10c69bd000-7f10c69cc000 r-xp 00000000 08:05 2627431                    /usr/lib/jvm/java-8-openjdk-amd64/jre/lib/amd64/libverify.so
7f10c69cc000-7f10c6bcb000 ---p 0000f000 08:05 2627431                    /usr/lib/jvm/java-8-openjdk-amd64/jre/lib/amd64/libverify.so
7f10c6bcb000-7f10c6bcd000 r--p 0000e000 08:05 2627431                    /usr/lib/jvm/java-8-openjdk-amd64/jre/lib/amd64/libverify.so
7f10c6bcd000-7f10c6bce000 rw-p 00010000 08:05 2627431                    /usr/lib/jvm/java-8-openjdk-amd64/jre/lib/amd64/libverify.so
7f10c6bce000-7f10c6bd5000 r-xp 00000000 08:05 5767229                    /lib/x86_64-linux-gnu/librt-2.23.so
7f10c6bd5000-7f10c6dd4000 ---p 00007000 08:05 5767229                    /lib/x86_64-linux-gnu/librt-2.23.so
7f10c6dd4000-7f10c6dd5000 r--p 00006000 08:05 5767229                    /lib/x86_64-linux-gnu/librt-2.23.so
7f10c6dd5000-7f10c6dd6000 rw-p 00007000 08:05 5767229                    /lib/x86_64-linux-gnu/librt-2.23.so
7f10c6dd6000-7f10c6dec000 r-xp 00000000 08:05 5771737                    /lib/x86_64-linux-gnu/libgcc_s.so.1
7f10c6dec000-7f10c6feb000 ---p 00016000 08:05 5771737                    /lib/x86_64-linux-gnu/libgcc_s.so.1
7f10c6feb000-7f10c6fec000 rw-p 00015000 08:05 5771737                    /lib/x86_64-linux-gnu/libgcc_s.so.1
7f10c6fec000-7f10c70f4000 r-xp 00000000 08:05 5767238                    /lib/x86_64-linux-gnu/libm-2.23.so
7f10c70f4000-7f10c72f3000 ---p 00108000 08:05 5767238                    /lib/x86_64-linux-gnu/libm-2.23.so
7f10c72f3000-7f10c72f4000 r--p 00107000 08:05 5767238                    /lib/x86_64-linux-gnu/libm-2.23.so
7f10c72f4000-7f10c72f5000 rw-p 00108000 08:05 5767238                    /lib/x86_64-linux-gnu/libm-2.23.so
7f10c72f5000-7f10c7467000 r-xp 00000000 08:05 10619009                   /usr/lib/x86_64-linux-gnu/libstdc++.so.6.0.21
7f10c7467000-7f10c7667000 ---p 00172000 08:05 10619009                   /usr/lib/x86_64-linux-gnu/libstdc++.so.6.0.21
7f10c7667000-7f10c7671000 r--p 00172000 08:05 10619009                   /usr/lib/x86_64-linux-gnu/libstdc++.so.6.0.21
7f10c7671000-7f10c7673000 rw-p 0017c000 08:05 10619009                   /usr/lib/x86_64-linux-gnu/libstdc++.so.6.0.21
7f10c7673000-7f10c7677000 rw-p 00000000 00:00 0 
7f10c7677000-7f10c82cb000 r-xp 00000000 08:05 2627436                    /usr/lib/jvm/java-8-openjdk-amd64/jre/lib/amd64/server/libjvm.so
7f10c82cb000-7f10c84cb000 ---p 00c54000 08:05 2627436                    /usr/lib/jvm/java-8-openjdk-amd64/jre/lib/amd64/server/libjvm.so
7f10c84cb000-7f10c855e000 r--p 00c54000 08:05 2627436                    /usr/lib/jvm/java-8-openjdk-amd64/jre/lib/amd64/server/libjvm.so
7f10c855e000-7f10c8587000 rw-p 00ce7000 08:05 2627436                    /usr/lib/jvm/java-8-openjdk-amd64/jre/lib/amd64/server/libjvm.so
7f10c8587000-7f10c85b7000 rw-p 00000000 00:00 0 
7f10c85b7000-7f10c85cf000 r-xp 00000000 08:05 5767226                    /lib/x86_64-linux-gnu/libpthread-2.23.so
7f10c85cf000-7f10c87ce000 ---p 00018000 08:05 5767226                    /lib/x86_64-linux-gnu/libpthread-2.23.so
7f10c87ce000-7f10c87cf000 r--p 00017000 08:05 5767226                    /lib/x86_64-linux-gnu/libpthread-2.23.so
7f10c87cf000-7f10c87d0000 rw-p 00018000 08:05 5767226                    /lib/x86_64-linux-gnu/libpthread-2.23.so
7f10c87d0000-7f10c87d4000 rw-p 00000000 00:00 0 
7f10c87d4000-7f10c87d7000 r-xp 00000000 08:05 5767232                    /lib/x86_64-linux-gnu/libdl-2.23.so
7f10c87d7000-7f10c89d6000 ---p 00003000 08:05 5767232                    /lib/x86_64-linux-gnu/libdl-2.23.so
7f10c89d6000-7f10c89d7000 r--p 00002000 08:05 5767232                    /lib/x86_64-linux-gnu/libdl-2.23.so
7f10c89d7000-7f10c89d8000 rw-p 00003000 08:05 5767232                    /lib/x86_64-linux-gnu/libdl-2.23.so
7f10c89d8000-7f10c89f1000 r-xp 00000000 08:05 5774672                    /lib/x86_64-linux-gnu/libz.so.1.2.8
7f10c89f1000-7f10c8bf0000 ---p 00019000 08:05 5774672                    /lib/x86_64-linux-gnu/libz.so.1.2.8
7f10c8bf0000-7f10c8bf1000 r--p 00018000 08:05 5774672                    /lib/x86_64-linux-gnu/libz.so.1.2.8
7f10c8bf1000-7f10c8bf2000 rw-p 00019000 08:05 5774672                    /lib/x86_64-linux-gnu/libz.so.1.2.8
7f10c8bf2000-7f10c8db2000 r-xp 00000000 08:05 5767999                    /lib/x86_64-linux-gnu/libc-2.23.so
7f10c8db2000-7f10c8fb2000 ---p 001c0000 08:05 5767999                    /lib/x86_64-linux-gnu/libc-2.23.so
7f10c8fb2000-7f10c8fb6000 r--p 001c0000 08:05 5767999                    /lib/x86_64-linux-gnu/libc-2.23.so
7f10c8fb6000-7f10c8fb8000 rw-p 001c4000 08:05 5767999                    /lib/x86_64-linux-gnu/libc-2.23.so
7f10c8fb8000-7f10c8fbc000 rw-p 00000000 00:00 0 
7f10c8fbc000-7f10c8fc9000 r-xp 00000000 08:05 2627429                    /usr/lib/jvm/java-8-openjdk-amd64/jre/lib/amd64/jli/libjli.so
7f10c8fc9000-7f10c91c9000 ---p 0000d000 08:05 2627429                    /usr/lib/jvm/java-8-openjdk-amd64/jre/lib/amd64/jli/libjli.so
7f10c91c9000-7f10c91ca000 r--p 0000d000 08:05 2627429                    /usr/lib/jvm/java-8-openjdk-amd64/jre/lib/amd64/jli/libjli.so
7f10c91ca000-7f10c91cb000 rw-p 0000e000 08:05 2627429                    /usr/lib/jvm/java-8-openjdk-amd64/jre/lib/amd64/jli/libjli.so
7f10c91cb000-7f10c91f1000 r-xp 00000000 08:05 5767205                    /lib/x86_64-linux-gnu/ld-2.23.so
7f10c91f1000-7f10c91f2000 r--s 00001000 08:05 12465079                   /root/.ivy2/cache/com.typesafe.play/play-datacommons_2.10/jars/play-datacommons_2.10-2.2.1.jar
7f10c91f2000-7f10c91f8000 r--s 00038000 08:05 12465060                   /root/.ivy2/cache/ch.qos.logback/logback-classic/jars/logback-classic-1.0.7.jar
7f10c91f8000-7f10c92cb000 rw-p 00000000 00:00 0 
7f10c92cb000-7f10c92ce000 ---p 00000000 00:00 0 
7f10c92ce000-7f10c93d1000 rw-p 00000000 00:00 0 
7f10c93d1000-7f10c93d2000 r--s 24ee7000 08:05 11676421                   /root/deepdive-0.8-STABLE/examples/spouse/udf/bazaar/parser/lib/stanford-srparser-2014-10-23-models.jar
7f10c93d2000-7f10c93d4000 r--s 00001000 08:05 2627420                    /usr/lib/jvm/java-8-openjdk-amd64/jre/lib/ext/dnsns.jar
7f10c93d4000-7f10c93d9000 r--s 0003b000 08:05 2627422                    /usr/lib/jvm/java-8-openjdk-amd64/jre/lib/ext/sunjce_provider.jar
7f10c93d9000-7f10c93da000 r--s 00010000 08:05 2627425                    /usr/lib/jvm/java-8-openjdk-amd64/jre/lib/ext/zipfs.jar
7f10c93da000-7f10c93db000 r--s 0000a000 08:05 2627421                    /usr/lib/jvm/java-8-openjdk-amd64/jre/lib/ext/jaccess.jar
7f10c93db000-7f10c93de000 r--s 0000f000 08:05 2627423                    /usr/lib/jvm/java-8-openjdk-amd64/jre/lib/ext/icedtea-sound.jar
7f10c93de000-7f10c93e0000 r--s 00008000 08:05 2627424                    /usr/lib/jvm/java-8-openjdk-amd64/jre/lib/ext/sunec.jar
7f10c93e0000-7f10c93e4000 r--s 00037000 08:05 2627415                    /usr/lib/jvm/java-8-openjdk-amd64/jre/lib/ext/sunpkcs11.jar
7f10c93e4000-7f10c93ec000 rw-s 00000000 08:05 9961507                    /tmp/hsperfdata_root/10011
7f10c93ec000-7f10c93ed000 rw-p 00000000 00:00 0 
7f10c93ed000-7f10c93ee000 ---p 00000000 00:00 0 
7f10c93ee000-7f10c93f0000 rw-p 00000000 00:00 0 
7f10c93f0000-7f10c93f1000 r--p 00025000 08:05 5767205                    /lib/x86_64-linux-gnu/ld-2.23.so
7f10c93f1000-7f10c93f2000 rw-p 00026000 08:05 5767205                    /lib/x86_64-linux-gnu/ld-2.23.so
7f10c93f2000-7f10c93f3000 rw-p 00000000 00:00 0 
7ffd8ecde000-7ffd8ed00000 rw-p 00000000 00:00 0                          [stack]
7ffd8ed66000-7ffd8ed68000 r--p 00000000 00:00 0                          [vvar]
7ffd8ed68000-7ffd8ed6a000 r-xp 00000000 00:00 0                          [vdso]
ffffffffff600000-ffffffffff601000 r-xp 00000000 00:00 0                  [vsyscall]

VM Arguments:
jvm_args: -Xmx4g -Dfile.encoding=UTF-8 
java_command: com.clearcut.nlp.Main -i json -k doc_id -v content
java_class_path (initial): /root/deepdive-0.8-STABLE/examples/spouse/udf/bazaar/parser/target/../target/scala-2.10/classes:/root/deepdive-0.8-STABLE/examples/spouse/udf/bazaar/parser/target/../lib/stanford-srparser-2014-10-23-models.jar:/root/deepdive-0.8-STABLE/examples/spouse/udf/bazaar/parser/target/../lib/stanford-srparser-2014-10-23-models.jar:/root/.ivy2/cache/ch.qos.logback/logback-classic/jars/logback-classic-1.0.7.jar:/root/.ivy2/cache/ch.qos.logback/logback-core/jars/logback-core-1.0.7.jar:/root/.ivy2/cache/com.typesafe.play/play-json_2.10/jars/play-json_2.10-2.2.1.jar:/root/.ivy2/cache/com.typesafe.play/play-iteratees_2.10/jars/play-iteratees_2.10-2.2.1.jar:/root/.ivy2/cache/org.scala-stm/scala-stm_2.10/jars/scala-stm_2.10-0.7.jar:/root/.ivy2/cache/com.typesafe/config/bundles/config-1.0.2.jar:/root/.ivy2/cache/com.typesafe.play/play-functional_2.10/jars/play-functional_2.10-2.2.1.jar:/root/.ivy2/cache/com.typesafe.play/play-datacommons_2.10/jars/play-datacommons_2.10-2.2.1.jar:/root/.ivy2/cache/joda-time/joda-time/jars/joda-time-2.2.jar:/root/.ivy2/cache/org.joda/joda-convert/jars/joda-convert-1.3.1.jar:/root/.ivy2/cache/com.fasterxml.jackson.core/jackson-annotations/jars/jackson-annotations-2.2.2.jar:/root/.ivy2/cache/com.fasterxml.jackson.core/jackson-core/jars/jackson-core-2.2.2.jar:/root/.ivy2/cache/com.fasterxml.jackson.core/jackson-databind/jars/jackson-databind-2.2.2.jar:/root/.ivy2/cache/com.github.scopt/scopt_2.10/jars/scopt_2.10-3.2.0.jar:/root/.ivy2/cache/edu.stanford.nlp/stanford-corenlp/jars/stanford-corenlp-3.5.1-models.jar:/root/.ivy2/cache/edu.stanford.nlp/stanford-corenlp/jars/stanford-corenlp-3.5.1.jar:/root/.ivy2/cache/com.io7m.xom/xom/jars/xom-1.2.10.jar:/root/.ivy2/cache/xml-apis/xml-apis/jars/xml-apis-1.3.03.jar:/root/.ivy2/cache/xerces/xercesImpl/jars/xercesImpl-2.8.0.jar:/root/.ivy2/cache/xalan/xalan/jars/xalan-2.7.0.jar:/root/.ivy2/cache/de.jollyday/jollyday/jars/jollyday-0.4.7.jar:/root/.ivy2/cache/javax.xml.bind/jaxb-api/jars/
Launcher Type: SUN_STANDARD

Environment Variables:
PATH=/root/local/util/db-driver/postgresql:/root/local/util/db-driver/postgresql:/root/local/util/compute-driver/local:/root/local/util/db-driver/postgresql:/root/local/util/db-driver/postgresql:/root/local/util:/root/local/bin:/root/local/lib/bundled/.all/bin:/usr/local/sbin:/usr/local/bin:/usr/sbin:/usr/bin:/sbin:/bin:/snap/bin:/snap/bin:/root/local/bin
USERNAME=root
SHELL=/bin/bash
DISPLAY=:0

Signal Handlers:
SIGSEGV: [libjvm.so+0xa6ad10], sa_mask[0]=11111111011111111101111111111110, sa_flags=SA_RESTART|SA_SIGINFO
SIGBUS: [libjvm.so+0xa6ad10], sa_mask[0]=11111111011111111101111111111110, sa_flags=SA_RESTART|SA_SIGINFO
SIGFPE: [libjvm.so+0x8b3bc0], sa_mask[0]=11111111011111111101111111111110, sa_flags=SA_RESTART|SA_SIGINFO
SIGPIPE: [libjvm.so+0x8b3bc0], sa_mask[0]=11111111011111111101111111111110, sa_flags=SA_RESTART|SA_SIGINFO
SIGXFSZ: [libjvm.so+0x8b3bc0], sa_mask[0]=11111111011111111101111111111110, sa_flags=SA_RESTART|SA_SIGINFO
SIGILL: [libjvm.so+0x8b3bc0], sa_mask[0]=11111111011111111101111111111110, sa_flags=SA_RESTART|SA_SIGINFO
SIGUSR1: SIG_DFL, sa_mask[0]=00000000000000000000000000000000, sa_flags=none
SIGUSR2: [libjvm.so+0x8b3a70], sa_mask[0]=00000000000000000000000000000000, sa_flags=SA_RESTART|SA_SIGINFO
SIGHUP: [libjvm.so+0x8b3f40], sa_mask[0]=11111111011111111101111111111110, sa_flags=SA_RESTART|SA_SIGINFO
SIGINT: SIG_IGN, sa_mask[0]=00000000000000000000000000000000, sa_flags=none
SIGTERM: [libjvm.so+0x8b3f40], sa_mask[0]=11111111011111111101111111111110, sa_flags=SA_RESTART|SA_SIGINFO
SIGQUIT: [libjvm.so+0x8b3f40], sa_mask[0]=11111111011111111101111111111110, sa_flags=SA_RESTART|SA_SIGINFO


---------------  S Y S T E M  ---------------

OS:DISTRIB_ID=Ubuntu
DISTRIB_RELEASE=16.04
DISTRIB_CODENAME=xenial
DISTRIB_DESCRIPTION="Ubuntu 16.04.2 LTS"

uname:Linux 4.4.0-87-generic #110-Ubuntu SMP Tue Jul 18 12:55:35 UTC 2017 x86_64
libc:glibc 2.23 NPTL 2.23 
rlimit: STACK 8192k, CORE 0k, NPROC 31306, NOFILE 65536, AS infinity
load average:23.67 8.73 3.38

/proc/meminfo:
MemTotal:        8055072 kB
MemFree:         2225868 kB
MemAvailable:    2131288 kB
Buffers:            2120 kB
Cached:           284140 kB
SwapCached:            0 kB
Active:          5384032 kB
Inactive:         270424 kB
Active(anon):    5380036 kB
Inactive(anon):   226244 kB
Active(file):       3996 kB
Inactive(file):    44180 kB
Unevictable:          32 kB
Mlocked:              32 kB
SwapTotal:             0 kB
SwapFree:              0 kB
Dirty:                20 kB
Writeback:             0 kB
AnonPages:       5368952 kB
Mapped:           115352 kB
Shmem:            237388 kB
Slab:              70388 kB
SReclaimable:      32480 kB
SUnreclaim:        37908 kB
KernelStack:        9136 kB
PageTables:        45828 kB
NFS_Unstable:          0 kB
Bounce:                0 kB
WritebackTmp:          0 kB
CommitLimit:     4027536 kB
Committed_AS:    9976396 kB
VmallocTotal:   34359738367 kB
VmallocUsed:           0 kB
VmallocChunk:          0 kB
HardwareCorrupted:     0 kB
AnonHugePages:   3649536 kB
CmaTotal:              0 kB
CmaFree:               0 kB
HugePages_Total:       0
HugePages_Free:        0
HugePages_Rsvd:        0
HugePages_Surp:        0
Hugepagesize:       2048 kB
DirectMap4k:      154436 kB
DirectMap2M:     3919872 kB
DirectMap1G:     5242880 kB


CPU:total 4 (initial active 4) (4 cores per cpu, 1 threads per core) family 6 model 94 stepping 3, cmov, cx8, fxsr, mmx, sse, sse2, sse3, ssse3, sse4.1, sse4.2, popcnt, avx, avx2, aes, clmul, erms, rtm, 3dnowpref, lzcnt, tsc, tscinvbit, bmi1, bmi2, adx

/proc/cpuinfo:
processor	: 0
vendor_id	: GenuineIntel
cpu family	: 6
model		: 94
model name	: Intel(R) Core(TM) i5-6500 CPU @ 3.20GHz
stepping	: 3
microcode	: 0x74
cpu MHz		: 893.625
cache size	: 6144 KB
physical id	: 0
siblings	: 4
core id		: 0
cpu cores	: 4
apicid		: 0
initial apicid	: 0
fpu		: yes
fpu_exception	: yes
cpuid level	: 22
wp		: yes
flags		: fpu vme de pse tsc msr pae mce cx8 apic sep mtrr pge mca cmov pat pse36 clflush dts acpi mmx fxsr sse sse2 ss ht tm pbe syscall nx pdpe1gb rdtscp lm constant_tsc art arch_perfmon pebs bts rep_good nopl xtopology nonstop_tsc aperfmperf eagerfpu pni pclmulqdq dtes64 monitor ds_cpl vmx smx est tm2 ssse3 sdbg fma cx16 xtpr pdcm pcid sse4_1 sse4_2 x2apic movbe popcnt tsc_deadline_timer aes xsave avx f16c rdrand lahf_lm abm 3dnowprefetch epb intel_pt tpr_shadow vnmi flexpriority ept vpid fsgsbase tsc_adjust bmi1 hle avx2 smep bmi2 erms invpcid rtm mpx rdseed adx smap clflushopt xsaveopt xsavec xgetbv1 dtherm ida arat pln pts hwp hwp_notify hwp_act_window hwp_epp
bugs		:
bogomips	: 6384.14
clflush size	: 64
cache_alignment	: 64
address sizes	: 39 bits physical, 48 bits virtual
power management:

processor	: 1
vendor_id	: GenuineIntel
cpu family	: 6
model		: 94
model name	: Intel(R) Core(TM) i5-6500 CPU @ 3.20GHz
stepping	: 3
microcode	: 0x74
cpu MHz		: 887.000
cache size	: 6144 KB
physical id	: 0
siblings	: 4
core id		: 1
cpu cores	: 4
apicid		: 2
initial apicid	: 2
fpu		: yes
fpu_exception	: yes
cpuid level	: 22
wp		: yes
flags		: fpu vme de pse tsc msr pae mce cx8 apic sep mtrr pge mca cmov pat pse36 clflush dts acpi mmx fxsr sse sse2 ss ht tm pbe syscall nx pdpe1gb rdtscp lm constant_tsc art arch_perfmon pebs bts rep_good nopl xtopology nonstop_tsc aperfmperf eagerfpu pni pclmulqdq dtes64 monitor ds_cpl vmx smx est tm2 ssse3 sdbg fma cx16 xtpr pdcm pcid sse4_1 sse4_2 x2apic movbe popcnt tsc_deadline_timer aes xsave avx f16c rdrand lahf_lm abm 3dnowprefetch epb intel_pt tpr_shadow vnmi flexpriority ept vpid fsgsbase tsc_adjust bmi1 hle avx2 smep bmi2 erms invpcid rtm mpx rdseed adx smap clflushopt xsaveopt xsavec xgetbv1 dtherm ida arat pln pts hwp hwp_notify hwp_act_window hwp_epp
bugs		:
bogomips	: 6384.14
clflush size	: 64
cache_alignment	: 64
address sizes	: 39 bits physical, 48 bits virtual
power management:

processor	: 2
vendor_id	: GenuineIntel
cpu family	: 6
model		: 94
model name	: Intel(R) Core(TM) i5-6500 CPU @ 3.20GHz
stepping	: 3
microcode	: 0x74
cpu MHz		: 895.625
cache size	: 6144 KB
physical id	: 0
siblings	: 4
core id		: 2
cpu cores	: 4
apicid		: 4
initial apicid	: 4
fpu		: yes
fpu_exception	: yes
cpuid level	: 22
wp		: yes
flags		: fpu vme de pse tsc msr pae mce cx8 apic sep mtrr pge mca cmov pat pse36 clflush dts acpi mmx fxsr sse sse2 ss ht tm pbe syscall nx pdpe1gb rdtscp lm constant_tsc art arch_perfmon pebs bts rep_good nopl xtopology nonstop_tsc aperfmperf eagerfpu pni pclmulqdq dtes64 monitor ds_cpl vmx smx est tm2 ssse3 sdbg fma cx16 xtpr pdcm pcid sse4_1 sse4_2 x2apic movbe popcnt tsc_deadline_timer aes xsave avx f16c rdrand lahf_lm abm 3dnowprefetch epb intel_pt tpr_shadow vnmi flexpriority ept vpid fsgsbase tsc_adjust bmi1 hle avx2 smep bmi2 erms invpcid rtm mpx rdseed adx smap clflushopt xsaveopt xsavec xgetbv1 dtherm ida arat pln pts hwp hwp_notify hwp_act_window hwp_epp
bugs		:
bogomips	: 6384.14
clflush size	: 64
cache_alignment	: 64
address sizes	: 39 bits physical, 48 bits virtual
power management:

processor	: 3
vendor_id	: GenuineIntel
cpu family	: 6
model		: 94
model name	: Intel(R) Core(TM) i5-6500 CPU @ 3.20GHz
stepping	: 3
microcode	: 0x74
cpu MHz		: 905.250
cache size	: 6144 KB
physical id	: 0
siblings	: 4
core id		: 3
cpu cores	: 4
apicid		: 6
initial apicid	: 6
fpu		: yes
fpu_exception	: yes
cpuid level	: 22
wp		: yes
flags		: fpu vme de pse tsc msr pae mce cx8 apic sep mtrr pge mca cmov pat pse36 clflush dts acpi mmx fxsr sse sse2 ss ht tm pbe syscall nx pdpe1gb rdtscp lm constant_tsc art arch_perfmon pebs bts rep_good nopl xtopology nonstop_tsc aperfmperf eagerfpu pni pclmulqdq dtes64 monitor ds_cpl vmx smx est tm2 ssse3 sdbg fma cx16 xtpr pdcm pcid sse4_1 sse4_2 x2apic movbe popcnt tsc_deadline_timer aes xsave avx f16c rdrand lahf_lm abm 3dnowprefetch epb intel_pt tpr_shadow vnmi flexpriority ept vpid fsgsbase tsc_adjust bmi1 hle avx2 smep bmi2 erms invpcid rtm mpx rdseed adx smap clflushopt xsaveopt xsavec xgetbv1 dtherm ida arat pln pts hwp hwp_notify hwp_act_window hwp_epp
bugs		:
bogomips	: 6384.14
clflush size	: 64
cache_alignment	: 64
address sizes	: 39 bits physical, 48 bits virtual
power management:



Memory: 4k page, physical 8055072k(2225868k free), swap 0k(0k free)

vm_info: OpenJDK 64-Bit Server VM (25.131-b11) for linux-amd64 JRE (1.8.0_131-8u131-b11-2ubuntu1.16.04.3-b11), built on Jul 28 2017 01:23:32 by "buildd" with gcc 5.4.0 20160609

time: Thu Aug  3 16:48:58 2017
elapsed time: 127 seconds (0d 0h 2m 7s)

