#
# There is insufficient memory for the Java Runtime Environment to continue.
# Native memory allocation (mmap) failed to map 167247872 bytes for committing reserved memory.
# Possible reasons:
#   The system is out of physical RAM or swap space
#   In 32 bit mode, the process size limit was hit
# Possible solutions:
#   Reduce memory load on the system
#   Increase physical memory or swap space
#   Check if swap backing store is full
#   Use 64 bit Java on a 64 bit OS
#   Decrease Java heap size (-Xmx/-Xms)
#   Decrease number of Java threads
#   Decrease Java thread stack sizes (-Xss)
#   Set larger code cache with -XX:ReservedCodeCacheSize=
# This output file may be truncated or incomplete.
#
#  Out of Memory Error (os_linux.cpp:2643), pid=11665, tid=0x00007fbafcd0b700
#
# JRE version: OpenJDK Runtime Environment (8.0_131-b11) (build 1.8.0_131-8u131-b11-2ubuntu1.16.04.3-b11)
# Java VM: OpenJDK 64-Bit Server VM (25.131-b11 mixed mode linux-amd64 compressed oops)
# Failed to write core dump. Core dumps have been disabled. To enable core dumping, try "ulimit -c unlimited" before starting Java again
#

---------------  T H R E A D  ---------------

Current thread (0x00007fbb10079800):  VMThread [stack: 0x00007fbafcc0b000,0x00007fbafcd0c000] [id=11712]

Stack: [0x00007fbafcc0b000,0x00007fbafcd0c000],  sp=0x00007fbafcd0a4c0,  free space=1021k
Native frames: (J=compiled Java code, j=interpreted, Vv=VM code, C=native code)
V  [libjvm.so+0xa6a1bb]
V  [libjvm.so+0x4c5a6c]
V  [libjvm.so+0x8b85a0]
V  [libjvm.so+0x8b2a1e]
V  [libjvm.so+0x92d556]
V  [libjvm.so+0x92e883]
V  [libjvm.so+0x92af33]
V  [libjvm.so+0x92b1fc]
V  [libjvm.so+0x8dd093]
V  [libjvm.so+0xa6be72]
V  [libjvm.so+0xa70f57]
V  [libjvm.so+0xa6e727]
V  [libjvm.so+0xa6fbaf]
V  [libjvm.so+0xa700a1]
V  [libjvm.so+0x8b5a82]

VM_Operation (0x00007fbb16af72d0): ParallelGCFailedAllocation, mode: safepoint, requested by thread 0x00007fbb1000c000


---------------  P R O C E S S  ---------------

Java Threads: ( => current thread )
  0x00007fbb100bb000 JavaThread "Service Thread" daemon [_thread_blocked, id=11732, stack(0x00007fbafc22c000,0x00007fbafc32d000)]
  0x00007fbb100b3800 JavaThread "C1 CompilerThread2" daemon [_thread_blocked, id=11726, stack(0x00007fbafc32d000,0x00007fbafc42e000)]
  0x00007fbb100b1800 JavaThread "C2 CompilerThread1" daemon [_thread_blocked, id=11725, stack(0x00007fbafc42e000,0x00007fbafc52f000)]
  0x00007fbb100af000 JavaThread "C2 CompilerThread0" daemon [_thread_blocked, id=11724, stack(0x00007fbafc52f000,0x00007fbafc630000)]
  0x00007fbb100ad000 JavaThread "Signal Dispatcher" daemon [_thread_blocked, id=11722, stack(0x00007fbafc630000,0x00007fbafc731000)]
  0x00007fbb10085800 JavaThread "Finalizer" daemon [_thread_blocked, id=11717, stack(0x00007fbafca09000,0x00007fbafcb0a000)]
  0x00007fbb10081000 JavaThread "Reference Handler" daemon [_thread_blocked, id=11714, stack(0x00007fbafcb0a000,0x00007fbafcc0b000)]
  0x00007fbb1000c000 JavaThread "main" [_thread_blocked, id=11686, stack(0x00007fbb169f9000,0x00007fbb16afa000)]

Other Threads:
=>0x00007fbb10079800 VMThread [stack: 0x00007fbafcc0b000,0x00007fbafcd0c000] [id=11712]
  0x00007fbb100bd800 WatcherThread [stack: 0x00007fbafc12b000,0x00007fbafc22c000] [id=11733]

VM state:at safepoint (normal execution)

VM Mutex/Monitor currently owned by a thread:  ([mutex/lock_event])
[0x00007fbb100083c0] Threads_lock - owner thread: 0x00007fbb10079800
[0x00007fbb100088c0] Heap_lock - owner thread: 0x00007fbb1000c000

Heap:
 PSYoungGen      total 605696K, used 341472K [0x000000076ab00000, 0x00000007a5d80000, 0x00000007c0000000)
  eden space 264192K, 0% used [0x000000076ab00000,0x000000076ab00000,0x000000077ad00000)
  from space 341504K, 99% used [0x000000077ad00000,0x000000078fa78020,0x000000078fa80000)
  to   space 325632K, 0% used [0x000000078fa80000,0x000000078fa80000,0x00000007a3880000)
 ParOldGen       total 1349632K, used 1036500K [0x00000006c0000000, 0x0000000712600000, 0x000000076ab00000)
  object space 1349632K, 76% used [0x00000006c0000000,0x00000006ff435128,0x0000000712600000)
 Metaspace       used 18117K, capacity 18508K, committed 18688K, reserved 1064960K
  class space    used 2391K, capacity 2508K, committed 2560K, reserved 1048576K

Card table byte_map: [0x00007fbaff7c7000,0x00007fbafffc8000] byte_map_base: 0x00007fbafc1c7000

Marking Bits: (ParMarkBitMap*) 0x00007fbb15cc82c0
 Begin Bits: [0x00007fbad8000000, 0x00007fbadc000000)
 End Bits:   [0x00007fbadc000000, 0x00007fbae0000000)

Polling page: 0x00007fbb16b1b000

CodeCache: size=245760Kb used=6987Kb max_used=7000Kb free=238772Kb
 bounds [0x00007fbb00388000, 0x00007fbb00a68000, 0x00007fbb0f388000]
 total_blobs=2265 nmethods=1890 adapters=289
 compilation: enabled

Compilation events (10 events):
Event: 14.111 Thread 0x00007fbb100b1800 nmethod 1898 0x00007fbb00a51190 code [0x00007fbb00a51300, 0x00007fbb00a51448]
Event: 14.118 Thread 0x00007fbb100af000 nmethod 1885 0x00007fbb00a60ad0 code [0x00007fbb00a60d20, 0x00007fbb00a617b0]
Event: 14.245 Thread 0x00007fbb100b1800 1901       4       java.io.FilterInputStream::read (11 bytes)
Event: 14.246 Thread 0x00007fbb100b1800 nmethod 1901 0x00007fbb00a5ef10 code [0x00007fbb00a5f080, 0x00007fbb00a5f178]
Event: 14.328 Thread 0x00007fbb100b1800 1902       4       java.io.BufferedInputStream::fill (233 bytes)
Event: 14.330 Thread 0x00007fbb100b1800 nmethod 1902 0x00007fbb00a50bd0 code [0x00007fbb00a50d60, 0x00007fbb00a50f18]
Event: 17.823 Thread 0x00007fbb100b1800 1903       4       java.util.zip.InflaterInputStream::available (15 bytes)
Event: 17.824 Thread 0x00007fbb100b1800 nmethod 1903 0x00007fbb00a4c790 code [0x00007fbb00a4c8e0, 0x00007fbb00a4c978]
Event: 18.074 Thread 0x00007fbb100b1800 1904       4       java.util.zip.InflaterInputStream::fill (60 bytes)
Event: 18.077 Thread 0x00007fbb100b1800 nmethod 1904 0x00007fbb00a50190 code [0x00007fbb00a50340, 0x00007fbb00a507e8]

GC Heap History (10 events):
Event: 24.480 GC heap after
Heap after GC invocations=22 (full 5):
 PSYoungGen      total 561152K, used 206006K [0x000000076ab00000, 0x00000007a5a80000, 0x00000007c0000000)
  eden space 203264K, 0% used [0x000000076ab00000,0x000000076ab00000,0x0000000777180000)
  from space 357888K, 57% used [0x0000000777180000,0x0000000783aadb50,0x000000078cf00000)
  to   space 358400K, 0% used [0x000000078fc80000,0x000000078fc80000,0x00000007a5a80000)
 ParOldGen       total 980480K, used 684089K [0x00000006c0000000, 0x00000006fbd80000, 0x000000076ab00000)
  object space 980480K, 69% used [0x00000006c0000000,0x00000006e9c0e598,0x00000006fbd80000)
 Metaspace       used 18117K, capacity 18508K, committed 18688K, reserved 1064960K
  class space    used 2391K, capacity 2508K, committed 2560K, reserved 1048576K
}
Event: 24.761 GC heap before
{Heap before GC invocations=23 (full 5):
 PSYoungGen      total 561152K, used 409270K [0x000000076ab00000, 0x00000007a5a80000, 0x00000007c0000000)
  eden space 203264K, 100% used [0x000000076ab00000,0x0000000777180000,0x0000000777180000)
  from space 357888K, 57% used [0x0000000777180000,0x0000000783aadb50,0x000000078cf00000)
  to   space 358400K, 0% used [0x000000078fc80000,0x000000078fc80000,0x00000007a5a80000)
 ParOldGen       total 980480K, used 684089K [0x00000006c0000000, 0x00000006fbd80000, 0x000000076ab00000)
  object space 980480K, 69% used [0x00000006c0000000,0x00000006e9c0e598,0x00000006fbd80000)
 Metaspace       used 18117K, capacity 18508K, committed 18688K, reserved 1064960K
  class space    used 2391K, capacity 2508K, committed 2560K, reserved 1048576K
Event: 25.877 GC heap after
Heap after GC invocations=23 (full 5):
 PSYoungGen      total 553472K, used 152000K [0x000000076ab00000, 0x00000007a2c00000, 0x00000007c0000000)
  eden space 242688K, 0% used [0x000000076ab00000,0x000000076ab00000,0x0000000779800000)
  from space 310784K, 48% used [0x000000078fc80000,0x00000007990f0030,0x00000007a2c00000)
  to   space 337920K, 0% used [0x0000000779800000,0x0000000779800000,0x000000078e200000)
 ParOldGen       total 980480K, used 845761K [0x00000006c0000000, 0x00000006fbd80000, 0x000000076ab00000)
  object space 980480K, 86% used [0x00000006c0000000,0x00000006f39f0598,0x00000006fbd80000)
 Metaspace       used 18117K, capacity 18508K, committed 18688K, reserved 1064960K
  class space    used 2391K, capacity 2508K, committed 2560K, reserved 1048576K
}
Event: 25.877 GC heap before
{Heap before GC invocations=24 (full 6):
 PSYoungGen      total 553472K, used 152000K [0x000000076ab00000, 0x00000007a2c00000, 0x00000007c0000000)
  eden space 242688K, 0% used [0x000000076ab00000,0x000000076ab00000,0x0000000779800000)
  from space 310784K, 48% used [0x000000078fc80000,0x00000007990f0030,0x00000007a2c00000)
  to   space 337920K, 0% used [0x0000000779800000,0x0000000779800000,0x000000078e200000)
 ParOldGen       total 980480K, used 845761K [0x00000006c0000000, 0x00000006fbd80000, 0x000000076ab00000)
  object space 980480K, 86% used [0x00000006c0000000,0x00000006f39f0598,0x00000006fbd80000)
 Metaspace       used 18117K, capacity 18508K, committed 18688K, reserved 1064960K
  class space    used 2391K, capacity 2508K, committed 2560K, reserved 1048576K
Event: 28.556 GC heap after
Heap after GC invocations=24 (full 6):
 PSYoungGen      total 553472K, used 11146K [0x000000076ab00000, 0x00000007a2c00000, 0x00000007c0000000)
  eden space 242688K, 0% used [0x000000076ab00000,0x000000076ab00000,0x0000000779800000)
  from space 310784K, 3% used [0x000000078fc80000,0x0000000790762b48,0x00000007a2c00000)
  to   space 337920K, 0% used [0x0000000779800000,0x0000000779800000,0x000000078e200000)
 ParOldGen       total 1349632K, used 980164K [0x00000006c0000000, 0x0000000712600000, 0x000000076ab00000)
  object space 1349632K, 72% used [0x00000006c0000000,0x00000006fbd31128,0x0000000712600000)
 Metaspace       used 18117K, capacity 18508K, committed 18688K, reserved 1064960K
  class space    used 2391K, capacity 2508K, committed 2560K, reserved 1048576K
}
Event: 29.475 GC heap before
{Heap before GC invocations=25 (full 6):
 PSYoungGen      total 553472K, used 253834K [0x000000076ab00000, 0x00000007a2c00000, 0x00000007c0000000)
  eden space 242688K, 100% used [0x000000076ab00000,0x0000000779800000,0x0000000779800000)
  from space 310784K, 3% used [0x000000078fc80000,0x0000000790762b48,0x00000007a2c00000)
  to   space 337920K, 0% used [0x0000000779800000,0x0000000779800000,0x000000078e200000)
 ParOldGen       total 1349632K, used 980164K [0x00000006c0000000, 0x0000000712600000, 0x000000076ab00000)
  object space 1349632K, 72% used [0x00000006c0000000,0x00000006fbd31128,0x0000000712600000)
 Metaspace       used 18117K, capacity 18508K, committed 18688K, reserved 1064960K
  class space    used 2391K, capacity 2508K, committed 2560K, reserved 1048576K
Event: 29.905 GC heap after
Heap after GC invocations=25 (full 6):
 PSYoungGen      total 580608K, used 120512K [0x000000076ab00000, 0x00000007a3880000, 0x00000007c0000000)
  eden space 242688K, 0% used [0x000000076ab00000,0x000000076ab00000,0x0000000779800000)
  from space 337920K, 35% used [0x0000000779800000,0x0000000780db0000,0x000000078e200000)
  to   space 325632K, 0% used [0x000000078fa80000,0x000000078fa80000,0x00000007a3880000)
 ParOldGen       total 1349632K, used 991380K [0x00000006c0000000, 0x0000000712600000, 0x000000076ab00000)
  object space 1349632K, 73% used [0x00000006c0000000,0x00000006fc825128,0x0000000712600000)
 Metaspace       used 18117K, capacity 18508K, committed 18688K, reserved 1064960K
  class space    used 2391K, capacity 2508K, committed 2560K, reserved 1048576K
}
Event: 30.519 GC heap before
{Heap before GC invocations=26 (full 6):
 PSYoungGen      total 580608K, used 363200K [0x000000076ab00000, 0x00000007a3880000, 0x00000007c0000000)
  eden space 242688K, 100% used [0x000000076ab00000,0x0000000779800000,0x0000000779800000)
  from space 337920K, 35% used [0x0000000779800000,0x0000000780db0000,0x000000078e200000)
  to   space 325632K, 0% used [0x000000078fa80000,0x000000078fa80000,0x00000007a3880000)
 ParOldGen       total 1349632K, used 991380K [0x00000006c0000000, 0x0000000712600000, 0x000000076ab00000)
  object space 1349632K, 73% used [0x00000006c0000000,0x00000006fc825128,0x0000000712600000)
 Metaspace       used 18117K, capacity 18508K, committed 18688K, reserved 1064960K
  class space    used 2391K, capacity 2508K, committed 2560K, reserved 1048576K
Event: 31.286 GC heap after
Heap after GC invocations=26 (full 6):
 PSYoungGen      total 589824K, used 241088K [0x000000076ab00000, 0x00000007a5d80000, 0x00000007c0000000)
  eden space 264192K, 0% used [0x000000076ab00000,0x000000076ab00000,0x000000077ad00000)
  from space 325632K, 74% used [0x000000078fa80000,0x000000079e5f0000,0x00000007a3880000)
  to   space 341504K, 0% used [0x000000077ad00000,0x000000077ad00000,0x000000078fa80000)
 ParOldGen       total 1349632K, used 991380K [0x00000006c0000000, 0x0000000712600000, 0x000000076ab00000)
  object space 1349632K, 73% used [0x00000006c0000000,0x00000006fc825128,0x0000000712600000)
 Metaspace       used 18117K, capacity 18508K, committed 18688K, reserved 1064960K
  class space    used 2391K, capacity 2508K, committed 2560K, reserved 1048576K
}
Event: 31.560 GC heap before
{Heap before GC invocations=27 (full 6):
 PSYoungGen      total 589824K, used 422299K [0x000000076ab00000, 0x00000007a5d80000, 0x00000007c0000000)
  eden space 264192K, 68% used [0x000000076ab00000,0x0000000775bf6ec0,0x000000077ad00000)
  from space 325632K, 74% used [0x000000078fa80000,0x000000079e5f0000,0x00000007a3880000)
  to   space 341504K, 0% used [0x000000077ad00000,0x000000077ad00000,0x000000078fa80000)
 ParOldGen       total 1349632K, used 991380K [0x00000006c0000000, 0x0000000712600000, 0x000000076ab00000)
  object space 1349632K, 73% used [0x00000006c0000000,0x00000006fc825128,0x0000000712600000)
 Metaspace       used 18117K, capacity 18508K, committed 18688K, reserved 1064960K
  class space    used 2391K, capacity 2508K, committed 2560K, reserved 1048576K

Deoptimization events (10 events):
Event: 13.566 Thread 0x00007fbb1000c000 Uncommon trap: reason=bimorphic action=maybe_recompile pc=0x00007fbb00786e78 method=java.io.ObjectInputStream$PeekInputStream.peek()I @ 17
Event: 13.586 Thread 0x00007fbb1000c000 Uncommon trap: reason=bimorphic action=maybe_recompile pc=0x00007fbb007437c8 method=java.io.ObjectInputStream$PeekInputStream.peek()I @ 17
Event: 13.586 Thread 0x00007fbb1000c000 Uncommon trap: reason=bimorphic action=maybe_recompile pc=0x00007fbb0074bcfc method=java.io.ObjectInputStream$PeekInputStream.peek()I @ 17
Event: 13.586 Thread 0x00007fbb1000c000 Uncommon trap: reason=bimorphic action=maybe_recompile pc=0x00007fbb007323ec method=java.io.ObjectInputStream$PeekInputStream.read()I @ 23
Event: 13.586 Thread 0x00007fbb1000c000 Uncommon trap: reason=bimorphic action=maybe_recompile pc=0x00007fbb0072a1f8 method=java.io.ObjectInputStream$PeekInputStream.read()I @ 23
Event: 13.615 Thread 0x00007fbb1000c000 Uncommon trap: reason=unstable_if action=reinterpret pc=0x00007fbb007c428c method=java.io.ObjectStreamField.getClassSignature(Ljava/lang/Class;)Ljava/lang/String; @ 143
Event: 13.905 Thread 0x00007fbb1000c000 Uncommon trap: reason=unstable_if action=reinterpret pc=0x00007fbb007ca8a4 method=java.io.ObjectInputStream.readArray(Z)Ljava/lang/Object; @ 216
Event: 13.905 Thread 0x00007fbb1000c000 Uncommon trap: reason=class_check action=maybe_recompile pc=0x00007fbb00757b54 method=java.util.zip.InflaterInputStream.fill()V @ 19
Event: 13.906 Thread 0x00007fbb1000c000 Uncommon trap: reason=class_check action=maybe_recompile pc=0x00007fbb00757b54 method=java.util.zip.InflaterInputStream.fill()V @ 19
Event: 13.908 Thread 0x00007fbb1000c000 Uncommon trap: reason=class_check action=maybe_recompile pc=0x00007fbb00757b54 method=java.util.zip.InflaterInputStream.fill()V @ 19

Internal exceptions (10 events):
Event: 2.087 Thread 0x00007fbb1000c000 Implicit null exception at 0x00007fbb0063cee7 to 0x00007fbb0063d2fd
Event: 3.492 Thread 0x00007fbb1000c000 Implicit null exception at 0x00007fbb0062e4c3 to 0x00007fbb0062e5d5
Event: 12.124 Thread 0x00007fbb1000c000 Exception <a 'java/lang/ClassNotFoundException': com/sun/org/glassfish/hk2/osgiresourcelocator/ServiceLoader> (0x000000076cfb4b10) thrown at [/build/openjdk-8-pZyJp3/openjdk-8-8u131-b11/src/hotspot/src/share/vm/classfile/systemDictionary.cpp, line 210]
Event: 12.186 Thread 0x00007fbb1000c000 Exception <a 'java/lang/NullPointerException'> (0x000000076cfceb40) thrown at [/build/openjdk-8-pZyJp3/openjdk-8-8u131-b11/src/hotspot/src/share/vm/interpreter/linkResolver.cpp, line 1299]
Event: 12.242 Thread 0x00007fbb1000c000 Implicit null exception at 0x00007fbb006695ef to 0x00007fbb00669659
Event: 12.367 Thread 0x00007fbb1000c000 Exception <a 'java/lang/ArrayIndexOutOfBoundsException'> (0x000000076d1466e8) thrown at [/build/openjdk-8-pZyJp3/openjdk-8-8u131-b11/src/hotspot/src/share/vm/runtime/sharedRuntime.cpp, line 605]
Event: 12.368 Thread 0x00007fbb1000c000 Exception <a 'java/lang/ArrayIndexOutOfBoundsException'> (0x000000076d148248) thrown at [/build/openjdk-8-pZyJp3/openjdk-8-8u131-b11/src/hotspot/src/share/vm/runtime/sharedRuntime.cpp, line 605]
Event: 12.369 Thread 0x00007fbb1000c000 Exception <a 'java/lang/ArrayIndexOutOfBoundsException': 65> (0x000000076d149d88) thrown at [/build/openjdk-8-pZyJp3/openjdk-8-8u131-b11/src/hotspot/src/share/vm/interpreter/interpreterRuntime.cpp, line 366]
Event: 12.708 Thread 0x00007fbb1000c000 Implicit null exception at 0x00007fbb0062db15 to 0x00007fbb0062dc59
Event: 13.529 Thread 0x00007fbb1000c000 Implicit null exception at 0x00007fbb005b34f5 to 0x00007fbb005b38b1

Events (10 events):
Event: 19.313 Executing VM operation: ParallelGCFailedAllocation done
Event: 20.392 Executing VM operation: ParallelGCFailedAllocation
Event: 24.480 Executing VM operation: ParallelGCFailedAllocation done
Event: 24.761 Executing VM operation: ParallelGCFailedAllocation
Event: 28.556 Executing VM operation: ParallelGCFailedAllocation done
Event: 29.475 Executing VM operation: ParallelGCFailedAllocation
Event: 29.905 Executing VM operation: ParallelGCFailedAllocation done
Event: 30.519 Executing VM operation: ParallelGCFailedAllocation
Event: 31.286 Executing VM operation: ParallelGCFailedAllocation done
Event: 31.560 Executing VM operation: ParallelGCFailedAllocation


Dynamic libraries:
00400000-00401000 r-xp 00000000 08:05 2763008                            /usr/lib/jvm/java-8-openjdk-amd64/jre/bin/java
00600000-00601000 r--p 00000000 08:05 2763008                            /usr/lib/jvm/java-8-openjdk-amd64/jre/bin/java
00601000-00602000 rw-p 00001000 08:05 2763008                            /usr/lib/jvm/java-8-openjdk-amd64/jre/bin/java
00d2d000-00d4e000 rw-p 00000000 00:00 0                                  [heap]
6c0000000-712600000 rw-p 00000000 00:00 0 
712600000-76ab00000 ---p 00000000 00:00 0 
76ab00000-7a5d80000 rw-p 00000000 00:00 0 
7afd00000-7c0000000 ---p 00000000 00:00 0 
7c0000000-7c0280000 rw-p 00000000 00:00 0 
7c0280000-800000000 ---p 00000000 00:00 0 
7fbab8000000-7fbab8021000 rw-p 00000000 00:00 0 
7fbab8021000-7fbabc000000 ---p 00000000 00:00 0 
7fbabc000000-7fbabc021000 rw-p 00000000 00:00 0 
7fbabc021000-7fbac0000000 ---p 00000000 00:00 0 
7fbac0000000-7fbac0575000 rw-p 00000000 00:00 0 
7fbac0575000-7fbac4000000 ---p 00000000 00:00 0 
7fbac4000000-7fbac453c000 rw-p 00000000 00:00 0 
7fbac453c000-7fbac8000000 ---p 00000000 00:00 0 
7fbac8000000-7fbac8021000 rw-p 00000000 00:00 0 
7fbac8021000-7fbacc000000 ---p 00000000 00:00 0 
7fbacc000000-7fbacc6e6000 rw-p 00000000 00:00 0 
7fbacc6e6000-7fbad0000000 ---p 00000000 00:00 0 
7fbad0000000-7fbad0021000 rw-p 00000000 00:00 0 
7fbad0021000-7fbad4000000 ---p 00000000 00:00 0 
7fbad4000000-7fbad4021000 rw-p 00000000 00:00 0 
7fbad4021000-7fbad8000000 ---p 00000000 00:00 0 
7fbad8000000-7fbae0000000 rw-p 00000000 00:00 0 
7fbae0000000-7fbae0843000 rw-p 00000000 00:00 0 
7fbae0843000-7fbae4000000 ---p 00000000 00:00 0 
7fbae4000000-7fbae402b000 rw-p 00000000 00:00 0 
7fbae402b000-7fbae8000000 ---p 00000000 00:00 0 
7fbae8000000-7fbaea196000 rw-p 00000000 00:00 0 
7fbaea196000-7fbaec000000 ---p 00000000 00:00 0 
7fbaf0000000-7fbaf090e000 rw-p 00000000 00:00 0 
7fbaf090e000-7fbaf4000000 ---p 00000000 00:00 0 
7fbaf75a1000-7fbaf7761000 rw-p 00000000 00:00 0 
7fbaf7761000-7fbaf77a1000 ---p 00000000 00:00 0 
7fbaf77a1000-7fbaf79a1000 rw-p 00000000 00:00 0 
7fbaf79a1000-7fbaf79b4000 r--s 00346000 08:05 2495509                    /usr/lib/jvm/java-8-openjdk-amd64/jre/lib/resources.jar
7fbaf79b4000-7fbaf7bb4000 rw-p 00000000 00:00 0 
7fbaf7bb4000-7fbaf7bb7000 r--s 00018000 08:05 12603141                   /root/.ivy2/cache/org.eclipse.jetty/jetty-io/jars/jetty-io-9.2.10.v20150310.jar
7fbaf7bb7000-7fbaf7bbd000 r--s 00051000 08:05 12603143                   /root/.ivy2/cache/org.eclipse.jetty/jetty-util/jars/jetty-util-9.2.10.v20150310.jar
7fbaf7bbd000-7fbaf7bbf000 r--s 00018000 08:05 12603139                   /root/.ivy2/cache/org.eclipse.jetty/jetty-http/jars/jetty-http-9.2.10.v20150310.jar
7fbaf7bbf000-7fbaf7bc5000 r--s 00061000 08:05 12603137                   /root/.ivy2/cache/org.eclipse.jetty/jetty-server/jars/jetty-server-9.2.10.v20150310.jar
7fbaf7bc5000-7fbaf7bc8000 r--s 00015000 08:05 12603135                   /root/.ivy2/cache/org.eclipse.jetty/jetty-security/jars/jetty-security-9.2.10.v20150310.jar
7fbaf7bc8000-7fbaf7bcb000 r--s 0001a000 08:05 12603127                   /root/.ivy2/cache/org.eclipse.jetty/jetty-servlet/jars/jetty-servlet-9.2.10.v20150310.jar
7fbaf7bcb000-7fbaf7bce000 r--s 00015000 08:05 12603133                   /root/.ivy2/cache/javax.servlet/javax.servlet-api/jars/javax.servlet-api-3.1.0.jar
7fbaf7bce000-7fbaf7bcf000 r--s 00004000 08:05 12603125                   /root/.ivy2/cache/io.dropwizard.metrics/metrics-jetty9/bundles/metrics-jetty9-3.1.1.jar
7fbaf7bcf000-7fbaf7bd3000 r--s 00018000 08:05 12603131                   /root/.ivy2/cache/io.dropwizard.metrics/metrics-core/bundles/metrics-core-3.1.1.jar
7fbaf7bd3000-7fbaf7bd8000 r--s 0002b000 08:05 12603129                   /root/.ivy2/cache/org.http4s/http4s-server_2.10/jars/http4s-server_2.10-0.7.0.jar
7fbaf7bd8000-7fbaf7bdb000 r--s 00015000 08:05 12603123                   /root/.ivy2/cache/org.http4s/http4s-servlet_2.10/jars/http4s-servlet_2.10-0.7.0.jar
7fbaf7bdb000-7fbaf7bdd000 r--s 00007000 08:05 12465071                   /root/.ivy2/cache/org.http4s/http4s-jetty_2.10/jars/http4s-jetty_2.10-0.7.0.jar
7fbaf7bdd000-7fbaf7be2000 r--s 0004b000 08:05 12603111                   /root/.ivy2/cache/org.scodec/scodec-bits_2.10/bundles/scodec-bits_2.10-1.0.6.jar
7fbaf7be2000-7fbaf7bed000 r--s 0005e000 08:05 12603121                   /root/.ivy2/cache/org.scalaz/scalaz-effect_2.10/bundles/scalaz-effect_2.10-7.1.0.jar
7fbaf7bed000-7fbaf7bf6000 r--s 0004d000 08:05 12603119                   /root/.ivy2/cache/org.scalaz/scalaz-concurrent_2.10/bundles/scalaz-concurrent_2.10-7.1.0.jar
7fbaf7bf6000-7fbaf7cb4000 r--s 00839000 08:05 12603117                   /root/.ivy2/cache/org.scalaz/scalaz-core_2.10/bundles/scalaz-core_2.10-7.1.0.jar
7fbaf7cb4000-7fbaf7cd4000 r--s 00142000 08:05 12603109                   /root/.ivy2/cache/org.scalaz.stream/scalaz-stream_2.10/bundles/scalaz-stream_2.10-0.7a.jar
7fbaf7cd4000-7fbaf7d0a000 r--s 002d9000 08:05 10891454                   /root/.sbt/boot/scala-2.10.4/lib/scala-reflect.jar
7fbaf7d0a000-7fbaf7d16000 r--s 000a4000 08:05 10891361                   /root/.ivy2/cache/org.scalamacros/quasiquotes_2.10/jars/quasiquotes_2.10-2.0.1.jar
7fbaf7d16000-7fbaf7d4f000 r--s 0024b000 08:05 12603115                   /root/.ivy2/cache/com.chuusai/shapeless_2.10.4/bundles/shapeless_2.10.4-2.1.0.jar
7fbaf7d4f000-7fbaf7d59000 r--s 000b2000 08:05 12603107                   /root/.ivy2/cache/org.parboiled/parboiled_2.10/jars/parboiled_2.10-2.1.0.jar
7fbaf7d59000-7fbaf7d5b000 r--s 00006000 08:05 12603113                   /root/.ivy2/cache/org.slf4j/slf4j-api/jars/slf4j-api-1.7.7.jar
7fbaf7d5b000-7fbaf7d5d000 r--s 00011000 08:05 12603105                   /root/.ivy2/cache/org.log4s/log4s_2.10/jars/log4s_2.10-1.1.3.jar
7fbaf7d5d000-7fbaf7d5f000 r--s 0000c000 08:05 12465115                   /root/.ivy2/cache/org.http4s/http4s-websocket_2.10/jars/http4s-websocket_2.10-0.1.1.jar
7fbaf7d5f000-7fbaf7d61000 r--s 00003000 08:05 12465113                   /root/.ivy2/cache/net.iharder/base64/jars/base64-2.3.8.jar
7fbaf7d61000-7fbaf7d7a000 r--s 0015f000 08:05 12465111                   /root/.ivy2/cache/org.http4s/http4s-core_2.10/jars/http4s-core_2.10-0.7.0.jar
7fbaf7d7a000-7fbaf7f7a000 rw-p 00000000 00:00 0 
7fbaf7f7a000-7fbaf7fec000 r--s 0065b000 08:05 10761245                   /root/.ivy2/cache/org.scala-lang/scala-library/jars/scala-library-2.10.5.jar
7fbaf7fec000-7fbaf7ff1000 r--s 00031000 08:05 12465069                   /root/.ivy2/cache/org.http4s/http4s-dsl_2.10/jars/http4s-dsl_2.10-0.7.0.jar
7fbaf7ff1000-7fbaf7ff2000 r--s 00004000 08:05 12465101                   /root/.ivy2/cache/javax.json/javax.json-api/bundles/javax.json-api-1.0.jar
7fbaf7ff2000-7fbaf7ff7000 r--s 00045000 08:05 12465099                   /root/.ivy2/cache/com.googlecode.efficient-java-matrix-library/ejml/jars/ejml-0.23.jar
7fbaf7ff7000-7fbaf7ffb000 r--s 00015000 08:05 12465109                   /root/.ivy2/cache/javax.xml.bind/jaxb-api/jars/jaxb-api-2.2.7.jar
7fbaf7ffb000-7fbaf8000000 r--s 0002d000 08:05 12465097                   /root/.ivy2/cache/de.jollyday/jollyday/jars/jollyday-0.4.7.jar
7fbaf8000000-7fbaf868f000 rw-p 00000000 00:00 0 
7fbaf868f000-7fbafc000000 ---p 00000000 00:00 0 
7fbafc000000-7fbafc01e000 r--s 0027d000 08:05 12465107                   /root/.ivy2/cache/xalan/xalan/jars/xalan-2.7.0.jar
7fbafc01e000-7fbafc035000 r--s 00110000 08:05 12465105                   /root/.ivy2/cache/xerces/xercesImpl/jars/xercesImpl-2.8.0.jar
7fbafc035000-7fbafc03d000 r--s 00028000 08:05 12465103                   /root/.ivy2/cache/xml-apis/xml-apis/jars/xml-apis-1.3.03.jar
7fbafc03d000-7fbafc044000 r--s 00046000 08:05 12465095                   /root/.ivy2/cache/com.io7m.xom/xom/jars/xom-1.2.10.jar
7fbafc044000-7fbafc087000 r--s 00577000 08:05 12465067                   /root/.ivy2/cache/edu.stanford.nlp/stanford-corenlp/jars/stanford-corenlp-3.5.1.jar
7fbafc087000-7fbafc08a000 r--s 11dbb000 08:05 12465066                   /root/.ivy2/cache/edu.stanford.nlp/stanford-corenlp/jars/stanford-corenlp-3.5.1-models.jar
7fbafc08a000-7fbafc08e000 r--s 0001b000 08:05 12465064                   /root/.ivy2/cache/com.github.scopt/scopt_2.10/jars/scopt_2.10-3.2.0.jar
7fbafc08e000-7fbafc09f000 r--s 000c3000 08:05 12465089                   /root/.ivy2/cache/com.fasterxml.jackson.core/jackson-databind/jars/jackson-databind-2.2.2.jar
7fbafc09f000-7fbafc0a2000 r--s 0002c000 08:05 12465087                   /root/.ivy2/cache/com.fasterxml.jackson.core/jackson-core/jars/jackson-core-2.2.2.jar
7fbafc0a2000-7fbafc0a5000 r--s 00006000 08:05 12465085                   /root/.ivy2/cache/com.fasterxml.jackson.core/jackson-annotations/jars/jackson-annotations-2.2.2.jar
7fbafc0a5000-7fbafc0b5000 r--s 0007d000 08:05 12465081                   /root/.ivy2/cache/joda-time/joda-time/jars/joda-time-2.2.jar
7fbafc0b5000-7fbafc0bd000 r--s 00052000 08:05 12465077                   /root/.ivy2/cache/com.typesafe.play/play-functional_2.10/jars/play-functional_2.10-2.2.1.jar
7fbafc0bd000-7fbafc0c6000 r--s 00096000 08:05 12465091                   /root/.ivy2/cache/org.scala-stm/scala-stm_2.10/jars/scala-stm_2.10-0.7.jar
7fbafc0c6000-7fbafc0d7000 r--s 0009e000 08:05 12465075                   /root/.ivy2/cache/com.typesafe.play/play-iteratees_2.10/jars/play-iteratees_2.10-2.2.1.jar
7fbafc0d7000-7fbafc0e3000 r--s 0008e000 08:05 12465062                   /root/.ivy2/cache/com.typesafe.play/play-json_2.10/jars/play-json_2.10-2.2.1.jar
7fbafc0e3000-7fbafc0eb000 r--s 00051000 08:05 12465073                   /root/.ivy2/cache/ch.qos.logback/logback-core/jars/logback-core-1.0.7.jar
7fbafc0eb000-7fbafc0f5000 r--s 00116000 08:05 2627414                    /usr/lib/jvm/java-8-openjdk-amd64/jre/lib/ext/localedata.jar
7fbafc0f5000-7fbafc110000 r--s 00394000 08:05 2627412                    /usr/lib/jvm/java-8-openjdk-amd64/jre/lib/ext/cldrdata.jar
7fbafc110000-7fbafc12b000 r--s 001d6000 08:05 2627413                    /usr/lib/jvm/java-8-openjdk-amd64/jre/lib/ext/nashorn.jar
7fbafc12b000-7fbafc12c000 ---p 00000000 00:00 0 
7fbafc12c000-7fbafc22c000 rw-p 00000000 00:00 0 
7fbafc22c000-7fbafc22f000 ---p 00000000 00:00 0 
7fbafc22f000-7fbafc32d000 rw-p 00000000 00:00 0 
7fbafc32d000-7fbafc330000 ---p 00000000 00:00 0 
7fbafc330000-7fbafc42e000 rw-p 00000000 00:00 0 
7fbafc42e000-7fbafc431000 ---p 00000000 00:00 0 
7fbafc431000-7fbafc52f000 rw-p 00000000 00:00 0 
7fbafc52f000-7fbafc532000 ---p 00000000 00:00 0 
7fbafc532000-7fbafc630000 rw-p 00000000 00:00 0 
7fbafc630000-7fbafc633000 ---p 00000000 00:00 0 
7fbafc633000-7fbafc731000 rw-p 00000000 00:00 0 
7fbafc731000-7fbafca09000 r--p 00000000 08:05 10637776                   /usr/lib/locale/locale-archive
7fbafca09000-7fbafca0c000 ---p 00000000 00:00 0 
7fbafca0c000-7fbafcb0a000 rw-p 00000000 00:00 0 
7fbafcb0a000-7fbafcb0d000 ---p 00000000 00:00 0 
7fbafcb0d000-7fbafcc0b000 rw-p 00000000 00:00 0 
7fbafcc0b000-7fbafcc0c000 ---p 00000000 00:00 0 
7fbafcc0c000-7fbafdc9f000 rw-p 00000000 00:00 0 
7fbafdc9f000-7fbafde6d000 r--s 03c13000 08:05 2495471                    /usr/lib/jvm/java-8-openjdk-amd64/jre/lib/rt.jar
7fbafde6d000-7fbafee6d000 rw-p 00000000 00:00 0 
7fbafee6d000-7fbafee6e000 ---p 00000000 00:00 0 
7fbafee6e000-7fbafef6e000 rw-p 00000000 00:00 0 
7fbafef6e000-7fbafef6f000 ---p 00000000 00:00 0 
7fbafef6f000-7fbaff06f000 rw-p 00000000 00:00 0 
7fbaff06f000-7fbaff070000 ---p 00000000 00:00 0 
7fbaff070000-7fbaff170000 rw-p 00000000 00:00 0 
7fbaff170000-7fbaff171000 ---p 00000000 00:00 0 
7fbaff171000-7fbaff504000 rw-p 00000000 00:00 0 
7fbaff504000-7fbaff7c7000 ---p 00000000 00:00 0 
7fbaff7c7000-7fbaffa5a000 rw-p 00000000 00:00 0 
7fbaffa5a000-7fbaffd1c000 ---p 00000000 00:00 0 
7fbaffd1c000-7fbaffef6000 rw-p 00000000 00:00 0 
7fbaffef6000-7fbafffc7000 ---p 00000000 00:00 0 
7fbafffc7000-7fbafffe4000 rw-p 00000000 00:00 0 
7fbafffe4000-7fbb00388000 ---p 00000000 00:00 0 
7fbb00388000-7fbb00a68000 rwxp 00000000 00:00 0 
7fbb00a68000-7fbb0f388000 ---p 00000000 00:00 0 
7fbb0f388000-7fbb0f390000 r-xp 00000000 08:05 2627437                    /usr/lib/jvm/java-8-openjdk-amd64/jre/lib/amd64/libzip.so
7fbb0f390000-7fbb0f58f000 ---p 00008000 08:05 2627437                    /usr/lib/jvm/java-8-openjdk-amd64/jre/lib/amd64/libzip.so
7fbb0f58f000-7fbb0f590000 r--p 00007000 08:05 2627437                    /usr/lib/jvm/java-8-openjdk-amd64/jre/lib/amd64/libzip.so
7fbb0f590000-7fbb0f591000 rw-p 00008000 08:05 2627437                    /usr/lib/jvm/java-8-openjdk-amd64/jre/lib/amd64/libzip.so
7fbb0f591000-7fbb0f59c000 r-xp 00000000 08:05 5767223                    /lib/x86_64-linux-gnu/libnss_files-2.23.so
7fbb0f59c000-7fbb0f79b000 ---p 0000b000 08:05 5767223                    /lib/x86_64-linux-gnu/libnss_files-2.23.so
7fbb0f79b000-7fbb0f79c000 r--p 0000a000 08:05 5767223                    /lib/x86_64-linux-gnu/libnss_files-2.23.so
7fbb0f79c000-7fbb0f79d000 rw-p 0000b000 08:05 5767223                    /lib/x86_64-linux-gnu/libnss_files-2.23.so
7fbb0f79d000-7fbb0f7a3000 rw-p 00000000 00:00 0 
7fbb0f7a3000-7fbb0f7ae000 r-xp 00000000 08:05 5767227                    /lib/x86_64-linux-gnu/libnss_nis-2.23.so
7fbb0f7ae000-7fbb0f9ad000 ---p 0000b000 08:05 5767227                    /lib/x86_64-linux-gnu/libnss_nis-2.23.so
7fbb0f9ad000-7fbb0f9ae000 r--p 0000a000 08:05 5767227                    /lib/x86_64-linux-gnu/libnss_nis-2.23.so
7fbb0f9ae000-7fbb0f9af000 rw-p 0000b000 08:05 5767227                    /lib/x86_64-linux-gnu/libnss_nis-2.23.so
7fbb0f9af000-7fbb0f9c5000 r-xp 00000000 08:05 5767204                    /lib/x86_64-linux-gnu/libnsl-2.23.so
7fbb0f9c5000-7fbb0fbc4000 ---p 00016000 08:05 5767204                    /lib/x86_64-linux-gnu/libnsl-2.23.so
7fbb0fbc4000-7fbb0fbc5000 r--p 00015000 08:05 5767204                    /lib/x86_64-linux-gnu/libnsl-2.23.so
7fbb0fbc5000-7fbb0fbc6000 rw-p 00016000 08:05 5767204                    /lib/x86_64-linux-gnu/libnsl-2.23.so
7fbb0fbc6000-7fbb0fbc8000 rw-p 00000000 00:00 0 
7fbb0fbc8000-7fbb0fbd0000 r-xp 00000000 08:05 5767233                    /lib/x86_64-linux-gnu/libnss_compat-2.23.so
7fbb0fbd0000-7fbb0fdcf000 ---p 00008000 08:05 5767233                    /lib/x86_64-linux-gnu/libnss_compat-2.23.so
7fbb0fdcf000-7fbb0fdd0000 r--p 00007000 08:05 5767233                    /lib/x86_64-linux-gnu/libnss_compat-2.23.so
7fbb0fdd0000-7fbb0fdd1000 rw-p 00008000 08:05 5767233                    /lib/x86_64-linux-gnu/libnss_compat-2.23.so
7fbb0fdd1000-7fbb0fdfe000 r-xp 00000000 08:05 2627452                    /usr/lib/jvm/java-8-openjdk-amd64/jre/lib/amd64/libjava.so
7fbb0fdfe000-7fbb0fffd000 ---p 0002d000 08:05 2627452                    /usr/lib/jvm/java-8-openjdk-amd64/jre/lib/amd64/libjava.so
7fbb0fffd000-7fbb0fffe000 r--p 0002c000 08:05 2627452                    /usr/lib/jvm/java-8-openjdk-amd64/jre/lib/amd64/libjava.so
7fbb0fffe000-7fbb10000000 rw-p 0002d000 08:05 2627452                    /usr/lib/jvm/java-8-openjdk-amd64/jre/lib/amd64/libjava.so
7fbb10000000-7fbb10872000 rw-p 00000000 00:00 0 
7fbb10872000-7fbb14000000 ---p 00000000 00:00 0 
7fbb14000000-7fbb14002000 r--s 00008000 08:05 12465083                   /root/.ivy2/cache/org.joda/joda-convert/jars/joda-convert-1.3.1.jar
7fbb14002000-7fbb14006000 r--s 0002a000 08:05 12465093                   /root/.ivy2/cache/com.typesafe/config/bundles/config-1.0.2.jar
7fbb14006000-7fbb140eb000 rw-p 00000000 00:00 0 
7fbb140eb000-7fbb140fa000 r-xp 00000000 08:05 2627431                    /usr/lib/jvm/java-8-openjdk-amd64/jre/lib/amd64/libverify.so
7fbb140fa000-7fbb142f9000 ---p 0000f000 08:05 2627431                    /usr/lib/jvm/java-8-openjdk-amd64/jre/lib/amd64/libverify.so
7fbb142f9000-7fbb142fb000 r--p 0000e000 08:05 2627431                    /usr/lib/jvm/java-8-openjdk-amd64/jre/lib/amd64/libverify.so
7fbb142fb000-7fbb142fc000 rw-p 00010000 08:05 2627431                    /usr/lib/jvm/java-8-openjdk-amd64/jre/lib/amd64/libverify.so
7fbb142fc000-7fbb14303000 r-xp 00000000 08:05 5767229                    /lib/x86_64-linux-gnu/librt-2.23.so
7fbb14303000-7fbb14502000 ---p 00007000 08:05 5767229                    /lib/x86_64-linux-gnu/librt-2.23.so
7fbb14502000-7fbb14503000 r--p 00006000 08:05 5767229                    /lib/x86_64-linux-gnu/librt-2.23.so
7fbb14503000-7fbb14504000 rw-p 00007000 08:05 5767229                    /lib/x86_64-linux-gnu/librt-2.23.so
7fbb14504000-7fbb1451a000 r-xp 00000000 08:05 5771737                    /lib/x86_64-linux-gnu/libgcc_s.so.1
7fbb1451a000-7fbb14719000 ---p 00016000 08:05 5771737                    /lib/x86_64-linux-gnu/libgcc_s.so.1
7fbb14719000-7fbb1471a000 rw-p 00015000 08:05 5771737                    /lib/x86_64-linux-gnu/libgcc_s.so.1
7fbb1471a000-7fbb14822000 r-xp 00000000 08:05 5767238                    /lib/x86_64-linux-gnu/libm-2.23.so
7fbb14822000-7fbb14a21000 ---p 00108000 08:05 5767238                    /lib/x86_64-linux-gnu/libm-2.23.so
7fbb14a21000-7fbb14a22000 r--p 00107000 08:05 5767238                    /lib/x86_64-linux-gnu/libm-2.23.so
7fbb14a22000-7fbb14a23000 rw-p 00108000 08:05 5767238                    /lib/x86_64-linux-gnu/libm-2.23.so
7fbb14a23000-7fbb14b95000 r-xp 00000000 08:05 10619009                   /usr/lib/x86_64-linux-gnu/libstdc++.so.6.0.21
7fbb14b95000-7fbb14d95000 ---p 00172000 08:05 10619009                   /usr/lib/x86_64-linux-gnu/libstdc++.so.6.0.21
7fbb14d95000-7fbb14d9f000 r--p 00172000 08:05 10619009                   /usr/lib/x86_64-linux-gnu/libstdc++.so.6.0.21
7fbb14d9f000-7fbb14da1000 rw-p 0017c000 08:05 10619009                   /usr/lib/x86_64-linux-gnu/libstdc++.so.6.0.21
7fbb14da1000-7fbb14da5000 rw-p 00000000 00:00 0 
7fbb14da5000-7fbb159f9000 r-xp 00000000 08:05 2627436                    /usr/lib/jvm/java-8-openjdk-amd64/jre/lib/amd64/server/libjvm.so
7fbb159f9000-7fbb15bf9000 ---p 00c54000 08:05 2627436                    /usr/lib/jvm/java-8-openjdk-amd64/jre/lib/amd64/server/libjvm.so
7fbb15bf9000-7fbb15c8c000 r--p 00c54000 08:05 2627436                    /usr/lib/jvm/java-8-openjdk-amd64/jre/lib/amd64/server/libjvm.so
7fbb15c8c000-7fbb15cb5000 rw-p 00ce7000 08:05 2627436                    /usr/lib/jvm/java-8-openjdk-amd64/jre/lib/amd64/server/libjvm.so
7fbb15cb5000-7fbb15ce5000 rw-p 00000000 00:00 0 
7fbb15ce5000-7fbb15cfd000 r-xp 00000000 08:05 5767226                    /lib/x86_64-linux-gnu/libpthread-2.23.so
7fbb15cfd000-7fbb15efc000 ---p 00018000 08:05 5767226                    /lib/x86_64-linux-gnu/libpthread-2.23.so
7fbb15efc000-7fbb15efd000 r--p 00017000 08:05 5767226                    /lib/x86_64-linux-gnu/libpthread-2.23.so
7fbb15efd000-7fbb15efe000 rw-p 00018000 08:05 5767226                    /lib/x86_64-linux-gnu/libpthread-2.23.so
7fbb15efe000-7fbb15f02000 rw-p 00000000 00:00 0 
7fbb15f02000-7fbb15f05000 r-xp 00000000 08:05 5767232                    /lib/x86_64-linux-gnu/libdl-2.23.so
7fbb15f05000-7fbb16104000 ---p 00003000 08:05 5767232                    /lib/x86_64-linux-gnu/libdl-2.23.so
7fbb16104000-7fbb16105000 r--p 00002000 08:05 5767232                    /lib/x86_64-linux-gnu/libdl-2.23.so
7fbb16105000-7fbb16106000 rw-p 00003000 08:05 5767232                    /lib/x86_64-linux-gnu/libdl-2.23.so
7fbb16106000-7fbb1611f000 r-xp 00000000 08:05 5774672                    /lib/x86_64-linux-gnu/libz.so.1.2.8
7fbb1611f000-7fbb1631e000 ---p 00019000 08:05 5774672                    /lib/x86_64-linux-gnu/libz.so.1.2.8
7fbb1631e000-7fbb1631f000 r--p 00018000 08:05 5774672                    /lib/x86_64-linux-gnu/libz.so.1.2.8
7fbb1631f000-7fbb16320000 rw-p 00019000 08:05 5774672                    /lib/x86_64-linux-gnu/libz.so.1.2.8
7fbb16320000-7fbb164e0000 r-xp 00000000 08:05 5767999                    /lib/x86_64-linux-gnu/libc-2.23.so
7fbb164e0000-7fbb166e0000 ---p 001c0000 08:05 5767999                    /lib/x86_64-linux-gnu/libc-2.23.so
7fbb166e0000-7fbb166e4000 r--p 001c0000 08:05 5767999                    /lib/x86_64-linux-gnu/libc-2.23.so
7fbb166e4000-7fbb166e6000 rw-p 001c4000 08:05 5767999                    /lib/x86_64-linux-gnu/libc-2.23.so
7fbb166e6000-7fbb166ea000 rw-p 00000000 00:00 0 
7fbb166ea000-7fbb166f7000 r-xp 00000000 08:05 2627429                    /usr/lib/jvm/java-8-openjdk-amd64/jre/lib/amd64/jli/libjli.so
7fbb166f7000-7fbb168f7000 ---p 0000d000 08:05 2627429                    /usr/lib/jvm/java-8-openjdk-amd64/jre/lib/amd64/jli/libjli.so
7fbb168f7000-7fbb168f8000 r--p 0000d000 08:05 2627429                    /usr/lib/jvm/java-8-openjdk-amd64/jre/lib/amd64/jli/libjli.so
7fbb168f8000-7fbb168f9000 rw-p 0000e000 08:05 2627429                    /usr/lib/jvm/java-8-openjdk-amd64/jre/lib/amd64/jli/libjli.so
7fbb168f9000-7fbb1691f000 r-xp 00000000 08:05 5767205                    /lib/x86_64-linux-gnu/ld-2.23.so
7fbb1691f000-7fbb16920000 r--s 00001000 08:05 12465079                   /root/.ivy2/cache/com.typesafe.play/play-datacommons_2.10/jars/play-datacommons_2.10-2.2.1.jar
7fbb16920000-7fbb16926000 r--s 00038000 08:05 12465060                   /root/.ivy2/cache/ch.qos.logback/logback-classic/jars/logback-classic-1.0.7.jar
7fbb16926000-7fbb169f9000 rw-p 00000000 00:00 0 
7fbb169f9000-7fbb169fc000 ---p 00000000 00:00 0 
7fbb169fc000-7fbb16aff000 rw-p 00000000 00:00 0 
7fbb16aff000-7fbb16b00000 r--s 24ee7000 08:05 11676421                   /root/deepdive-0.8-STABLE/examples/spouse/udf/bazaar/parser/lib/stanford-srparser-2014-10-23-models.jar
7fbb16b00000-7fbb16b02000 r--s 00001000 08:05 2627420                    /usr/lib/jvm/java-8-openjdk-amd64/jre/lib/ext/dnsns.jar
7fbb16b02000-7fbb16b07000 r--s 0003b000 08:05 2627422                    /usr/lib/jvm/java-8-openjdk-amd64/jre/lib/ext/sunjce_provider.jar
7fbb16b07000-7fbb16b08000 r--s 00010000 08:05 2627425                    /usr/lib/jvm/java-8-openjdk-amd64/jre/lib/ext/zipfs.jar
7fbb16b08000-7fbb16b09000 r--s 0000a000 08:05 2627421                    /usr/lib/jvm/java-8-openjdk-amd64/jre/lib/ext/jaccess.jar
7fbb16b09000-7fbb16b0c000 r--s 0000f000 08:05 2627423                    /usr/lib/jvm/java-8-openjdk-amd64/jre/lib/ext/icedtea-sound.jar
7fbb16b0c000-7fbb16b0e000 r--s 00008000 08:05 2627424                    /usr/lib/jvm/java-8-openjdk-amd64/jre/lib/ext/sunec.jar
7fbb16b0e000-7fbb16b12000 r--s 00037000 08:05 2627415                    /usr/lib/jvm/java-8-openjdk-amd64/jre/lib/ext/sunpkcs11.jar
7fbb16b12000-7fbb16b1a000 rw-s 00000000 08:05 9961556                    /tmp/hsperfdata_root/11665
7fbb16b1a000-7fbb16b1b000 rw-p 00000000 00:00 0 
7fbb16b1b000-7fbb16b1c000 ---p 00000000 00:00 0 
7fbb16b1c000-7fbb16b1e000 rw-p 00000000 00:00 0 
7fbb16b1e000-7fbb16b1f000 r--p 00025000 08:05 5767205                    /lib/x86_64-linux-gnu/ld-2.23.so
7fbb16b1f000-7fbb16b20000 rw-p 00026000 08:05 5767205                    /lib/x86_64-linux-gnu/ld-2.23.so
7fbb16b20000-7fbb16b21000 rw-p 00000000 00:00 0 
7ffca2d24000-7ffca2d46000 rw-p 00000000 00:00 0                          [stack]
7ffca2d85000-7ffca2d87000 r--p 00000000 00:00 0                          [vvar]
7ffca2d87000-7ffca2d89000 r-xp 00000000 00:00 0                          [vdso]
ffffffffff600000-ffffffffff601000 r-xp 00000000 00:00 0                  [vsyscall]

VM Arguments:
jvm_args: -Xmx4g -Dfile.encoding=UTF-8 
java_command: com.clearcut.nlp.Main -i json -k doc_id -v content
java_class_path (initial): /root/deepdive-0.8-STABLE/examples/spouse/udf/bazaar/parser/target/../target/scala-2.10/classes:/root/deepdive-0.8-STABLE/examples/spouse/udf/bazaar/parser/target/../lib/stanford-srparser-2014-10-23-models.jar:/root/deepdive-0.8-STABLE/examples/spouse/udf/bazaar/parser/target/../lib/stanford-srparser-2014-10-23-models.jar:/root/.ivy2/cache/ch.qos.logback/logback-classic/jars/logback-classic-1.0.7.jar:/root/.ivy2/cache/ch.qos.logback/logback-core/jars/logback-core-1.0.7.jar:/root/.ivy2/cache/com.typesafe.play/play-json_2.10/jars/play-json_2.10-2.2.1.jar:/root/.ivy2/cache/com.typesafe.play/play-iteratees_2.10/jars/play-iteratees_2.10-2.2.1.jar:/root/.ivy2/cache/org.scala-stm/scala-stm_2.10/jars/scala-stm_2.10-0.7.jar:/root/.ivy2/cache/com.typesafe/config/bundles/config-1.0.2.jar:/root/.ivy2/cache/com.typesafe.play/play-functional_2.10/jars/play-functional_2.10-2.2.1.jar:/root/.ivy2/cache/com.typesafe.play/play-datacommons_2.10/jars/play-datacommons_2.10-2.2.1.jar:/root/.ivy2/cache/joda-time/joda-time/jars/joda-time-2.2.jar:/root/.ivy2/cache/org.joda/joda-convert/jars/joda-convert-1.3.1.jar:/root/.ivy2/cache/com.fasterxml.jackson.core/jackson-annotations/jars/jackson-annotations-2.2.2.jar:/root/.ivy2/cache/com.fasterxml.jackson.core/jackson-core/jars/jackson-core-2.2.2.jar:/root/.ivy2/cache/com.fasterxml.jackson.core/jackson-databind/jars/jackson-databind-2.2.2.jar:/root/.ivy2/cache/com.github.scopt/scopt_2.10/jars/scopt_2.10-3.2.0.jar:/root/.ivy2/cache/edu.stanford.nlp/stanford-corenlp/jars/stanford-corenlp-3.5.1-models.jar:/root/.ivy2/cache/edu.stanford.nlp/stanford-corenlp/jars/stanford-corenlp-3.5.1.jar:/root/.ivy2/cache/com.io7m.xom/xom/jars/xom-1.2.10.jar:/root/.ivy2/cache/xml-apis/xml-apis/jars/xml-apis-1.3.03.jar:/root/.ivy2/cache/xerces/xercesImpl/jars/xercesImpl-2.8.0.jar:/root/.ivy2/cache/xalan/xalan/jars/xalan-2.7.0.jar:/root/.ivy2/cache/de.jollyday/jollyday/jars/jollyday-0.4.7.jar:/root/.ivy2/cache/javax.xml.bind/jaxb-api/jars/
Launcher Type: SUN_STANDARD

Environment Variables:
PATH=/root/local/util/db-driver/postgresql:/root/local/util/db-driver/postgresql:/root/local/util/compute-driver/local:/root/local/util/db-driver/postgresql:/root/local/util/db-driver/postgresql:/root/local/util:/root/local/bin:/root/local/lib/bundled/.all/bin:/usr/local/sbin:/usr/local/bin:/usr/sbin:/usr/bin:/sbin:/bin:/snap/bin:/snap/bin:/root/local/bin
USERNAME=root
SHELL=/bin/bash
DISPLAY=:0

Signal Handlers:
SIGSEGV: [libjvm.so+0xa6ad10], sa_mask[0]=11111111011111111101111111111110, sa_flags=SA_RESTART|SA_SIGINFO
SIGBUS: [libjvm.so+0xa6ad10], sa_mask[0]=11111111011111111101111111111110, sa_flags=SA_RESTART|SA_SIGINFO
SIGFPE: [libjvm.so+0x8b3bc0], sa_mask[0]=11111111011111111101111111111110, sa_flags=SA_RESTART|SA_SIGINFO
SIGPIPE: [libjvm.so+0x8b3bc0], sa_mask[0]=11111111011111111101111111111110, sa_flags=SA_RESTART|SA_SIGINFO
SIGXFSZ: [libjvm.so+0x8b3bc0], sa_mask[0]=11111111011111111101111111111110, sa_flags=SA_RESTART|SA_SIGINFO
SIGILL: [libjvm.so+0x8b3bc0], sa_mask[0]=11111111011111111101111111111110, sa_flags=SA_RESTART|SA_SIGINFO
SIGUSR1: SIG_DFL, sa_mask[0]=00000000000000000000000000000000, sa_flags=none
SIGUSR2: [libjvm.so+0x8b3a70], sa_mask[0]=00000000000000000000000000000000, sa_flags=SA_RESTART|SA_SIGINFO
SIGHUP: [libjvm.so+0x8b3f40], sa_mask[0]=11111111011111111101111111111110, sa_flags=SA_RESTART|SA_SIGINFO
SIGINT: SIG_IGN, sa_mask[0]=00000000000000000000000000000000, sa_flags=none
SIGTERM: [libjvm.so+0x8b3f40], sa_mask[0]=11111111011111111101111111111110, sa_flags=SA_RESTART|SA_SIGINFO
SIGQUIT: [libjvm.so+0x8b3f40], sa_mask[0]=11111111011111111101111111111110, sa_flags=SA_RESTART|SA_SIGINFO


---------------  S Y S T E M  ---------------

OS:DISTRIB_ID=Ubuntu
DISTRIB_RELEASE=16.04
DISTRIB_CODENAME=xenial
DISTRIB_DESCRIPTION="Ubuntu 16.04.2 LTS"

uname:Linux 4.4.0-87-generic #110-Ubuntu SMP Tue Jul 18 12:55:35 UTC 2017 x86_64
libc:glibc 2.23 NPTL 2.23 
rlimit: STACK 8192k, CORE 0k, NPROC 31306, NOFILE 65536, AS infinity
load average:3.27 1.73 1.37

/proc/meminfo:
MemTotal:        8055072 kB
MemFree:         2366072 kB
MemAvailable:    2252372 kB
Buffers:             448 kB
Cached:           247808 kB
SwapCached:            0 kB
Active:          5289496 kB
Inactive:         229516 kB
Active(anon):    5288468 kB
Inactive(anon):   220856 kB
Active(file):       1028 kB
Inactive(file):     8660 kB
Unevictable:          32 kB
Mlocked:              32 kB
SwapTotal:             0 kB
SwapFree:              0 kB
Dirty:                 4 kB
Writeback:             0 kB
AnonPages:       5270864 kB
Mapped:            92536 kB
Shmem:            238496 kB
Slab:              70456 kB
SReclaimable:      32724 kB
SUnreclaim:        37732 kB
KernelStack:        9104 kB
PageTables:        45340 kB
NFS_Unstable:          0 kB
Bounce:                0 kB
WritebackTmp:          0 kB
CommitLimit:     4027536 kB
Committed_AS:    9736040 kB
VmallocTotal:   34359738367 kB
VmallocUsed:           0 kB
VmallocChunk:          0 kB
HardwareCorrupted:     0 kB
AnonHugePages:   3588096 kB
CmaTotal:              0 kB
CmaFree:               0 kB
HugePages_Total:       0
HugePages_Free:        0
HugePages_Rsvd:        0
HugePages_Surp:        0
Hugepagesize:       2048 kB
DirectMap4k:      154436 kB
DirectMap2M:     3919872 kB
DirectMap1G:     5242880 kB


CPU:total 4 (initial active 4) (4 cores per cpu, 1 threads per core) family 6 model 94 stepping 3, cmov, cx8, fxsr, mmx, sse, sse2, sse3, ssse3, sse4.1, sse4.2, popcnt, avx, avx2, aes, clmul, erms, rtm, 3dnowpref, lzcnt, tsc, tscinvbit, bmi1, bmi2, adx

/proc/cpuinfo:
processor	: 0
vendor_id	: GenuineIntel
cpu family	: 6
model		: 94
model name	: Intel(R) Core(TM) i5-6500 CPU @ 3.20GHz
stepping	: 3
microcode	: 0x74
cpu MHz		: 3300.000
cache size	: 6144 KB
physical id	: 0
siblings	: 4
core id		: 0
cpu cores	: 4
apicid		: 0
initial apicid	: 0
fpu		: yes
fpu_exception	: yes
cpuid level	: 22
wp		: yes
flags		: fpu vme de pse tsc msr pae mce cx8 apic sep mtrr pge mca cmov pat pse36 clflush dts acpi mmx fxsr sse sse2 ss ht tm pbe syscall nx pdpe1gb rdtscp lm constant_tsc art arch_perfmon pebs bts rep_good nopl xtopology nonstop_tsc aperfmperf eagerfpu pni pclmulqdq dtes64 monitor ds_cpl vmx smx est tm2 ssse3 sdbg fma cx16 xtpr pdcm pcid sse4_1 sse4_2 x2apic movbe popcnt tsc_deadline_timer aes xsave avx f16c rdrand lahf_lm abm 3dnowprefetch epb intel_pt tpr_shadow vnmi flexpriority ept vpid fsgsbase tsc_adjust bmi1 hle avx2 smep bmi2 erms invpcid rtm mpx rdseed adx smap clflushopt xsaveopt xsavec xgetbv1 dtherm ida arat pln pts hwp hwp_notify hwp_act_window hwp_epp
bugs		:
bogomips	: 6384.14
clflush size	: 64
cache_alignment	: 64
address sizes	: 39 bits physical, 48 bits virtual
power management:

processor	: 1
vendor_id	: GenuineIntel
cpu family	: 6
model		: 94
model name	: Intel(R) Core(TM) i5-6500 CPU @ 3.20GHz
stepping	: 3
microcode	: 0x74
cpu MHz		: 3300.000
cache size	: 6144 KB
physical id	: 0
siblings	: 4
core id		: 1
cpu cores	: 4
apicid		: 2
initial apicid	: 2
fpu		: yes
fpu_exception	: yes
cpuid level	: 22
wp		: yes
flags		: fpu vme de pse tsc msr pae mce cx8 apic sep mtrr pge mca cmov pat pse36 clflush dts acpi mmx fxsr sse sse2 ss ht tm pbe syscall nx pdpe1gb rdtscp lm constant_tsc art arch_perfmon pebs bts rep_good nopl xtopology nonstop_tsc aperfmperf eagerfpu pni pclmulqdq dtes64 monitor ds_cpl vmx smx est tm2 ssse3 sdbg fma cx16 xtpr pdcm pcid sse4_1 sse4_2 x2apic movbe popcnt tsc_deadline_timer aes xsave avx f16c rdrand lahf_lm abm 3dnowprefetch epb intel_pt tpr_shadow vnmi flexpriority ept vpid fsgsbase tsc_adjust bmi1 hle avx2 smep bmi2 erms invpcid rtm mpx rdseed adx smap clflushopt xsaveopt xsavec xgetbv1 dtherm ida arat pln pts hwp hwp_notify hwp_act_window hwp_epp
bugs		:
bogomips	: 6384.14
clflush size	: 64
cache_alignment	: 64
address sizes	: 39 bits physical, 48 bits virtual
power management:

processor	: 2
vendor_id	: GenuineIntel
cpu family	: 6
model		: 94
model name	: Intel(R) Core(TM) i5-6500 CPU @ 3.20GHz
stepping	: 3
microcode	: 0x74
cpu MHz		: 893.500
cache size	: 6144 KB
physical id	: 0
siblings	: 4
core id		: 2
cpu cores	: 4
apicid		: 4
initial apicid	: 4
fpu		: yes
fpu_exception	: yes
cpuid level	: 22
wp		: yes
flags		: fpu vme de pse tsc msr pae mce cx8 apic sep mtrr pge mca cmov pat pse36 clflush dts acpi mmx fxsr sse sse2 ss ht tm pbe syscall nx pdpe1gb rdtscp lm constant_tsc art arch_perfmon pebs bts rep_good nopl xtopology nonstop_tsc aperfmperf eagerfpu pni pclmulqdq dtes64 monitor ds_cpl vmx smx est tm2 ssse3 sdbg fma cx16 xtpr pdcm pcid sse4_1 sse4_2 x2apic movbe popcnt tsc_deadline_timer aes xsave avx f16c rdrand lahf_lm abm 3dnowprefetch epb intel_pt tpr_shadow vnmi flexpriority ept vpid fsgsbase tsc_adjust bmi1 hle avx2 smep bmi2 erms invpcid rtm mpx rdseed adx smap clflushopt xsaveopt xsavec xgetbv1 dtherm ida arat pln pts hwp hwp_notify hwp_act_window hwp_epp
bugs		:
bogomips	: 6384.14
clflush size	: 64
cache_alignment	: 64
address sizes	: 39 bits physical, 48 bits virtual
power management:

processor	: 3
vendor_id	: GenuineIntel
cpu family	: 6
model		: 94
model name	: Intel(R) Core(TM) i5-6500 CPU @ 3.20GHz
stepping	: 3
microcode	: 0x74
cpu MHz		: 895.625
cache size	: 6144 KB
physical id	: 0
siblings	: 4
core id		: 3
cpu cores	: 4
apicid		: 6
initial apicid	: 6
fpu		: yes
fpu_exception	: yes
cpuid level	: 22
wp		: yes
flags		: fpu vme de pse tsc msr pae mce cx8 apic sep mtrr pge mca cmov pat pse36 clflush dts acpi mmx fxsr sse sse2 ss ht tm pbe syscall nx pdpe1gb rdtscp lm constant_tsc art arch_perfmon pebs bts rep_good nopl xtopology nonstop_tsc aperfmperf eagerfpu pni pclmulqdq dtes64 monitor ds_cpl vmx smx est tm2 ssse3 sdbg fma cx16 xtpr pdcm pcid sse4_1 sse4_2 x2apic movbe popcnt tsc_deadline_timer aes xsave avx f16c rdrand lahf_lm abm 3dnowprefetch epb intel_pt tpr_shadow vnmi flexpriority ept vpid fsgsbase tsc_adjust bmi1 hle avx2 smep bmi2 erms invpcid rtm mpx rdseed adx smap clflushopt xsaveopt xsavec xgetbv1 dtherm ida arat pln pts hwp hwp_notify hwp_act_window hwp_epp
bugs		:
bogomips	: 6384.14
clflush size	: 64
cache_alignment	: 64
address sizes	: 39 bits physical, 48 bits virtual
power management:



Memory: 4k page, physical 8055072k(2359128k free), swap 0k(0k free)

vm_info: OpenJDK 64-Bit Server VM (25.131-b11) for linux-amd64 JRE (1.8.0_131-8u131-b11-2ubuntu1.16.04.3-b11), built on Jul 28 2017 01:23:32 by "buildd" with gcc 5.4.0 20160609

time: Thu Aug  3 17:16:08 2017
elapsed time: 34 seconds (0d 0h 0m 34s)

