#
# There is insufficient memory for the Java Runtime Environment to continue.
# Native memory allocation (mmap) failed to map 339214336 bytes for committing reserved memory.
# Possible reasons:
#   The system is out of physical RAM or swap space
#   In 32 bit mode, the process size limit was hit
# Possible solutions:
#   Reduce memory load on the system
#   Increase physical memory or swap space
#   Check if swap backing store is full
#   Use 64 bit Java on a 64 bit OS
#   Decrease Java heap size (-Xmx/-Xms)
#   Decrease number of Java threads
#   Decrease Java thread stack sizes (-Xss)
#   Set larger code cache with -XX:ReservedCodeCacheSize=
# This output file may be truncated or incomplete.
#
#  Out of Memory Error (os_linux.cpp:2643), pid=5829, tid=0x00007f75d7dfd700
#
# JRE version: OpenJDK Runtime Environment (8.0_131-b11) (build 1.8.0_131-8u131-b11-2ubuntu1.16.04.3-b11)
# Java VM: OpenJDK 64-Bit Server VM (25.131-b11 mixed mode linux-amd64 compressed oops)
# Failed to write core dump. Core dumps have been disabled. To enable core dumping, try "ulimit -c unlimited" before starting Java again
#

---------------  T H R E A D  ---------------

Current thread (0x00007f75fc079800):  VMThread [stack: 0x00007f75d7cfd000,0x00007f75d7dfe000] [id=5865]

Stack: [0x00007f75d7cfd000,0x00007f75d7dfe000],  sp=0x00007f75d7dfc480,  free space=1021k
Native frames: (J=compiled Java code, j=interpreted, Vv=VM code, C=native code)
V  [libjvm.so+0xa6a1bb]
V  [libjvm.so+0x4c5a6c]
V  [libjvm.so+0x8b85a0]
V  [libjvm.so+0x8b2a1e]
V  [libjvm.so+0x92d556]
V  [libjvm.so+0x91cbba]
V  [libjvm.so+0x91cdc3]
V  [libjvm.so+0x91d728]
V  [libjvm.so+0x9239ee]
V  [libjvm.so+0x92b3bd]
V  [libjvm.so+0x8dd093]
V  [libjvm.so+0xa6be72]
V  [libjvm.so+0xa70f57]
V  [libjvm.so+0xa6e727]
V  [libjvm.so+0xa6fbaf]
V  [libjvm.so+0xa700a1]
V  [libjvm.so+0x8b5a82]

VM_Operation (0x00007f7605c88480): ParallelGCFailedAllocation, mode: safepoint, requested by thread 0x00007f75fc00c000


---------------  P R O C E S S  ---------------

Java Threads: ( => current thread )
  0x00007f75fc0ba800 JavaThread "Service Thread" daemon [_thread_blocked, id=5879, stack(0x00007f75d731e000,0x00007f75d741f000)]
  0x00007f75fc0b3800 JavaThread "C1 CompilerThread2" daemon [_thread_blocked, id=5878, stack(0x00007f75d741f000,0x00007f75d7520000)]
  0x00007f75fc0b1800 JavaThread "C2 CompilerThread1" daemon [_thread_blocked, id=5877, stack(0x00007f75d7520000,0x00007f75d7621000)]
  0x00007f75fc0af000 JavaThread "C2 CompilerThread0" daemon [_thread_blocked, id=5876, stack(0x00007f75d7621000,0x00007f75d7722000)]
  0x00007f75fc0ad000 JavaThread "Signal Dispatcher" daemon [_thread_blocked, id=5875, stack(0x00007f75d7722000,0x00007f75d7823000)]
  0x00007f75fc085800 JavaThread "Finalizer" daemon [_thread_blocked, id=5871, stack(0x00007f75d7afb000,0x00007f75d7bfc000)]
  0x00007f75fc081000 JavaThread "Reference Handler" daemon [_thread_blocked, id=5870, stack(0x00007f75d7bfc000,0x00007f75d7cfd000)]
  0x00007f75fc00c000 JavaThread "main" [_thread_blocked, id=5854, stack(0x00007f7605b8a000,0x00007f7605c8b000)]

Other Threads:
=>0x00007f75fc079800 VMThread [stack: 0x00007f75d7cfd000,0x00007f75d7dfe000] [id=5865]
  0x00007f75fc0bd000 WatcherThread [stack: 0x00007f75d721d000,0x00007f75d731e000] [id=5880]

VM state:at safepoint (normal execution)

VM Mutex/Monitor currently owned by a thread:  ([mutex/lock_event])
[0x00007f75fc007d40] ExpandHeap_lock - owner thread: 0x00007f75fc079800
[0x00007f75fc0083c0] Threads_lock - owner thread: 0x00007f75fc079800
[0x00007f75fc0088c0] Heap_lock - owner thread: 0x00007f75fc00c000

Heap:
 PSYoungGen      total 668160K, used 302092K [0x000000076ab00000, 0x00000007b0080000, 0x00000007c0000000)
  eden space 202240K, 0% used [0x000000076ab00000,0x000000076ab00000,0x0000000777080000)
  from space 465920K, 64% used [0x0000000793780000,0x00000007a5e833c8,0x00000007afe80000)
  to   space 465920K, 0% used [0x0000000777080000,0x0000000777080000,0x0000000793780000)
 ParOldGen       total 922112K, used 896500K [0x00000006c0000000, 0x00000006f8480000, 0x000000076ab00000)
  object space 922112K, 97% used [0x00000006c0000000,0x00000006f6b7d290,0x00000006f8480000)
 Metaspace       used 18111K, capacity 18572K, committed 18688K, reserved 1064960K
  class space    used 2391K, capacity 2508K, committed 2560K, reserved 1048576K

Card table byte_map: [0x00007f7601a43000,0x00007f7602244000] byte_map_base: 0x00007f75fe443000

Marking Bits: (ParMarkBitMap*) 0x00007f7604e592c0
 Begin Bits: [0x00007f75e5000000, 0x00007f75e9000000)
 End Bits:   [0x00007f75e9000000, 0x00007f75ed000000)

Polling page: 0x00007f7605cac000

CodeCache: size=245760Kb used=6951Kb max_used=6966Kb free=238808Kb
 bounds [0x00007f75ed000000, 0x00007f75ed6e0000, 0x00007f75fc000000]
 total_blobs=2299 nmethods=1924 adapters=289
 compilation: enabled

Compilation events (10 events):
Event: 14.751 Thread 0x00007f75fc0af000 nmethod 1918 0x00007f75ed6c5590 code [0x00007f75ed6c5760, 0x00007f75ed6c60a8]
Event: 14.751 Thread 0x00007f75fc0af000 1920   !   4       sun.reflect.GeneratedSerializationConstructorAccessor77::newInstance (49 bytes)
Event: 14.752 Thread 0x00007f75fc0af000 nmethod 1920 0x00007f75ed6c7010 code [0x00007f75ed6c7180, 0x00007f75ed6c72c8]
Event: 14.786 Thread 0x00007f75fc0b1800 nmethod 1921 0x00007f75ed6d2a50 code [0x00007f75ed6d2da0, 0x00007f75ed6d4ce0]
Event: 15.039 Thread 0x00007f75fc0af000 1925       4       java.io.BufferedInputStream::fill (233 bytes)
Event: 15.041 Thread 0x00007f75fc0af000 nmethod 1925 0x00007f75ed6c6ad0 code [0x00007f75ed6c6c40, 0x00007f75ed6c6dc8]
Event: 18.538 Thread 0x00007f75fc0af000 1926       4       java.util.zip.InflaterInputStream::available (15 bytes)
Event: 18.538 Thread 0x00007f75fc0af000 nmethod 1926 0x00007f75ed6bab10 code [0x00007f75ed6bac60, 0x00007f75ed6bacf8]
Event: 18.732 Thread 0x00007f75fc0af000 1927       4       java.util.zip.InflaterInputStream::fill (60 bytes)
Event: 18.734 Thread 0x00007f75fc0af000 nmethod 1927 0x00007f75ed6c02d0 code [0x00007f75ed6c0460, 0x00007f75ed6c08d8]

GC Heap History (10 events):
Event: 22.550 GC heap after
Heap after GC invocations=23 (full 4):
 PSYoungGen      total 602112K, used 415200K [0x000000076ab00000, 0x00000007add00000, 0x00000007c0000000)
  eden space 136192K, 0% used [0x000000076ab00000,0x000000076ab00000,0x0000000773000000)
  from space 465920K, 89% used [0x0000000773000000,0x000000078c578030,0x000000078f700000)
  to   space 465920K, 0% used [0x0000000791600000,0x0000000791600000,0x00000007add00000)
 ParOldGen       total 650240K, used 550216K [0x00000006c0000000, 0x00000006e7b00000, 0x000000076ab00000)
  object space 650240K, 84% used [0x00000006c0000000,0x00000006e1952068,0x00000006e7b00000)
 Metaspace       used 18111K, capacity 18572K, committed 18688K, reserved 1064960K
  class space    used 2391K, capacity 2508K, committed 2560K, reserved 1048576K
}
Event: 23.196 GC heap before
{Heap before GC invocations=24 (full 4):
 PSYoungGen      total 602112K, used 551392K [0x000000076ab00000, 0x00000007add00000, 0x00000007c0000000)
  eden space 136192K, 100% used [0x000000076ab00000,0x0000000773000000,0x0000000773000000)
  from space 465920K, 89% used [0x0000000773000000,0x000000078c578030,0x000000078f700000)
  to   space 465920K, 0% used [0x0000000791600000,0x0000000791600000,0x00000007add00000)
 ParOldGen       total 650240K, used 550216K [0x00000006c0000000, 0x00000006e7b00000, 0x000000076ab00000)
  object space 650240K, 84% used [0x00000006c0000000,0x00000006e1952068,0x00000006e7b00000)
 Metaspace       used 18111K, capacity 18572K, committed 18688K, reserved 1064960K
  class space    used 2391K, capacity 2508K, committed 2560K, reserved 1048576K
Event: 23.797 GC heap after
Heap after GC invocations=24 (full 4):
 PSYoungGen      total 633856K, used 401664K [0x000000076ab00000, 0x00000007add00000, 0x00000007c0000000)
  eden space 167936K, 0% used [0x000000076ab00000,0x000000076ab00000,0x0000000774f00000)
  from space 465920K, 86% used [0x0000000791600000,0x00000007a9e40030,0x00000007add00000)
  to   space 465920K, 0% used [0x0000000774f00000,0x0000000774f00000,0x0000000791600000)
 ParOldGen       total 650240K, used 631592K [0x00000006c0000000, 0x00000006e7b00000, 0x000000076ab00000)
  object space 650240K, 97% used [0x00000006c0000000,0x00000006e68ca068,0x00000006e7b00000)
 Metaspace       used 18111K, capacity 18572K, committed 18688K, reserved 1064960K
  class space    used 2391K, capacity 2508K, committed 2560K, reserved 1048576K
}
Event: 23.797 GC heap before
{Heap before GC invocations=25 (full 5):
 PSYoungGen      total 633856K, used 401664K [0x000000076ab00000, 0x00000007add00000, 0x00000007c0000000)
  eden space 167936K, 0% used [0x000000076ab00000,0x000000076ab00000,0x0000000774f00000)
  from space 465920K, 86% used [0x0000000791600000,0x00000007a9e40030,0x00000007add00000)
  to   space 465920K, 0% used [0x0000000774f00000,0x0000000774f00000,0x0000000791600000)
 ParOldGen       total 650240K, used 631592K [0x00000006c0000000, 0x00000006e7b00000, 0x000000076ab00000)
  object space 650240K, 97% used [0x00000006c0000000,0x00000006e68ca068,0x00000006e7b00000)
 Metaspace       used 18111K, capacity 18572K, committed 18688K, reserved 1064960K
  class space    used 2391K, capacity 2508K, committed 2560K, reserved 1048576K
Event: 28.296 GC heap after
Heap after GC invocations=25 (full 5):
 PSYoungGen      total 633856K, used 390002K [0x000000076ab00000, 0x00000007add00000, 0x00000007c0000000)
  eden space 167936K, 0% used [0x000000076ab00000,0x000000076ab00000,0x0000000774f00000)
  from space 465920K, 83% used [0x0000000791600000,0x00000007a92dcae8,0x00000007add00000)
  to   space 465920K, 0% used [0x0000000774f00000,0x0000000774f00000,0x0000000791600000)
 ParOldGen       total 922112K, used 641885K [0x00000006c0000000, 0x00000006f8480000, 0x000000076ab00000)
  object space 922112K, 69% used [0x00000006c0000000,0x00000006e72d7618,0x00000006f8480000)
 Metaspace       used 18111K, capacity 18572K, committed 18688K, reserved 1064960K
  class space    used 2391K, capacity 2508K, committed 2560K, reserved 1048576K
}
Event: 28.851 GC heap before
{Heap before GC invocations=26 (full 5):
 PSYoungGen      total 633856K, used 557938K [0x000000076ab00000, 0x00000007add00000, 0x00000007c0000000)
  eden space 167936K, 100% used [0x000000076ab00000,0x0000000774f00000,0x0000000774f00000)
  from space 465920K, 83% used [0x0000000791600000,0x00000007a92dcae8,0x00000007add00000)
  to   space 465920K, 0% used [0x0000000774f00000,0x0000000774f00000,0x0000000791600000)
 ParOldGen       total 922112K, used 641885K [0x00000006c0000000, 0x00000006f8480000, 0x000000076ab00000)
  object space 922112K, 69% used [0x00000006c0000000,0x00000006e72d7618,0x00000006f8480000)
 Metaspace       used 18111K, capacity 18572K, committed 18688K, reserved 1064960K
  class space    used 2391K, capacity 2508K, committed 2560K, reserved 1048576K
Event: 29.618 GC heap after
Heap after GC invocations=26 (full 5):
 PSYoungGen      total 633856K, used 372288K [0x000000076ab00000, 0x00000007afe80000, 0x00000007c0000000)
  eden space 167936K, 0% used [0x000000076ab00000,0x000000076ab00000,0x0000000774f00000)
  from space 465920K, 79% used [0x0000000774f00000,0x000000078ba90020,0x0000000791600000)
  to   space 465920K, 0% used [0x0000000793780000,0x0000000793780000,0x00000007afe80000)
 ParOldGen       total 922112K, used 743709K [0x00000006c0000000, 0x00000006f8480000, 0x000000076ab00000)
  object space 922112K, 80% used [0x00000006c0000000,0x00000006ed647618,0x00000006f8480000)
 Metaspace       used 18111K, capacity 18572K, committed 18688K, reserved 1064960K
  class space    used 2391K, capacity 2508K, committed 2560K, reserved 1048576K
}
Event: 30.138 GC heap before
{Heap before GC invocations=27 (full 5):
 PSYoungGen      total 633856K, used 540224K [0x000000076ab00000, 0x00000007afe80000, 0x00000007c0000000)
  eden space 167936K, 100% used [0x000000076ab00000,0x0000000774f00000,0x0000000774f00000)
  from space 465920K, 79% used [0x0000000774f00000,0x000000078ba90020,0x0000000791600000)
  to   space 465920K, 0% used [0x0000000793780000,0x0000000793780000,0x00000007afe80000)
 ParOldGen       total 922112K, used 743709K [0x00000006c0000000, 0x00000006f8480000, 0x000000076ab00000)
  object space 922112K, 80% used [0x00000006c0000000,0x00000006ed647618,0x00000006f8480000)
 Metaspace       used 18111K, capacity 18572K, committed 18688K, reserved 1064960K
  class space    used 2391K, capacity 2508K, committed 2560K, reserved 1048576K
Event: 30.808 GC heap after
Heap after GC invocations=27 (full 5):
 PSYoungGen      total 668160K, used 347552K [0x000000076ab00000, 0x00000007b0080000, 0x00000007c0000000)
  eden space 202240K, 0% used [0x000000076ab00000,0x000000076ab00000,0x0000000777080000)
  from space 465920K, 74% used [0x0000000793780000,0x00000007a8ae8020,0x00000007afe80000)
  to   space 465920K, 0% used [0x0000000777080000,0x0000000777080000,0x0000000793780000)
 ParOldGen       total 922112K, used 852357K [0x00000006c0000000, 0x00000006f8480000, 0x000000076ab00000)
  object space 922112K, 92% used [0x00000006c0000000,0x00000006f4061618,0x00000006f8480000)
 Metaspace       used 18111K, capacity 18572K, committed 18688K, reserved 1064960K
  class space    used 2391K, capacity 2508K, committed 2560K, reserved 1048576K
}
Event: 30.808 GC heap before
{Heap before GC invocations=28 (full 6):
 PSYoungGen      total 668160K, used 347552K [0x000000076ab00000, 0x00000007b0080000, 0x00000007c0000000)
  eden space 202240K, 0% used [0x000000076ab00000,0x000000076ab00000,0x0000000777080000)
  from space 465920K, 74% used [0x0000000793780000,0x00000007a8ae8020,0x00000007afe80000)
  to   space 465920K, 0% used [0x0000000777080000,0x0000000777080000,0x0000000793780000)
 ParOldGen       total 922112K, used 852357K [0x00000006c0000000, 0x00000006f8480000, 0x000000076ab00000)
  object space 922112K, 92% used [0x00000006c0000000,0x00000006f4061618,0x00000006f8480000)
 Metaspace       used 18111K, capacity 18572K, committed 18688K, reserved 1064960K
  class space    used 2391K, capacity 2508K, committed 2560K, reserved 1048576K

Deoptimization events (10 events):
Event: 14.111 Thread 0x00007f75fc00c000 Uncommon trap: reason=bimorphic action=maybe_recompile pc=0x00007f75ed419be0 method=java.io.ObjectInputStream$PeekInputStream.peek()I @ 17
Event: 14.111 Thread 0x00007f75fc00c000 Uncommon trap: reason=bimorphic action=maybe_recompile pc=0x00007f75ed417a54 method=java.io.ObjectInputStream$PeekInputStream.peek()I @ 17
Event: 14.111 Thread 0x00007f75fc00c000 Uncommon trap: reason=bimorphic action=maybe_recompile pc=0x00007f75ed38fbac method=java.io.ObjectInputStream$PeekInputStream.read()I @ 23
Event: 14.111 Thread 0x00007f75fc00c000 Uncommon trap: reason=bimorphic action=maybe_recompile pc=0x00007f75ed38f238 method=java.io.ObjectInputStream$PeekInputStream.read()I @ 23
Event: 14.164 Thread 0x00007f75fc00c000 Uncommon trap: reason=bimorphic action=maybe_recompile pc=0x00007f75ed399ce8 method=java.io.ObjectInputStream$PeekInputStream.read()I @ 23
Event: 14.164 Thread 0x00007f75fc00c000 Uncommon trap: reason=bimorphic action=maybe_recompile pc=0x00007f75ed3b70e4 method=java.io.ObjectInputStream$PeekInputStream.read()I @ 23
Event: 14.515 Thread 0x00007f75fc00c000 Uncommon trap: reason=unstable_if action=reinterpret pc=0x00007f75ed45cf14 method=java.io.ObjectInputStream.readArray(Z)Ljava/lang/Object; @ 216
Event: 14.516 Thread 0x00007f75fc00c000 Uncommon trap: reason=class_check action=maybe_recompile pc=0x00007f75ed3bf714 method=java.util.zip.InflaterInputStream.fill()V @ 19
Event: 14.528 Thread 0x00007f75fc00c000 Uncommon trap: reason=class_check action=maybe_recompile pc=0x00007f75ed3bf714 method=java.util.zip.InflaterInputStream.fill()V @ 19
Event: 14.530 Thread 0x00007f75fc00c000 Uncommon trap: reason=class_check action=maybe_recompile pc=0x00007f75ed3bf714 method=java.util.zip.InflaterInputStream.fill()V @ 19

Internal exceptions (10 events):
Event: 12.988 Thread 0x00007f75fc00c000 Exception <a 'java/lang/ArrayIndexOutOfBoundsException': 57> (0x000000076e1ae448) thrown at [/build/openjdk-8-pZyJp3/openjdk-8-8u131-b11/src/hotspot/src/share/vm/interpreter/interpreterRuntime.cpp, line 366]
Event: 12.988 Thread 0x00007f75fc00c000 Exception <a 'java/lang/ArrayIndexOutOfBoundsException': 55> (0x000000076e1af308) thrown at [/build/openjdk-8-pZyJp3/openjdk-8-8u131-b11/src/hotspot/src/share/vm/interpreter/interpreterRuntime.cpp, line 366]
Event: 12.988 Thread 0x00007f75fc00c000 Exception <a 'java/lang/ArrayIndexOutOfBoundsException': 65> (0x000000076e1b0308) thrown at [/build/openjdk-8-pZyJp3/openjdk-8-8u131-b11/src/hotspot/src/share/vm/interpreter/interpreterRuntime.cpp, line 366]
Event: 12.988 Thread 0x00007f75fc00c000 Exception <a 'java/lang/ArrayIndexOutOfBoundsException': 68> (0x000000076e1b1328) thrown at [/build/openjdk-8-pZyJp3/openjdk-8-8u131-b11/src/hotspot/src/share/vm/interpreter/interpreterRuntime.cpp, line 366]
Event: 12.988 Thread 0x00007f75fc00c000 Exception <a 'java/lang/ArrayIndexOutOfBoundsException': 53> (0x000000076e1b21f0) thrown at [/build/openjdk-8-pZyJp3/openjdk-8-8u131-b11/src/hotspot/src/share/vm/interpreter/interpreterRuntime.cpp, line 366]
Event: 12.988 Thread 0x00007f75fc00c000 Exception <a 'java/lang/ArrayIndexOutOfBoundsException': 54> (0x000000076e1b30a0) thrown at [/build/openjdk-8-pZyJp3/openjdk-8-8u131-b11/src/hotspot/src/share/vm/interpreter/interpreterRuntime.cpp, line 366]
Event: 12.989 Thread 0x00007f75fc00c000 Exception <a 'java/lang/ArrayIndexOutOfBoundsException': 65> (0x000000076e1b40a0) thrown at [/build/openjdk-8-pZyJp3/openjdk-8-8u131-b11/src/hotspot/src/share/vm/interpreter/interpreterRuntime.cpp, line 366]
Event: 12.989 Thread 0x00007f75fc00c000 Exception <a 'java/lang/ArrayIndexOutOfBoundsException': 63> (0x000000076e1b50a8) thrown at [/build/openjdk-8-pZyJp3/openjdk-8-8u131-b11/src/hotspot/src/share/vm/interpreter/interpreterRuntime.cpp, line 366]
Event: 13.335 Thread 0x00007f75fc00c000 Implicit null exception at 0x00007f75ed2bdd95 to 0x00007f75ed2bded9
Event: 13.999 Thread 0x00007f75fc00c000 Implicit null exception at 0x00007f75ed20c635 to 0x00007f75ed20c9f1

Events (10 events):
Event: 21.011 Executing VM operation: ParallelGCFailedAllocation done
Event: 21.393 Executing VM operation: ParallelGCFailedAllocation
Event: 21.891 Executing VM operation: ParallelGCFailedAllocation done
Event: 22.075 Executing VM operation: ParallelGCFailedAllocation
Event: 22.550 Executing VM operation: ParallelGCFailedAllocation done
Event: 23.196 Executing VM operation: ParallelGCFailedAllocation
Event: 28.296 Executing VM operation: ParallelGCFailedAllocation done
Event: 28.851 Executing VM operation: ParallelGCFailedAllocation
Event: 29.618 Executing VM operation: ParallelGCFailedAllocation done
Event: 30.137 Executing VM operation: ParallelGCFailedAllocation


Dynamic libraries:
00400000-00401000 r-xp 00000000 08:05 2763008                            /usr/lib/jvm/java-8-openjdk-amd64/jre/bin/java
00600000-00601000 r--p 00000000 08:05 2763008                            /usr/lib/jvm/java-8-openjdk-amd64/jre/bin/java
00601000-00602000 rw-p 00001000 08:05 2763008                            /usr/lib/jvm/java-8-openjdk-amd64/jre/bin/java
014f0000-01511000 rw-p 00000000 00:00 0                                  [heap]
6c0000000-6f8480000 rw-p 00000000 00:00 0 
70c800000-76ab00000 ---p 00000000 00:00 0 
76ab00000-7b0080000 rw-p 00000000 00:00 0 
7b0080000-7c0000000 ---p 00000000 00:00 0 
7c0000000-7c0280000 rw-p 00000000 00:00 0 
7c0280000-800000000 ---p 00000000 00:00 0 
7f75a8000000-7f75a8021000 rw-p 00000000 00:00 0 
7f75a8021000-7f75ac000000 ---p 00000000 00:00 0 
7f75b0000000-7f75b04ad000 rw-p 00000000 00:00 0 
7f75b04ad000-7f75b4000000 ---p 00000000 00:00 0 
7f75b4000000-7f75b4021000 rw-p 00000000 00:00 0 
7f75b4021000-7f75b8000000 ---p 00000000 00:00 0 
7f75b8000000-7f75b8728000 rw-p 00000000 00:00 0 
7f75b8728000-7f75bc000000 ---p 00000000 00:00 0 
7f75bc000000-7f75bd1ed000 rw-p 00000000 00:00 0 
7f75bd1ed000-7f75c0000000 ---p 00000000 00:00 0 
7f75c0000000-7f75c0021000 rw-p 00000000 00:00 0 
7f75c0021000-7f75c4000000 ---p 00000000 00:00 0 
7f75c4000000-7f75c4021000 rw-p 00000000 00:00 0 
7f75c4021000-7f75c8000000 ---p 00000000 00:00 0 
7f75c8000000-7f75c8039000 rw-p 00000000 00:00 0 
7f75c8039000-7f75cc000000 ---p 00000000 00:00 0 
7f75cc000000-7f75cc021000 rw-p 00000000 00:00 0 
7f75cc021000-7f75d0000000 ---p 00000000 00:00 0 
7f75d0000000-7f75d056f000 rw-p 00000000 00:00 0 
7f75d056f000-7f75d4000000 ---p 00000000 00:00 0 
7f75d6732000-7f75d68f2000 rw-p 00000000 00:00 0 
7f75d68f2000-7f75d6932000 ---p 00000000 00:00 0 
7f75d6932000-7f75d6b32000 rw-p 00000000 00:00 0 
7f75d6b32000-7f75d6b45000 r--s 00346000 08:05 2495509                    /usr/lib/jvm/java-8-openjdk-amd64/jre/lib/resources.jar
7f75d6b45000-7f75d6d45000 rw-p 00000000 00:00 0 
7f75d6d45000-7f75d6d48000 r--s 00018000 08:05 12603141                   /root/.ivy2/cache/org.eclipse.jetty/jetty-io/jars/jetty-io-9.2.10.v20150310.jar
7f75d6d48000-7f75d6d4e000 r--s 00051000 08:05 12603143                   /root/.ivy2/cache/org.eclipse.jetty/jetty-util/jars/jetty-util-9.2.10.v20150310.jar
7f75d6d4e000-7f75d6d50000 r--s 00018000 08:05 12603139                   /root/.ivy2/cache/org.eclipse.jetty/jetty-http/jars/jetty-http-9.2.10.v20150310.jar
7f75d6d50000-7f75d6d56000 r--s 00061000 08:05 12603137                   /root/.ivy2/cache/org.eclipse.jetty/jetty-server/jars/jetty-server-9.2.10.v20150310.jar
7f75d6d56000-7f75d6d59000 r--s 00015000 08:05 12603135                   /root/.ivy2/cache/org.eclipse.jetty/jetty-security/jars/jetty-security-9.2.10.v20150310.jar
7f75d6d59000-7f75d6d5c000 r--s 0001a000 08:05 12603127                   /root/.ivy2/cache/org.eclipse.jetty/jetty-servlet/jars/jetty-servlet-9.2.10.v20150310.jar
7f75d6d5c000-7f75d6d5f000 r--s 00015000 08:05 12603133                   /root/.ivy2/cache/javax.servlet/javax.servlet-api/jars/javax.servlet-api-3.1.0.jar
7f75d6d5f000-7f75d6d63000 r--s 00018000 08:05 12603131                   /root/.ivy2/cache/io.dropwizard.metrics/metrics-core/bundles/metrics-core-3.1.1.jar
7f75d6d63000-7f75d6d68000 r--s 0002b000 08:05 12603129                   /root/.ivy2/cache/org.http4s/http4s-server_2.10/jars/http4s-server_2.10-0.7.0.jar
7f75d6d68000-7f75d6d6b000 r--s 00015000 08:05 12603123                   /root/.ivy2/cache/org.http4s/http4s-servlet_2.10/jars/http4s-servlet_2.10-0.7.0.jar
7f75d6d6b000-7f75d6d6d000 r--s 00007000 08:05 12465071                   /root/.ivy2/cache/org.http4s/http4s-jetty_2.10/jars/http4s-jetty_2.10-0.7.0.jar
7f75d6d6d000-7f75d6d72000 r--s 0004b000 08:05 12603111                   /root/.ivy2/cache/org.scodec/scodec-bits_2.10/bundles/scodec-bits_2.10-1.0.6.jar
7f75d6d72000-7f75d6d7d000 r--s 0005e000 08:05 12603121                   /root/.ivy2/cache/org.scalaz/scalaz-effect_2.10/bundles/scalaz-effect_2.10-7.1.0.jar
7f75d6d7d000-7f75d6d86000 r--s 0004d000 08:05 12603119                   /root/.ivy2/cache/org.scalaz/scalaz-concurrent_2.10/bundles/scalaz-concurrent_2.10-7.1.0.jar
7f75d6d86000-7f75d6e44000 r--s 00839000 08:05 12603117                   /root/.ivy2/cache/org.scalaz/scalaz-core_2.10/bundles/scalaz-core_2.10-7.1.0.jar
7f75d6e44000-7f75d6e64000 r--s 00142000 08:05 12603109                   /root/.ivy2/cache/org.scalaz.stream/scalaz-stream_2.10/bundles/scalaz-stream_2.10-0.7a.jar
7f75d6e64000-7f75d6e9a000 r--s 002d9000 08:05 10891454                   /root/.sbt/boot/scala-2.10.4/lib/scala-reflect.jar
7f75d6e9a000-7f75d6ea6000 r--s 000a4000 08:05 10891361                   /root/.ivy2/cache/org.scalamacros/quasiquotes_2.10/jars/quasiquotes_2.10-2.0.1.jar
7f75d6ea6000-7f75d6edf000 r--s 0024b000 08:05 12603115                   /root/.ivy2/cache/com.chuusai/shapeless_2.10.4/bundles/shapeless_2.10.4-2.1.0.jar
7f75d6edf000-7f75d6ee9000 r--s 000b2000 08:05 12603107                   /root/.ivy2/cache/org.parboiled/parboiled_2.10/jars/parboiled_2.10-2.1.0.jar
7f75d6ee9000-7f75d6eeb000 r--s 00006000 08:05 12603113                   /root/.ivy2/cache/org.slf4j/slf4j-api/jars/slf4j-api-1.7.7.jar
7f75d6eeb000-7f75d6eed000 r--s 00011000 08:05 12603105                   /root/.ivy2/cache/org.log4s/log4s_2.10/jars/log4s_2.10-1.1.3.jar
7f75d6eed000-7f75d6eef000 r--s 0000c000 08:05 12465115                   /root/.ivy2/cache/org.http4s/http4s-websocket_2.10/jars/http4s-websocket_2.10-0.1.1.jar
7f75d6eef000-7f75d6ef1000 r--s 00003000 08:05 12465113                   /root/.ivy2/cache/net.iharder/base64/jars/base64-2.3.8.jar
7f75d6ef1000-7f75d6f0a000 r--s 0015f000 08:05 12465111                   /root/.ivy2/cache/org.http4s/http4s-core_2.10/jars/http4s-core_2.10-0.7.0.jar
7f75d6f0a000-7f75d710a000 rw-p 00000000 00:00 0 
7f75d710a000-7f75d717c000 r--s 0065b000 08:05 10761245                   /root/.ivy2/cache/org.scala-lang/scala-library/jars/scala-library-2.10.5.jar
7f75d717c000-7f75d7181000 r--s 00031000 08:05 12465069                   /root/.ivy2/cache/org.http4s/http4s-dsl_2.10/jars/http4s-dsl_2.10-0.7.0.jar
7f75d7181000-7f75d7186000 r--s 00045000 08:05 12465099                   /root/.ivy2/cache/com.googlecode.efficient-java-matrix-library/ejml/jars/ejml-0.23.jar
7f75d7186000-7f75d718a000 r--s 00015000 08:05 12465109                   /root/.ivy2/cache/javax.xml.bind/jaxb-api/jars/jaxb-api-2.2.7.jar
7f75d718a000-7f75d718f000 r--s 0002d000 08:05 12465097                   /root/.ivy2/cache/de.jollyday/jollyday/jars/jollyday-0.4.7.jar
7f75d718f000-7f75d71ad000 r--s 0027d000 08:05 12465107                   /root/.ivy2/cache/xalan/xalan/jars/xalan-2.7.0.jar
7f75d71ad000-7f75d71c4000 r--s 00110000 08:05 12465105                   /root/.ivy2/cache/xerces/xercesImpl/jars/xercesImpl-2.8.0.jar
7f75d71c4000-7f75d71cc000 r--s 00028000 08:05 12465103                   /root/.ivy2/cache/xml-apis/xml-apis/jars/xml-apis-1.3.03.jar
7f75d71cc000-7f75d71d3000 r--s 00046000 08:05 12465095                   /root/.ivy2/cache/com.io7m.xom/xom/jars/xom-1.2.10.jar
7f75d71d3000-7f75d7216000 r--s 00577000 08:05 12465067                   /root/.ivy2/cache/edu.stanford.nlp/stanford-corenlp/jars/stanford-corenlp-3.5.1.jar
7f75d7216000-7f75d7219000 r--s 11dbb000 08:05 12465066                   /root/.ivy2/cache/edu.stanford.nlp/stanford-corenlp/jars/stanford-corenlp-3.5.1-models.jar
7f75d7219000-7f75d721d000 r--s 0001b000 08:05 12465064                   /root/.ivy2/cache/com.github.scopt/scopt_2.10/jars/scopt_2.10-3.2.0.jar
7f75d721d000-7f75d721e000 ---p 00000000 00:00 0 
7f75d721e000-7f75d731e000 rw-p 00000000 00:00 0 
7f75d731e000-7f75d7321000 ---p 00000000 00:00 0 
7f75d7321000-7f75d741f000 rw-p 00000000 00:00 0 
7f75d741f000-7f75d7422000 ---p 00000000 00:00 0 
7f75d7422000-7f75d7520000 rw-p 00000000 00:00 0 
7f75d7520000-7f75d7523000 ---p 00000000 00:00 0 
7f75d7523000-7f75d7621000 rw-p 00000000 00:00 0 
7f75d7621000-7f75d7624000 ---p 00000000 00:00 0 
7f75d7624000-7f75d7722000 rw-p 00000000 00:00 0 
7f75d7722000-7f75d7725000 ---p 00000000 00:00 0 
7f75d7725000-7f75d7823000 rw-p 00000000 00:00 0 
7f75d7823000-7f75d7afb000 r--p 00000000 08:05 10637776                   /usr/lib/locale/locale-archive
7f75d7afb000-7f75d7afe000 ---p 00000000 00:00 0 
7f75d7afe000-7f75d7bfc000 rw-p 00000000 00:00 0 
7f75d7bfc000-7f75d7bff000 ---p 00000000 00:00 0 
7f75d7bff000-7f75d7cfd000 rw-p 00000000 00:00 0 
7f75d7cfd000-7f75d7cfe000 ---p 00000000 00:00 0 
7f75d7cfe000-7f75d8000000 rw-p 00000000 00:00 0 
7f75d8000000-7f75d8c8e000 rw-p 00000000 00:00 0 
7f75d8c8e000-7f75dc000000 ---p 00000000 00:00 0 
7f75dc000000-7f75dc386000 rw-p 00000000 00:00 0 
7f75dc386000-7f75e0000000 ---p 00000000 00:00 0 
7f75e0000000-7f75e0ca8000 rw-p 00000000 00:00 0 
7f75e0ca8000-7f75e4000000 ---p 00000000 00:00 0 
7f75e4000000-7f75e4001000 r--s 00004000 08:05 12603125                   /root/.ivy2/cache/io.dropwizard.metrics/metrics-jetty9/bundles/metrics-jetty9-3.1.1.jar
7f75e4001000-7f75e4002000 r--s 00004000 08:05 12465101                   /root/.ivy2/cache/javax.json/javax.json-api/bundles/javax.json-api-1.0.jar
7f75e4002000-7f75e4013000 r--s 000c3000 08:05 12465089                   /root/.ivy2/cache/com.fasterxml.jackson.core/jackson-databind/jars/jackson-databind-2.2.2.jar
7f75e4013000-7f75e4016000 r--s 0002c000 08:05 12465087                   /root/.ivy2/cache/com.fasterxml.jackson.core/jackson-core/jars/jackson-core-2.2.2.jar
7f75e4016000-7f75e4019000 r--s 00006000 08:05 12465085                   /root/.ivy2/cache/com.fasterxml.jackson.core/jackson-annotations/jars/jackson-annotations-2.2.2.jar
7f75e4019000-7f75e401b000 r--s 00008000 08:05 12465083                   /root/.ivy2/cache/org.joda/joda-convert/jars/joda-convert-1.3.1.jar
7f75e401b000-7f75e402b000 r--s 0007d000 08:05 12465081                   /root/.ivy2/cache/joda-time/joda-time/jars/joda-time-2.2.jar
7f75e402b000-7f75e4033000 r--s 00052000 08:05 12465077                   /root/.ivy2/cache/com.typesafe.play/play-functional_2.10/jars/play-functional_2.10-2.2.1.jar
7f75e4033000-7f75e403c000 r--s 00096000 08:05 12465091                   /root/.ivy2/cache/org.scala-stm/scala-stm_2.10/jars/scala-stm_2.10-0.7.jar
7f75e403c000-7f75e404d000 r--s 0009e000 08:05 12465075                   /root/.ivy2/cache/com.typesafe.play/play-iteratees_2.10/jars/play-iteratees_2.10-2.2.1.jar
7f75e404d000-7f75e4059000 r--s 0008e000 08:05 12465062                   /root/.ivy2/cache/com.typesafe.play/play-json_2.10/jars/play-json_2.10-2.2.1.jar
7f75e4059000-7f75e4061000 r--s 00051000 08:05 12465073                   /root/.ivy2/cache/ch.qos.logback/logback-core/jars/logback-core-1.0.7.jar
7f75e4061000-7f75e406b000 r--s 00116000 08:05 2627414                    /usr/lib/jvm/java-8-openjdk-amd64/jre/lib/ext/localedata.jar
7f75e406b000-7f75e4086000 r--s 00394000 08:05 2627412                    /usr/lib/jvm/java-8-openjdk-amd64/jre/lib/ext/cldrdata.jar
7f75e4086000-7f75e40a1000 r--s 001d6000 08:05 2627413                    /usr/lib/jvm/java-8-openjdk-amd64/jre/lib/ext/nashorn.jar
7f75e40a1000-7f75e4e32000 rw-p 00000000 00:00 0 
7f75e4e32000-7f75e5000000 r--s 03c13000 08:05 2495471                    /usr/lib/jvm/java-8-openjdk-amd64/jre/lib/rt.jar
7f75e5000000-7f75ed000000 rw-p 00000000 00:00 0 
7f75ed000000-7f75ed6e0000 rwxp 00000000 00:00 0 
7f75ed6e0000-7f75fc000000 ---p 00000000 00:00 0 
7f75fc000000-7f75fc8b8000 rw-p 00000000 00:00 0 
7f75fc8b8000-7f7600000000 ---p 00000000 00:00 0 
7f7600000000-7f7600004000 r--s 0002a000 08:05 12465093                   /root/.ivy2/cache/com.typesafe/config/bundles/config-1.0.2.jar
7f7600004000-7f76010e9000 rw-p 00000000 00:00 0 
7f76010e9000-7f76010ea000 ---p 00000000 00:00 0 
7f76010ea000-7f76011ea000 rw-p 00000000 00:00 0 
7f76011ea000-7f76011eb000 ---p 00000000 00:00 0 
7f76011eb000-7f76012eb000 rw-p 00000000 00:00 0 
7f76012eb000-7f76012ec000 ---p 00000000 00:00 0 
7f76012ec000-7f76013ec000 rw-p 00000000 00:00 0 
7f76013ec000-7f76013ed000 ---p 00000000 00:00 0 
7f76013ed000-7f76016b0000 rw-p 00000000 00:00 0 
7f76016b0000-7f7601a43000 ---p 00000000 00:00 0 
7f7601a43000-7f7601c06000 rw-p 00000000 00:00 0 
7f7601c06000-7f7601f98000 ---p 00000000 00:00 0 
7f7601f98000-7f76021c4000 rw-p 00000000 00:00 0 
7f76021c4000-7f7602243000 ---p 00000000 00:00 0 
7f7602243000-7f7602260000 rw-p 00000000 00:00 0 
7f7602260000-7f7602604000 ---p 00000000 00:00 0 
7f7602604000-7f760260c000 r-xp 00000000 08:05 2627437                    /usr/lib/jvm/java-8-openjdk-amd64/jre/lib/amd64/libzip.so
7f760260c000-7f760280b000 ---p 00008000 08:05 2627437                    /usr/lib/jvm/java-8-openjdk-amd64/jre/lib/amd64/libzip.so
7f760280b000-7f760280c000 r--p 00007000 08:05 2627437                    /usr/lib/jvm/java-8-openjdk-amd64/jre/lib/amd64/libzip.so
7f760280c000-7f760280d000 rw-p 00008000 08:05 2627437                    /usr/lib/jvm/java-8-openjdk-amd64/jre/lib/amd64/libzip.so
7f760280d000-7f7602818000 r-xp 00000000 08:05 5767223                    /lib/x86_64-linux-gnu/libnss_files-2.23.so
7f7602818000-7f7602a17000 ---p 0000b000 08:05 5767223                    /lib/x86_64-linux-gnu/libnss_files-2.23.so
7f7602a17000-7f7602a18000 r--p 0000a000 08:05 5767223                    /lib/x86_64-linux-gnu/libnss_files-2.23.so
7f7602a18000-7f7602a19000 rw-p 0000b000 08:05 5767223                    /lib/x86_64-linux-gnu/libnss_files-2.23.so
7f7602a19000-7f7602a1f000 rw-p 00000000 00:00 0 
7f7602a1f000-7f7602a2a000 r-xp 00000000 08:05 5767227                    /lib/x86_64-linux-gnu/libnss_nis-2.23.so
7f7602a2a000-7f7602c29000 ---p 0000b000 08:05 5767227                    /lib/x86_64-linux-gnu/libnss_nis-2.23.so
7f7602c29000-7f7602c2a000 r--p 0000a000 08:05 5767227                    /lib/x86_64-linux-gnu/libnss_nis-2.23.so
7f7602c2a000-7f7602c2b000 rw-p 0000b000 08:05 5767227                    /lib/x86_64-linux-gnu/libnss_nis-2.23.so
7f7602c2b000-7f7602c41000 r-xp 00000000 08:05 5767204                    /lib/x86_64-linux-gnu/libnsl-2.23.so
7f7602c41000-7f7602e40000 ---p 00016000 08:05 5767204                    /lib/x86_64-linux-gnu/libnsl-2.23.so
7f7602e40000-7f7602e41000 r--p 00015000 08:05 5767204                    /lib/x86_64-linux-gnu/libnsl-2.23.so
7f7602e41000-7f7602e42000 rw-p 00016000 08:05 5767204                    /lib/x86_64-linux-gnu/libnsl-2.23.so
7f7602e42000-7f7602e44000 rw-p 00000000 00:00 0 
7f7602e44000-7f7602e4c000 r-xp 00000000 08:05 5767233                    /lib/x86_64-linux-gnu/libnss_compat-2.23.so
7f7602e4c000-7f760304b000 ---p 00008000 08:05 5767233                    /lib/x86_64-linux-gnu/libnss_compat-2.23.so
7f760304b000-7f760304c000 r--p 00007000 08:05 5767233                    /lib/x86_64-linux-gnu/libnss_compat-2.23.so
7f760304c000-7f760304d000 rw-p 00008000 08:05 5767233                    /lib/x86_64-linux-gnu/libnss_compat-2.23.so
7f760304d000-7f760307a000 r-xp 00000000 08:05 2627452                    /usr/lib/jvm/java-8-openjdk-amd64/jre/lib/amd64/libjava.so
7f760307a000-7f7603279000 ---p 0002d000 08:05 2627452                    /usr/lib/jvm/java-8-openjdk-amd64/jre/lib/amd64/libjava.so
7f7603279000-7f760327a000 r--p 0002c000 08:05 2627452                    /usr/lib/jvm/java-8-openjdk-amd64/jre/lib/amd64/libjava.so
7f760327a000-7f760327c000 rw-p 0002d000 08:05 2627452                    /usr/lib/jvm/java-8-openjdk-amd64/jre/lib/amd64/libjava.so
7f760327c000-7f760328b000 r-xp 00000000 08:05 2627431                    /usr/lib/jvm/java-8-openjdk-amd64/jre/lib/amd64/libverify.so
7f760328b000-7f760348a000 ---p 0000f000 08:05 2627431                    /usr/lib/jvm/java-8-openjdk-amd64/jre/lib/amd64/libverify.so
7f760348a000-7f760348c000 r--p 0000e000 08:05 2627431                    /usr/lib/jvm/java-8-openjdk-amd64/jre/lib/amd64/libverify.so
7f760348c000-7f760348d000 rw-p 00010000 08:05 2627431                    /usr/lib/jvm/java-8-openjdk-amd64/jre/lib/amd64/libverify.so
7f760348d000-7f7603494000 r-xp 00000000 08:05 5767229                    /lib/x86_64-linux-gnu/librt-2.23.so
7f7603494000-7f7603693000 ---p 00007000 08:05 5767229                    /lib/x86_64-linux-gnu/librt-2.23.so
7f7603693000-7f7603694000 r--p 00006000 08:05 5767229                    /lib/x86_64-linux-gnu/librt-2.23.so
7f7603694000-7f7603695000 rw-p 00007000 08:05 5767229                    /lib/x86_64-linux-gnu/librt-2.23.so
7f7603695000-7f76036ab000 r-xp 00000000 08:05 5771737                    /lib/x86_64-linux-gnu/libgcc_s.so.1
7f76036ab000-7f76038aa000 ---p 00016000 08:05 5771737                    /lib/x86_64-linux-gnu/libgcc_s.so.1
7f76038aa000-7f76038ab000 rw-p 00015000 08:05 5771737                    /lib/x86_64-linux-gnu/libgcc_s.so.1
7f76038ab000-7f76039b3000 r-xp 00000000 08:05 5767238                    /lib/x86_64-linux-gnu/libm-2.23.so
7f76039b3000-7f7603bb2000 ---p 00108000 08:05 5767238                    /lib/x86_64-linux-gnu/libm-2.23.so
7f7603bb2000-7f7603bb3000 r--p 00107000 08:05 5767238                    /lib/x86_64-linux-gnu/libm-2.23.so
7f7603bb3000-7f7603bb4000 rw-p 00108000 08:05 5767238                    /lib/x86_64-linux-gnu/libm-2.23.so
7f7603bb4000-7f7603d26000 r-xp 00000000 08:05 10619009                   /usr/lib/x86_64-linux-gnu/libstdc++.so.6.0.21
7f7603d26000-7f7603f26000 ---p 00172000 08:05 10619009                   /usr/lib/x86_64-linux-gnu/libstdc++.so.6.0.21
7f7603f26000-7f7603f30000 r--p 00172000 08:05 10619009                   /usr/lib/x86_64-linux-gnu/libstdc++.so.6.0.21
7f7603f30000-7f7603f32000 rw-p 0017c000 08:05 10619009                   /usr/lib/x86_64-linux-gnu/libstdc++.so.6.0.21
7f7603f32000-7f7603f36000 rw-p 00000000 00:00 0 
7f7603f36000-7f7604b8a000 r-xp 00000000 08:05 2627436                    /usr/lib/jvm/java-8-openjdk-amd64/jre/lib/amd64/server/libjvm.so
7f7604b8a000-7f7604d8a000 ---p 00c54000 08:05 2627436                    /usr/lib/jvm/java-8-openjdk-amd64/jre/lib/amd64/server/libjvm.so
7f7604d8a000-7f7604e1d000 r--p 00c54000 08:05 2627436                    /usr/lib/jvm/java-8-openjdk-amd64/jre/lib/amd64/server/libjvm.so
7f7604e1d000-7f7604e46000 rw-p 00ce7000 08:05 2627436                    /usr/lib/jvm/java-8-openjdk-amd64/jre/lib/amd64/server/libjvm.so
7f7604e46000-7f7604e76000 rw-p 00000000 00:00 0 
7f7604e76000-7f7604e8e000 r-xp 00000000 08:05 5767226                    /lib/x86_64-linux-gnu/libpthread-2.23.so
7f7604e8e000-7f760508d000 ---p 00018000 08:05 5767226                    /lib/x86_64-linux-gnu/libpthread-2.23.so
7f760508d000-7f760508e000 r--p 00017000 08:05 5767226                    /lib/x86_64-linux-gnu/libpthread-2.23.so
7f760508e000-7f760508f000 rw-p 00018000 08:05 5767226                    /lib/x86_64-linux-gnu/libpthread-2.23.so
7f760508f000-7f7605093000 rw-p 00000000 00:00 0 
7f7605093000-7f7605096000 r-xp 00000000 08:05 5767232                    /lib/x86_64-linux-gnu/libdl-2.23.so
7f7605096000-7f7605295000 ---p 00003000 08:05 5767232                    /lib/x86_64-linux-gnu/libdl-2.23.so
7f7605295000-7f7605296000 r--p 00002000 08:05 5767232                    /lib/x86_64-linux-gnu/libdl-2.23.so
7f7605296000-7f7605297000 rw-p 00003000 08:05 5767232                    /lib/x86_64-linux-gnu/libdl-2.23.so
7f7605297000-7f76052b0000 r-xp 00000000 08:05 5774672                    /lib/x86_64-linux-gnu/libz.so.1.2.8
7f76052b0000-7f76054af000 ---p 00019000 08:05 5774672                    /lib/x86_64-linux-gnu/libz.so.1.2.8
7f76054af000-7f76054b0000 r--p 00018000 08:05 5774672                    /lib/x86_64-linux-gnu/libz.so.1.2.8
7f76054b0000-7f76054b1000 rw-p 00019000 08:05 5774672                    /lib/x86_64-linux-gnu/libz.so.1.2.8
7f76054b1000-7f7605671000 r-xp 00000000 08:05 5767999                    /lib/x86_64-linux-gnu/libc-2.23.so
7f7605671000-7f7605871000 ---p 001c0000 08:05 5767999                    /lib/x86_64-linux-gnu/libc-2.23.so
7f7605871000-7f7605875000 r--p 001c0000 08:05 5767999                    /lib/x86_64-linux-gnu/libc-2.23.so
7f7605875000-7f7605877000 rw-p 001c4000 08:05 5767999                    /lib/x86_64-linux-gnu/libc-2.23.so
7f7605877000-7f760587b000 rw-p 00000000 00:00 0 
7f760587b000-7f7605888000 r-xp 00000000 08:05 2627429                    /usr/lib/jvm/java-8-openjdk-amd64/jre/lib/amd64/jli/libjli.so
7f7605888000-7f7605a88000 ---p 0000d000 08:05 2627429                    /usr/lib/jvm/java-8-openjdk-amd64/jre/lib/amd64/jli/libjli.so
7f7605a88000-7f7605a89000 r--p 0000d000 08:05 2627429                    /usr/lib/jvm/java-8-openjdk-amd64/jre/lib/amd64/jli/libjli.so
7f7605a89000-7f7605a8a000 rw-p 0000e000 08:05 2627429                    /usr/lib/jvm/java-8-openjdk-amd64/jre/lib/amd64/jli/libjli.so
7f7605a8a000-7f7605ab0000 r-xp 00000000 08:05 5767205                    /lib/x86_64-linux-gnu/ld-2.23.so
7f7605ab0000-7f7605ab1000 r--s 00001000 08:05 12465079                   /root/.ivy2/cache/com.typesafe.play/play-datacommons_2.10/jars/play-datacommons_2.10-2.2.1.jar
7f7605ab1000-7f7605ab7000 r--s 00038000 08:05 12465060                   /root/.ivy2/cache/ch.qos.logback/logback-classic/jars/logback-classic-1.0.7.jar
7f7605ab7000-7f7605b8a000 rw-p 00000000 00:00 0 
7f7605b8a000-7f7605b8d000 ---p 00000000 00:00 0 
7f7605b8d000-7f7605c90000 rw-p 00000000 00:00 0 
7f7605c90000-7f7605c91000 r--s 24ee7000 08:05 11807810                   /root/deepdive-0.8-STABLE/examples/spouse/udf/bazaar/parser/lib/stanford-srparser-2014-10-23-models.jar
7f7605c91000-7f7605c93000 r--s 00001000 08:05 2627420                    /usr/lib/jvm/java-8-openjdk-amd64/jre/lib/ext/dnsns.jar
7f7605c93000-7f7605c98000 r--s 0003b000 08:05 2627422                    /usr/lib/jvm/java-8-openjdk-amd64/jre/lib/ext/sunjce_provider.jar
7f7605c98000-7f7605c99000 r--s 00010000 08:05 2627425                    /usr/lib/jvm/java-8-openjdk-amd64/jre/lib/ext/zipfs.jar
7f7605c99000-7f7605c9a000 r--s 0000a000 08:05 2627421                    /usr/lib/jvm/java-8-openjdk-amd64/jre/lib/ext/jaccess.jar
7f7605c9a000-7f7605c9d000 r--s 0000f000 08:05 2627423                    /usr/lib/jvm/java-8-openjdk-amd64/jre/lib/ext/icedtea-sound.jar
7f7605c9d000-7f7605c9f000 r--s 00008000 08:05 2627424                    /usr/lib/jvm/java-8-openjdk-amd64/jre/lib/ext/sunec.jar
7f7605c9f000-7f7605ca3000 r--s 00037000 08:05 2627415                    /usr/lib/jvm/java-8-openjdk-amd64/jre/lib/ext/sunpkcs11.jar
7f7605ca3000-7f7605cab000 rw-s 00000000 08:05 9961505                    /tmp/hsperfdata_root/5829
7f7605cab000-7f7605cac000 rw-p 00000000 00:00 0 
7f7605cac000-7f7605cad000 ---p 00000000 00:00 0 
7f7605cad000-7f7605caf000 rw-p 00000000 00:00 0 
7f7605caf000-7f7605cb0000 r--p 00025000 08:05 5767205                    /lib/x86_64-linux-gnu/ld-2.23.so
7f7605cb0000-7f7605cb1000 rw-p 00026000 08:05 5767205                    /lib/x86_64-linux-gnu/ld-2.23.so
7f7605cb1000-7f7605cb2000 rw-p 00000000 00:00 0 
7ffc807a5000-7ffc807c7000 rw-p 00000000 00:00 0                          [stack]
7ffc807f3000-7ffc807f5000 r--p 00000000 00:00 0                          [vvar]
7ffc807f5000-7ffc807f7000 r-xp 00000000 00:00 0                          [vdso]
ffffffffff600000-ffffffffff601000 r-xp 00000000 00:00 0                  [vsyscall]

VM Arguments:
jvm_args: -Xmx4g -Dfile.encoding=UTF-8 
java_command: com.clearcut.nlp.Main -i json -k doc_id -v content
java_class_path (initial): /root/deepdive-0.8-STABLE/examples/spouse/udf/bazaar/parser/target/../target/scala-2.10/classes:/root/deepdive-0.8-STABLE/examples/spouse/udf/bazaar/parser/target/../lib/stanford-srparser-2014-10-23-models.jar:/root/deepdive-0.8-STABLE/examples/spouse/udf/bazaar/parser/target/../lib/stanford-srparser-2014-10-23-models.jar:/root/.ivy2/cache/ch.qos.logback/logback-classic/jars/logback-classic-1.0.7.jar:/root/.ivy2/cache/ch.qos.logback/logback-core/jars/logback-core-1.0.7.jar:/root/.ivy2/cache/com.typesafe.play/play-json_2.10/jars/play-json_2.10-2.2.1.jar:/root/.ivy2/cache/com.typesafe.play/play-iteratees_2.10/jars/play-iteratees_2.10-2.2.1.jar:/root/.ivy2/cache/org.scala-stm/scala-stm_2.10/jars/scala-stm_2.10-0.7.jar:/root/.ivy2/cache/com.typesafe/config/bundles/config-1.0.2.jar:/root/.ivy2/cache/com.typesafe.play/play-functional_2.10/jars/play-functional_2.10-2.2.1.jar:/root/.ivy2/cache/com.typesafe.play/play-datacommons_2.10/jars/play-datacommons_2.10-2.2.1.jar:/root/.ivy2/cache/joda-time/joda-time/jars/joda-time-2.2.jar:/root/.ivy2/cache/org.joda/joda-convert/jars/joda-convert-1.3.1.jar:/root/.ivy2/cache/com.fasterxml.jackson.core/jackson-annotations/jars/jackson-annotations-2.2.2.jar:/root/.ivy2/cache/com.fasterxml.jackson.core/jackson-core/jars/jackson-core-2.2.2.jar:/root/.ivy2/cache/com.fasterxml.jackson.core/jackson-databind/jars/jackson-databind-2.2.2.jar:/root/.ivy2/cache/com.github.scopt/scopt_2.10/jars/scopt_2.10-3.2.0.jar:/root/.ivy2/cache/edu.stanford.nlp/stanford-corenlp/jars/stanford-corenlp-3.5.1-models.jar:/root/.ivy2/cache/edu.stanford.nlp/stanford-corenlp/jars/stanford-corenlp-3.5.1.jar:/root/.ivy2/cache/com.io7m.xom/xom/jars/xom-1.2.10.jar:/root/.ivy2/cache/xml-apis/xml-apis/jars/xml-apis-1.3.03.jar:/root/.ivy2/cache/xerces/xercesImpl/jars/xercesImpl-2.8.0.jar:/root/.ivy2/cache/xalan/xalan/jars/xalan-2.7.0.jar:/root/.ivy2/cache/de.jollyday/jollyday/jars/jollyday-0.4.7.jar:/root/.ivy2/cache/javax.xml.bind/jaxb-api/jars/
Launcher Type: SUN_STANDARD

Environment Variables:
PATH=/root/local/util/db-driver/postgresql:/root/local/util/db-driver/postgresql:/root/local/util/compute-driver/local:/root/local/util/db-driver/postgresql:/root/local/util/db-driver/postgresql:/root/local/util:/root/local/bin:/root/local/lib/bundled/.all/bin:/usr/local/sbin:/usr/local/bin:/usr/sbin:/usr/bin:/sbin:/bin:/snap/bin:/snap/bin:/root/local/bin
USERNAME=root
SHELL=/bin/bash
DISPLAY=:0

Signal Handlers:
SIGSEGV: [libjvm.so+0xa6ad10], sa_mask[0]=11111111011111111101111111111110, sa_flags=SA_RESTART|SA_SIGINFO
SIGBUS: [libjvm.so+0xa6ad10], sa_mask[0]=11111111011111111101111111111110, sa_flags=SA_RESTART|SA_SIGINFO
SIGFPE: [libjvm.so+0x8b3bc0], sa_mask[0]=11111111011111111101111111111110, sa_flags=SA_RESTART|SA_SIGINFO
SIGPIPE: [libjvm.so+0x8b3bc0], sa_mask[0]=11111111011111111101111111111110, sa_flags=SA_RESTART|SA_SIGINFO
SIGXFSZ: [libjvm.so+0x8b3bc0], sa_mask[0]=11111111011111111101111111111110, sa_flags=SA_RESTART|SA_SIGINFO
SIGILL: [libjvm.so+0x8b3bc0], sa_mask[0]=11111111011111111101111111111110, sa_flags=SA_RESTART|SA_SIGINFO
SIGUSR1: SIG_DFL, sa_mask[0]=00000000000000000000000000000000, sa_flags=none
SIGUSR2: [libjvm.so+0x8b3a70], sa_mask[0]=00000000000000000000000000000000, sa_flags=SA_RESTART|SA_SIGINFO
SIGHUP: [libjvm.so+0x8b3f40], sa_mask[0]=11111111011111111101111111111110, sa_flags=SA_RESTART|SA_SIGINFO
SIGINT: SIG_IGN, sa_mask[0]=00000000000000000000000000000000, sa_flags=none
SIGTERM: [libjvm.so+0x8b3f40], sa_mask[0]=11111111011111111101111111111110, sa_flags=SA_RESTART|SA_SIGINFO
SIGQUIT: [libjvm.so+0x8b3f40], sa_mask[0]=11111111011111111101111111111110, sa_flags=SA_RESTART|SA_SIGINFO


---------------  S Y S T E M  ---------------

OS:DISTRIB_ID=Ubuntu
DISTRIB_RELEASE=16.04
DISTRIB_CODENAME=xenial
DISTRIB_DESCRIPTION="Ubuntu 16.04.2 LTS"

uname:Linux 4.4.0-87-generic #110-Ubuntu SMP Tue Jul 18 12:55:35 UTC 2017 x86_64
libc:glibc 2.23 NPTL 2.23 
rlimit: STACK 8192k, CORE 0k, NPROC 31306, NOFILE 65536, AS infinity
load average:3.24 1.19 0.89

/proc/meminfo:
MemTotal:        8055072 kB
MemFree:          127992 kB
MemAvailable:     160144 kB
Buffers:            3636 kB
Cached:           392168 kB
SwapCached:            0 kB
Active:          7502060 kB
Inactive:         265884 kB
Active(anon):    7378832 kB
Inactive(anon):   150040 kB
Active(file):     123228 kB
Inactive(file):   115844 kB
Unevictable:          32 kB
Mlocked:              32 kB
SwapTotal:             0 kB
SwapFree:              0 kB
Dirty:                72 kB
Writeback:             0 kB
AnonPages:       7372164 kB
Mapped:           249496 kB
Shmem:            156648 kB
Slab:              59136 kB
SReclaimable:      24908 kB
SUnreclaim:        34228 kB
KernelStack:        8960 kB
PageTables:        46632 kB
NFS_Unstable:          0 kB
Bounce:                0 kB
WritebackTmp:          0 kB
CommitLimit:     4027536 kB
Committed_AS:   11574704 kB
VmallocTotal:   34359738367 kB
VmallocUsed:           0 kB
VmallocChunk:          0 kB
HardwareCorrupted:     0 kB
AnonHugePages:   6445056 kB
CmaTotal:              0 kB
CmaFree:               0 kB
HugePages_Total:       0
HugePages_Free:        0
HugePages_Rsvd:        0
HugePages_Surp:        0
Hugepagesize:       2048 kB
DirectMap4k:      136004 kB
DirectMap2M:     2889728 kB
DirectMap1G:     6291456 kB


CPU:total 4 (initial active 4) (4 cores per cpu, 1 threads per core) family 6 model 94 stepping 3, cmov, cx8, fxsr, mmx, sse, sse2, sse3, ssse3, sse4.1, sse4.2, popcnt, avx, avx2, aes, clmul, erms, rtm, 3dnowpref, lzcnt, tsc, tscinvbit, bmi1, bmi2, adx

/proc/cpuinfo:
processor	: 0
vendor_id	: GenuineIntel
cpu family	: 6
model		: 94
model name	: Intel(R) Core(TM) i5-6500 CPU @ 3.20GHz
stepping	: 3
microcode	: 0x74
cpu MHz		: 3299.875
cache size	: 6144 KB
physical id	: 0
siblings	: 4
core id		: 0
cpu cores	: 4
apicid		: 0
initial apicid	: 0
fpu		: yes
fpu_exception	: yes
cpuid level	: 22
wp		: yes
flags		: fpu vme de pse tsc msr pae mce cx8 apic sep mtrr pge mca cmov pat pse36 clflush dts acpi mmx fxsr sse sse2 ss ht tm pbe syscall nx pdpe1gb rdtscp lm constant_tsc art arch_perfmon pebs bts rep_good nopl xtopology nonstop_tsc aperfmperf eagerfpu pni pclmulqdq dtes64 monitor ds_cpl vmx smx est tm2 ssse3 sdbg fma cx16 xtpr pdcm pcid sse4_1 sse4_2 x2apic movbe popcnt tsc_deadline_timer aes xsave avx f16c rdrand lahf_lm abm 3dnowprefetch epb intel_pt tpr_shadow vnmi flexpriority ept vpid fsgsbase tsc_adjust bmi1 hle avx2 smep bmi2 erms invpcid rtm mpx rdseed adx smap clflushopt xsaveopt xsavec xgetbv1 dtherm ida arat pln pts hwp hwp_notify hwp_act_window hwp_epp
bugs		:
bogomips	: 6384.15
clflush size	: 64
cache_alignment	: 64
address sizes	: 39 bits physical, 48 bits virtual
power management:

processor	: 1
vendor_id	: GenuineIntel
cpu family	: 6
model		: 94
model name	: Intel(R) Core(TM) i5-6500 CPU @ 3.20GHz
stepping	: 3
microcode	: 0x74
cpu MHz		: 3299.875
cache size	: 6144 KB
physical id	: 0
siblings	: 4
core id		: 1
cpu cores	: 4
apicid		: 2
initial apicid	: 2
fpu		: yes
fpu_exception	: yes
cpuid level	: 22
wp		: yes
flags		: fpu vme de pse tsc msr pae mce cx8 apic sep mtrr pge mca cmov pat pse36 clflush dts acpi mmx fxsr sse sse2 ss ht tm pbe syscall nx pdpe1gb rdtscp lm constant_tsc art arch_perfmon pebs bts rep_good nopl xtopology nonstop_tsc aperfmperf eagerfpu pni pclmulqdq dtes64 monitor ds_cpl vmx smx est tm2 ssse3 sdbg fma cx16 xtpr pdcm pcid sse4_1 sse4_2 x2apic movbe popcnt tsc_deadline_timer aes xsave avx f16c rdrand lahf_lm abm 3dnowprefetch epb intel_pt tpr_shadow vnmi flexpriority ept vpid fsgsbase tsc_adjust bmi1 hle avx2 smep bmi2 erms invpcid rtm mpx rdseed adx smap clflushopt xsaveopt xsavec xgetbv1 dtherm ida arat pln pts hwp hwp_notify hwp_act_window hwp_epp
bugs		:
bogomips	: 6384.15
clflush size	: 64
cache_alignment	: 64
address sizes	: 39 bits physical, 48 bits virtual
power management:

processor	: 2
vendor_id	: GenuineIntel
cpu family	: 6
model		: 94
model name	: Intel(R) Core(TM) i5-6500 CPU @ 3.20GHz
stepping	: 3
microcode	: 0x74
cpu MHz		: 3300.000
cache size	: 6144 KB
physical id	: 0
siblings	: 4
core id		: 2
cpu cores	: 4
apicid		: 4
initial apicid	: 4
fpu		: yes
fpu_exception	: yes
cpuid level	: 22
wp		: yes
flags		: fpu vme de pse tsc msr pae mce cx8 apic sep mtrr pge mca cmov pat pse36 clflush dts acpi mmx fxsr sse sse2 ss ht tm pbe syscall nx pdpe1gb rdtscp lm constant_tsc art arch_perfmon pebs bts rep_good nopl xtopology nonstop_tsc aperfmperf eagerfpu pni pclmulqdq dtes64 monitor ds_cpl vmx smx est tm2 ssse3 sdbg fma cx16 xtpr pdcm pcid sse4_1 sse4_2 x2apic movbe popcnt tsc_deadline_timer aes xsave avx f16c rdrand lahf_lm abm 3dnowprefetch epb intel_pt tpr_shadow vnmi flexpriority ept vpid fsgsbase tsc_adjust bmi1 hle avx2 smep bmi2 erms invpcid rtm mpx rdseed adx smap clflushopt xsaveopt xsavec xgetbv1 dtherm ida arat pln pts hwp hwp_notify hwp_act_window hwp_epp
bugs		:
bogomips	: 6384.15
clflush size	: 64
cache_alignment	: 64
address sizes	: 39 bits physical, 48 bits virtual
power management:

processor	: 3
vendor_id	: GenuineIntel
cpu family	: 6
model		: 94
model name	: Intel(R) Core(TM) i5-6500 CPU @ 3.20GHz
stepping	: 3
microcode	: 0x74
cpu MHz		: 3300.000
cache size	: 6144 KB
physical id	: 0
siblings	: 4
core id		: 3
cpu cores	: 4
apicid		: 6
initial apicid	: 6
fpu		: yes
fpu_exception	: yes
cpuid level	: 22
wp		: yes
flags		: fpu vme de pse tsc msr pae mce cx8 apic sep mtrr pge mca cmov pat pse36 clflush dts acpi mmx fxsr sse sse2 ss ht tm pbe syscall nx pdpe1gb rdtscp lm constant_tsc art arch_perfmon pebs bts rep_good nopl xtopology nonstop_tsc aperfmperf eagerfpu pni pclmulqdq dtes64 monitor ds_cpl vmx smx est tm2 ssse3 sdbg fma cx16 xtpr pdcm pcid sse4_1 sse4_2 x2apic movbe popcnt tsc_deadline_timer aes xsave avx f16c rdrand lahf_lm abm 3dnowprefetch epb intel_pt tpr_shadow vnmi flexpriority ept vpid fsgsbase tsc_adjust bmi1 hle avx2 smep bmi2 erms invpcid rtm mpx rdseed adx smap clflushopt xsaveopt xsavec xgetbv1 dtherm ida arat pln pts hwp hwp_notify hwp_act_window hwp_epp
bugs		:
bogomips	: 6384.15
clflush size	: 64
cache_alignment	: 64
address sizes	: 39 bits physical, 48 bits virtual
power management:



Memory: 4k page, physical 8055072k(127992k free), swap 0k(0k free)

vm_info: OpenJDK 64-Bit Server VM (25.131-b11) for linux-amd64 JRE (1.8.0_131-8u131-b11-2ubuntu1.16.04.3-b11), built on Jul 28 2017 01:23:32 by "buildd" with gcc 5.4.0 20160609

time: Fri Aug  4 17:26:13 2017
elapsed time: 35 seconds (0d 0h 0m 35s)

