#
# There is insufficient memory for the Java Runtime Environment to continue.
# Native memory allocation (mmap) failed to map 333971456 bytes for committing reserved memory.
# Possible reasons:
#   The system is out of physical RAM or swap space
#   In 32 bit mode, the process size limit was hit
# Possible solutions:
#   Reduce memory load on the system
#   Increase physical memory or swap space
#   Check if swap backing store is full
#   Use 64 bit Java on a 64 bit OS
#   Decrease Java heap size (-Xmx/-Xms)
#   Decrease number of Java threads
#   Decrease Java thread stack sizes (-Xss)
#   Set larger code cache with -XX:ReservedCodeCacheSize=
# This output file may be truncated or incomplete.
#
#  Out of Memory Error (os_linux.cpp:2643), pid=3943, tid=0x00007fd1a0cbd700
#
# JRE version: OpenJDK Runtime Environment (8.0_131-b11) (build 1.8.0_131-8u131-b11-2ubuntu1.16.04.3-b11)
# Java VM: OpenJDK 64-Bit Server VM (25.131-b11 mixed mode linux-amd64 compressed oops)
# Failed to write core dump. Core dumps have been disabled. To enable core dumping, try "ulimit -c unlimited" before starting Java again
#

---------------  T H R E A D  ---------------

Current thread (0x00007fd1b4079800):  VMThread [stack: 0x00007fd1a0bbd000,0x00007fd1a0cbe000] [id=3974]

Stack: [0x00007fd1a0bbd000,0x00007fd1a0cbe000],  sp=0x00007fd1a0cbc480,  free space=1021k
Native frames: (J=compiled Java code, j=interpreted, Vv=VM code, C=native code)
V  [libjvm.so+0xa6a1bb]
V  [libjvm.so+0x4c5a6c]
V  [libjvm.so+0x8b85a0]
V  [libjvm.so+0x8b2a1e]
V  [libjvm.so+0x92d556]
V  [libjvm.so+0x91cbba]
V  [libjvm.so+0x91cdc3]
V  [libjvm.so+0x91d728]
V  [libjvm.so+0x9239ee]
V  [libjvm.so+0x92b3bd]
V  [libjvm.so+0x8dd093]
V  [libjvm.so+0xa6be72]
V  [libjvm.so+0xa70f57]
V  [libjvm.so+0xa6e727]
V  [libjvm.so+0xa6fbaf]
V  [libjvm.so+0xa700a1]
V  [libjvm.so+0x8b5a82]

VM_Operation (0x00007fd1baaad4a0): ParallelGCFailedAllocation, mode: safepoint, requested by thread 0x00007fd1b400c000


---------------  P R O C E S S  ---------------

Java Threads: ( => current thread )
  0x00007fd1b40ba800 JavaThread "Service Thread" daemon [_thread_blocked, id=3999, stack(0x00007fd1a01de000,0x00007fd1a02df000)]
  0x00007fd1b40b3800 JavaThread "C1 CompilerThread2" daemon [_thread_blocked, id=3998, stack(0x00007fd1a02df000,0x00007fd1a03e0000)]
  0x00007fd1b40b1800 JavaThread "C2 CompilerThread1" daemon [_thread_blocked, id=3997, stack(0x00007fd1a03e0000,0x00007fd1a04e1000)]
  0x00007fd1b40af000 JavaThread "C2 CompilerThread0" daemon [_thread_blocked, id=3988, stack(0x00007fd1a04e1000,0x00007fd1a05e2000)]
  0x00007fd1b40ad000 JavaThread "Signal Dispatcher" daemon [_thread_blocked, id=3986, stack(0x00007fd1a05e2000,0x00007fd1a06e3000)]
  0x00007fd1b4085800 JavaThread "Finalizer" daemon [_thread_blocked, id=3980, stack(0x00007fd1a09bb000,0x00007fd1a0abc000)]
  0x00007fd1b4081000 JavaThread "Reference Handler" daemon [_thread_blocked, id=3977, stack(0x00007fd1a0abc000,0x00007fd1a0bbd000)]
  0x00007fd1b400c000 JavaThread "main" [_thread_blocked, id=3959, stack(0x00007fd1ba9af000,0x00007fd1baab0000)]

Other Threads:
=>0x00007fd1b4079800 VMThread [stack: 0x00007fd1a0bbd000,0x00007fd1a0cbe000] [id=3974]
  0x00007fd1b40bd000 WatcherThread [stack: 0x00007fd1a00dd000,0x00007fd1a01de000] [id=4000]

VM state:at safepoint (normal execution)

VM Mutex/Monitor currently owned by a thread:  ([mutex/lock_event])
[0x00007fd1b4007d40] ExpandHeap_lock - owner thread: 0x00007fd1b4079800
[0x00007fd1b40083c0] Threads_lock - owner thread: 0x00007fd1b4079800
[0x00007fd1b40088c0] Heap_lock - owner thread: 0x00007fd1b400c000

Heap:
 PSYoungGen      total 497664K, used 154892K [0x000000076ab00000, 0x000000079e200000, 0x00000007c0000000)
  eden space 205312K, 0% used [0x000000076ab00000,0x000000076ab00000,0x0000000777380000)
  from space 292352K, 52% used [0x0000000777380000,0x0000000780ac33d0,0x0000000789100000)
  to   space 296960K, 0% used [0x000000078c000000,0x000000078c000000,0x000000079e200000)
 ParOldGen       total 1222656K, used 1222541K [0x00000006c0000000, 0x000000070aa00000, 0x000000076ab00000)
  object space 1222656K, 99% used [0x00000006c0000000,0x000000070a9e3600,0x000000070aa00000)
 Metaspace       used 18145K, capacity 18572K, committed 18688K, reserved 1064960K
  class space    used 2391K, capacity 2508K, committed 2560K, reserved 1048576K

Card table byte_map: [0x00007fd1a37c7000,0x00007fd1a3fc8000] byte_map_base: 0x00007fd1a01c7000

Marking Bits: (ParMarkBitMap*) 0x00007fd1b9c7e2c0
 Begin Bits: [0x00007fd188000000, 0x00007fd18c000000)
 End Bits:   [0x00007fd18c000000, 0x00007fd190000000)

Polling page: 0x00007fd1baad1000

CodeCache: size=245760Kb used=6982Kb max_used=7000Kb free=238777Kb
 bounds [0x00007fd1a4388000, 0x00007fd1a4a68000, 0x00007fd1b3388000]
 total_blobs=2297 nmethods=1922 adapters=289
 compilation: enabled

Compilation events (10 events):
Event: 17.065 Thread 0x00007fd1b40af000 nmethod 1930 0x00007fd1a4a5d050 code [0x00007fd1a4a5d320, 0x00007fd1a4a5e730]
Event: 17.065 Thread 0x00007fd1b40af000 1924       4       java.io.ObjectInputStream$BlockDataInputStream::readLongs (148 bytes)
Event: 17.067 Thread 0x00007fd1b40b1800 nmethod 1928 0x00007fd1a4a27550 code [0x00007fd1a4a276c0, 0x00007fd1a4a27808]
Event: 17.071 Thread 0x00007fd1b40af000 nmethod 1924 0x00007fd1a4a48090 code [0x00007fd1a4a48220, 0x00007fd1a4a488f8]
Event: 17.141 Thread 0x00007fd1b40b1800 1933   !   4       java.util.zip.InflaterInputStream::read (138 bytes)
Event: 17.161 Thread 0x00007fd1b40b1800 nmethod 1933 0x00007fd1a4a600d0 code [0x00007fd1a4a603c0, 0x00007fd1a4a62a00]
Event: 17.214 Thread 0x00007fd1b40af000 1934       4       java.io.BufferedInputStream::fill (233 bytes)
Event: 17.215 Thread 0x00007fd1b40af000 nmethod 1934 0x00007fd1a4a45010 code [0x00007fd1a4a45180, 0x00007fd1a4a45308]
Event: 18.320 Thread 0x00007fd1b40af000 1935       4       java.util.zip.InflaterInputStream::available (15 bytes)
Event: 18.321 Thread 0x00007fd1b40af000 nmethod 1935 0x00007fd1a4a47e10 code [0x00007fd1a4a47f60, 0x00007fd1a4a47ff8]

GC Heap History (10 events):
Event: 26.614 GC heap after
Heap after GC invocations=26 (full 6):
 PSYoungGen      total 460800K, used 56547K [0x000000076ab00000, 0x000000079b100000, 0x00000007c0000000)
  eden space 174592K, 0% used [0x000000076ab00000,0x000000076ab00000,0x0000000775580000)
  from space 286208K, 19% used [0x0000000787b00000,0x000000078b238c10,0x0000000799280000)
  to   space 300544K, 0% used [0x0000000775580000,0x0000000775580000,0x0000000787b00000)
 ParOldGen       total 1185280K, used 892612K [0x00000006c0000000, 0x0000000708580000, 0x000000076ab00000)
  object space 1185280K, 75% used [0x00000006c0000000,0x00000006f67b13a8,0x0000000708580000)
 Metaspace       used 18145K, capacity 18572K, committed 18688K, reserved 1064960K
  class space    used 2391K, capacity 2508K, committed 2560K, reserved 1048576K
}
Event: 27.107 GC heap before
{Heap before GC invocations=27 (full 6):
 PSYoungGen      total 460800K, used 231139K [0x000000076ab00000, 0x000000079b100000, 0x00000007c0000000)
  eden space 174592K, 100% used [0x000000076ab00000,0x0000000775580000,0x0000000775580000)
  from space 286208K, 19% used [0x0000000787b00000,0x000000078b238c10,0x0000000799280000)
  to   space 300544K, 0% used [0x0000000775580000,0x0000000775580000,0x0000000787b00000)
 ParOldGen       total 1185280K, used 892612K [0x00000006c0000000, 0x0000000708580000, 0x000000076ab00000)
  object space 1185280K, 75% used [0x00000006c0000000,0x00000006f67b13a8,0x0000000708580000)
 Metaspace       used 18145K, capacity 18572K, committed 18688K, reserved 1064960K
  class space    used 2391K, capacity 2508K, committed 2560K, reserved 1048576K
Event: 27.531 GC heap after
Heap after GC invocations=27 (full 6):
 PSYoungGen      total 475136K, used 86720K [0x000000076ab00000, 0x000000079ae00000, 0x00000007c0000000)
  eden space 174592K, 0% used [0x000000076ab00000,0x000000076ab00000,0x0000000775580000)
  from space 300544K, 28% used [0x0000000775580000,0x000000077aa30000,0x0000000787b00000)
  to   space 291840K, 0% used [0x0000000789100000,0x0000000789100000,0x000000079ae00000)
 ParOldGen       total 1185280K, used 949412K [0x00000006c0000000, 0x0000000708580000, 0x000000076ab00000)
  object space 1185280K, 80% used [0x00000006c0000000,0x00000006f9f293a8,0x0000000708580000)
 Metaspace       used 18145K, capacity 18572K, committed 18688K, reserved 1064960K
  class space    used 2391K, capacity 2508K, committed 2560K, reserved 1048576K
}
Event: 27.927 GC heap before
{Heap before GC invocations=28 (full 6):
 PSYoungGen      total 475136K, used 261312K [0x000000076ab00000, 0x000000079ae00000, 0x00000007c0000000)
  eden space 174592K, 100% used [0x000000076ab00000,0x0000000775580000,0x0000000775580000)
  from space 300544K, 28% used [0x0000000775580000,0x000000077aa30000,0x0000000787b00000)
  to   space 291840K, 0% used [0x0000000789100000,0x0000000789100000,0x000000079ae00000)
 ParOldGen       total 1185280K, used 949412K [0x00000006c0000000, 0x0000000708580000, 0x000000076ab00000)
  object space 1185280K, 80% used [0x00000006c0000000,0x00000006f9f293a8,0x0000000708580000)
 Metaspace       used 18145K, capacity 18572K, committed 18688K, reserved 1064960K
  class space    used 2391K, capacity 2508K, committed 2560K, reserved 1048576K
Event: 28.356 GC heap after
Heap after GC invocations=28 (full 6):
 PSYoungGen      total 497152K, used 173408K [0x000000076ab00000, 0x000000079b180000, 0x00000007c0000000)
  eden space 205312K, 0% used [0x000000076ab00000,0x000000076ab00000,0x0000000777380000)
  from space 291840K, 59% used [0x0000000789100000,0x0000000793a58000,0x000000079ae00000)
  to   space 292352K, 0% used [0x0000000777380000,0x0000000777380000,0x0000000789100000)
 ParOldGen       total 1185280K, used 949412K [0x00000006c0000000, 0x0000000708580000, 0x000000076ab00000)
  object space 1185280K, 80% used [0x00000006c0000000,0x00000006f9f293a8,0x0000000708580000)
 Metaspace       used 18145K, capacity 18572K, committed 18688K, reserved 1064960K
  class space    used 2391K, capacity 2508K, committed 2560K, reserved 1048576K
}
Event: 28.883 GC heap before
{Heap before GC invocations=29 (full 6):
 PSYoungGen      total 497152K, used 378720K [0x000000076ab00000, 0x000000079b180000, 0x00000007c0000000)
  eden space 205312K, 100% used [0x000000076ab00000,0x0000000777380000,0x0000000777380000)
  from space 291840K, 59% used [0x0000000789100000,0x0000000793a58000,0x000000079ae00000)
  to   space 292352K, 0% used [0x0000000777380000,0x0000000777380000,0x0000000789100000)
 ParOldGen       total 1185280K, used 949412K [0x00000006c0000000, 0x0000000708580000, 0x000000076ab00000)
  object space 1185280K, 80% used [0x00000006c0000000,0x00000006f9f293a8,0x0000000708580000)
 Metaspace       used 18145K, capacity 18572K, committed 18688K, reserved 1064960K
  class space    used 2391K, capacity 2508K, committed 2560K, reserved 1048576K
Event: 29.940 GC heap after
Heap after GC invocations=29 (full 6):
 PSYoungGen      total 497664K, used 188736K [0x000000076ab00000, 0x000000079e200000, 0x00000007c0000000)
  eden space 205312K, 0% used [0x000000076ab00000,0x000000076ab00000,0x0000000777380000)
  from space 292352K, 64% used [0x0000000777380000,0x0000000782bd0000,0x0000000789100000)
  to   space 296960K, 0% used [0x000000078c000000,0x000000078c000000,0x000000079e200000)
 ParOldGen       total 1185280K, used 1036364K [0x00000006c0000000, 0x0000000708580000, 0x000000076ab00000)
  object space 1185280K, 87% used [0x00000006c0000000,0x00000006ff4133a8,0x0000000708580000)
 Metaspace       used 18145K, capacity 18572K, committed 18688K, reserved 1064960K
  class space    used 2391K, capacity 2508K, committed 2560K, reserved 1048576K
}
Event: 30.183 GC heap before
{Heap before GC invocations=30 (full 6):
 PSYoungGen      total 497664K, used 383420K [0x000000076ab00000, 0x000000079e200000, 0x00000007c0000000)
  eden space 205312K, 94% used [0x000000076ab00000,0x000000077691f228,0x0000000777380000)
  from space 292352K, 64% used [0x0000000777380000,0x0000000782bd0000,0x0000000789100000)
  to   space 296960K, 0% used [0x000000078c000000,0x000000078c000000,0x000000079e200000)
 ParOldGen       total 1185280K, used 1036364K [0x00000006c0000000, 0x0000000708580000, 0x000000076ab00000)
  object space 1185280K, 87% used [0x00000006c0000000,0x00000006ff4133a8,0x0000000708580000)
 Metaspace       used 18145K, capacity 18572K, committed 18688K, reserved 1064960K
  class space    used 2391K, capacity 2508K, committed 2560K, reserved 1048576K
Event: 31.194 GC heap after
Heap after GC invocations=30 (full 6):
 PSYoungGen      total 497664K, used 383420K [0x000000076ab00000, 0x000000079e200000, 0x00000007c0000000)
  eden space 205312K, 94% used [0x000000076ab00000,0x000000077691f228,0x0000000777380000)
  from space 292352K, 64% used [0x0000000777380000,0x0000000782bd0000,0x0000000789100000)
  to   space 296960K, 51% used [0x000000078c000000,0x00000007955c0020,0x000000079e200000)
 ParOldGen       total 1222656K, used 1221716K [0x00000006c0000000, 0x000000070aa00000, 0x000000076ab00000)
  object space 1222656K, 99% used [0x00000006c0000000,0x000000070a9153a8,0x000000070aa00000)
 Metaspace       used 18145K, capacity 18572K, committed 18688K, reserved 1064960K
  class space    used 2391K, capacity 2508K, committed 2560K, reserved 1048576K
}
Event: 31.194 GC heap before
{Heap before GC invocations=31 (full 7):
 PSYoungGen      total 497664K, used 383420K [0x000000076ab00000, 0x000000079e200000, 0x00000007c0000000)
  eden space 205312K, 94% used [0x000000076ab00000,0x000000077691f228,0x0000000777380000)
  from space 292352K, 64% used [0x0000000777380000,0x0000000782bd0000,0x0000000789100000)
  to   space 296960K, 51% used [0x000000078c000000,0x00000007955c0020,0x000000079e200000)
 ParOldGen       total 1222656K, used 1221716K [0x00000006c0000000, 0x000000070aa00000, 0x000000076ab00000)
  object space 1222656K, 99% used [0x00000006c0000000,0x000000070a9153a8,0x000000070aa00000)
 Metaspace       used 18145K, capacity 18572K, committed 18688K, reserved 1064960K
  class space    used 2391K, capacity 2508K, committed 2560K, reserved 1048576K

Deoptimization events (10 events):
Event: 14.798 Thread 0x00007fd1b400c000 Uncommon trap: reason=bimorphic action=maybe_recompile pc=0x00007fd1a474d250 method=java.io.ObjectInputStream$PeekInputStream.peek()I @ 17
Event: 14.798 Thread 0x00007fd1b400c000 Uncommon trap: reason=bimorphic action=maybe_recompile pc=0x00007fd1a471deac method=java.io.ObjectInputStream$PeekInputStream.read()I @ 23
Event: 14.798 Thread 0x00007fd1b400c000 Uncommon trap: reason=bimorphic action=maybe_recompile pc=0x00007fd1a471f6f8 method=java.io.ObjectInputStream$PeekInputStream.read()I @ 23
Event: 14.881 Thread 0x00007fd1b400c000 Uncommon trap: reason=bimorphic action=maybe_recompile pc=0x00007fd1a472ab68 method=java.io.ObjectInputStream$PeekInputStream.read()I @ 23
Event: 14.881 Thread 0x00007fd1b400c000 Uncommon trap: reason=bimorphic action=maybe_recompile pc=0x00007fd1a4748aa4 method=java.io.ObjectInputStream$PeekInputStream.read()I @ 23
Event: 16.925 Thread 0x00007fd1b400c000 Uncommon trap: reason=unstable_if action=reinterpret pc=0x00007fd1a47a8414 method=java.io.ObjectInputStream.readArray(Z)Ljava/lang/Object; @ 216
Event: 16.926 Thread 0x00007fd1b400c000 Uncommon trap: reason=class_check action=maybe_recompile pc=0x00007fd1a487fafc method=java.util.zip.InflaterInputStream.fill()V @ 19
Event: 16.927 Thread 0x00007fd1b400c000 Uncommon trap: reason=class_check action=maybe_recompile pc=0x00007fd1a487fafc method=java.util.zip.InflaterInputStream.fill()V @ 19
Event: 16.927 Thread 0x00007fd1b400c000 Uncommon trap: reason=class_check action=maybe_recompile pc=0x00007fd1a487fafc method=java.util.zip.InflaterInputStream.fill()V @ 19
Event: 16.928 Thread 0x00007fd1b400c000 Uncommon trap: reason=class_check action=maybe_recompile pc=0x00007fd1a4720014 method=java.util.zip.InflaterInputStream.fill()V @ 19

Internal exceptions (10 events):
Event: 13.239 Thread 0x00007fd1b400c000 Exception <a 'java/lang/ArrayIndexOutOfBoundsException': 65> (0x000000076ce61b58) thrown at [/build/openjdk-8-pZyJp3/openjdk-8-8u131-b11/src/hotspot/src/share/vm/interpreter/interpreterRuntime.cpp, line 366]
Event: 13.239 Thread 0x00007fd1b400c000 Exception <a 'java/lang/ArrayIndexOutOfBoundsException': 60> (0x000000076ce62a98) thrown at [/build/openjdk-8-pZyJp3/openjdk-8-8u131-b11/src/hotspot/src/share/vm/interpreter/interpreterRuntime.cpp, line 366]
Event: 13.239 Thread 0x00007fd1b400c000 Exception <a 'java/lang/ArrayIndexOutOfBoundsException': 57> (0x000000076ce63958) thrown at [/build/openjdk-8-pZyJp3/openjdk-8-8u131-b11/src/hotspot/src/share/vm/interpreter/interpreterRuntime.cpp, line 366]
Event: 13.240 Thread 0x00007fd1b400c000 Exception <a 'java/lang/ArrayIndexOutOfBoundsException': 55> (0x000000076ce64818) thrown at [/build/openjdk-8-pZyJp3/openjdk-8-8u131-b11/src/hotspot/src/share/vm/interpreter/interpreterRuntime.cpp, line 366]
Event: 13.240 Thread 0x00007fd1b400c000 Exception <a 'java/lang/ArrayIndexOutOfBoundsException': 65> (0x000000076ce65818) thrown at [/build/openjdk-8-pZyJp3/openjdk-8-8u131-b11/src/hotspot/src/share/vm/interpreter/interpreterRuntime.cpp, line 366]
Event: 13.240 Thread 0x00007fd1b400c000 Exception <a 'java/lang/ArrayIndexOutOfBoundsException': 68> (0x000000076ce66838) thrown at [/build/openjdk-8-pZyJp3/openjdk-8-8u131-b11/src/hotspot/src/share/vm/interpreter/interpreterRuntime.cpp, line 366]
Event: 13.240 Thread 0x00007fd1b400c000 Exception <a 'java/lang/ArrayIndexOutOfBoundsException': 53> (0x000000076ce67700) thrown at [/build/openjdk-8-pZyJp3/openjdk-8-8u131-b11/src/hotspot/src/share/vm/interpreter/interpreterRuntime.cpp, line 366]
Event: 13.240 Thread 0x00007fd1b400c000 Exception <a 'java/lang/ArrayIndexOutOfBoundsException': 54> (0x000000076ce685b0) thrown at [/build/openjdk-8-pZyJp3/openjdk-8-8u131-b11/src/hotspot/src/share/vm/interpreter/interpreterRuntime.cpp, line 366]
Event: 13.881 Thread 0x00007fd1b400c000 Implicit null exception at 0x00007fd1a466f295 to 0x00007fd1a466f3d9
Event: 14.714 Thread 0x00007fd1b400c000 Implicit null exception at 0x00007fd1a45a84b3 to 0x00007fd1a45a88a5

Events (10 events):
Event: 22.820 Executing VM operation: ParallelGCFailedAllocation done
Event: 23.170 Executing VM operation: ParallelGCFailedAllocation
Event: 26.614 Executing VM operation: ParallelGCFailedAllocation done
Event: 27.107 Executing VM operation: ParallelGCFailedAllocation
Event: 27.531 Executing VM operation: ParallelGCFailedAllocation done
Event: 27.927 Executing VM operation: ParallelGCFailedAllocation
Event: 28.356 Executing VM operation: ParallelGCFailedAllocation done
Event: 28.883 Executing VM operation: ParallelGCFailedAllocation
Event: 29.940 Executing VM operation: ParallelGCFailedAllocation done
Event: 30.183 Executing VM operation: ParallelGCFailedAllocation


Dynamic libraries:
00400000-00401000 r-xp 00000000 08:05 2763008                            /usr/lib/jvm/java-8-openjdk-amd64/jre/bin/java
00600000-00601000 r--p 00000000 08:05 2763008                            /usr/lib/jvm/java-8-openjdk-amd64/jre/bin/java
00601000-00602000 rw-p 00001000 08:05 2763008                            /usr/lib/jvm/java-8-openjdk-amd64/jre/bin/java
0090c000-0092d000 rw-p 00000000 00:00 0                                  [heap]
6c0000000-70aa00000 rw-p 00000000 00:00 0 
71e880000-76ab00000 ---p 00000000 00:00 0 
76ab00000-79e200000 rw-p 00000000 00:00 0 
79e200000-7c0000000 ---p 00000000 00:00 0 
7c0000000-7c0280000 rw-p 00000000 00:00 0 
7c0280000-800000000 ---p 00000000 00:00 0 
7fd160000000-7fd160021000 rw-p 00000000 00:00 0 
7fd160021000-7fd164000000 ---p 00000000 00:00 0 
7fd167557000-7fd167717000 rw-p 00000000 00:00 0 
7fd167717000-7fd167757000 ---p 00000000 00:00 0 
7fd167757000-7fd167957000 rw-p 00000000 00:00 0 
7fd167957000-7fd16796a000 r--s 00346000 08:05 2495509                    /usr/lib/jvm/java-8-openjdk-amd64/jre/lib/resources.jar
7fd16796a000-7fd167b6a000 rw-p 00000000 00:00 0 
7fd167b6a000-7fd167b6d000 r--s 00018000 08:05 12603141                   /root/.ivy2/cache/org.eclipse.jetty/jetty-io/jars/jetty-io-9.2.10.v20150310.jar
7fd167b6d000-7fd167b73000 r--s 00051000 08:05 12603143                   /root/.ivy2/cache/org.eclipse.jetty/jetty-util/jars/jetty-util-9.2.10.v20150310.jar
7fd167b73000-7fd167b75000 r--s 00018000 08:05 12603139                   /root/.ivy2/cache/org.eclipse.jetty/jetty-http/jars/jetty-http-9.2.10.v20150310.jar
7fd167b75000-7fd167b7b000 r--s 00061000 08:05 12603137                   /root/.ivy2/cache/org.eclipse.jetty/jetty-server/jars/jetty-server-9.2.10.v20150310.jar
7fd167b7b000-7fd167b7e000 r--s 00015000 08:05 12603135                   /root/.ivy2/cache/org.eclipse.jetty/jetty-security/jars/jetty-security-9.2.10.v20150310.jar
7fd167b7e000-7fd167b81000 r--s 0001a000 08:05 12603127                   /root/.ivy2/cache/org.eclipse.jetty/jetty-servlet/jars/jetty-servlet-9.2.10.v20150310.jar
7fd167b81000-7fd167b84000 r--s 00015000 08:05 12603133                   /root/.ivy2/cache/javax.servlet/javax.servlet-api/jars/javax.servlet-api-3.1.0.jar
7fd167b84000-7fd167b88000 r--s 00018000 08:05 12603131                   /root/.ivy2/cache/io.dropwizard.metrics/metrics-core/bundles/metrics-core-3.1.1.jar
7fd167b88000-7fd167b8d000 r--s 0002b000 08:05 12603129                   /root/.ivy2/cache/org.http4s/http4s-server_2.10/jars/http4s-server_2.10-0.7.0.jar
7fd167b8d000-7fd167b90000 r--s 00015000 08:05 12603123                   /root/.ivy2/cache/org.http4s/http4s-servlet_2.10/jars/http4s-servlet_2.10-0.7.0.jar
7fd167b90000-7fd167b92000 r--s 00007000 08:05 12465071                   /root/.ivy2/cache/org.http4s/http4s-jetty_2.10/jars/http4s-jetty_2.10-0.7.0.jar
7fd167b92000-7fd167b97000 r--s 0004b000 08:05 12603111                   /root/.ivy2/cache/org.scodec/scodec-bits_2.10/bundles/scodec-bits_2.10-1.0.6.jar
7fd167b97000-7fd167ba2000 r--s 0005e000 08:05 12603121                   /root/.ivy2/cache/org.scalaz/scalaz-effect_2.10/bundles/scalaz-effect_2.10-7.1.0.jar
7fd167ba2000-7fd167bab000 r--s 0004d000 08:05 12603119                   /root/.ivy2/cache/org.scalaz/scalaz-concurrent_2.10/bundles/scalaz-concurrent_2.10-7.1.0.jar
7fd167bab000-7fd167c69000 r--s 00839000 08:05 12603117                   /root/.ivy2/cache/org.scalaz/scalaz-core_2.10/bundles/scalaz-core_2.10-7.1.0.jar
7fd167c69000-7fd167c89000 r--s 00142000 08:05 12603109                   /root/.ivy2/cache/org.scalaz.stream/scalaz-stream_2.10/bundles/scalaz-stream_2.10-0.7a.jar
7fd167c89000-7fd167cbf000 r--s 002d9000 08:05 10891454                   /root/.sbt/boot/scala-2.10.4/lib/scala-reflect.jar
7fd167cbf000-7fd167ccb000 r--s 000a4000 08:05 10891361                   /root/.ivy2/cache/org.scalamacros/quasiquotes_2.10/jars/quasiquotes_2.10-2.0.1.jar
7fd167ccb000-7fd167d04000 r--s 0024b000 08:05 12603115                   /root/.ivy2/cache/com.chuusai/shapeless_2.10.4/bundles/shapeless_2.10.4-2.1.0.jar
7fd167d04000-7fd167d0e000 r--s 000b2000 08:05 12603107                   /root/.ivy2/cache/org.parboiled/parboiled_2.10/jars/parboiled_2.10-2.1.0.jar
7fd167d0e000-7fd167d10000 r--s 00006000 08:05 12603113                   /root/.ivy2/cache/org.slf4j/slf4j-api/jars/slf4j-api-1.7.7.jar
7fd167d10000-7fd167d12000 r--s 00011000 08:05 12603105                   /root/.ivy2/cache/org.log4s/log4s_2.10/jars/log4s_2.10-1.1.3.jar
7fd167d12000-7fd167d14000 r--s 0000c000 08:05 12465115                   /root/.ivy2/cache/org.http4s/http4s-websocket_2.10/jars/http4s-websocket_2.10-0.1.1.jar
7fd167d14000-7fd167d2d000 r--s 0015f000 08:05 12465111                   /root/.ivy2/cache/org.http4s/http4s-core_2.10/jars/http4s-core_2.10-0.7.0.jar
7fd167d2d000-7fd167f2d000 rw-p 00000000 00:00 0 
7fd167f2d000-7fd167f9f000 r--s 0065b000 08:05 10761245                   /root/.ivy2/cache/org.scala-lang/scala-library/jars/scala-library-2.10.5.jar
7fd167f9f000-7fd167fbd000 r--s 0027d000 08:05 12465107                   /root/.ivy2/cache/xalan/xalan/jars/xalan-2.7.0.jar
7fd167fbd000-7fd168000000 r--s 00577000 08:05 12465067                   /root/.ivy2/cache/edu.stanford.nlp/stanford-corenlp/jars/stanford-corenlp-3.5.1.jar
7fd168000000-7fd16861e000 rw-p 00000000 00:00 0 
7fd16861e000-7fd16c000000 ---p 00000000 00:00 0 
7fd16c000000-7fd16c021000 rw-p 00000000 00:00 0 
7fd16c021000-7fd170000000 ---p 00000000 00:00 0 
7fd170000000-7fd1708f3000 rw-p 00000000 00:00 0 
7fd1708f3000-7fd174000000 ---p 00000000 00:00 0 
7fd174000000-7fd1745c2000 rw-p 00000000 00:00 0 
7fd1745c2000-7fd178000000 ---p 00000000 00:00 0 
7fd178000000-7fd178021000 rw-p 00000000 00:00 0 
7fd178021000-7fd17c000000 ---p 00000000 00:00 0 
7fd17c000000-7fd17c021000 rw-p 00000000 00:00 0 
7fd17c021000-7fd180000000 ---p 00000000 00:00 0 
7fd180000000-7fd180021000 rw-p 00000000 00:00 0 
7fd180021000-7fd184000000 ---p 00000000 00:00 0 
7fd184000000-7fd184021000 rw-p 00000000 00:00 0 
7fd184021000-7fd188000000 ---p 00000000 00:00 0 
7fd188000000-7fd190000000 rw-p 00000000 00:00 0 
7fd190000000-7fd191c89000 rw-p 00000000 00:00 0 
7fd191c89000-7fd194000000 ---p 00000000 00:00 0 
7fd194000000-7fd195312000 rw-p 00000000 00:00 0 
7fd195312000-7fd198000000 ---p 00000000 00:00 0 
7fd198000000-7fd199409000 rw-p 00000000 00:00 0 
7fd199409000-7fd19c000000 ---p 00000000 00:00 0 
7fd19c000000-7fd19d10d000 rw-p 00000000 00:00 0 
7fd19d10d000-7fd1a0000000 ---p 00000000 00:00 0 
7fd1a0000000-7fd1a0001000 r--s 00004000 08:05 12603125                   /root/.ivy2/cache/io.dropwizard.metrics/metrics-jetty9/bundles/metrics-jetty9-3.1.1.jar
7fd1a0001000-7fd1a0003000 r--s 00003000 08:05 12465113                   /root/.ivy2/cache/net.iharder/base64/jars/base64-2.3.8.jar
7fd1a0003000-7fd1a0008000 r--s 00031000 08:05 12465069                   /root/.ivy2/cache/org.http4s/http4s-dsl_2.10/jars/http4s-dsl_2.10-0.7.0.jar
7fd1a0008000-7fd1a0009000 r--s 00004000 08:05 12465101                   /root/.ivy2/cache/javax.json/javax.json-api/bundles/javax.json-api-1.0.jar
7fd1a0009000-7fd1a000e000 r--s 00045000 08:05 12465099                   /root/.ivy2/cache/com.googlecode.efficient-java-matrix-library/ejml/jars/ejml-0.23.jar
7fd1a000e000-7fd1a0012000 r--s 00015000 08:05 12465109                   /root/.ivy2/cache/javax.xml.bind/jaxb-api/jars/jaxb-api-2.2.7.jar
7fd1a0012000-7fd1a0017000 r--s 0002d000 08:05 12465097                   /root/.ivy2/cache/de.jollyday/jollyday/jars/jollyday-0.4.7.jar
7fd1a0017000-7fd1a002e000 r--s 00110000 08:05 12465105                   /root/.ivy2/cache/xerces/xercesImpl/jars/xercesImpl-2.8.0.jar
7fd1a002e000-7fd1a0036000 r--s 00028000 08:05 12465103                   /root/.ivy2/cache/xml-apis/xml-apis/jars/xml-apis-1.3.03.jar
7fd1a0036000-7fd1a003d000 r--s 00046000 08:05 12465095                   /root/.ivy2/cache/com.io7m.xom/xom/jars/xom-1.2.10.jar
7fd1a003d000-7fd1a0040000 r--s 11dbb000 08:05 12465066                   /root/.ivy2/cache/edu.stanford.nlp/stanford-corenlp/jars/stanford-corenlp-3.5.1-models.jar
7fd1a0040000-7fd1a0044000 r--s 0001b000 08:05 12465064                   /root/.ivy2/cache/com.github.scopt/scopt_2.10/jars/scopt_2.10-3.2.0.jar
7fd1a0044000-7fd1a0055000 r--s 000c3000 08:05 12465089                   /root/.ivy2/cache/com.fasterxml.jackson.core/jackson-databind/jars/jackson-databind-2.2.2.jar
7fd1a0055000-7fd1a0058000 r--s 0002c000 08:05 12465087                   /root/.ivy2/cache/com.fasterxml.jackson.core/jackson-core/jars/jackson-core-2.2.2.jar
7fd1a0058000-7fd1a005b000 r--s 00006000 08:05 12465085                   /root/.ivy2/cache/com.fasterxml.jackson.core/jackson-annotations/jars/jackson-annotations-2.2.2.jar
7fd1a005b000-7fd1a005d000 r--s 00008000 08:05 12465083                   /root/.ivy2/cache/org.joda/joda-convert/jars/joda-convert-1.3.1.jar
7fd1a005d000-7fd1a006d000 r--s 0007d000 08:05 12465081                   /root/.ivy2/cache/joda-time/joda-time/jars/joda-time-2.2.jar
7fd1a006d000-7fd1a0075000 r--s 00052000 08:05 12465077                   /root/.ivy2/cache/com.typesafe.play/play-functional_2.10/jars/play-functional_2.10-2.2.1.jar
7fd1a0075000-7fd1a0079000 r--s 0002a000 08:05 12465093                   /root/.ivy2/cache/com.typesafe/config/bundles/config-1.0.2.jar
7fd1a0079000-7fd1a0082000 r--s 00096000 08:05 12465091                   /root/.ivy2/cache/org.scala-stm/scala-stm_2.10/jars/scala-stm_2.10-0.7.jar
7fd1a0082000-7fd1a0093000 r--s 0009e000 08:05 12465075                   /root/.ivy2/cache/com.typesafe.play/play-iteratees_2.10/jars/play-iteratees_2.10-2.2.1.jar
7fd1a0093000-7fd1a009f000 r--s 0008e000 08:05 12465062                   /root/.ivy2/cache/com.typesafe.play/play-json_2.10/jars/play-json_2.10-2.2.1.jar
7fd1a009f000-7fd1a00a7000 r--s 00051000 08:05 12465073                   /root/.ivy2/cache/ch.qos.logback/logback-core/jars/logback-core-1.0.7.jar
7fd1a00a7000-7fd1a00c2000 r--s 00394000 08:05 2627412                    /usr/lib/jvm/java-8-openjdk-amd64/jre/lib/ext/cldrdata.jar
7fd1a00c2000-7fd1a00dd000 r--s 001d6000 08:05 2627413                    /usr/lib/jvm/java-8-openjdk-amd64/jre/lib/ext/nashorn.jar
7fd1a00dd000-7fd1a00de000 ---p 00000000 00:00 0 
7fd1a00de000-7fd1a01de000 rw-p 00000000 00:00 0 
7fd1a01de000-7fd1a01e1000 ---p 00000000 00:00 0 
7fd1a01e1000-7fd1a02df000 rw-p 00000000 00:00 0 
7fd1a02df000-7fd1a02e2000 ---p 00000000 00:00 0 
7fd1a02e2000-7fd1a03e0000 rw-p 00000000 00:00 0 
7fd1a03e0000-7fd1a03e3000 ---p 00000000 00:00 0 
7fd1a03e3000-7fd1a04e1000 rw-p 00000000 00:00 0 
7fd1a04e1000-7fd1a04e4000 ---p 00000000 00:00 0 
7fd1a04e4000-7fd1a05e2000 rw-p 00000000 00:00 0 
7fd1a05e2000-7fd1a05e5000 ---p 00000000 00:00 0 
7fd1a05e5000-7fd1a06e3000 rw-p 00000000 00:00 0 
7fd1a06e3000-7fd1a09bb000 r--p 00000000 08:05 10637776                   /usr/lib/locale/locale-archive
7fd1a09bb000-7fd1a09be000 ---p 00000000 00:00 0 
7fd1a09be000-7fd1a0abc000 rw-p 00000000 00:00 0 
7fd1a0abc000-7fd1a0abf000 ---p 00000000 00:00 0 
7fd1a0abf000-7fd1a0bbd000 rw-p 00000000 00:00 0 
7fd1a0bbd000-7fd1a0bbe000 ---p 00000000 00:00 0 
7fd1a0bbe000-7fd1a1c9f000 rw-p 00000000 00:00 0 
7fd1a1c9f000-7fd1a1e6d000 r--s 03c13000 08:05 2495471                    /usr/lib/jvm/java-8-openjdk-amd64/jre/lib/rt.jar
7fd1a1e6d000-7fd1a2e6d000 rw-p 00000000 00:00 0 
7fd1a2e6d000-7fd1a2e6e000 ---p 00000000 00:00 0 
7fd1a2e6e000-7fd1a2f6e000 rw-p 00000000 00:00 0 
7fd1a2f6e000-7fd1a2f6f000 ---p 00000000 00:00 0 
7fd1a2f6f000-7fd1a306f000 rw-p 00000000 00:00 0 
7fd1a306f000-7fd1a3070000 ---p 00000000 00:00 0 
7fd1a3070000-7fd1a3170000 rw-p 00000000 00:00 0 
7fd1a3170000-7fd1a3171000 ---p 00000000 00:00 0 
7fd1a3171000-7fd1a34c6000 rw-p 00000000 00:00 0 
7fd1a34c6000-7fd1a37c7000 ---p 00000000 00:00 0 
7fd1a37c7000-7fd1a3a1c000 rw-p 00000000 00:00 0 
7fd1a3a1c000-7fd1a3d1c000 ---p 00000000 00:00 0 
7fd1a3d1c000-7fd1a3eb8000 rw-p 00000000 00:00 0 
7fd1a3eb8000-7fd1a3fc7000 ---p 00000000 00:00 0 
7fd1a3fc7000-7fd1a3fe4000 rw-p 00000000 00:00 0 
7fd1a3fe4000-7fd1a4388000 ---p 00000000 00:00 0 
7fd1a4388000-7fd1a4a68000 rwxp 00000000 00:00 0 
7fd1a4a68000-7fd1b3388000 ---p 00000000 00:00 0 
7fd1b3388000-7fd1b3390000 r-xp 00000000 08:05 2627437                    /usr/lib/jvm/java-8-openjdk-amd64/jre/lib/amd64/libzip.so
7fd1b3390000-7fd1b358f000 ---p 00008000 08:05 2627437                    /usr/lib/jvm/java-8-openjdk-amd64/jre/lib/amd64/libzip.so
7fd1b358f000-7fd1b3590000 r--p 00007000 08:05 2627437                    /usr/lib/jvm/java-8-openjdk-amd64/jre/lib/amd64/libzip.so
7fd1b3590000-7fd1b3591000 rw-p 00008000 08:05 2627437                    /usr/lib/jvm/java-8-openjdk-amd64/jre/lib/amd64/libzip.so
7fd1b3591000-7fd1b359c000 r-xp 00000000 08:05 5767223                    /lib/x86_64-linux-gnu/libnss_files-2.23.so
7fd1b359c000-7fd1b379b000 ---p 0000b000 08:05 5767223                    /lib/x86_64-linux-gnu/libnss_files-2.23.so
7fd1b379b000-7fd1b379c000 r--p 0000a000 08:05 5767223                    /lib/x86_64-linux-gnu/libnss_files-2.23.so
7fd1b379c000-7fd1b379d000 rw-p 0000b000 08:05 5767223                    /lib/x86_64-linux-gnu/libnss_files-2.23.so
7fd1b379d000-7fd1b37a3000 rw-p 00000000 00:00 0 
7fd1b37a3000-7fd1b37ae000 r-xp 00000000 08:05 5767227                    /lib/x86_64-linux-gnu/libnss_nis-2.23.so
7fd1b37ae000-7fd1b39ad000 ---p 0000b000 08:05 5767227                    /lib/x86_64-linux-gnu/libnss_nis-2.23.so
7fd1b39ad000-7fd1b39ae000 r--p 0000a000 08:05 5767227                    /lib/x86_64-linux-gnu/libnss_nis-2.23.so
7fd1b39ae000-7fd1b39af000 rw-p 0000b000 08:05 5767227                    /lib/x86_64-linux-gnu/libnss_nis-2.23.so
7fd1b39af000-7fd1b39c5000 r-xp 00000000 08:05 5767204                    /lib/x86_64-linux-gnu/libnsl-2.23.so
7fd1b39c5000-7fd1b3bc4000 ---p 00016000 08:05 5767204                    /lib/x86_64-linux-gnu/libnsl-2.23.so
7fd1b3bc4000-7fd1b3bc5000 r--p 00015000 08:05 5767204                    /lib/x86_64-linux-gnu/libnsl-2.23.so
7fd1b3bc5000-7fd1b3bc6000 rw-p 00016000 08:05 5767204                    /lib/x86_64-linux-gnu/libnsl-2.23.so
7fd1b3bc6000-7fd1b3bc8000 rw-p 00000000 00:00 0 
7fd1b3bc8000-7fd1b3bd0000 r-xp 00000000 08:05 5767233                    /lib/x86_64-linux-gnu/libnss_compat-2.23.so
7fd1b3bd0000-7fd1b3dcf000 ---p 00008000 08:05 5767233                    /lib/x86_64-linux-gnu/libnss_compat-2.23.so
7fd1b3dcf000-7fd1b3dd0000 r--p 00007000 08:05 5767233                    /lib/x86_64-linux-gnu/libnss_compat-2.23.so
7fd1b3dd0000-7fd1b3dd1000 rw-p 00008000 08:05 5767233                    /lib/x86_64-linux-gnu/libnss_compat-2.23.so
7fd1b3dd1000-7fd1b3dfe000 r-xp 00000000 08:05 2627452                    /usr/lib/jvm/java-8-openjdk-amd64/jre/lib/amd64/libjava.so
7fd1b3dfe000-7fd1b3ffd000 ---p 0002d000 08:05 2627452                    /usr/lib/jvm/java-8-openjdk-amd64/jre/lib/amd64/libjava.so
7fd1b3ffd000-7fd1b3ffe000 r--p 0002c000 08:05 2627452                    /usr/lib/jvm/java-8-openjdk-amd64/jre/lib/amd64/libjava.so
7fd1b3ffe000-7fd1b4000000 rw-p 0002d000 08:05 2627452                    /usr/lib/jvm/java-8-openjdk-amd64/jre/lib/amd64/libjava.so
7fd1b4000000-7fd1b4850000 rw-p 00000000 00:00 0 
7fd1b4850000-7fd1b8000000 ---p 00000000 00:00 0 
7fd1b8000000-7fd1b800a000 r--s 00116000 08:05 2627414                    /usr/lib/jvm/java-8-openjdk-amd64/jre/lib/ext/localedata.jar
7fd1b800a000-7fd1b80a1000 rw-p 00000000 00:00 0 
7fd1b80a1000-7fd1b80b0000 r-xp 00000000 08:05 2627431                    /usr/lib/jvm/java-8-openjdk-amd64/jre/lib/amd64/libverify.so
7fd1b80b0000-7fd1b82af000 ---p 0000f000 08:05 2627431                    /usr/lib/jvm/java-8-openjdk-amd64/jre/lib/amd64/libverify.so
7fd1b82af000-7fd1b82b1000 r--p 0000e000 08:05 2627431                    /usr/lib/jvm/java-8-openjdk-amd64/jre/lib/amd64/libverify.so
7fd1b82b1000-7fd1b82b2000 rw-p 00010000 08:05 2627431                    /usr/lib/jvm/java-8-openjdk-amd64/jre/lib/amd64/libverify.so
7fd1b82b2000-7fd1b82b9000 r-xp 00000000 08:05 5767229                    /lib/x86_64-linux-gnu/librt-2.23.so
7fd1b82b9000-7fd1b84b8000 ---p 00007000 08:05 5767229                    /lib/x86_64-linux-gnu/librt-2.23.so
7fd1b84b8000-7fd1b84b9000 r--p 00006000 08:05 5767229                    /lib/x86_64-linux-gnu/librt-2.23.so
7fd1b84b9000-7fd1b84ba000 rw-p 00007000 08:05 5767229                    /lib/x86_64-linux-gnu/librt-2.23.so
7fd1b84ba000-7fd1b84d0000 r-xp 00000000 08:05 5771737                    /lib/x86_64-linux-gnu/libgcc_s.so.1
7fd1b84d0000-7fd1b86cf000 ---p 00016000 08:05 5771737                    /lib/x86_64-linux-gnu/libgcc_s.so.1
7fd1b86cf000-7fd1b86d0000 rw-p 00015000 08:05 5771737                    /lib/x86_64-linux-gnu/libgcc_s.so.1
7fd1b86d0000-7fd1b87d8000 r-xp 00000000 08:05 5767238                    /lib/x86_64-linux-gnu/libm-2.23.so
7fd1b87d8000-7fd1b89d7000 ---p 00108000 08:05 5767238                    /lib/x86_64-linux-gnu/libm-2.23.so
7fd1b89d7000-7fd1b89d8000 r--p 00107000 08:05 5767238                    /lib/x86_64-linux-gnu/libm-2.23.so
7fd1b89d8000-7fd1b89d9000 rw-p 00108000 08:05 5767238                    /lib/x86_64-linux-gnu/libm-2.23.so
7fd1b89d9000-7fd1b8b4b000 r-xp 00000000 08:05 10619009                   /usr/lib/x86_64-linux-gnu/libstdc++.so.6.0.21
7fd1b8b4b000-7fd1b8d4b000 ---p 00172000 08:05 10619009                   /usr/lib/x86_64-linux-gnu/libstdc++.so.6.0.21
7fd1b8d4b000-7fd1b8d55000 r--p 00172000 08:05 10619009                   /usr/lib/x86_64-linux-gnu/libstdc++.so.6.0.21
7fd1b8d55000-7fd1b8d57000 rw-p 0017c000 08:05 10619009                   /usr/lib/x86_64-linux-gnu/libstdc++.so.6.0.21
7fd1b8d57000-7fd1b8d5b000 rw-p 00000000 00:00 0 
7fd1b8d5b000-7fd1b99af000 r-xp 00000000 08:05 2627436                    /usr/lib/jvm/java-8-openjdk-amd64/jre/lib/amd64/server/libjvm.so
7fd1b99af000-7fd1b9baf000 ---p 00c54000 08:05 2627436                    /usr/lib/jvm/java-8-openjdk-amd64/jre/lib/amd64/server/libjvm.so
7fd1b9baf000-7fd1b9c42000 r--p 00c54000 08:05 2627436                    /usr/lib/jvm/java-8-openjdk-amd64/jre/lib/amd64/server/libjvm.so
7fd1b9c42000-7fd1b9c6b000 rw-p 00ce7000 08:05 2627436                    /usr/lib/jvm/java-8-openjdk-amd64/jre/lib/amd64/server/libjvm.so
7fd1b9c6b000-7fd1b9c9b000 rw-p 00000000 00:00 0 
7fd1b9c9b000-7fd1b9cb3000 r-xp 00000000 08:05 5767226                    /lib/x86_64-linux-gnu/libpthread-2.23.so
7fd1b9cb3000-7fd1b9eb2000 ---p 00018000 08:05 5767226                    /lib/x86_64-linux-gnu/libpthread-2.23.so
7fd1b9eb2000-7fd1b9eb3000 r--p 00017000 08:05 5767226                    /lib/x86_64-linux-gnu/libpthread-2.23.so
7fd1b9eb3000-7fd1b9eb4000 rw-p 00018000 08:05 5767226                    /lib/x86_64-linux-gnu/libpthread-2.23.so
7fd1b9eb4000-7fd1b9eb8000 rw-p 00000000 00:00 0 
7fd1b9eb8000-7fd1b9ebb000 r-xp 00000000 08:05 5767232                    /lib/x86_64-linux-gnu/libdl-2.23.so
7fd1b9ebb000-7fd1ba0ba000 ---p 00003000 08:05 5767232                    /lib/x86_64-linux-gnu/libdl-2.23.so
7fd1ba0ba000-7fd1ba0bb000 r--p 00002000 08:05 5767232                    /lib/x86_64-linux-gnu/libdl-2.23.so
7fd1ba0bb000-7fd1ba0bc000 rw-p 00003000 08:05 5767232                    /lib/x86_64-linux-gnu/libdl-2.23.so
7fd1ba0bc000-7fd1ba0d5000 r-xp 00000000 08:05 5774672                    /lib/x86_64-linux-gnu/libz.so.1.2.8
7fd1ba0d5000-7fd1ba2d4000 ---p 00019000 08:05 5774672                    /lib/x86_64-linux-gnu/libz.so.1.2.8
7fd1ba2d4000-7fd1ba2d5000 r--p 00018000 08:05 5774672                    /lib/x86_64-linux-gnu/libz.so.1.2.8
7fd1ba2d5000-7fd1ba2d6000 rw-p 00019000 08:05 5774672                    /lib/x86_64-linux-gnu/libz.so.1.2.8
7fd1ba2d6000-7fd1ba496000 r-xp 00000000 08:05 5767999                    /lib/x86_64-linux-gnu/libc-2.23.so
7fd1ba496000-7fd1ba696000 ---p 001c0000 08:05 5767999                    /lib/x86_64-linux-gnu/libc-2.23.so
7fd1ba696000-7fd1ba69a000 r--p 001c0000 08:05 5767999                    /lib/x86_64-linux-gnu/libc-2.23.so
7fd1ba69a000-7fd1ba69c000 rw-p 001c4000 08:05 5767999                    /lib/x86_64-linux-gnu/libc-2.23.so
7fd1ba69c000-7fd1ba6a0000 rw-p 00000000 00:00 0 
7fd1ba6a0000-7fd1ba6ad000 r-xp 00000000 08:05 2627429                    /usr/lib/jvm/java-8-openjdk-amd64/jre/lib/amd64/jli/libjli.so
7fd1ba6ad000-7fd1ba8ad000 ---p 0000d000 08:05 2627429                    /usr/lib/jvm/java-8-openjdk-amd64/jre/lib/amd64/jli/libjli.so
7fd1ba8ad000-7fd1ba8ae000 r--p 0000d000 08:05 2627429                    /usr/lib/jvm/java-8-openjdk-amd64/jre/lib/amd64/jli/libjli.so
7fd1ba8ae000-7fd1ba8af000 rw-p 0000e000 08:05 2627429                    /usr/lib/jvm/java-8-openjdk-amd64/jre/lib/amd64/jli/libjli.so
7fd1ba8af000-7fd1ba8d5000 r-xp 00000000 08:05 5767205                    /lib/x86_64-linux-gnu/ld-2.23.so
7fd1ba8d5000-7fd1ba8d6000 r--s 00001000 08:05 12465079                   /root/.ivy2/cache/com.typesafe.play/play-datacommons_2.10/jars/play-datacommons_2.10-2.2.1.jar
7fd1ba8d6000-7fd1ba8dc000 r--s 00038000 08:05 12465060                   /root/.ivy2/cache/ch.qos.logback/logback-classic/jars/logback-classic-1.0.7.jar
7fd1ba8dc000-7fd1ba9af000 rw-p 00000000 00:00 0 
7fd1ba9af000-7fd1ba9b2000 ---p 00000000 00:00 0 
7fd1ba9b2000-7fd1baab5000 rw-p 00000000 00:00 0 
7fd1baab5000-7fd1baab6000 r--s 24ee7000 08:05 11807810                   /root/deepdive-0.8-STABLE/examples/spouse/udf/bazaar/parser/lib/stanford-srparser-2014-10-23-models.jar
7fd1baab6000-7fd1baab8000 r--s 00001000 08:05 2627420                    /usr/lib/jvm/java-8-openjdk-amd64/jre/lib/ext/dnsns.jar
7fd1baab8000-7fd1baabd000 r--s 0003b000 08:05 2627422                    /usr/lib/jvm/java-8-openjdk-amd64/jre/lib/ext/sunjce_provider.jar
7fd1baabd000-7fd1baabe000 r--s 00010000 08:05 2627425                    /usr/lib/jvm/java-8-openjdk-amd64/jre/lib/ext/zipfs.jar
7fd1baabe000-7fd1baabf000 r--s 0000a000 08:05 2627421                    /usr/lib/jvm/java-8-openjdk-amd64/jre/lib/ext/jaccess.jar
7fd1baabf000-7fd1baac2000 r--s 0000f000 08:05 2627423                    /usr/lib/jvm/java-8-openjdk-amd64/jre/lib/ext/icedtea-sound.jar
7fd1baac2000-7fd1baac4000 r--s 00008000 08:05 2627424                    /usr/lib/jvm/java-8-openjdk-amd64/jre/lib/ext/sunec.jar
7fd1baac4000-7fd1baac8000 r--s 00037000 08:05 2627415                    /usr/lib/jvm/java-8-openjdk-amd64/jre/lib/ext/sunpkcs11.jar
7fd1baac8000-7fd1baad0000 rw-s 00000000 08:05 9961495                    /tmp/hsperfdata_root/3943
7fd1baad0000-7fd1baad1000 rw-p 00000000 00:00 0 
7fd1baad1000-7fd1baad2000 ---p 00000000 00:00 0 
7fd1baad2000-7fd1baad4000 rw-p 00000000 00:00 0 
7fd1baad4000-7fd1baad5000 r--p 00025000 08:05 5767205                    /lib/x86_64-linux-gnu/ld-2.23.so
7fd1baad5000-7fd1baad6000 rw-p 00026000 08:05 5767205                    /lib/x86_64-linux-gnu/ld-2.23.so
7fd1baad6000-7fd1baad7000 rw-p 00000000 00:00 0 
7ffceb462000-7ffceb484000 rw-p 00000000 00:00 0                          [stack]
7ffceb48b000-7ffceb48d000 r--p 00000000 00:00 0                          [vvar]
7ffceb48d000-7ffceb48f000 r-xp 00000000 00:00 0                          [vdso]
ffffffffff600000-ffffffffff601000 r-xp 00000000 00:00 0                  [vsyscall]

VM Arguments:
jvm_args: -Xmx4g -Dfile.encoding=UTF-8 
java_command: com.clearcut.nlp.Main -i json -k doc_id -v content
java_class_path (initial): /root/deepdive-0.8-STABLE/examples/spouse/udf/bazaar/parser/target/../target/scala-2.10/classes:/root/deepdive-0.8-STABLE/examples/spouse/udf/bazaar/parser/target/../lib/stanford-srparser-2014-10-23-models.jar:/root/deepdive-0.8-STABLE/examples/spouse/udf/bazaar/parser/target/../lib/stanford-srparser-2014-10-23-models.jar:/root/.ivy2/cache/ch.qos.logback/logback-classic/jars/logback-classic-1.0.7.jar:/root/.ivy2/cache/ch.qos.logback/logback-core/jars/logback-core-1.0.7.jar:/root/.ivy2/cache/com.typesafe.play/play-json_2.10/jars/play-json_2.10-2.2.1.jar:/root/.ivy2/cache/com.typesafe.play/play-iteratees_2.10/jars/play-iteratees_2.10-2.2.1.jar:/root/.ivy2/cache/org.scala-stm/scala-stm_2.10/jars/scala-stm_2.10-0.7.jar:/root/.ivy2/cache/com.typesafe/config/bundles/config-1.0.2.jar:/root/.ivy2/cache/com.typesafe.play/play-functional_2.10/jars/play-functional_2.10-2.2.1.jar:/root/.ivy2/cache/com.typesafe.play/play-datacommons_2.10/jars/play-datacommons_2.10-2.2.1.jar:/root/.ivy2/cache/joda-time/joda-time/jars/joda-time-2.2.jar:/root/.ivy2/cache/org.joda/joda-convert/jars/joda-convert-1.3.1.jar:/root/.ivy2/cache/com.fasterxml.jackson.core/jackson-annotations/jars/jackson-annotations-2.2.2.jar:/root/.ivy2/cache/com.fasterxml.jackson.core/jackson-core/jars/jackson-core-2.2.2.jar:/root/.ivy2/cache/com.fasterxml.jackson.core/jackson-databind/jars/jackson-databind-2.2.2.jar:/root/.ivy2/cache/com.github.scopt/scopt_2.10/jars/scopt_2.10-3.2.0.jar:/root/.ivy2/cache/edu.stanford.nlp/stanford-corenlp/jars/stanford-corenlp-3.5.1-models.jar:/root/.ivy2/cache/edu.stanford.nlp/stanford-corenlp/jars/stanford-corenlp-3.5.1.jar:/root/.ivy2/cache/com.io7m.xom/xom/jars/xom-1.2.10.jar:/root/.ivy2/cache/xml-apis/xml-apis/jars/xml-apis-1.3.03.jar:/root/.ivy2/cache/xerces/xercesImpl/jars/xercesImpl-2.8.0.jar:/root/.ivy2/cache/xalan/xalan/jars/xalan-2.7.0.jar:/root/.ivy2/cache/de.jollyday/jollyday/jars/jollyday-0.4.7.jar:/root/.ivy2/cache/javax.xml.bind/jaxb-api/jars/
Launcher Type: SUN_STANDARD

Environment Variables:
PATH=/root/local/util/db-driver/postgresql:/root/local/util/db-driver/postgresql:/root/local/util/compute-driver/local:/root/local/util/db-driver/postgresql:/root/local/util/db-driver/postgresql:/root/local/util:/root/local/bin:/root/local/lib/bundled/.all/bin:/usr/local/sbin:/usr/local/bin:/usr/sbin:/usr/bin:/sbin:/bin:/snap/bin:/snap/bin:/root/local/bin
USERNAME=root
SHELL=/bin/bash
DISPLAY=:0

Signal Handlers:
SIGSEGV: [libjvm.so+0xa6ad10], sa_mask[0]=11111111011111111101111111111110, sa_flags=SA_RESTART|SA_SIGINFO
SIGBUS: [libjvm.so+0xa6ad10], sa_mask[0]=11111111011111111101111111111110, sa_flags=SA_RESTART|SA_SIGINFO
SIGFPE: [libjvm.so+0x8b3bc0], sa_mask[0]=11111111011111111101111111111110, sa_flags=SA_RESTART|SA_SIGINFO
SIGPIPE: [libjvm.so+0x8b3bc0], sa_mask[0]=11111111011111111101111111111110, sa_flags=SA_RESTART|SA_SIGINFO
SIGXFSZ: [libjvm.so+0x8b3bc0], sa_mask[0]=11111111011111111101111111111110, sa_flags=SA_RESTART|SA_SIGINFO
SIGILL: [libjvm.so+0x8b3bc0], sa_mask[0]=11111111011111111101111111111110, sa_flags=SA_RESTART|SA_SIGINFO
SIGUSR1: SIG_DFL, sa_mask[0]=00000000000000000000000000000000, sa_flags=none
SIGUSR2: [libjvm.so+0x8b3a70], sa_mask[0]=00000000000000000000000000000000, sa_flags=SA_RESTART|SA_SIGINFO
SIGHUP: [libjvm.so+0x8b3f40], sa_mask[0]=11111111011111111101111111111110, sa_flags=SA_RESTART|SA_SIGINFO
SIGINT: SIG_IGN, sa_mask[0]=00000000000000000000000000000000, sa_flags=none
SIGTERM: [libjvm.so+0x8b3f40], sa_mask[0]=11111111011111111101111111111110, sa_flags=SA_RESTART|SA_SIGINFO
SIGQUIT: [libjvm.so+0x8b3f40], sa_mask[0]=11111111011111111101111111111110, sa_flags=SA_RESTART|SA_SIGINFO


---------------  S Y S T E M  ---------------

OS:DISTRIB_ID=Ubuntu
DISTRIB_RELEASE=16.04
DISTRIB_CODENAME=xenial
DISTRIB_DESCRIPTION="Ubuntu 16.04.2 LTS"

uname:Linux 4.4.0-87-generic #110-Ubuntu SMP Tue Jul 18 12:55:35 UTC 2017 x86_64
libc:glibc 2.23 NPTL 2.23 
rlimit: STACK 8192k, CORE 0k, NPROC 31306, NOFILE 65536, AS infinity
load average:4.26 1.66 0.79

/proc/meminfo:
MemTotal:        8055072 kB
MemFree:          143776 kB
MemAvailable:     188292 kB
Buffers:           56932 kB
Cached:           322300 kB
SwapCached:            0 kB
Active:          7498184 kB
Inactive:         250256 kB
Active(anon):    7373672 kB
Inactive(anon):   126892 kB
Active(file):     124512 kB
Inactive(file):   123364 kB
Unevictable:          32 kB
Mlocked:              32 kB
SwapTotal:             0 kB
SwapFree:              0 kB
Dirty:                92 kB
Writeback:             0 kB
AnonPages:       7369620 kB
Mapped:           178520 kB
Shmem:            131060 kB
Slab:              65024 kB
SReclaimable:      32032 kB
SUnreclaim:        32992 kB
KernelStack:        8016 kB
PageTables:        45076 kB
NFS_Unstable:          0 kB
Bounce:                0 kB
WritebackTmp:          0 kB
CommitLimit:     4027536 kB
Committed_AS:   10701388 kB
VmallocTotal:   34359738367 kB
VmallocUsed:           0 kB
VmallocChunk:          0 kB
HardwareCorrupted:     0 kB
AnonHugePages:   5687296 kB
CmaTotal:              0 kB
CmaFree:               0 kB
HugePages_Total:       0
HugePages_Free:        0
HugePages_Rsvd:        0
HugePages_Surp:        0
Hugepagesize:       2048 kB
DirectMap4k:      133956 kB
DirectMap2M:     2891776 kB
DirectMap1G:     6291456 kB


CPU:total 4 (initial active 4) (4 cores per cpu, 1 threads per core) family 6 model 94 stepping 3, cmov, cx8, fxsr, mmx, sse, sse2, sse3, ssse3, sse4.1, sse4.2, popcnt, avx, avx2, aes, clmul, erms, rtm, 3dnowpref, lzcnt, tsc, tscinvbit, bmi1, bmi2, adx

/proc/cpuinfo:
processor	: 0
vendor_id	: GenuineIntel
cpu family	: 6
model		: 94
model name	: Intel(R) Core(TM) i5-6500 CPU @ 3.20GHz
stepping	: 3
microcode	: 0x74
cpu MHz		: 3299.875
cache size	: 6144 KB
physical id	: 0
siblings	: 4
core id		: 0
cpu cores	: 4
apicid		: 0
initial apicid	: 0
fpu		: yes
fpu_exception	: yes
cpuid level	: 22
wp		: yes
flags		: fpu vme de pse tsc msr pae mce cx8 apic sep mtrr pge mca cmov pat pse36 clflush dts acpi mmx fxsr sse sse2 ss ht tm pbe syscall nx pdpe1gb rdtscp lm constant_tsc art arch_perfmon pebs bts rep_good nopl xtopology nonstop_tsc aperfmperf eagerfpu pni pclmulqdq dtes64 monitor ds_cpl vmx smx est tm2 ssse3 sdbg fma cx16 xtpr pdcm pcid sse4_1 sse4_2 x2apic movbe popcnt tsc_deadline_timer aes xsave avx f16c rdrand lahf_lm abm 3dnowprefetch epb intel_pt tpr_shadow vnmi flexpriority ept vpid fsgsbase tsc_adjust bmi1 hle avx2 smep bmi2 erms invpcid rtm mpx rdseed adx smap clflushopt xsaveopt xsavec xgetbv1 dtherm ida arat pln pts hwp hwp_notify hwp_act_window hwp_epp
bugs		:
bogomips	: 6384.14
clflush size	: 64
cache_alignment	: 64
address sizes	: 39 bits physical, 48 bits virtual
power management:

processor	: 1
vendor_id	: GenuineIntel
cpu family	: 6
model		: 94
model name	: Intel(R) Core(TM) i5-6500 CPU @ 3.20GHz
stepping	: 3
microcode	: 0x74
cpu MHz		: 3305.000
cache size	: 6144 KB
physical id	: 0
siblings	: 4
core id		: 1
cpu cores	: 4
apicid		: 2
initial apicid	: 2
fpu		: yes
fpu_exception	: yes
cpuid level	: 22
wp		: yes
flags		: fpu vme de pse tsc msr pae mce cx8 apic sep mtrr pge mca cmov pat pse36 clflush dts acpi mmx fxsr sse sse2 ss ht tm pbe syscall nx pdpe1gb rdtscp lm constant_tsc art arch_perfmon pebs bts rep_good nopl xtopology nonstop_tsc aperfmperf eagerfpu pni pclmulqdq dtes64 monitor ds_cpl vmx smx est tm2 ssse3 sdbg fma cx16 xtpr pdcm pcid sse4_1 sse4_2 x2apic movbe popcnt tsc_deadline_timer aes xsave avx f16c rdrand lahf_lm abm 3dnowprefetch epb intel_pt tpr_shadow vnmi flexpriority ept vpid fsgsbase tsc_adjust bmi1 hle avx2 smep bmi2 erms invpcid rtm mpx rdseed adx smap clflushopt xsaveopt xsavec xgetbv1 dtherm ida arat pln pts hwp hwp_notify hwp_act_window hwp_epp
bugs		:
bogomips	: 6384.14
clflush size	: 64
cache_alignment	: 64
address sizes	: 39 bits physical, 48 bits virtual
power management:

processor	: 2
vendor_id	: GenuineIntel
cpu family	: 6
model		: 94
model name	: Intel(R) Core(TM) i5-6500 CPU @ 3.20GHz
stepping	: 3
microcode	: 0x74
cpu MHz		: 3486.000
cache size	: 6144 KB
physical id	: 0
siblings	: 4
core id		: 2
cpu cores	: 4
apicid		: 4
initial apicid	: 4
fpu		: yes
fpu_exception	: yes
cpuid level	: 22
wp		: yes
flags		: fpu vme de pse tsc msr pae mce cx8 apic sep mtrr pge mca cmov pat pse36 clflush dts acpi mmx fxsr sse sse2 ss ht tm pbe syscall nx pdpe1gb rdtscp lm constant_tsc art arch_perfmon pebs bts rep_good nopl xtopology nonstop_tsc aperfmperf eagerfpu pni pclmulqdq dtes64 monitor ds_cpl vmx smx est tm2 ssse3 sdbg fma cx16 xtpr pdcm pcid sse4_1 sse4_2 x2apic movbe popcnt tsc_deadline_timer aes xsave avx f16c rdrand lahf_lm abm 3dnowprefetch epb intel_pt tpr_shadow vnmi flexpriority ept vpid fsgsbase tsc_adjust bmi1 hle avx2 smep bmi2 erms invpcid rtm mpx rdseed adx smap clflushopt xsaveopt xsavec xgetbv1 dtherm ida arat pln pts hwp hwp_notify hwp_act_window hwp_epp
bugs		:
bogomips	: 6384.14
clflush size	: 64
cache_alignment	: 64
address sizes	: 39 bits physical, 48 bits virtual
power management:

processor	: 3
vendor_id	: GenuineIntel
cpu family	: 6
model		: 94
model name	: Intel(R) Core(TM) i5-6500 CPU @ 3.20GHz
stepping	: 3
microcode	: 0x74
cpu MHz		: 3482.875
cache size	: 6144 KB
physical id	: 0
siblings	: 4
core id		: 3
cpu cores	: 4
apicid		: 6
initial apicid	: 6
fpu		: yes
fpu_exception	: yes
cpuid level	: 22
wp		: yes
flags		: fpu vme de pse tsc msr pae mce cx8 apic sep mtrr pge mca cmov pat pse36 clflush dts acpi mmx fxsr sse sse2 ss ht tm pbe syscall nx pdpe1gb rdtscp lm constant_tsc art arch_perfmon pebs bts rep_good nopl xtopology nonstop_tsc aperfmperf eagerfpu pni pclmulqdq dtes64 monitor ds_cpl vmx smx est tm2 ssse3 sdbg fma cx16 xtpr pdcm pcid sse4_1 sse4_2 x2apic movbe popcnt tsc_deadline_timer aes xsave avx f16c rdrand lahf_lm abm 3dnowprefetch epb intel_pt tpr_shadow vnmi flexpriority ept vpid fsgsbase tsc_adjust bmi1 hle avx2 smep bmi2 erms invpcid rtm mpx rdseed adx smap clflushopt xsaveopt xsavec xgetbv1 dtherm ida arat pln pts hwp hwp_notify hwp_act_window hwp_epp
bugs		:
bogomips	: 6384.14
clflush size	: 64
cache_alignment	: 64
address sizes	: 39 bits physical, 48 bits virtual
power management:



Memory: 4k page, physical 8055072k(143776k free), swap 0k(0k free)

vm_info: OpenJDK 64-Bit Server VM (25.131-b11) for linux-amd64 JRE (1.8.0_131-8u131-b11-2ubuntu1.16.04.3-b11), built on Jul 28 2017 01:23:32 by "buildd" with gcc 5.4.0 20160609

time: Fri Aug  4 10:58:59 2017
elapsed time: 36 seconds (0d 0h 0m 36s)

