2017-08-04 17:53:15.111448 # on infinity-optiplex-3040: deepdive do articles
2017-08-04 17:53:15.111499 # run/20170804/175313.509682394/plan.sh
2017-08-04 17:53:15.111510 # execution plan for data/articles
2017-08-04 17:53:15.111518 
2017-08-04 17:53:15.111526 : ## process/init/app ##########################################################
2017-08-04 17:53:15.111533 : # Done: 2017-08-04T17:27:11+0530 (26m 2s ago)
2017-08-04 17:53:15.111540 : process/init/app/run.sh
2017-08-04 17:53:15.111547 : mark_done process/init/app
2017-08-04 17:53:15.111554 : ##############################################################################
2017-08-04 17:53:15.111562 
2017-08-04 17:53:15.111570 
2017-08-04 17:53:15.111583 ## process/init/relation/articles ############################################
2017-08-04 17:53:15.111591 # Done: 2017-08-04T17:27:12+0530 (26m 1s ago)
2017-08-04 17:53:15.111598 process/init/relation/articles/run.sh
2017-08-04 17:53:15.111606 ++ dirname process/init/relation/articles/run.sh
2017-08-04 17:53:15.111613 + cd process/init/relation/articles
2017-08-04 17:53:15.111621 + export DEEPDIVE_CURRENT_PROCESS_NAME=process/init/relation/articles
2017-08-04 17:53:15.111629 + DEEPDIVE_CURRENT_PROCESS_NAME=process/init/relation/articles
2017-08-04 17:53:15.111636 + deepdive create table articles
2017-08-04 17:53:15.214759 CREATE TABLE
2017-08-04 17:53:15.216317 + deepdive load articles
2017-08-04 17:53:15.317633 Loading articles from input/articles.tsv.sh (tsv format)
2017-08-04 17:53:15.405937 COPY 25
2017-08-04 17:53:15.408252 mark_done process/init/relation/articles
2017-08-04 17:53:15.412462 ##############################################################################
2017-08-04 17:53:15.412576 
2017-08-04 17:53:15.412624 
2017-08-04 17:53:15.412644 ## data/articles #############################################################
2017-08-04 17:53:15.412658 # Done: 2017-08-04T17:27:12+0530 (26m 1s ago)
2017-08-04 17:53:15.412673 # no-op
2017-08-04 17:53:15.412687 mark_done data/articles
2017-08-04 17:53:15.416891 ##############################################################################
2017-08-04 17:53:15.416947 
2017-08-04 17:53:15.416962 
